{"RecordId":"edr-0001","EventID":"1","UtcTime":"2026-09-30T09:44:10Z","Computer":"HR-PC","User":"CORP\\john.doe","Image":"C:\\Program Files\\Google\\Chrome\\Application\\chrome.exe","ParentImage":"C:\\Windows\\explorer.exe","CommandLine":"chrome.exe --profile-directory=Default","ProcessGuid":"{a1}"}
{"RecordId":"edr-0002","EventID":"1","UtcTime":"2026-09-30T09:47:31Z","Computer":"MKTG-PC","User":"CORP\\sara.lee","Image":"C:\\Program Files\\Microsoft\\Teams\\Teams.exe","ParentImage":"C:\\Windows\\explorer.exe","CommandLine":"Teams.exe --startup","ProcessGuid":"{a2}"}
{"RecordId":"edr-0003","EventID":"1","UtcTime":"2026-09-30T09:59:02Z","Computer":"HR-PC","User":"CORP\\john.doe","Image":"C:\\Program Files\\Microsoft Office\\root\\Office16\\OUTLOOK.EXE","ParentImage":"C:\\Windows\\explorer.exe","CommandLine":"OUTLOOK.EXE","ProcessGuid":"{a3}"}
{"RecordId":"edr-0004","EventID":"11","UtcTime":"2026-09-30T10:01:55Z","Computer":"HR-PC","User":"CORP\\john.doe","Image":"C:\\Program Files\\Microsoft Office\\root\\Office16\\OUTLOOK.EXE","TargetFilename":"C:\\Users\\john.doe\\AppData\\Local\\Temp\\Invoice_Q3_Statement.docm","ProcessGuid":"{a3}"}
{"RecordId":"edr-0005","EventID":"1","UtcTime":"2026-09-30T10:02:12Z","Computer":"HR-PC","User":"CORP\\john.doe","Image":"C:\\Program Files\\Microsoft Office\\root\\Office16\\WINWORD.EXE","ParentImage":"C:\\Windows\\explorer.exe","CommandLine":"WINWORD.EXE /n C:\\Users\\john.doe\\AppData\\Local\\Temp\\Invoice_Q3_Statement.docm","ProcessGuid":"{a4}"}
{"RecordId":"edr-0006","EventID":"1","UtcTime":"2026-09-30T10:02:48Z","Computer":"HR-PC","User":"CORP\\john.doe","Image":"C:\\Windows\\System32\\WindowsPowerShell\\v1.0\\powershell.exe","ParentImage":"C:\\Program Files\\Microsoft Office\\root\\Office16\\WINWORD.EXE","CommandLine":"powershell.exe -nop -w hidden -enc SQBFAFgAIAAoAE4AZQB3AC0ATwBiAGoAZQBjAHQAIABOAGUAdAAuAFcAZQBiAEMAbABpAGUAbgB0ACkA","ProcessGuid":"{a5}"}
{"RecordId":"edr-0007","EventID":"1","UtcTime":"2026-09-30T10:03:31Z","Computer":"HR-PC","User":"CORP\\john.doe","Image":"C:\\Windows\\System32\\cmd.exe","ParentImage":"C:\\Windows\\System32\\WindowsPowerShell\\v1.0\\powershell.exe","CommandLine":"cmd.exe /c whoami /all","ProcessGuid":"{a6}"}
{"RecordId":"edr-0008","EventID":"1","UtcTime":"2026-09-30T10:04:18Z","Computer":"HR-PC","User":"CORP\\john.doe","Image":"C:\\Windows\\System32\\net.exe","ParentImage":"C:\\Windows\\System32\\cmd.exe","CommandLine":"net group Domain Admins /domain","ProcessGuid":"{a7}"}
{"RecordId":"edr-0009","EventID":"10","UtcTime":"2026-09-30T10:06:22Z","Computer":"HR-PC","User":"CORP\\john.doe","SourceImage":"C:\\Windows\\System32\\WindowsPowerShell\\v1.0\\powershell.exe","TargetImage":"C:\\Windows\\System32\\lsass.exe","GrantedAccess":"0x1010","CallTrace":"UNKNOWN(00007FF9)|dbghelp.dll+0x4f1c"}
{"RecordId":"edr-0010","EventID":"1","UtcTime":"2026-09-30T10:09:40Z","Computer":"IT-PC","User":"CORP\\priya.n","Image":"C:\\Program Files (x86)\\Microsoft\\Edge\\Application\\msedge.exe","ParentImage":"C:\\Windows\\explorer.exe","CommandLine":"msedge.exe","ProcessGuid":"{a8}"}
{"RecordId":"edr-0011","EventID":"1","UtcTime":"2026-09-30T10:13:10Z","Computer":"FINANCE-PC","User":"CORP\\john.doe","Image":"C:\\Windows\\System32\\WindowsPowerShell\\v1.0\\powershell.exe","ParentImage":"C:\\Windows\\System32\\wbem\\wmiprvse.exe","CommandLine":"powershell.exe -noni -nop -w hidden -encodedcommand RwBlAHQALQBQAHIAbwBjAGUAcwBzAA==","ProcessGuid":"{b1}"}
{"RecordId":"edr-0012","EventID":"11","UtcTime":"2026-09-30T10:13:52Z","Computer":"FINANCE-PC","User":"CORP\\john.doe","Image":"C:\\Windows\\System32\\WindowsPowerShell\\v1.0\\powershell.exe","TargetFilename":"C:\\Windows\\Temp\\svc-update.hta","ProcessGuid":"{b1}"}
{"RecordId":"edr-0013","EventID":"1","UtcTime":"2026-09-30T10:14:02Z","Computer":"FINANCE-PC","User":"CORP\\john.doe","Image":"C:\\Windows\\Temp\\procdump.exe","ParentImage":"C:\\Windows\\System32\\WindowsPowerShell\\v1.0\\powershell.exe","CommandLine":"procdump.exe -accepteula -ma lsass.exe C:\\Windows\\Temp\\l.dmp","ProcessGuid":"{b2}"}
{"RecordId":"edr-0014","EventID":"1","UtcTime":"2026-09-30T10:15:12Z","Computer":"FINANCE-PC","User":"CORP\\john.doe","Image":"C:\\Windows\\System32\\reg.exe","ParentImage":"C:\\Windows\\System32\\cmd.exe","CommandLine":"reg.exe save HKLM\\SAM C:\\Windows\\Temp\\sam.hiv","ProcessGuid":"{b3}"}
{"RecordId":"edr-0015","EventID":"1","UtcTime":"2026-09-30T10:18:15Z","Computer":"FINANCE-PC","User":"CORP\\john.doe","Image":"C:\\Windows\\Temp\\psexec.exe","ParentImage":"C:\\Windows\\System32\\cmd.exe","CommandLine":"psexec.exe \\\\FILE01 -s -accepteula cmd.exe /c dir C:","ProcessGuid":"{b4}"}
{"RecordId":"edr-0016","EventID":"1","UtcTime":"2026-09-30T10:22:33Z","Computer":"MKTG-PC","User":"CORP\\sara.lee","Image":"C:\\Program Files\\Microsoft Office\\root\\Office16\\EXCEL.EXE","ParentImage":"C:\\Windows\\explorer.exe","CommandLine":"EXCEL.EXE Q3-forecast.xlsx","ProcessGuid":"{a9}"}
{"RecordId":"edr-0017","EventID":"1","UtcTime":"2026-09-30T10:26:05Z","Computer":"BACKUP01","User":"CORP\\svc-backup","Image":"C:\\Program Files\\Veeam\\Backup\\VeeamAgent.exe","ParentImage":"C:\\Windows\\System32\\services.exe","CommandLine":"VeeamAgent.exe --job nightly","ProcessGuid":"{c1}"}
