{"_time":"2016-08-24 10:06:00.000 MDT","sourcetype":"XmlWinEventLog:Microsoft-Windows-Sysmon/Operational","host":"we8105desk","Computer":"we8105desk.waynecorpinc.local","EventCode":"1","RecordID":"344562","UtcTime":"2016-08-24 16:05:51.855","User":"NT AUTHORITY\\SYSTEM","Image":"C:\\Windows\\System32\\smss.exe","ParentImage":"System","CommandLine":"\\SystemRoot\\System32\\smss.exe","ParentCommandLine":"?","ProcessGuid":"{0F2D76F0-C5DF-57BD-0000-0010B6960000}","ProcessId":"324","CurrentDirectory":"C:\\Windows","Hashes":"SHA1=3513DED20BCD0D7811EEA4BE8D6B446E0C81F527,MD5=F0970A4BC8395659C22BF53D0FADF16F,SHA256=23BE3066D89A5ACBF8130899640D377476E78B6C3D19E2D13C32238464A83E21,IMPHASH=4C4EB7CA416CEA83A2A3477F99FA6D3A","IntegrityLevel":"System","dataset":"botsv1"}
{"_time":"2016-08-24 10:06:00.000 MDT","sourcetype":"XmlWinEventLog:Microsoft-Windows-Sysmon/Operational","host":"we8105desk","Computer":"we8105desk.waynecorpinc.local","EventCode":"1","RecordID":"344563","UtcTime":"2016-08-24 16:05:51.886","User":"NT AUTHORITY\\SYSTEM","Image":"C:\\Windows\\System32\\autochk.exe","ParentImage":"C:\\Windows\\System32\\smss.exe","CommandLine":"\\??\\C:\\Windows\\system32\\autochk.exe *","ParentCommandLine":"\\SystemRoot\\System32\\smss.exe","ProcessGuid":"{0F2D76F0-C5DF-57BD-0000-0010CB970000}","ProcessId":"336","CurrentDirectory":"C:\\Windows\\system32","Hashes":"SHA1=A017204D7E47BC183D81DCABF047DEA32B120343,MD5=3B536A8BEC3B4F23FFDFD78B11A2AB93,SHA256=7BC847CE6C2D29C334F0D1600BBBDE3933FF45F6BEE5186F442E6270A3F9EC4E,IMPHASH=A902F4A56DC1BBFF2DA1862BF4F117AD","IntegrityLevel":"System","dataset":"botsv1"}
{"_time":"2016-08-24 10:06:00.000 MDT","sourcetype":"XmlWinEventLog:Microsoft-Windows-Sysmon/Operational","host":"we8105desk","Computer":"we8105desk.waynecorpinc.local","EventCode":"1","RecordID":"344565","UtcTime":"2016-08-24 16:05:53.790","User":"NT AUTHORITY\\SYSTEM","Image":"C:\\Windows\\System32\\smss.exe","ParentImage":"C:\\Windows\\System32\\smss.exe","CommandLine":"\\SystemRoot\\System32\\smss.exe 00000000 00000048","ParentCommandLine":"\\SystemRoot\\System32\\smss.exe","ProcessGuid":"{0F2D76F0-C5E1-57BD-0000-0010DCBB0000}","ProcessId":"428","CurrentDirectory":"C:\\Windows\\","Hashes":"SHA1=3513DED20BCD0D7811EEA4BE8D6B446E0C81F527,MD5=F0970A4BC8395659C22BF53D0FADF16F,SHA256=23BE3066D89A5ACBF8130899640D377476E78B6C3D19E2D13C32238464A83E21,IMPHASH=4C4EB7CA416CEA83A2A3477F99FA6D3A","IntegrityLevel":"System","dataset":"botsv1"}
{"_time":"2016-08-24 10:06:00.000 MDT","sourcetype":"XmlWinEventLog:Microsoft-Windows-Sysmon/Operational","host":"we8105desk","Computer":"we8105desk.waynecorpinc.local","EventCode":"1","RecordID":"344566","UtcTime":"2016-08-24 16:05:53.899","User":"NT AUTHORITY\\SYSTEM","Image":"C:\\Windows\\System32\\csrss.exe","ParentImage":"C:\\Windows\\System32\\smss.exe","CommandLine":"%SystemRoot%\\system32\\csrss.exe ObjectDirectory=\\Windows SharedSection=1024,20480,768 Windows=On SubSystemType=Windows ServerDll=basesrv,1 ServerDll=winsrv:UserServerDllInitialization,3 ServerDll=winsrv:ConServerDllInitialization,2 ServerDll=sxssrv,4 ProfileControl=Off MaxRequestThreads=16","ParentCommandLine":"\\SystemRoot\\System32\\smss.exe 00000000 00000048","ProcessGuid":"{0F2D76F0-C5E1-57BD-0000-001053BC0000}","ProcessId":"440","CurrentDirectory":"C:\\Windows\\system32","Hashes":"SHA1=17542707A3D9FA13C569450FD978272EF7070A77,MD5=60C2862B4BF0FD9F582EF344C2B1EC72,SHA256=CB1C6018FC5C15483AC5BB96E5C2E2E115BB0C0E1314837D77201BAB37E8C03A,IMPHASH=0816C1BB9D7C0DB0392E278174BFDE6B","IntegrityLevel":"System","dataset":"botsv1"}
{"_time":"2016-08-24 10:06:00.000 MDT","sourcetype":"XmlWinEventLog:Microsoft-Windows-Sysmon/Operational","host":"we8105desk","Computer":"we8105desk.waynecorpinc.local","EventCode":"1","RecordID":"344568","UtcTime":"2016-08-24 16:05:54.804","User":"NT AUTHORITY\\SYSTEM","Image":"C:\\Windows\\System32\\wininit.exe","ParentImage":"C:\\Windows\\System32\\smss.exe","CommandLine":"wininit.exe","ParentCommandLine":"\\SystemRoot\\System32\\smss.exe 00000000 00000048","ProcessGuid":"{0F2D76F0-C5E2-57BD-0000-0010AFC50000}","ProcessId":"524","CurrentDirectory":"C:\\Windows\\system32","Hashes":"SHA1=2DE5C051C0D7D8BCC14B1CA46BE8AB9756F29320,MD5=94355C28C1970635A31B3FE52EB7CEBA,SHA256=C4E98F07170CEC69CACDD5CEDB8927E48A2A299CB1B8CDA87526E768AF6174F0,IMPHASH=A852415C8CB9B87F817A07224C70717F","IntegrityLevel":"System","dataset":"botsv1"}
{"_time":"2016-08-24 10:06:00.000 MDT","sourcetype":"XmlWinEventLog:Microsoft-Windows-Sysmon/Operational","host":"we8105desk","Computer":"we8105desk.waynecorpinc.local","EventCode":"1","RecordID":"344567","UtcTime":"2016-08-24 16:05:54.804","User":"NT AUTHORITY\\SYSTEM","Image":"C:\\Windows\\System32\\smss.exe","ParentImage":"C:\\Windows\\System32\\smss.exe","CommandLine":"\\SystemRoot\\System32\\smss.exe 00000001 00000048","ParentCommandLine":"\\SystemRoot\\System32\\smss.exe","ProcessGuid":"{0F2D76F0-C5E2-57BD-0000-0010ACC50000}","ProcessId":"532","CurrentDirectory":"C:\\Windows\\","Hashes":"SHA1=3513DED20BCD0D7811EEA4BE8D6B446E0C81F527,MD5=F0970A4BC8395659C22BF53D0FADF16F,SHA256=23BE3066D89A5ACBF8130899640D377476E78B6C3D19E2D13C32238464A83E21,IMPHASH=4C4EB7CA416CEA83A2A3477F99FA6D3A","IntegrityLevel":"System","dataset":"botsv1"}
{"_time":"2016-08-24 10:06:00.000 MDT","sourcetype":"XmlWinEventLog:Microsoft-Windows-Sysmon/Operational","host":"we8105desk","Computer":"we8105desk.waynecorpinc.local","EventCode":"1","RecordID":"344570","UtcTime":"2016-08-24 16:05:54.819","User":"NT AUTHORITY\\SYSTEM","Image":"C:\\Windows\\System32\\csrss.exe","ParentImage":"C:\\Windows\\System32\\smss.exe","CommandLine":"%SystemRoot%\\system32\\csrss.exe ObjectDirectory=\\Windows SharedSection=1024,20480,768 Windows=On SubSystemType=Windows ServerDll=basesrv,1 ServerDll=winsrv:UserServerDllInitialization,3 ServerDll=winsrv:ConServerDllInitialization,2 ServerDll=sxssrv,4 ProfileControl=Off MaxRequestThreads=16","ParentCommandLine":"\\SystemRoot\\System32\\smss.exe 00000001 00000048","ProcessGuid":"{0F2D76F0-C5E2-57BD-0000-001008C70000}","ProcessId":"544","CurrentDirectory":"C:\\Windows\\system32","Hashes":"SHA1=17542707A3D9FA13C569450FD978272EF7070A77,MD5=60C2862B4BF0FD9F582EF344C2B1EC72,SHA256=CB1C6018FC5C15483AC5BB96E5C2E2E115BB0C0E1314837D77201BAB37E8C03A,IMPHASH=0816C1BB9D7C0DB0392E278174BFDE6B","IntegrityLevel":"System","dataset":"botsv1"}
{"_time":"2016-08-24 10:06:00.000 MDT","sourcetype":"XmlWinEventLog:Microsoft-Windows-Sysmon/Operational","host":"we8105desk","Computer":"we8105desk.waynecorpinc.local","EventCode":"1","RecordID":"344571","UtcTime":"2016-08-24 16:05:54.913","User":"NT AUTHORITY\\SYSTEM","Image":"C:\\Windows\\System32\\services.exe","ParentImage":"C:\\Windows\\System32\\wininit.exe","CommandLine":"C:\\Windows\\system32\\services.exe","ParentCommandLine":"wininit.exe","ProcessGuid":"{0F2D76F0-C5E2-57BD-0000-001083D10000}","ProcessId":"592","CurrentDirectory":"C:\\Windows\\system32\\","Hashes":"SHA1=A5B16A7D28D2BA79A9CCFC16ED480AD75A757166,MD5=24ACB7E5BE595468E3B9AA488B9B4FCB,SHA256=63541E3432FCE953F266AE553E7A394978D6EE3DB52388D885F668CF42C5E7E2,IMPHASH=99F403A8D271C481E1ABDB2A65909791","IntegrityLevel":"System","dataset":"botsv1"}
{"_time":"2016-08-24 10:06:00.000 MDT","sourcetype":"XmlWinEventLog:Microsoft-Windows-Sysmon/Operational","host":"we8105desk","Computer":"we8105desk.waynecorpinc.local","EventCode":"1","RecordID":"344572","UtcTime":"2016-08-24 16:05:55.084","User":"NT AUTHORITY\\SYSTEM","Image":"C:\\Windows\\System32\\lsass.exe","ParentImage":"C:\\Windows\\System32\\wininit.exe","CommandLine":"C:\\Windows\\system32\\lsass.exe","ParentCommandLine":"wininit.exe","ProcessGuid":"{0F2D76F0-C5E3-57BD-0000-0010CDD30000}","ProcessId":"608","CurrentDirectory":"C:\\Windows\\system32\\","Hashes":"SHA1=C07B7690AE9E48908112EF554066CDF2DE190324,MD5=1E31700D9C9E0FB79999D02A8437482C,SHA256=18DDBC35B5A740DD12BC0F6896D0E7E7005237A2843F5ECB3F2E068028F8828F,IMPHASH=2B1154F26F864C51DE2E8A1C41680FE5","IntegrityLevel":"System","dataset":"botsv1"}
{"_time":"2016-08-24 10:06:00.000 MDT","sourcetype":"XmlWinEventLog:Microsoft-Windows-Sysmon/Operational","host":"we8105desk","Computer":"we8105desk.waynecorpinc.local","EventCode":"1","RecordID":"344573","UtcTime":"2016-08-24 16:05:55.100","User":"NT AUTHORITY\\SYSTEM","Image":"C:\\Windows\\System32\\lsm.exe","ParentImage":"C:\\Windows\\System32\\wininit.exe","CommandLine":"C:\\Windows\\system32\\lsm.exe","ParentCommandLine":"wininit.exe","ProcessGuid":"{0F2D76F0-C5E3-57BD-0000-00104CD40000}","ProcessId":"616","CurrentDirectory":"C:\\Windows\\system32\\","Hashes":"SHA1=6766228926EB48344451737C61D0E05DBE390591,MD5=9662EE182644511439F1C53745DC1C88,SHA256=D205B2C163E78AB42A5D67D7664EF6B75EA0374FF0924467D624F9DB0611F0AD,IMPHASH=7110C2B3D301239751A68DEF7507A8AF","IntegrityLevel":"System","dataset":"botsv1"}
{"_time":"2016-08-24 10:06:00.000 MDT","sourcetype":"XmlWinEventLog:Microsoft-Windows-Sysmon/Operational","host":"we8105desk","Computer":"we8105desk.waynecorpinc.local","EventCode":"1","RecordID":"344574","UtcTime":"2016-08-24 16:05:55.412","User":"NT AUTHORITY\\SYSTEM","Image":"C:\\Windows\\System32\\svchost.exe","ParentImage":"C:\\Windows\\System32\\services.exe","CommandLine":"C:\\Windows\\system32\\svchost.exe -k DcomLaunch","ParentCommandLine":"C:\\Windows\\system32\\services.exe","ProcessGuid":"{0F2D76F0-C5E3-57BD-0000-00106DEE0000}","ProcessId":"708","CurrentDirectory":"C:\\Windows\\system32\\","Hashes":"SHA1=619652B42AFE5FB0E3719D7AEDA7A5494AB193E8,MD5=C78655BC80301D76ED4FEF1C1EA40A7D,SHA256=93B2ED4004ED5F7F3039DD7ECBD22C7E4E24B6373B4D9EF8D6E45A179B13A5E8,IMPHASH=A72A57A50050874D785495B82D201CF8","IntegrityLevel":"System","dataset":"botsv1"}
{"_time":"2016-08-24 10:06:00.000 MDT","sourcetype":"XmlWinEventLog:Microsoft-Windows-Sysmon/Operational","host":"we8105desk","Computer":"we8105desk.waynecorpinc.local","EventCode":"1","RecordID":"344575","UtcTime":"2016-08-24 16:05:55.568","User":"NT AUTHORITY\\NETWORK SERVICE","Image":"C:\\Windows\\System32\\svchost.exe","ParentImage":"C:\\Windows\\System32\\services.exe","CommandLine":"C:\\Windows\\system32\\svchost.exe -k RPCSS","ParentCommandLine":"C:\\Windows\\system32\\services.exe","ProcessGuid":"{0F2D76F0-C5E3-57BD-0000-001032390100}","ProcessId":"796","CurrentDirectory":"C:\\Windows\\system32\\","Hashes":"SHA1=619652B42AFE5FB0E3719D7AEDA7A5494AB193E8,MD5=C78655BC80301D76ED4FEF1C1EA40A7D,SHA256=93B2ED4004ED5F7F3039DD7ECBD22C7E4E24B6373B4D9EF8D6E45A179B13A5E8,IMPHASH=A72A57A50050874D785495B82D201CF8","IntegrityLevel":"System","dataset":"botsv1"}
{"_time":"2016-08-24 10:06:00.000 MDT","sourcetype":"XmlWinEventLog:Microsoft-Windows-Sysmon/Operational","host":"we8105desk","Computer":"we8105desk.waynecorpinc.local","EventCode":"1","RecordID":"344576","UtcTime":"2016-08-24 16:05:55.646","User":"NT AUTHORITY\\LOCAL SERVICE","Image":"C:\\Windows\\System32\\svchost.exe","ParentImage":"C:\\Windows\\System32\\services.exe","CommandLine":"C:\\Windows\\System32\\svchost.exe -k LocalServiceNetworkRestricted","ParentCommandLine":"C:\\Windows\\system32\\services.exe","ProcessGuid":"{0F2D76F0-C5E3-57BD-0000-0010A53F0100}","ProcessId":"860","CurrentDirectory":"C:\\Windows\\system32\\","Hashes":"SHA1=619652B42AFE5FB0E3719D7AEDA7A5494AB193E8,MD5=C78655BC80301D76ED4FEF1C1EA40A7D,SHA256=93B2ED4004ED5F7F3039DD7ECBD22C7E4E24B6373B4D9EF8D6E45A179B13A5E8,IMPHASH=A72A57A50050874D785495B82D201CF8","IntegrityLevel":"System","dataset":"botsv1"}
{"_time":"2016-08-24 10:06:00.000 MDT","sourcetype":"XmlWinEventLog:Microsoft-Windows-Sysmon/Operational","host":"we8105desk","Computer":"we8105desk.waynecorpinc.local","EventCode":"1","RecordID":"344577","UtcTime":"2016-08-24 16:05:55.740","User":"NT AUTHORITY\\SYSTEM","Image":"C:\\Windows\\System32\\svchost.exe","ParentImage":"C:\\Windows\\System32\\services.exe","CommandLine":"C:\\Windows\\System32\\svchost.exe -k LocalSystemNetworkRestricted","ParentCommandLine":"C:\\Windows\\system32\\services.exe","ProcessGuid":"{0F2D76F0-C5E3-57BD-0000-0010AB460100}","ProcessId":"896","CurrentDirectory":"C:\\Windows\\system32\\","Hashes":"SHA1=619652B42AFE5FB0E3719D7AEDA7A5494AB193E8,MD5=C78655BC80301D76ED4FEF1C1EA40A7D,SHA256=93B2ED4004ED5F7F3039DD7ECBD22C7E4E24B6373B4D9EF8D6E45A179B13A5E8,IMPHASH=A72A57A50050874D785495B82D201CF8","IntegrityLevel":"System","dataset":"botsv1"}
{"_time":"2016-08-24 10:06:00.000 MDT","sourcetype":"XmlWinEventLog:Microsoft-Windows-Sysmon/Operational","host":"we8105desk","Computer":"we8105desk.waynecorpinc.local","EventCode":"1","RecordID":"344578","UtcTime":"2016-08-24 16:05:55.771","User":"NT AUTHORITY\\SYSTEM","Image":"C:\\Windows\\System32\\svchost.exe","ParentImage":"C:\\Windows\\System32\\services.exe","CommandLine":"C:\\Windows\\system32\\svchost.exe -k netsvcs","ParentCommandLine":"C:\\Windows\\system32\\services.exe","ProcessGuid":"{0F2D76F0-C5E3-57BD-0000-00102F4A0100}","ProcessId":"928","CurrentDirectory":"C:\\Windows\\system32\\","Hashes":"SHA1=619652B42AFE5FB0E3719D7AEDA7A5494AB193E8,MD5=C78655BC80301D76ED4FEF1C1EA40A7D,SHA256=93B2ED4004ED5F7F3039DD7ECBD22C7E4E24B6373B4D9EF8D6E45A179B13A5E8,IMPHASH=A72A57A50050874D785495B82D201CF8","IntegrityLevel":"System","dataset":"botsv1"}
{"_time":"2016-08-24 10:06:00.000 MDT","sourcetype":"XmlWinEventLog:Microsoft-Windows-Sysmon/Operational","host":"we8105desk","Computer":"we8105desk.waynecorpinc.local","EventCode":"1","RecordID":"344579","UtcTime":"2016-08-24 16:05:55.849","User":"NT AUTHORITY\\LOCAL SERVICE","Image":"C:\\Windows\\System32\\audiodg.exe","ParentImage":"C:\\Windows\\System32\\svchost.exe","CommandLine":"C:\\Windows\\system32\\AUDIODG.EXE 0x2c8","ParentCommandLine":"C:\\Windows\\System32\\svchost.exe -k LocalServiceNetworkRestricted","ProcessGuid":"{0F2D76F0-C5E3-57BD-0000-0010BC580100}","ProcessId":"992","CurrentDirectory":"C:\\Windows","Hashes":"SHA1=F033FD30AACD0183BFC30861891A92B56AC2468B,MD5=D5CCA1453B98A5801E6D5FF0FF89DC6C,SHA256=85F2C2480AAC31B6092187B431A562D79D4CFB1324F925C85055ABAB2483264B,IMPHASH=2A6BF191EDFE97CC30EBB8D1AEB3A6B6","IntegrityLevel":"System","dataset":"botsv1"}
{"_time":"2016-08-24 10:06:00.000 MDT","sourcetype":"XmlWinEventLog:Microsoft-Windows-Sysmon/Operational","host":"we8105desk","Computer":"we8105desk.waynecorpinc.local","EventCode":"1","RecordID":"344580","UtcTime":"2016-08-24 16:05:55.911","User":"NT AUTHORITY\\SYSTEM","Image":"C:\\Windows\\System32\\winlogon.exe","ParentImage":"C:\\Windows\\System32\\smss.exe","CommandLine":"winlogon.exe","ParentCommandLine":"\\SystemRoot\\System32\\smss.exe 00000001 00000048","ProcessGuid":"{0F2D76F0-C5E3-57BD-0000-0010BE730100}","ProcessId":"364","CurrentDirectory":"C:\\Windows\\system32","Hashes":"SHA1=434856B834BAF163C5EA4D26434EEAE775A507FB,MD5=1151B1BAA6F350B1DB6598E0FEA7C457,SHA256=B1506E0A7E826EFF0F5252EF5026070C46E2235438403A9A24D73EE69C0B8A49,IMPHASH=5E8E1E0CEBF324F4130856244E5F4BC7","IntegrityLevel":"System","dataset":"botsv1"}
{"_time":"2016-08-24 10:06:00.000 MDT","sourcetype":"XmlWinEventLog:Microsoft-Windows-Sysmon/Operational","host":"we8105desk","Computer":"we8105desk.waynecorpinc.local","EventCode":"1","RecordID":"344582","UtcTime":"2016-08-24 16:05:55.958","User":"NT AUTHORITY\\LOCAL SERVICE","Image":"C:\\Windows\\System32\\svchost.exe","ParentImage":"C:\\Windows\\System32\\services.exe","CommandLine":"C:\\Windows\\system32\\svchost.exe -k LocalService","ParentCommandLine":"C:\\Windows\\system32\\services.exe","ProcessGuid":"{0F2D76F0-C5E3-57BD-0000-00106F810100}","ProcessId":"472","CurrentDirectory":"C:\\Windows\\system32\\","Hashes":"SHA1=619652B42AFE5FB0E3719D7AEDA7A5494AB193E8,MD5=C78655BC80301D76ED4FEF1C1EA40A7D,SHA256=93B2ED4004ED5F7F3039DD7ECBD22C7E4E24B6373B4D9EF8D6E45A179B13A5E8,IMPHASH=A72A57A50050874D785495B82D201CF8","IntegrityLevel":"System","dataset":"botsv1"}
{"_time":"2016-08-24 10:06:00.000 MDT","sourcetype":"XmlWinEventLog:Microsoft-Windows-Sysmon/Operational","host":"we8105desk","Computer":"we8105desk.waynecorpinc.local","EventCode":"1","RecordID":"344583","UtcTime":"2016-08-24 16:05:56.052","User":"NT AUTHORITY\\SYSTEM","Image":"C:\\Windows\\System32\\LogonUI.exe","ParentImage":"C:\\Windows\\System32\\winlogon.exe","CommandLine":"\"LogonUI.exe\" /flags:0x0","ParentCommandLine":"winlogon.exe","ProcessGuid":"{0F2D76F0-C5E4-57BD-0000-001080900100}","ProcessId":"956","CurrentDirectory":"C:\\Windows\\system32\\","Hashes":"SHA1=F5778343588DF78FDD55C9CFCD49E5F39F959DD9,MD5=715F03B4C7223349768013EA95D9E5B7,SHA256=09AB0535A54C2E2962F0FD06988D99060F8CECA39B07AC00A63204C773B95893,IMPHASH=ADE07EB40652E70D0E1BE256BD0ED08D","IntegrityLevel":"System","dataset":"botsv1"}
{"_time":"2016-08-24 10:06:00.000 MDT","sourcetype":"XmlWinEventLog:Microsoft-Windows-Sysmon/Operational","host":"we8105desk","Computer":"we8105desk.waynecorpinc.local","EventCode":"1","RecordID":"344584","UtcTime":"2016-08-24 16:05:56.161","User":"NT AUTHORITY\\LOCAL SERVICE","Image":"C:\\Windows\\System32\\WUDFHost.exe","ParentImage":"C:\\Windows\\System32\\svchost.exe","CommandLine":"\"C:\\Windows\\system32\\WUDFHost.exe\" -HostGUID:{193a1820-d9ac-4997-8c55-be817523f6aa} -IoEventPortName:HostProcess-fa915abb-3e19-454d-abc3-af7084ddd6b2 -SystemEventPortName:HostProcess-ac8be148-87a6-4e0c-9c46-e06e1597f0ce -IoCancelEventPortName:HostProcess-c6ad7e19-54f2-46ea-af3f-88f7621e76ea -NonStateChangingEventPortName:HostProcess-b15c724e-59d6-4e9e-bba1-99864b9d80ce -ServiceSID:S-1-5-80-2652678385-582572993-1835434367-1344795993-749280709 -LifetimeId:584cb968-8b77-45ad-ae19-bbeb66853bc0","ParentCommandLine":"C:\\Windows\\System32\\svchost.exe -k LocalSystemNetworkRestricted","ProcessGuid":"{0F2D76F0-C5E4-57BD-0000-0010A9A70100}","ProcessId":"1040","CurrentDirectory":"C:\\Windows\\system32\\","Hashes":"SHA1=8B7D36727102468AA5EF760D565C34E9E56D9D8F,MD5=D0FF1CA89D013B94768A289023958F6B,SHA256=DB15E374E26E351561C5A6DCC5822AFB7CFF2C373761266520193E89DFAC6855,IMPHASH=DD71AF51ACA13F98B3971D81621F768E","IntegrityLevel":"System","dataset":"botsv1"}
{"_time":"2016-08-24 10:06:00.000 MDT","sourcetype":"XmlWinEventLog:Microsoft-Windows-Sysmon/Operational","host":"we8105desk","Computer":"we8105desk.waynecorpinc.local","EventCode":"1","RecordID":"344585","UtcTime":"2016-08-24 16:05:56.348","User":"NT AUTHORITY\\NETWORK SERVICE","Image":"C:\\Windows\\System32\\svchost.exe","ParentImage":"C:\\Windows\\System32\\services.exe","CommandLine":"C:\\Windows\\system32\\svchost.exe -k NetworkService","ParentCommandLine":"C:\\Windows\\system32\\services.exe","ProcessGuid":"{0F2D76F0-C5E4-57BD-0000-001073B80100}","ProcessId":"1148","CurrentDirectory":"C:\\Windows\\system32\\","Hashes":"SHA1=619652B42AFE5FB0E3719D7AEDA7A5494AB193E8,MD5=C78655BC80301D76ED4FEF1C1EA40A7D,SHA256=93B2ED4004ED5F7F3039DD7ECBD22C7E4E24B6373B4D9EF8D6E45A179B13A5E8,IMPHASH=A72A57A50050874D785495B82D201CF8","IntegrityLevel":"System","dataset":"botsv1"}
{"_time":"2016-08-24 10:06:00.000 MDT","sourcetype":"XmlWinEventLog:Microsoft-Windows-Sysmon/Operational","host":"we8105desk","Computer":"we8105desk.waynecorpinc.local","EventCode":"1","RecordID":"344586","UtcTime":"2016-08-24 16:05:56.822","User":"NT AUTHORITY\\SYSTEM","Image":"C:\\Windows\\System32\\spoolsv.exe","ParentImage":"C:\\Windows\\System32\\services.exe","CommandLine":"C:\\Windows\\System32\\spoolsv.exe","ParentCommandLine":"C:\\Windows\\system32\\services.exe","ProcessGuid":"{0F2D76F0-C5E4-57BD-0000-00104AF10100}","ProcessId":"1356","CurrentDirectory":"C:\\Windows\\system32\\","Hashes":"SHA1=CD2E082E8022F25747730A397C3D445A7F9330DF,MD5=B96C17B5DC1424D56EEA3A99E97428CD,SHA256=AF0A85066A7983878DC1C663811CE61C6CA1912DC956184F878B7B82DB93C651,IMPHASH=631FDB37F5587BB06FAB5C930EDC4A1F","IntegrityLevel":"System","dataset":"botsv1"}
{"_time":"2016-08-24 10:06:00.000 MDT","sourcetype":"XmlWinEventLog:Microsoft-Windows-Sysmon/Operational","host":"we8105desk","Computer":"we8105desk.waynecorpinc.local","EventCode":"1","RecordID":"344587","UtcTime":"2016-08-24 16:05:56.872","User":"NT AUTHORITY\\LOCAL SERVICE","Image":"C:\\Windows\\System32\\svchost.exe","ParentImage":"C:\\Windows\\System32\\services.exe","CommandLine":"C:\\Windows\\system32\\svchost.exe -k LocalServiceNoNetwork","ParentCommandLine":"C:\\Windows\\system32\\services.exe","ProcessGuid":"{0F2D76F0-C5E4-57BD-0000-001091F90100}","ProcessId":"1392","CurrentDirectory":"C:\\Windows\\system32\\","Hashes":"SHA1=619652B42AFE5FB0E3719D7AEDA7A5494AB193E8,MD5=C78655BC80301D76ED4FEF1C1EA40A7D,SHA256=93B2ED4004ED5F7F3039DD7ECBD22C7E4E24B6373B4D9EF8D6E45A179B13A5E8,IMPHASH=A72A57A50050874D785495B82D201CF8","IntegrityLevel":"System","dataset":"botsv1"}
{"_time":"2016-08-24 10:06:00.000 MDT","sourcetype":"XmlWinEventLog:Microsoft-Windows-Sysmon/Operational","host":"we8105desk","Computer":"we8105desk.waynecorpinc.local","EventCode":"1","RecordID":"344588","UtcTime":"2016-08-24 16:05:57.022","User":"NT AUTHORITY\\SYSTEM","Image":"C:\\Program Files (x86)\\Common Files\\Acronis\\Schedule2\\schedul2.exe","ParentImage":"C:\\Windows\\System32\\services.exe","CommandLine":"\"C:\\Program Files (x86)\\Common Files\\Acronis\\Schedule2\\schedul2.exe\"","ParentCommandLine":"C:\\Windows\\system32\\services.exe","ProcessGuid":"{0F2D76F0-C5E5-57BD-0000-0010050F0200}","ProcessId":"1500","CurrentDirectory":"C:\\Windows\\system32\\","Hashes":"SHA1=95359CB5E42A0EDE2CA92111AA321DBD112EEDE1,MD5=36C606A3A3FB332129E1DFB5EAAEBF83,SHA256=D67C96B2D53C5548A86600F64B8EED0ED0472DDE0BEE46F07A780FA02F020EBD,IMPHASH=D967F63A3E7D2EFBE5D8B4DFD27E1950","IntegrityLevel":"System","dataset":"botsv1"}
{"_time":"2016-08-24 10:06:00.000 MDT","sourcetype":"XmlWinEventLog:Microsoft-Windows-Sysmon/Operational","host":"we8105desk","Computer":"we8105desk.waynecorpinc.local","EventCode":"1","RecordID":"344589","UtcTime":"2016-08-24 16:05:57.112","User":"NT AUTHORITY\\SYSTEM","Image":"C:\\Program Files (x86)\\Common Files\\Acronis\\CDP\\afcdpsrv.exe","ParentImage":"C:\\Windows\\System32\\services.exe","CommandLine":"\"C:\\Program Files (x86)\\Common Files\\Acronis\\CDP\\afcdpsrv.exe\"","ParentCommandLine":"C:\\Windows\\system32\\services.exe","ProcessGuid":"{0F2D76F0-C5E5-57BD-0000-001030220200}","ProcessId":"1552","CurrentDirectory":"C:\\Windows\\system32\\","Hashes":"SHA1=812417622FED37E7162FF64BA47C148110543618,MD5=D58AFA917D97BFF073E58763B13E4A65,SHA256=5D735F27CC1C17CED976E0996033AF72E3C70BADAE8BFE6506AAF5BD747E6DA2,IMPHASH=AC9CC656D439F573256C3D6312010906","IntegrityLevel":"System","dataset":"botsv1"}
{"_time":"2016-08-24 10:06:00.000 MDT","sourcetype":"XmlWinEventLog:Microsoft-Windows-Sysmon/Operational","host":"we8105desk","Computer":"we8105desk.waynecorpinc.local","EventCode":"1","RecordID":"344590","UtcTime":"2016-08-24 16:05:57.782","User":"NT AUTHORITY\\SYSTEM","Image":"C:\\Windows\\System32\\AppleOSSMgr.exe","ParentImage":"C:\\Windows\\System32\\services.exe","CommandLine":"C:\\Windows\\system32\\AppleOSSMgr.exe","ParentCommandLine":"C:\\Windows\\system32\\services.exe","ProcessGuid":"{0F2D76F0-C5E5-57BD-0000-00108F4D0200}","ProcessId":"1612","CurrentDirectory":"C:\\Windows\\system32\\","Hashes":"SHA1=E2BBC38C5FB62C37DB8D4C34D5BB19948949C7CD,MD5=19CE1B942126F3D8E8838E7B148311FF,SHA256=F30EE79CEA00705D262EB9C6257E076C5F6CB5F222A1E1BAFD2808DE1EAB1FFC,IMPHASH=EA3794F116D4FB9ECC1FEC8676D80CDE","IntegrityLevel":"System","dataset":"botsv1"}
{"_time":"2016-08-24 10:06:00.000 MDT","sourcetype":"XmlWinEventLog:Microsoft-Windows-Sysmon/Operational","host":"we8105desk","Computer":"we8105desk.waynecorpinc.local","EventCode":"1","RecordID":"344591","UtcTime":"2016-08-24 16:05:57.852","User":"NT AUTHORITY\\SYSTEM","Image":"C:\\Windows\\System32\\AppleTimeSrv.exe","ParentImage":"C:\\Windows\\System32\\services.exe","CommandLine":"C:\\Windows\\system32\\AppleTimeSrv.exe","ParentCommandLine":"C:\\Windows\\system32\\services.exe","ProcessGuid":"{0F2D76F0-C5E5-57BD-0000-00107C4F0200}","ProcessId":"1640","CurrentDirectory":"C:\\Windows\\system32\\","Hashes":"SHA1=F22337EBC12D593767D9C9D19F78EBE4FA622EAD,MD5=05A583AB8CC88EF65A8E6610C7A34EEC,SHA256=62A76993ECBCB6B9FA0D2CEFDE8645F2BD1FC43E2E511D224CF356B683758489,IMPHASH=A30E9B41FB37E78A49DDC388E50D466D","IntegrityLevel":"System","dataset":"botsv1"}
{"_time":"2016-08-24 10:06:00.000 MDT","sourcetype":"XmlWinEventLog:Microsoft-Windows-Sysmon/Operational","host":"we8105desk","Computer":"we8105desk.waynecorpinc.local","EventCode":"1","RecordID":"344592","UtcTime":"2016-08-24 16:05:57.922","User":"NT AUTHORITY\\SYSTEM","Image":"C:\\Program Files (x86)\\Common Files\\Acronis\\Infrastructure\\mms_mini.exe","ParentImage":"C:\\Windows\\System32\\services.exe","CommandLine":"\"C:\\Program Files (x86)\\Common Files\\Acronis\\Infrastructure\\mms_mini.exe\"","ParentCommandLine":"C:\\Windows\\system32\\services.exe","ProcessGuid":"{0F2D76F0-C5E5-57BD-0000-00107B560200}","ProcessId":"1692","CurrentDirectory":"C:\\Windows\\system32\\","Hashes":"SHA1=6EBC367839EF31A3A7F598C151188C544B399EE9,MD5=D9652739D1007B9B5CE34CEF38E095C5,SHA256=20AFFEA3B2E7F254A58CDD9F4F9D51D94710C20E98A650BE33FD446A474D7D12,IMPHASH=0F2636DB2FF6F7247FFA2640D1D22478","IntegrityLevel":"System","dataset":"botsv1"}
{"_time":"2016-08-24 10:06:00.000 MDT","sourcetype":"XmlWinEventLog:Microsoft-Windows-Sysmon/Operational","host":"we8105desk","Computer":"we8105desk.waynecorpinc.local","EventCode":"1","RecordID":"344593","UtcTime":"2016-08-24 16:05:59.622","User":"NT AUTHORITY\\SYSTEM","Image":"C:\\Windows\\System32\\cmd.exe","ParentImage":"C:\\Program Files\\SplunkUniversalForwarder\\bin\\splunkd.exe","CommandLine":"C:\\Windows\\system32\\cmd.exe /c \"C:\\Program Files\\SplunkUniversalForwarder\\bin\\splunk.exe\" _RAW_envvars","ParentCommandLine":"\"C:\\Program Files\\SplunkUniversalForwarder\\bin\\splunkd.exe\" service","ProcessGuid":"{0F2D76F0-C5E7-57BD-0000-0010D1810200}","ProcessId":"1912","CurrentDirectory":"C:\\Windows\\system32\\","Hashes":"SHA1=0F3C4FF28F354AEDE202D54E9D1C5529A3BF87D8,MD5=5746BD7E255DD6A8AFA06F7C42C1BA41,SHA256=DB06C3534964E3FC79D2763144BA53742D7FA250CA336F4A0FE724B75AAFF386,IMPHASH=D0058544E4588B1B2290B7F4D830EB0A","IntegrityLevel":"System","dataset":"botsv1"}
{"_time":"2016-08-24 10:06:00.000 MDT","sourcetype":"XmlWinEventLog:Microsoft-Windows-Sysmon/Operational","host":"we8105desk","Computer":"we8105desk.waynecorpinc.local","EventCode":"1","RecordID":"344594","UtcTime":"2016-08-24 16:05:59.642","User":"NT AUTHORITY\\SYSTEM","Image":"C:\\Windows\\System32\\conhost.exe","ParentImage":"C:\\Windows\\System32\\csrss.exe","CommandLine":"\\??\\C:\\Windows\\system32\\conhost.exe","ParentCommandLine":"%SystemRoot%\\system32\\csrss.exe ObjectDirectory=\\Windows SharedSection=1024,20480,768 Windows=On SubSystemType=Windows ServerDll=basesrv,1 ServerDll=winsrv:UserServerDllInitialization,3 ServerDll=winsrv:ConServerDllInitialization,2 ServerDll=sxssrv,4 ProfileControl=Off MaxRequestThreads=16","ProcessGuid":"{0F2D76F0-C5E7-57BD-0000-001067820200}","ProcessId":"1920","CurrentDirectory":"C:\\Windows\\system32\\","Hashes":"SHA1=680DEC0F8907F4B8911FBE2AA5F2FD25425BE0B0,MD5=BD51024FB014064BC9FE8C715C18392F,SHA256=23F7AB98268F88E6CA9EE96B3DDBC6AA745BFFACD2E5F80A211CE48D976EB9A4,IMPHASH=C2AE82D74851F310DFB66DA9B301EF7E","IntegrityLevel":"System","dataset":"botsv1"}
{"_time":"2016-08-24 10:06:00.000 MDT","sourcetype":"XmlWinEventLog:Microsoft-Windows-Sysmon/Operational","host":"we8105desk","Computer":"we8105desk.waynecorpinc.local","EventCode":"1","RecordID":"344597","UtcTime":"2016-08-24 16:06:00.122","User":"NT AUTHORITY\\SYSTEM","Image":"C:\\Windows\\System32\\conhost.exe","ParentImage":"C:\\Windows\\System32\\csrss.exe","CommandLine":"\\??\\C:\\Windows\\system32\\conhost.exe","ParentCommandLine":"%SystemRoot%\\system32\\csrss.exe ObjectDirectory=\\Windows SharedSection=1024,20480,768 Windows=On SubSystemType=Windows ServerDll=basesrv,1 ServerDll=winsrv:UserServerDllInitialization,3 ServerDll=winsrv:ConServerDllInitialization,2 ServerDll=sxssrv,4 ProfileControl=Off MaxRequestThreads=16","ProcessGuid":"{0F2D76F0-C5E8-57BD-0000-0010BD950200}","ProcessId":"536","CurrentDirectory":"C:\\Windows\\system32\\","Hashes":"SHA1=680DEC0F8907F4B8911FBE2AA5F2FD25425BE0B0,MD5=BD51024FB014064BC9FE8C715C18392F,SHA256=23F7AB98268F88E6CA9EE96B3DDBC6AA745BFFACD2E5F80A211CE48D976EB9A4,IMPHASH=C2AE82D74851F310DFB66DA9B301EF7E","IntegrityLevel":"System","dataset":"botsv1"}
{"_time":"2016-08-24 10:06:00.000 MDT","sourcetype":"XmlWinEventLog:Microsoft-Windows-Sysmon/Operational","host":"we8105desk","Computer":"we8105desk.waynecorpinc.local","EventCode":"1","RecordID":"344599","UtcTime":"2016-08-24 16:06:00.132","User":"NT AUTHORITY\\SYSTEM","Image":"C:\\Windows\\Sysmon.exe","ParentImage":"C:\\Windows\\System32\\services.exe","CommandLine":"C:\\Windows\\Sysmon.exe","ParentCommandLine":"C:\\Windows\\system32\\services.exe","ProcessGuid":"{0F2D76F0-C5E8-57BD-0000-0010AA970200}","ProcessId":"1216","CurrentDirectory":"C:\\Windows\\system32\\","Hashes":"SHA1=8803A9419F84ED2CD704F14E0335E446D4DF9EEC,MD5=982CF81AB4A55BEB93BCD3D74DF27175,SHA256=D6CB6D5F6819F5AEAF3A743AB9FAAE30FB6FF64CA3E84CB971EE0829A8F64C41,IMPHASH=72B9961AD46B1749FA330D10E58F1C73","IntegrityLevel":"System","dataset":"botsv1"}
{"_time":"2016-08-24 10:06:00.000 MDT","sourcetype":"XmlWinEventLog:Microsoft-Windows-Sysmon/Operational","host":"we8105desk","Computer":"we8105desk.waynecorpinc.local","EventCode":"1","RecordID":"344598","UtcTime":"2016-08-24 16:06:00.132","User":"NT AUTHORITY\\SYSTEM","Image":"C:\\Windows\\System32\\cmd.exe","ParentImage":"C:\\Program Files\\SplunkUniversalForwarder\\bin\\splunkd.exe","CommandLine":"C:\\Windows\\system32\\cmd.exe /c \"C:\\Program Files\\SplunkUniversalForwarder\\bin\\splunk.exe\" _internal_extra_splunkd_service_args","ParentCommandLine":"\"C:\\Program Files\\SplunkUniversalForwarder\\bin\\splunkd.exe\" service","ProcessGuid":"{0F2D76F0-C5E8-57BD-0000-001093970200}","ProcessId":"1168","CurrentDirectory":"C:\\Windows\\system32\\","Hashes":"SHA1=0F3C4FF28F354AEDE202D54E9D1C5529A3BF87D8,MD5=5746BD7E255DD6A8AFA06F7C42C1BA41,SHA256=DB06C3534964E3FC79D2763144BA53742D7FA250CA336F4A0FE724B75AAFF386,IMPHASH=D0058544E4588B1B2290B7F4D830EB0A","IntegrityLevel":"System","dataset":"botsv1"}
{"_time":"2016-08-24 10:06:00.000 MDT","sourcetype":"XmlWinEventLog:Microsoft-Windows-Sysmon/Operational","host":"we8105desk","Computer":"we8105desk.waynecorpinc.local","EventCode":"1","RecordID":"344600","UtcTime":"2016-08-24 16:06:00.152","User":"NT AUTHORITY\\SYSTEM","Image":"C:\\Windows\\System32\\cmd.exe","ParentImage":"C:\\Program Files\\SplunkUniversalForwarder\\bin\\splunk.exe","CommandLine":"C:\\Windows\\system32\\cmd.exe /c btool web list settings --no-log","ParentCommandLine":"\"C:\\Program Files\\SplunkUniversalForwarder\\bin\\splunk.exe\"  _internal_extra_splunkd_service_args","ProcessGuid":"{0F2D76F0-C5E8-57BD-0000-0010B29A0200}","ProcessId":"1472","CurrentDirectory":"C:\\Windows\\system32\\","Hashes":"SHA1=0F3C4FF28F354AEDE202D54E9D1C5529A3BF87D8,MD5=5746BD7E255DD6A8AFA06F7C42C1BA41,SHA256=DB06C3534964E3FC79D2763144BA53742D7FA250CA336F4A0FE724B75AAFF386,IMPHASH=D0058544E4588B1B2290B7F4D830EB0A","IntegrityLevel":"System","dataset":"botsv1"}
{"_time":"2016-08-24 10:06:00.000 MDT","sourcetype":"XmlWinEventLog:Microsoft-Windows-Sysmon/Operational","host":"we8105desk","Computer":"we8105desk.waynecorpinc.local","EventCode":"1","RecordID":"344602","UtcTime":"2016-08-24 16:06:00.742","User":"NT AUTHORITY\\SYSTEM","Image":"C:\\Windows\\System32\\cmd.exe","ParentImage":"C:\\Program Files\\SplunkUniversalForwarder\\bin\\splunk.exe","CommandLine":"C:\\Windows\\system32\\cmd.exe /c btool server list general --no-log","ParentCommandLine":"\"C:\\Program Files\\SplunkUniversalForwarder\\bin\\splunk.exe\"  _internal_extra_splunkd_service_args","ProcessGuid":"{0F2D76F0-C5E8-57BD-0000-001081E10200}","ProcessId":"2196","CurrentDirectory":"C:\\Windows\\system32\\","Hashes":"SHA1=0F3C4FF28F354AEDE202D54E9D1C5529A3BF87D8,MD5=5746BD7E255DD6A8AFA06F7C42C1BA41,SHA256=DB06C3534964E3FC79D2763144BA53742D7FA250CA336F4A0FE724B75AAFF386,IMPHASH=D0058544E4588B1B2290B7F4D830EB0A","IntegrityLevel":"System","dataset":"botsv1"}
{"_time":"2016-08-24 10:06:01.000 MDT","sourcetype":"XmlWinEventLog:Microsoft-Windows-Sysmon/Operational","host":"we8105desk","Computer":"we8105desk.waynecorpinc.local","EventCode":"1","RecordID":"344604","UtcTime":"2016-08-24 16:06:01.292","User":"NT AUTHORITY\\SYSTEM","Image":"C:\\Windows\\System32\\cmd.exe","ParentImage":"C:\\Program Files\\SplunkUniversalForwarder\\bin\\splunk.exe","CommandLine":"C:\\Windows\\system32\\cmd.exe /c btool server list kvstore --no-log","ParentCommandLine":"\"C:\\Program Files\\SplunkUniversalForwarder\\bin\\splunk.exe\"  _internal_extra_splunkd_service_args","ProcessGuid":"{0F2D76F0-C5E9-57BD-0000-0010E3F80200}","ProcessId":"2236","CurrentDirectory":"C:\\Windows\\system32\\","Hashes":"SHA1=0F3C4FF28F354AEDE202D54E9D1C5529A3BF87D8,MD5=5746BD7E255DD6A8AFA06F7C42C1BA41,SHA256=DB06C3534964E3FC79D2763144BA53742D7FA250CA336F4A0FE724B75AAFF386,IMPHASH=D0058544E4588B1B2290B7F4D830EB0A","IntegrityLevel":"System","dataset":"botsv1"}
{"_time":"2016-08-24 10:06:01.000 MDT","sourcetype":"XmlWinEventLog:Microsoft-Windows-Sysmon/Operational","host":"we8105desk","Computer":"we8105desk.waynecorpinc.local","EventCode":"1","RecordID":"344655","UtcTime":"2016-08-24 16:06:01.512","User":"NT AUTHORITY\\NETWORK SERVICE","Image":"C:\\Windows\\System32\\wbem\\WmiPrvSE.exe","ParentImage":"C:\\Windows\\System32\\svchost.exe","CommandLine":"C:\\Windows\\system32\\wbem\\wmiprvse.exe -secured -Embedding","ParentCommandLine":"C:\\Windows\\system32\\svchost.exe -k DcomLaunch","ProcessGuid":"{0F2D76F0-C5E9-57BD-0000-0010B70C0300}","ProcessId":"2296","CurrentDirectory":"C:\\Windows\\system32\\","Hashes":"SHA1=9F5A4796B58D8B104A1C0F5A63DAF0032B947966,MD5=619A67C9F617B7E69315BB28ECD5E1DF,SHA256=F34F231D117CCDFEBB9CB35C8D6FDFA7051DA27FDC1204FCCFF361FC0B13A0FF,IMPHASH=C1E65C7FF153F2C2E6A7E93706AE226A","IntegrityLevel":"System","dataset":"botsv1"}
{"_time":"2016-08-24 10:06:01.000 MDT","sourcetype":"XmlWinEventLog:Microsoft-Windows-Sysmon/Operational","host":"we8105desk","Computer":"we8105desk.waynecorpinc.local","EventCode":"1","RecordID":"344660","UtcTime":"2016-08-24 16:06:01.688","User":"NT AUTHORITY\\SYSTEM","Image":"C:\\Windows\\System32\\wbem\\WmiPrvSE.exe","ParentImage":"C:\\Windows\\System32\\svchost.exe","CommandLine":"C:\\Windows\\system32\\wbem\\wmiprvse.exe -Embedding","ParentCommandLine":"C:\\Windows\\system32\\svchost.exe -k DcomLaunch","ProcessGuid":"{0F2D76F0-C5E9-57BD-0000-0010DB300300}","ProcessId":"2388","CurrentDirectory":"C:\\Windows\\system32\\","Hashes":"SHA1=9F5A4796B58D8B104A1C0F5A63DAF0032B947966,MD5=619A67C9F617B7E69315BB28ECD5E1DF,SHA256=F34F231D117CCDFEBB9CB35C8D6FDFA7051DA27FDC1204FCCFF361FC0B13A0FF,IMPHASH=C1E65C7FF153F2C2E6A7E93706AE226A","IntegrityLevel":"System","dataset":"botsv1"}
{"_time":"2016-08-24 10:06:01.000 MDT","sourcetype":"XmlWinEventLog:Microsoft-Windows-Sysmon/Operational","host":"we8105desk","Computer":"we8105desk.waynecorpinc.local","EventCode":"1","RecordID":"344748","UtcTime":"2016-08-24 16:06:01.953","User":"NT AUTHORITY\\SYSTEM","Image":"C:\\Windows\\System32\\cmd.exe","ParentImage":"C:\\Program Files\\SplunkUniversalForwarder\\bin\\splunkd.exe","CommandLine":"C:\\Windows\\system32\\cmd.exe /c \"C:\\Program Files\\SplunkUniversalForwarder\\bin\\splunk.exe\" _internal pre-flight-checks --answer-yes --no-prompt 2&gt;&amp;1","ParentCommandLine":"\"C:\\Program Files\\SplunkUniversalForwarder\\bin\\splunkd.exe\" service","ProcessGuid":"{0F2D76F0-C5E9-57BD-0000-0010C65B0300}","ProcessId":"2444","CurrentDirectory":"C:\\Windows\\system32\\","Hashes":"SHA1=0F3C4FF28F354AEDE202D54E9D1C5529A3BF87D8,MD5=5746BD7E255DD6A8AFA06F7C42C1BA41,SHA256=DB06C3534964E3FC79D2763144BA53742D7FA250CA336F4A0FE724B75AAFF386,IMPHASH=D0058544E4588B1B2290B7F4D830EB0A","IntegrityLevel":"System","dataset":"botsv1"}
{"_time":"2016-08-24 10:06:03.000 MDT","sourcetype":"XmlWinEventLog:Microsoft-Windows-Sysmon/Operational","host":"we8105desk","Computer":"we8105desk.waynecorpinc.local","EventCode":"1","RecordID":"345791","UtcTime":"2016-08-24 16:06:03.668","User":"NT AUTHORITY\\SYSTEM","Image":"C:\\Windows\\System32\\cscript.exe","ParentImage":"C:\\Program Files (x86)\\Common Files\\Acronis\\Infrastructure\\mms_mini.exe","CommandLine":"cscript.exe /nologo C:\\Windows\\TEMP\\5F336C48-BD3F-46AF-8FB1-E076BA7329CB.vbs","ParentCommandLine":"\"C:\\Program Files (x86)\\Common Files\\Acronis\\Infrastructure\\mms_mini.exe\"","ProcessGuid":"{0F2D76F0-C5EB-57BD-0000-001094F00300}","ProcessId":"2624","CurrentDirectory":"C:\\Windows\\system32\\","Hashes":"SHA1=70096A77E202CF9F30C064956F36D14BCBD8F7BB,MD5=791AF7743252D0CD10A30D61E5BC1F8E,SHA256=E34910C8C4F2051B1B87F80E9B389DFE3583BB3E4DA909BB2544F22C2D92CF15,IMPHASH=639B19B7E8C73FF5646B006D913BA80A","IntegrityLevel":"System","dataset":"botsv1"}
{"_time":"2016-08-24 10:06:03.000 MDT","sourcetype":"XmlWinEventLog:Microsoft-Windows-Sysmon/Operational","host":"we8105desk","Computer":"we8105desk.waynecorpinc.local","EventCode":"1","RecordID":"345855","UtcTime":"2016-08-24 16:06:03.793","User":"NT AUTHORITY\\LOCAL SERVICE","Image":"C:\\Windows\\SysWOW64\\wbem\\WmiPrvSE.exe","ParentImage":"C:\\Windows\\System32\\svchost.exe","CommandLine":"C:\\Windows\\sysWOW64\\wbem\\wmiprvse.exe -secured -Embedding","ParentCommandLine":"C:\\Windows\\system32\\svchost.exe -k DcomLaunch","ProcessGuid":"{0F2D76F0-C5EB-57BD-0000-001013FD0300}","ProcessId":"2664","CurrentDirectory":"C:\\Windows\\system32\\","Hashes":"SHA1=8BF1819659B79D10121294F37F7D9CF7D95559C1,MD5=4FB491AC8D46AAF22BA8BC5C73DABEF7,SHA256=CBE2392792D209E15E44AC29E906FFDD5FBF6EED8BAB0D97D66E109AB2C5C56E,IMPHASH=7B42AD1B2E82E335A3349127ECD5461A","IntegrityLevel":"System","dataset":"botsv1"}
{"_time":"2016-08-24 10:06:03.000 MDT","sourcetype":"XmlWinEventLog:Microsoft-Windows-Sysmon/Operational","host":"we8105desk","Computer":"we8105desk.waynecorpinc.local","EventCode":"1","RecordID":"345885","UtcTime":"2016-08-24 16:06:03.871","User":"NT AUTHORITY\\LOCAL SERVICE","Image":"C:\\Windows\\System32\\wbem\\WmiPrvSE.exe","ParentImage":"C:\\Windows\\System32\\svchost.exe","CommandLine":"C:\\Windows\\system32\\wbem\\wmiprvse.exe -secured -Embedding","ParentCommandLine":"C:\\Windows\\system32\\svchost.exe -k DcomLaunch","ProcessGuid":"{0F2D76F0-C5EB-57BD-0000-001037090400}","ProcessId":"2708","CurrentDirectory":"C:\\Windows\\system32\\","Hashes":"SHA1=9F5A4796B58D8B104A1C0F5A63DAF0032B947966,MD5=619A67C9F617B7E69315BB28ECD5E1DF,SHA256=F34F231D117CCDFEBB9CB35C8D6FDFA7051DA27FDC1204FCCFF361FC0B13A0FF,IMPHASH=C1E65C7FF153F2C2E6A7E93706AE226A","IntegrityLevel":"System","dataset":"botsv1"}
{"_time":"2016-08-24 10:06:03.000 MDT","sourcetype":"XmlWinEventLog:Microsoft-Windows-Sysmon/Operational","host":"we8105desk","Computer":"we8105desk.waynecorpinc.local","EventCode":"1","RecordID":"345927","UtcTime":"2016-08-24 16:06:03.918","User":"NT AUTHORITY\\SYSTEM","Image":"C:\\Windows\\System32\\cscript.exe","ParentImage":"C:\\Program Files (x86)\\Common Files\\Acronis\\Infrastructure\\mms_mini.exe","CommandLine":"cscript.exe /nologo C:\\Windows\\TEMP\\A1985133-B0BB-4771-9B34-54C1DC493370.vbs","ParentCommandLine":"\"C:\\Program Files (x86)\\Common Files\\Acronis\\Infrastructure\\mms_mini.exe\"","ProcessGuid":"{0F2D76F0-C5EB-57BD-0000-0010E5130400}","ProcessId":"2744","CurrentDirectory":"C:\\Windows\\system32\\","Hashes":"SHA1=70096A77E202CF9F30C064956F36D14BCBD8F7BB,MD5=791AF7743252D0CD10A30D61E5BC1F8E,SHA256=E34910C8C4F2051B1B87F80E9B389DFE3583BB3E4DA909BB2544F22C2D92CF15,IMPHASH=639B19B7E8C73FF5646B006D913BA80A","IntegrityLevel":"System","dataset":"botsv1"}
{"_time":"2016-08-24 10:06:03.000 MDT","sourcetype":"XmlWinEventLog:Microsoft-Windows-Sysmon/Operational","host":"we8105desk","Computer":"we8105desk.waynecorpinc.local","EventCode":"1","RecordID":"345988","UtcTime":"2016-08-24 16:06:03.996","User":"NT AUTHORITY\\SYSTEM","Image":"C:\\Windows\\System32\\cscript.exe","ParentImage":"C:\\Program Files (x86)\\Common Files\\Acronis\\Infrastructure\\mms_mini.exe","CommandLine":"cscript.exe /nologo C:\\Windows\\TEMP\\E5548D7D-7D5D-4693-A892-94129A925C26.vbs","ParentCommandLine":"\"C:\\Program Files (x86)\\Common Files\\Acronis\\Infrastructure\\mms_mini.exe\"","ProcessGuid":"{0F2D76F0-C5EB-57BD-0000-0010AD1E0400}","ProcessId":"2788","CurrentDirectory":"C:\\Windows\\system32\\","Hashes":"SHA1=70096A77E202CF9F30C064956F36D14BCBD8F7BB,MD5=791AF7743252D0CD10A30D61E5BC1F8E,SHA256=E34910C8C4F2051B1B87F80E9B389DFE3583BB3E4DA909BB2544F22C2D92CF15,IMPHASH=639B19B7E8C73FF5646B006D913BA80A","IntegrityLevel":"System","dataset":"botsv1"}
{"_time":"2016-08-24 10:06:06.000 MDT","sourcetype":"XmlWinEventLog:Microsoft-Windows-Sysmon/Operational","host":"we8105desk","Computer":"we8105desk.waynecorpinc.local","EventCode":"1","RecordID":"346491","UtcTime":"2016-08-24 16:06:06.071","User":"NT AUTHORITY\\SYSTEM","Image":"C:\\Windows\\System32\\cmd.exe","ParentImage":"C:\\Program Files\\SplunkUniversalForwarder\\bin\\splunk.exe","CommandLine":"C:\\Windows\\system32\\cmd.exe /c btool server list replication_port --no-log","ParentCommandLine":"\"C:\\Program Files\\SplunkUniversalForwarder\\bin\\splunk.exe\"  _internal pre-flight-checks --answer-yes --no-prompt","ProcessGuid":"{0F2D76F0-C5EE-57BD-0000-001040A80400}","ProcessId":"2976","CurrentDirectory":"C:\\Windows\\system32\\","Hashes":"SHA1=0F3C4FF28F354AEDE202D54E9D1C5529A3BF87D8,MD5=5746BD7E255DD6A8AFA06F7C42C1BA41,SHA256=DB06C3534964E3FC79D2763144BA53742D7FA250CA336F4A0FE724B75AAFF386,IMPHASH=D0058544E4588B1B2290B7F4D830EB0A","IntegrityLevel":"System","dataset":"botsv1"}
{"_time":"2016-08-24 10:06:06.000 MDT","sourcetype":"XmlWinEventLog:Microsoft-Windows-Sysmon/Operational","host":"we8105desk","Computer":"we8105desk.waynecorpinc.local","EventCode":"1","RecordID":"346594","UtcTime":"2016-08-24 16:06:06.523","User":"NT AUTHORITY\\SYSTEM","Image":"C:\\Windows\\System32\\cmd.exe","ParentImage":"C:\\Program Files\\SplunkUniversalForwarder\\bin\\splunk.exe","CommandLine":"C:\\Windows\\system32\\cmd.exe /c btool server list general --no-log","ParentCommandLine":"\"C:\\Program Files\\SplunkUniversalForwarder\\bin\\splunk.exe\"  _internal pre-flight-checks --answer-yes --no-prompt","ProcessGuid":"{0F2D76F0-C5EE-57BD-0000-0010BBC40400}","ProcessId":"3020","CurrentDirectory":"C:\\Windows\\system32\\","Hashes":"SHA1=0F3C4FF28F354AEDE202D54E9D1C5529A3BF87D8,MD5=5746BD7E255DD6A8AFA06F7C42C1BA41,SHA256=DB06C3534964E3FC79D2763144BA53742D7FA250CA336F4A0FE724B75AAFF386,IMPHASH=D0058544E4588B1B2290B7F4D830EB0A","IntegrityLevel":"System","dataset":"botsv1"}
{"_time":"2016-08-24 10:06:06.000 MDT","sourcetype":"XmlWinEventLog:Microsoft-Windows-Sysmon/Operational","host":"we8105desk","Computer":"we8105desk.waynecorpinc.local","EventCode":"1","RecordID":"346723","UtcTime":"2016-08-24 16:06:06.991","User":"NT AUTHORITY\\SYSTEM","Image":"C:\\Windows\\System32\\cmd.exe","ParentImage":"C:\\Program Files\\SplunkUniversalForwarder\\bin\\splunkd.exe","CommandLine":"C:\\Windows\\system32\\cmd.exe /c \"C:\\Program Files\\SplunkUniversalForwarder\\bin\\splunk.exe\" _internal check-xml-files --answer-yes --no-prompt 2&gt;&amp;1","ParentCommandLine":"\"C:\\Program Files\\SplunkUniversalForwarder\\bin\\splunkd.exe\" service","ProcessGuid":"{0F2D76F0-C5EE-57BD-0000-001097E00400}","ProcessId":"3064","CurrentDirectory":"C:\\Windows\\system32\\","Hashes":"SHA1=0F3C4FF28F354AEDE202D54E9D1C5529A3BF87D8,MD5=5746BD7E255DD6A8AFA06F7C42C1BA41,SHA256=DB06C3534964E3FC79D2763144BA53742D7FA250CA336F4A0FE724B75AAFF386,IMPHASH=D0058544E4588B1B2290B7F4D830EB0A","IntegrityLevel":"System","dataset":"botsv1"}
{"_time":"2016-08-24 10:06:07.000 MDT","sourcetype":"XmlWinEventLog:Microsoft-Windows-Sysmon/Operational","host":"we8105desk","Computer":"we8105desk.waynecorpinc.local","EventCode":"1","RecordID":"346791","UtcTime":"2016-08-24 16:06:07.319","User":"NT AUTHORITY\\SYSTEM","Image":"C:\\Windows\\System32\\cmd.exe","ParentImage":"C:\\Program Files\\SplunkUniversalForwarder\\bin\\splunkd.exe","CommandLine":"cmd /c \"\"C:\\Program Files\\SplunkUniversalForwarder\\etc\\system\\bin\\MonitorNoHandle.cmd\" --scheme\"","ParentCommandLine":"\"C:\\Program Files\\SplunkUniversalForwarder\\bin\\splunkd.exe\" service","ProcessGuid":"{0F2D76F0-C5EF-57BD-0000-0010E3F10400}","ProcessId":"1492","CurrentDirectory":"C:\\Windows\\system32\\","Hashes":"SHA1=0F3C4FF28F354AEDE202D54E9D1C5529A3BF87D8,MD5=5746BD7E255DD6A8AFA06F7C42C1BA41,SHA256=DB06C3534964E3FC79D2763144BA53742D7FA250CA336F4A0FE724B75AAFF386,IMPHASH=D0058544E4588B1B2290B7F4D830EB0A","IntegrityLevel":"System","dataset":"botsv1"}
{"_time":"2016-08-24 10:06:07.000 MDT","sourcetype":"XmlWinEventLog:Microsoft-Windows-Sysmon/Operational","host":"we8105desk","Computer":"we8105desk.waynecorpinc.local","EventCode":"1","RecordID":"346820","UtcTime":"2016-08-24 16:06:07.428","User":"NT AUTHORITY\\SYSTEM","Image":"C:\\Windows\\System32\\cmd.exe","ParentImage":"C:\\Program Files\\SplunkUniversalForwarder\\bin\\splunkd.exe","CommandLine":"cmd /c \"\"C:\\Program Files\\SplunkUniversalForwarder\\etc\\system\\bin\\WinEventLog.cmd\" --scheme\"","ParentCommandLine":"\"C:\\Program Files\\SplunkUniversalForwarder\\bin\\splunkd.exe\" service","ProcessGuid":"{0F2D76F0-C5EF-57BD-0000-001024F90400}","ProcessId":"908","CurrentDirectory":"C:\\Windows\\system32\\","Hashes":"SHA1=0F3C4FF28F354AEDE202D54E9D1C5529A3BF87D8,MD5=5746BD7E255DD6A8AFA06F7C42C1BA41,SHA256=DB06C3534964E3FC79D2763144BA53742D7FA250CA336F4A0FE724B75AAFF386,IMPHASH=D0058544E4588B1B2290B7F4D830EB0A","IntegrityLevel":"System","dataset":"botsv1"}
{"_time":"2016-08-24 10:06:07.000 MDT","sourcetype":"XmlWinEventLog:Microsoft-Windows-Sysmon/Operational","host":"we8105desk","Computer":"we8105desk.waynecorpinc.local","EventCode":"1","RecordID":"346849","UtcTime":"2016-08-24 16:06:07.537","User":"NT AUTHORITY\\SYSTEM","Image":"C:\\Windows\\System32\\cmd.exe","ParentImage":"C:\\Program Files\\SplunkUniversalForwarder\\bin\\splunkd.exe","CommandLine":"cmd /c \"\"C:\\Program Files\\SplunkUniversalForwarder\\etc\\system\\bin\\WinHostMon.cmd\" --scheme\"","ParentCommandLine":"\"C:\\Program Files\\SplunkUniversalForwarder\\bin\\splunkd.exe\" service","ProcessGuid":"{0F2D76F0-C5EF-57BD-0000-001077010500}","ProcessId":"1724","CurrentDirectory":"C:\\Windows\\system32\\","Hashes":"SHA1=0F3C4FF28F354AEDE202D54E9D1C5529A3BF87D8,MD5=5746BD7E255DD6A8AFA06F7C42C1BA41,SHA256=DB06C3534964E3FC79D2763144BA53742D7FA250CA336F4A0FE724B75AAFF386,IMPHASH=D0058544E4588B1B2290B7F4D830EB0A","IntegrityLevel":"System","dataset":"botsv1"}
{"_time":"2016-08-24 10:06:07.000 MDT","sourcetype":"XmlWinEventLog:Microsoft-Windows-Sysmon/Operational","host":"we8105desk","Computer":"we8105desk.waynecorpinc.local","EventCode":"1","RecordID":"346878","UtcTime":"2016-08-24 16:06:07.646","User":"NT AUTHORITY\\SYSTEM","Image":"C:\\Windows\\System32\\cmd.exe","ParentImage":"C:\\Program Files\\SplunkUniversalForwarder\\bin\\splunkd.exe","CommandLine":"cmd /c \"\"C:\\Program Files\\SplunkUniversalForwarder\\etc\\system\\bin\\WinNetMon.cmd\" --scheme\"","ParentCommandLine":"\"C:\\Program Files\\SplunkUniversalForwarder\\bin\\splunkd.exe\" service","ProcessGuid":"{0F2D76F0-C5EF-57BD-0000-0010A4090500}","ProcessId":"2228","CurrentDirectory":"C:\\Windows\\system32\\","Hashes":"SHA1=0F3C4FF28F354AEDE202D54E9D1C5529A3BF87D8,MD5=5746BD7E255DD6A8AFA06F7C42C1BA41,SHA256=DB06C3534964E3FC79D2763144BA53742D7FA250CA336F4A0FE724B75AAFF386,IMPHASH=D0058544E4588B1B2290B7F4D830EB0A","IntegrityLevel":"System","dataset":"botsv1"}
{"_time":"2016-08-24 10:06:07.000 MDT","sourcetype":"XmlWinEventLog:Microsoft-Windows-Sysmon/Operational","host":"we8105desk","Computer":"we8105desk.waynecorpinc.local","EventCode":"1","RecordID":"346898","UtcTime":"2016-08-24 16:06:07.756","User":"NT AUTHORITY\\SYSTEM","Image":"C:\\Windows\\System32\\cmd.exe","ParentImage":"C:\\Program Files\\SplunkUniversalForwarder\\bin\\splunkd.exe","CommandLine":"cmd /c \"\"C:\\Program Files\\SplunkUniversalForwarder\\etc\\system\\bin\\WinPrintMon.cmd\" --scheme\"","ParentCommandLine":"\"C:\\Program Files\\SplunkUniversalForwarder\\bin\\splunkd.exe\" service","ProcessGuid":"{0F2D76F0-C5EF-57BD-0000-001018100500}","ProcessId":"1260","CurrentDirectory":"C:\\Windows\\system32\\","Hashes":"SHA1=0F3C4FF28F354AEDE202D54E9D1C5529A3BF87D8,MD5=5746BD7E255DD6A8AFA06F7C42C1BA41,SHA256=DB06C3534964E3FC79D2763144BA53742D7FA250CA336F4A0FE724B75AAFF386,IMPHASH=D0058544E4588B1B2290B7F4D830EB0A","IntegrityLevel":"System","dataset":"botsv1"}
{"_time":"2016-08-24 10:06:07.000 MDT","sourcetype":"XmlWinEventLog:Microsoft-Windows-Sysmon/Operational","host":"we8105desk","Computer":"we8105desk.waynecorpinc.local","EventCode":"1","RecordID":"346926","UtcTime":"2016-08-24 16:06:07.865","User":"NT AUTHORITY\\SYSTEM","Image":"C:\\Windows\\System32\\cmd.exe","ParentImage":"C:\\Program Files\\SplunkUniversalForwarder\\bin\\splunkd.exe","CommandLine":"cmd /c \"\"C:\\Program Files\\SplunkUniversalForwarder\\etc\\system\\bin\\WinRegMon.cmd\" --scheme\"","ParentCommandLine":"\"C:\\Program Files\\SplunkUniversalForwarder\\bin\\splunkd.exe\" service","ProcessGuid":"{0F2D76F0-C5EF-57BD-0000-001088180500}","ProcessId":"1268","CurrentDirectory":"C:\\Windows\\system32\\","Hashes":"SHA1=0F3C4FF28F354AEDE202D54E9D1C5529A3BF87D8,MD5=5746BD7E255DD6A8AFA06F7C42C1BA41,SHA256=DB06C3534964E3FC79D2763144BA53742D7FA250CA336F4A0FE724B75AAFF386,IMPHASH=D0058544E4588B1B2290B7F4D830EB0A","IntegrityLevel":"System","dataset":"botsv1"}
