{"_time":"2016-08-24 10:56:11.000 MDT","sourcetype":"XmlWinEventLog:Microsoft-Windows-Sysmon/Operational","host":"we8105desk","Computer":"we8105desk.waynecorpinc.local","EventCode":"1","RecordID":"402301","UtcTime":"2016-08-24 16:56:11.834","User":"NT AUTHORITY\\LOCAL SERVICE","Image":"C:\\Windows\\System32\\audiodg.exe","ParentImage":"C:\\Windows\\System32\\svchost.exe","CommandLine":"C:\\Windows\\system32\\AUDIODG.EXE 0x2c4","ParentCommandLine":"C:\\Windows\\System32\\svchost.exe -k LocalServiceNetworkRestricted","ProcessGuid":"{0F2D76F0-D1AB-57BD-0000-001001264800}","ProcessId":"4888","CurrentDirectory":"C:\\Windows","Hashes":"SHA1=F033FD30AACD0183BFC30861891A92B56AC2468B,MD5=D5CCA1453B98A5801E6D5FF0FF89DC6C,SHA256=85F2C2480AAC31B6092187B431A562D79D4CFB1324F925C85055ABAB2483264B,IMPHASH=2A6BF191EDFE97CC30EBB8D1AEB3A6B6","IntegrityLevel":"System","dataset":"botsv1"}
{"_time":"2016-08-24 10:56:19.000 MDT","sourcetype":"XmlWinEventLog:Microsoft-Windows-Sysmon/Operational","host":"we8105desk","Computer":"we8105desk.waynecorpinc.local","EventCode":"1","RecordID":"402347","UtcTime":"2016-08-24 16:56:19.347","User":"WAYNECORPINC\\bob.smith","Image":"C:\\Windows\\explorer.exe","ParentImage":"C:\\Windows\\explorer.exe","CommandLine":"\"C:\\Windows\\explorer.exe\"","ParentCommandLine":"C:\\Windows\\Explorer.EXE","ProcessGuid":"{0F2D76F0-D1B3-57BD-0000-0010CC034900}","ProcessId":"3508","CurrentDirectory":"C:\\Windows\\system32\\","Hashes":"SHA1=4583DAF9442880204730FB2C8A060430640494B1,MD5=AC4C51EB24AA95B77F705AB159189E24,SHA256=6A671B92A69755DE6FD063FCBE4BA926D83B49F78C42DBAEED8CDB6BBC57576A,IMPHASH=6422E341C67BA0880E012F8C7C634C21","IntegrityLevel":"Medium","dataset":"botsv1"}
{"_time":"2016-08-24 10:56:29.000 MDT","sourcetype":"XmlWinEventLog:Microsoft-Windows-Sysmon/Operational","host":"we8105desk","Computer":"we8105desk.waynecorpinc.local","EventCode":"1","RecordID":"402392","UtcTime":"2016-08-24 16:56:29.179","User":"WAYNECORPINC\\bob.smith","Image":"C:\\Windows\\SysWOW64\\dllhost.exe","ParentImage":"C:\\Windows\\System32\\svchost.exe","CommandLine":"C:\\Windows\\SysWOW64\\DllHost.exe /Processid:{1EF75F33-893B-4E8F-9655-C3D602BA4897}","ParentCommandLine":"C:\\Windows\\system32\\svchost.exe -k DcomLaunch","ProcessGuid":"{0F2D76F0-D1BD-57BD-0000-001012534900}","ProcessId":"3776","CurrentDirectory":"C:\\Windows\\system32\\","Hashes":"SHA1=ACE762C51DB1908C858C898D7E0F9B36F788D2D9,MD5=A63DC5C2EA944E6657203E0C8EDEAF61,SHA256=F7AD4B09AFB301CE46DF695B22114331A57D52E6D4163FF74787BF68CCF44C78,IMPHASH=EB9A02895A60E58547EFF153D6FF8829","IntegrityLevel":"Medium","dataset":"botsv1"}
{"_time":"2016-08-24 10:56:43.000 MDT","sourcetype":"XmlWinEventLog:Microsoft-Windows-Sysmon/Operational","host":"we8105desk","Computer":"we8105desk.waynecorpinc.local","EventCode":"1","RecordID":"402668","UtcTime":"2016-08-24 16:56:43.578","User":"WAYNECORPINC\\bob.smith","Image":"C:\\Windows\\SysWOW64\\dllhost.exe","ParentImage":"C:\\Windows\\System32\\svchost.exe","CommandLine":"C:\\Windows\\SysWOW64\\DllHost.exe /Processid:{1EF75F33-893B-4E8F-9655-C3D602BA4897}","ParentCommandLine":"C:\\Windows\\system32\\svchost.exe -k DcomLaunch","ProcessGuid":"{0F2D76F0-D1CB-57BD-0000-00103FC94900}","ProcessId":"4836","CurrentDirectory":"C:\\Windows\\system32\\","Hashes":"SHA1=ACE762C51DB1908C858C898D7E0F9B36F788D2D9,MD5=A63DC5C2EA944E6657203E0C8EDEAF61,SHA256=F7AD4B09AFB301CE46DF695B22114331A57D52E6D4163FF74787BF68CCF44C78,IMPHASH=EB9A02895A60E58547EFF153D6FF8829","IntegrityLevel":"Medium","dataset":"botsv1"}
{"_time":"2016-08-24 10:56:46.000 MDT","sourcetype":"XmlWinEventLog:Microsoft-Windows-Sysmon/Operational","host":"we8105desk","Computer":"we8105desk.waynecorpinc.local","EventCode":"1","RecordID":"402709","UtcTime":"2016-08-24 16:56:46.932","User":"WAYNECORPINC\\bob.smith","Image":"C:\\Windows\\System32\\dllhost.exe","ParentImage":"C:\\Windows\\System32\\svchost.exe","CommandLine":"C:\\Windows\\system32\\DllHost.exe /Processid:{AB8902B4-09CA-4BB6-B78D-A8F59079A8D5}","ParentCommandLine":"C:\\Windows\\system32\\svchost.exe -k DcomLaunch","ProcessGuid":"{0F2D76F0-D1CE-57BD-0000-0010ABD64900}","ProcessId":"4860","CurrentDirectory":"C:\\Windows\\system32\\","Hashes":"SHA1=E977B87698C3E595D55827665E22FBF788DD3F9F,MD5=A8EDB86FC2A4D6D1285E4C70384AC35A,SHA256=61B8955CE0A2AA9D0719920B30216717B349B6FBE11C697C31CFA84F859CC1AE,IMPHASH=3D806EF1101283F4E5D20F0C4F83B8FD","IntegrityLevel":"Medium","dataset":"botsv1"}
{"_time":"2016-08-24 10:56:47.000 MDT","sourcetype":"XmlWinEventLog:Microsoft-Windows-Sysmon/Operational","host":"we8105desk","Computer":"we8105desk.waynecorpinc.local","EventCode":"1","RecordID":"402742","UtcTime":"2016-08-24 16:56:47.447","User":"WAYNECORPINC\\bob.smith","Image":"C:\\Windows\\System32\\rundll32.exe","ParentImage":"C:\\Windows\\explorer.exe","CommandLine":"\"C:\\Windows\\system32\\rundll32.exe\" C:\\Windows\\system32\\shell32.dll,OpenAs_RunDLL D:\\Work Stuff\\013\\013366.pdf","ParentCommandLine":"C:\\Windows\\Explorer.EXE","ProcessGuid":"{0F2D76F0-D1CF-57BD-0000-001034E24900}","ProcessId":"4928","CurrentDirectory":"D:\\Work Stuff\\013\\","Hashes":"SHA1=963B55ACC8C566876364716D5AAFA353995812A8,MD5=DD81D91FF3B0763C392422865C9AC12E,SHA256=F5691B8F200E3196E6808E932630E862F8F26F31CD949981373F23C9D87DB8B9,IMPHASH=F8F47A970BADB255F8249475E7FBEABB","IntegrityLevel":"Medium","dataset":"botsv1"}
{"_time":"2016-08-24 10:56:51.000 MDT","sourcetype":"XmlWinEventLog:Microsoft-Windows-Sysmon/Operational","host":"we8105desk","Computer":"we8105desk.waynecorpinc.local","EventCode":"1","RecordID":"402788","UtcTime":"2016-08-24 16:56:51.737","User":"WAYNECORPINC\\bob.smith","Image":"C:\\Program Files (x86)\\Internet Explorer\\iexplore.exe","ParentImage":"C:\\Windows\\System32\\rundll32.exe","CommandLine":"\"C:\\Program Files (x86)\\Internet Explorer\\iexplore.exe\" -nohome","ParentCommandLine":"\"C:\\Windows\\system32\\rundll32.exe\" C:\\Windows\\system32\\shell32.dll,OpenAs_RunDLL D:\\Work Stuff\\013\\013366.pdf","ProcessGuid":"{0F2D76F0-D1D3-57BD-0000-001058F04900}","ProcessId":"4576","CurrentDirectory":"D:\\Work Stuff\\013\\","Hashes":"SHA1=1962888198AE972CBB999D0DC9C9EE5CBABF5E0D,MD5=C613E69C3B191BB02C7A191741A1D024,SHA256=E285FEECA968B3CA22017A64363EEA5E69CCD519696671DF523291B089597875,IMPHASH=21CE449BAC952D12788282110FBDE738","IntegrityLevel":"Medium","dataset":"botsv1"}
{"_time":"2016-08-24 10:56:54.000 MDT","sourcetype":"XmlWinEventLog:Microsoft-Windows-Sysmon/Operational","host":"we8105desk","Computer":"we8105desk.waynecorpinc.local","EventCode":"1","RecordID":"402853","UtcTime":"2016-08-24 16:56:54.030","User":"WAYNECORPINC\\bob.smith","Image":"C:\\Program Files (x86)\\Internet Explorer\\iexplore.exe","ParentImage":"C:\\Program Files (x86)\\Internet Explorer\\iexplore.exe","CommandLine":"\"C:\\Program Files (x86)\\Internet Explorer\\iexplore.exe\" SCODEF:4576 CREDAT:71937","ParentCommandLine":"\"C:\\Program Files (x86)\\Internet Explorer\\iexplore.exe\" -nohome","ProcessGuid":"{0F2D76F0-D1D6-57BD-0000-0010DD014A00}","ProcessId":"4520","CurrentDirectory":"C:\\Users\\bob.smith.WAYNECORPINC\\Desktop\\","Hashes":"SHA1=1962888198AE972CBB999D0DC9C9EE5CBABF5E0D,MD5=C613E69C3B191BB02C7A191741A1D024,SHA256=E285FEECA968B3CA22017A64363EEA5E69CCD519696671DF523291B089597875,IMPHASH=21CE449BAC952D12788282110FBDE738","IntegrityLevel":"Low","dataset":"botsv1"}
{"_time":"2016-08-24 10:56:55.000 MDT","sourcetype":"XmlWinEventLog:Microsoft-Windows-Sysmon/Operational","host":"we8105desk","Computer":"we8105desk.waynecorpinc.local","EventCode":"1","RecordID":"402989","UtcTime":"2016-08-24 16:56:55.294","User":"WAYNECORPINC\\bob.smith","Image":"C:\\Windows\\System32\\SearchProtocolHost.exe","ParentImage":"C:\\Windows\\System32\\SearchIndexer.exe","CommandLine":"\"C:\\Windows\\system32\\SearchProtocolHost.exe\" Global\\UsGthrFltPipeMssGthrPipe_S-1-5-21-67332772-3493699611-3403467266-11099_ Global\\UsGthrCtrlFltPipeMssGthrPipe_S-1-5-21-67332772-3493699611-3403467266-11099 1 -2147483646 \"Software\\Microsoft\\Windows Search\" \"Mozilla/4.0 (compatible; MSIE 6.0; Windows NT; MS Search 4.0 Robot)\" \"C:\\ProgramData\\Microsoft\\Search\\Data\\Temp\\usgthrsvc\" \"DownLevelDaemon\"  \"1\"","ParentCommandLine":"C:\\Windows\\system32\\SearchIndexer.exe /Embedding","ProcessGuid":"{0F2D76F0-D1D7-57BD-0000-001061464A00}","ProcessId":"4160","CurrentDirectory":"C:\\Windows\\system32\\","Hashes":"SHA1=A8DCF7D63A8BB5ABEF8787775957A5BB6C0F3F77,MD5=42EC9065D9BF266ADE924B066C783A56,SHA256=4AC002E90A52CB0998DA78F2995294EE77B89FB2BE709B0E3C8E1627212BCCDC,IMPHASH=3E21C2C0BFB7FA9AAD5C782DBF401846","IntegrityLevel":"Medium","dataset":"botsv1"}
{"_time":"2016-08-24 10:56:55.000 MDT","sourcetype":"XmlWinEventLog:Microsoft-Windows-Sysmon/Operational","host":"we8105desk","Computer":"we8105desk.waynecorpinc.local","EventCode":"1","RecordID":"403013","UtcTime":"2016-08-24 16:56:55.309","User":"NT AUTHORITY\\SYSTEM","Image":"C:\\Windows\\System32\\SearchFilterHost.exe","ParentImage":"C:\\Windows\\System32\\SearchIndexer.exe","CommandLine":"\"C:\\Windows\\system32\\SearchFilterHost.exe\" 0 524 528 536 65536 532","ParentCommandLine":"C:\\Windows\\system32\\SearchIndexer.exe /Embedding","ProcessGuid":"{0F2D76F0-D1D7-57BD-0000-0010824B4A00}","ProcessId":"4152","CurrentDirectory":"C:\\Windows\\system32\\","Hashes":"SHA1=904A3B130E3DB7CEA97F31CC40D64D9026FF6E41,MD5=52D56D1013D4F1B99102679314CC5325,SHA256=F8F6C41FEC774C71A85C91DFEB057076D018E5A64CE1D7B7D9D202CA65B34758,IMPHASH=48476C179FBF9FC0CC7AE2A8A5FB1073","IntegrityLevel":"Medium","dataset":"botsv1"}
{"_time":"2016-08-24 11:02:15.000 MDT","sourcetype":"XmlWinEventLog:Microsoft-Windows-Sysmon/Operational","host":"we8105desk","Computer":"we8105desk.waynecorpinc.local","EventCode":"1","RecordID":"404314","UtcTime":"2016-08-24 17:02:15.639","User":"WAYNECORPINC\\bob.smith","Image":"C:\\Windows\\System32\\DeviceDisplayObjectProvider.exe","ParentImage":"C:\\Windows\\System32\\svchost.exe","CommandLine":"C:\\Windows\\system32\\DeviceDisplayObjectProvider.exe -Embedding","ParentCommandLine":"C:\\Windows\\system32\\svchost.exe -k DcomLaunch","ProcessGuid":"{0F2D76F0-D317-57BD-0000-0010517F4C00}","ProcessId":"3816","CurrentDirectory":"C:\\Windows\\system32\\","Hashes":"SHA1=72E98687A8D28614E2131C300403C2822856E865,MD5=7E2EB3A4AE11190EF4C8A9B9A9123234,SHA256=8481A8EC19CB656CE328C877D5817D317203BA34424A2E9D169DDCE5BF2CD2B0,IMPHASH=3D9B2AC435C432EB99364C717A009FE1","IntegrityLevel":"Medium","dataset":"botsv1"}
{"_time":"2016-08-24 11:02:29.000 MDT","sourcetype":"XmlWinEventLog:Microsoft-Windows-Sysmon/Operational","host":"we8105desk","Computer":"we8105desk.waynecorpinc.local","EventCode":"1","RecordID":"404384","UtcTime":"2016-08-24 17:02:29.116","User":"WAYNECORPINC\\bob.smith","Image":"C:\\Windows\\System32\\DeviceDisplayObjectProvider.exe","ParentImage":"C:\\Windows\\System32\\svchost.exe","CommandLine":"C:\\Windows\\system32\\DeviceDisplayObjectProvider.exe -Embedding","ParentCommandLine":"C:\\Windows\\system32\\svchost.exe -k DcomLaunch","ProcessGuid":"{0F2D76F0-D325-57BD-0000-0010BD2A4D00}","ProcessId":"4756","CurrentDirectory":"C:\\Windows\\system32\\","Hashes":"SHA1=72E98687A8D28614E2131C300403C2822856E865,MD5=7E2EB3A4AE11190EF4C8A9B9A9123234,SHA256=8481A8EC19CB656CE328C877D5817D317203BA34424A2E9D169DDCE5BF2CD2B0,IMPHASH=3D9B2AC435C432EB99364C717A009FE1","IntegrityLevel":"Medium","dataset":"botsv1"}
{"_time":"2016-08-24 11:02:36.000 MDT","sourcetype":"XmlWinEventLog:Microsoft-Windows-Sysmon/Operational","host":"we8105desk","Computer":"we8105desk.waynecorpinc.local","EventCode":"1","RecordID":"404530","UtcTime":"2016-08-24 17:02:36.915","User":"WAYNECORPINC\\bob.smith","Image":"C:\\Windows\\System32\\rundll32.exe","ParentImage":"C:\\Windows\\System32\\svchost.exe","CommandLine":"rundll32.exe C:\\Windows\\system32\\hotplug.dll,HotPlugEjectVetoed \\\\.\\pipe\\PNP_HotPlug_Pipe_1.{339df01b-6d4c-4d9a-b389-98d62839f1b0}","ParentCommandLine":"C:\\Windows\\system32\\svchost.exe -k DcomLaunch","ProcessGuid":"{0F2D76F0-D32C-57BD-0000-001027C44D00}","ProcessId":"1280","CurrentDirectory":"C:\\Windows\\system32\\","Hashes":"SHA1=963B55ACC8C566876364716D5AAFA353995812A8,MD5=DD81D91FF3B0763C392422865C9AC12E,SHA256=F5691B8F200E3196E6808E932630E862F8F26F31CD949981373F23C9D87DB8B9,IMPHASH=F8F47A970BADB255F8249475E7FBEABB","IntegrityLevel":"Medium","dataset":"botsv1"}
{"_time":"2016-08-24 11:02:36.000 MDT","sourcetype":"XmlWinEventLog:Microsoft-Windows-Sysmon/Operational","host":"we8105desk","Computer":"we8105desk.waynecorpinc.local","EventCode":"1","RecordID":"404572","UtcTime":"2016-08-24 17:02:36.962","User":"NT AUTHORITY\\LOCAL SERVICE","Image":"C:\\Windows\\System32\\audiodg.exe","ParentImage":"C:\\Windows\\System32\\svchost.exe","CommandLine":"C:\\Windows\\system32\\AUDIODG.EXE 0x4d4","ParentCommandLine":"C:\\Windows\\System32\\svchost.exe -k LocalServiceNetworkRestricted","ProcessGuid":"{0F2D76F0-D32C-57BD-0000-0010F5CB4D00}","ProcessId":"1276","CurrentDirectory":"C:\\Windows","Hashes":"SHA1=F033FD30AACD0183BFC30861891A92B56AC2468B,MD5=D5CCA1453B98A5801E6D5FF0FF89DC6C,SHA256=85F2C2480AAC31B6092187B431A562D79D4CFB1324F925C85055ABAB2483264B,IMPHASH=2A6BF191EDFE97CC30EBB8D1AEB3A6B6","IntegrityLevel":"System","dataset":"botsv1"}
{"_time":"2016-08-24 11:04:31.000 MDT","sourcetype":"XmlWinEventLog:Microsoft-Windows-Sysmon/Operational","host":"we8105desk","Computer":"we8105desk.waynecorpinc.local","EventCode":"1","RecordID":"405054","UtcTime":"2016-08-24 17:04:31.705","User":"NT AUTHORITY\\SYSTEM","Image":"C:\\Windows\\System32\\SearchProtocolHost.exe","ParentImage":"C:\\Windows\\System32\\SearchIndexer.exe","CommandLine":"\"C:\\Windows\\system32\\SearchProtocolHost.exe\" Global\\UsGthrFltPipeMssGthrPipe10_ Global\\UsGthrCtrlFltPipeMssGthrPipe10 1 -2147483646 \"Software\\Microsoft\\Windows Search\" \"Mozilla/4.0 (compatible; MSIE 6.0; Windows NT; MS Search 4.0 Robot)\" \"C:\\ProgramData\\Microsoft\\Search\\Data\\Temp\\usgthrsvc\" \"DownLevelDaemon\"","ParentCommandLine":"C:\\Windows\\system32\\SearchIndexer.exe /Embedding","ProcessGuid":"{0F2D76F0-D39F-57BD-0000-00104B5F4E00}","ProcessId":"4412","CurrentDirectory":"C:\\Windows\\system32\\","Hashes":"SHA1=A8DCF7D63A8BB5ABEF8787775957A5BB6C0F3F77,MD5=42EC9065D9BF266ADE924B066C783A56,SHA256=4AC002E90A52CB0998DA78F2995294EE77B89FB2BE709B0E3C8E1627212BCCDC,IMPHASH=3E21C2C0BFB7FA9AAD5C782DBF401846","IntegrityLevel":"System","dataset":"botsv1"}
{"_time":"2016-08-24 11:04:31.000 MDT","sourcetype":"XmlWinEventLog:Microsoft-Windows-Sysmon/Operational","host":"we8105desk","Computer":"we8105desk.waynecorpinc.local","EventCode":"1","RecordID":"405080","UtcTime":"2016-08-24 17:04:31.721","User":"NT AUTHORITY\\SYSTEM","Image":"C:\\Windows\\System32\\SearchFilterHost.exe","ParentImage":"C:\\Windows\\System32\\SearchIndexer.exe","CommandLine":"\"C:\\Windows\\system32\\SearchFilterHost.exe\" 0 524 528 536 65536 532","ParentCommandLine":"C:\\Windows\\system32\\SearchIndexer.exe /Embedding","ProcessGuid":"{0F2D76F0-D39F-57BD-0000-001079634E00}","ProcessId":"4952","CurrentDirectory":"C:\\Windows\\system32\\","Hashes":"SHA1=904A3B130E3DB7CEA97F31CC40D64D9026FF6E41,MD5=52D56D1013D4F1B99102679314CC5325,SHA256=F8F6C41FEC774C71A85C91DFEB057076D018E5A64CE1D7B7D9D202CA65B34758,IMPHASH=48476C179FBF9FC0CC7AE2A8A5FB1073","IntegrityLevel":"Medium","dataset":"botsv1"}
{"_time":"2016-08-24 11:04:33.000 MDT","sourcetype":"XmlWinEventLog:Microsoft-Windows-Sysmon/Operational","host":"we8105desk","Computer":"we8105desk.waynecorpinc.local","EventCode":"1","RecordID":"405660","UtcTime":"2016-08-24 17:04:33.858","User":"WAYNECORPINC\\bob.smith","Image":"C:\\Windows\\SysWOW64\\dllhost.exe","ParentImage":"C:\\Windows\\System32\\svchost.exe","CommandLine":"C:\\Windows\\SysWOW64\\DllHost.exe /Processid:{1EF75F33-893B-4E8F-9655-C3D602BA4897}","ParentCommandLine":"C:\\Windows\\system32\\svchost.exe -k DcomLaunch","ProcessGuid":"{0F2D76F0-D3A1-57BD-0000-0010F6DE4E00}","ProcessId":"3968","CurrentDirectory":"C:\\Windows\\system32\\","Hashes":"SHA1=ACE762C51DB1908C858C898D7E0F9B36F788D2D9,MD5=A63DC5C2EA944E6657203E0C8EDEAF61,SHA256=F7AD4B09AFB301CE46DF695B22114331A57D52E6D4163FF74787BF68CCF44C78,IMPHASH=EB9A02895A60E58547EFF153D6FF8829","IntegrityLevel":"Medium","dataset":"botsv1"}
{"_time":"2016-08-24 11:04:33.000 MDT","sourcetype":"XmlWinEventLog:Microsoft-Windows-Sysmon/Operational","host":"we8105desk","Computer":"we8105desk.waynecorpinc.local","EventCode":"1","RecordID":"405661","UtcTime":"2016-08-24 17:04:33.936","User":"WAYNECORPINC\\bob.smith","Image":"C:\\Windows\\System32\\dllhost.exe","ParentImage":"C:\\Windows\\System32\\svchost.exe","CommandLine":"C:\\Windows\\system32\\DllHost.exe /Processid:{AB8902B4-09CA-4BB6-B78D-A8F59079A8D5}","ParentCommandLine":"C:\\Windows\\system32\\svchost.exe -k DcomLaunch","ProcessGuid":"{0F2D76F0-D3A1-57BD-0000-0010AEDF4E00}","ProcessId":"1136","CurrentDirectory":"C:\\Windows\\system32\\","Hashes":"SHA1=E977B87698C3E595D55827665E22FBF788DD3F9F,MD5=A8EDB86FC2A4D6D1285E4C70384AC35A,SHA256=61B8955CE0A2AA9D0719920B30216717B349B6FBE11C697C31CFA84F859CC1AE,IMPHASH=3D806EF1101283F4E5D20F0C4F83B8FD","IntegrityLevel":"Medium","dataset":"botsv1"}
{"_time":"2016-08-24 11:04:53.000 MDT","sourcetype":"XmlWinEventLog:Microsoft-Windows-Sysmon/Operational","host":"we8105desk","Computer":"we8105desk.waynecorpinc.local","EventCode":"1","RecordID":"406012","UtcTime":"2016-08-24 17:04:53.653","User":"WAYNECORPINC\\bob.smith","Image":"C:\\Windows\\SysWOW64\\dllhost.exe","ParentImage":"C:\\Windows\\System32\\svchost.exe","CommandLine":"C:\\Windows\\SysWOW64\\DllHost.exe /Processid:{1EF75F33-893B-4E8F-9655-C3D602BA4897}","ParentCommandLine":"C:\\Windows\\system32\\svchost.exe -k DcomLaunch","ProcessGuid":"{0F2D76F0-D3B5-57BD-0000-0010E1835000}","ProcessId":"5068","CurrentDirectory":"C:\\Windows\\system32\\","Hashes":"SHA1=ACE762C51DB1908C858C898D7E0F9B36F788D2D9,MD5=A63DC5C2EA944E6657203E0C8EDEAF61,SHA256=F7AD4B09AFB301CE46DF695B22114331A57D52E6D4163FF74787BF68CCF44C78,IMPHASH=EB9A02895A60E58547EFF153D6FF8829","IntegrityLevel":"Medium","dataset":"botsv1"}
{"_time":"2016-08-24 11:04:55.000 MDT","sourcetype":"XmlWinEventLog:Microsoft-Windows-Sysmon/Operational","host":"we8105desk","Computer":"we8105desk.waynecorpinc.local","EventCode":"1","RecordID":"406053","UtcTime":"2016-08-24 17:04:55.073","User":"WAYNECORPINC\\bob.smith","Image":"C:\\Windows\\System32\\dllhost.exe","ParentImage":"C:\\Windows\\System32\\svchost.exe","CommandLine":"C:\\Windows\\system32\\DllHost.exe /Processid:{AB8902B4-09CA-4BB6-B78D-A8F59079A8D5}","ParentCommandLine":"C:\\Windows\\system32\\svchost.exe -k DcomLaunch","ProcessGuid":"{0F2D76F0-D3B7-57BD-0000-001066AE5000}","ProcessId":"5072","CurrentDirectory":"C:\\Windows\\system32\\","Hashes":"SHA1=E977B87698C3E595D55827665E22FBF788DD3F9F,MD5=A8EDB86FC2A4D6D1285E4C70384AC35A,SHA256=61B8955CE0A2AA9D0719920B30216717B349B6FBE11C697C31CFA84F859CC1AE,IMPHASH=3D806EF1101283F4E5D20F0C4F83B8FD","IntegrityLevel":"Medium","dataset":"botsv1"}
{"_time":"2016-08-24 11:05:03.000 MDT","sourcetype":"XmlWinEventLog:Microsoft-Windows-Sysmon/Operational","host":"we8105desk","Computer":"we8105desk.waynecorpinc.local","EventCode":"1","RecordID":"406167","UtcTime":"2016-08-24 17:05:03.614","User":"WAYNECORPINC\\bob.smith","Image":"C:\\Windows\\System32\\dllhost.exe","ParentImage":"C:\\Windows\\System32\\svchost.exe","CommandLine":"C:\\Windows\\system32\\DllHost.exe /Processid:{AB8902B4-09CA-4BB6-B78D-A8F59079A8D5}","ParentCommandLine":"C:\\Windows\\system32\\svchost.exe -k DcomLaunch","ProcessGuid":"{0F2D76F0-D3BF-57BD-0000-00106D1D5100}","ProcessId":"2228","CurrentDirectory":"C:\\Windows\\system32\\","Hashes":"SHA1=E977B87698C3E595D55827665E22FBF788DD3F9F,MD5=A8EDB86FC2A4D6D1285E4C70384AC35A,SHA256=61B8955CE0A2AA9D0719920B30216717B349B6FBE11C697C31CFA84F859CC1AE,IMPHASH=3D806EF1101283F4E5D20F0C4F83B8FD","IntegrityLevel":"Medium","dataset":"botsv1"}
{"_time":"2016-08-24 11:05:15.000 MDT","sourcetype":"XmlWinEventLog:Microsoft-Windows-Sysmon/Operational","host":"we1149srv","Computer":"we1149srv.waynecorpinc.local","EventCode":"1","RecordID":"3799856","UtcTime":"2016-08-24 17:05:15.716","User":"NT AUTHORITY\\NETWORK SERVICE","Image":"C:\\Windows\\System32\\wbem\\WmiPrvSE.exe","ParentImage":"C:\\Windows\\System32\\svchost.exe","CommandLine":"C:\\Windows\\system32\\wbem\\wmiprvse.exe -secured -Embedding","ParentCommandLine":"C:\\Windows\\system32\\svchost.exe -k DcomLaunch","ProcessGuid":"{E500B0EA-D3CB-57BD-0000-001029DCBA13}","ProcessId":"1456","CurrentDirectory":"C:\\Windows\\system32\\","Hashes":"SHA1=5A4C0E82FF95C9FB762D46A696EF9F1B68001C21,MD5=CE6D08350D0A1278E9A97D94023D1800,SHA256=54AACAADDD25CC44B59A7637C3A1E7E3A8392CC6D22F4D2C5A202D29BF44AFC1,IMPHASH=5A7EE01A26FA2C5B5D57484D6FD004A4","IntegrityLevel":"System","dataset":"botsv1"}
{"_time":"2016-08-24 11:05:17.000 MDT","sourcetype":"XmlWinEventLog:Microsoft-Windows-Sysmon/Operational","host":"we1149srv","Computer":"we1149srv.waynecorpinc.local","EventCode":"1","RecordID":"3799934","UtcTime":"2016-08-24 17:05:17.169","User":"NT AUTHORITY\\SYSTEM","Image":"C:\\Windows\\System32\\wbem\\WmiPrvSE.exe","ParentImage":"C:\\Windows\\System32\\svchost.exe","CommandLine":"C:\\Windows\\system32\\wbem\\wmiprvse.exe -Embedding","ParentCommandLine":"C:\\Windows\\system32\\svchost.exe -k DcomLaunch","ProcessGuid":"{E500B0EA-D3CD-57BD-0000-0010F018BB13}","ProcessId":"2672","CurrentDirectory":"C:\\Windows\\system32\\","Hashes":"SHA1=5A4C0E82FF95C9FB762D46A696EF9F1B68001C21,MD5=CE6D08350D0A1278E9A97D94023D1800,SHA256=54AACAADDD25CC44B59A7637C3A1E7E3A8392CC6D22F4D2C5A202D29BF44AFC1,IMPHASH=5A7EE01A26FA2C5B5D57484D6FD004A4","IntegrityLevel":"System","dataset":"botsv1"}
{"_time":"2016-08-24 11:05:19.000 MDT","sourcetype":"XmlWinEventLog:Microsoft-Windows-Sysmon/Operational","host":"we8105desk","Computer":"we8105desk.waynecorpinc.local","EventCode":"1","RecordID":"406569","UtcTime":"2016-08-24 17:05:19.590","User":"WAYNECORPINC\\bob.smith","Image":"C:\\Windows\\System32\\dllhost.exe","ParentImage":"C:\\Windows\\System32\\svchost.exe","CommandLine":"C:\\Windows\\system32\\DllHost.exe /Processid:{AB8902B4-09CA-4BB6-B78D-A8F59079A8D5}","ParentCommandLine":"C:\\Windows\\system32\\svchost.exe -k DcomLaunch","ProcessGuid":"{0F2D76F0-D3CF-57BD-0000-001087A65200}","ProcessId":"4920","CurrentDirectory":"C:\\Windows\\system32\\","Hashes":"SHA1=E977B87698C3E595D55827665E22FBF788DD3F9F,MD5=A8EDB86FC2A4D6D1285E4C70384AC35A,SHA256=61B8955CE0A2AA9D0719920B30216717B349B6FBE11C697C31CFA84F859CC1AE,IMPHASH=3D806EF1101283F4E5D20F0C4F83B8FD","IntegrityLevel":"Medium","dataset":"botsv1"}
{"_time":"2016-08-24 11:05:33.000 MDT","sourcetype":"XmlWinEventLog:Microsoft-Windows-Sysmon/Operational","host":"we8105desk","Computer":"we8105desk.waynecorpinc.local","EventCode":"1","RecordID":"406631","UtcTime":"2016-08-24 17:05:33.785","User":"WAYNECORPINC\\bob.smith","Image":"C:\\Windows\\SysWOW64\\dllhost.exe","ParentImage":"C:\\Windows\\System32\\svchost.exe","CommandLine":"C:\\Windows\\SysWOW64\\DllHost.exe /Processid:{1EF75F33-893B-4E8F-9655-C3D602BA4897}","ParentCommandLine":"C:\\Windows\\system32\\svchost.exe -k DcomLaunch","ProcessGuid":"{0F2D76F0-D3DD-57BD-0000-001005385300}","ProcessId":"3884","CurrentDirectory":"C:\\Windows\\system32\\","Hashes":"SHA1=ACE762C51DB1908C858C898D7E0F9B36F788D2D9,MD5=A63DC5C2EA944E6657203E0C8EDEAF61,SHA256=F7AD4B09AFB301CE46DF695B22114331A57D52E6D4163FF74787BF68CCF44C78,IMPHASH=EB9A02895A60E58547EFF153D6FF8829","IntegrityLevel":"Medium","dataset":"botsv1"}
{"_time":"2016-08-24 11:05:47.000 MDT","sourcetype":"XmlWinEventLog:Microsoft-Windows-Sysmon/Operational","host":"we8105desk","Computer":"we8105desk.waynecorpinc.local","EventCode":"1","RecordID":"406906","UtcTime":"2016-08-24 17:05:47.765","User":"WAYNECORPINC\\bob.smith","Image":"C:\\Windows\\System32\\dllhost.exe","ParentImage":"C:\\Windows\\System32\\svchost.exe","CommandLine":"C:\\Windows\\system32\\DllHost.exe /Processid:{AB8902B4-09CA-4BB6-B78D-A8F59079A8D5}","ParentCommandLine":"C:\\Windows\\system32\\svchost.exe -k DcomLaunch","ProcessGuid":"{0F2D76F0-D3EB-57BD-0000-001004225500}","ProcessId":"2212","CurrentDirectory":"C:\\Windows\\system32\\","Hashes":"SHA1=E977B87698C3E595D55827665E22FBF788DD3F9F,MD5=A8EDB86FC2A4D6D1285E4C70384AC35A,SHA256=61B8955CE0A2AA9D0719920B30216717B349B6FBE11C697C31CFA84F859CC1AE,IMPHASH=3D806EF1101283F4E5D20F0C4F83B8FD","IntegrityLevel":"Medium","dataset":"botsv1"}
{"_time":"2016-08-24 11:05:53.000 MDT","sourcetype":"XmlWinEventLog:Microsoft-Windows-Sysmon/Operational","host":"we8105desk","Computer":"we8105desk.waynecorpinc.local","EventCode":"1","RecordID":"406937","UtcTime":"2016-08-24 17:05:53.084","User":"WAYNECORPINC\\bob.smith","Image":"C:\\Windows\\System32\\dllhost.exe","ParentImage":"C:\\Windows\\System32\\svchost.exe","CommandLine":"C:\\Windows\\system32\\DllHost.exe /Processid:{AB8902B4-09CA-4BB6-B78D-A8F59079A8D5}","ParentCommandLine":"C:\\Windows\\system32\\svchost.exe -k DcomLaunch","ProcessGuid":"{0F2D76F0-D3F1-57BD-0000-0010FB165600}","ProcessId":"3992","CurrentDirectory":"C:\\Windows\\system32\\","Hashes":"SHA1=E977B87698C3E595D55827665E22FBF788DD3F9F,MD5=A8EDB86FC2A4D6D1285E4C70384AC35A,SHA256=61B8955CE0A2AA9D0719920B30216717B349B6FBE11C697C31CFA84F859CC1AE,IMPHASH=3D806EF1101283F4E5D20F0C4F83B8FD","IntegrityLevel":"Medium","dataset":"botsv1"}
{"_time":"2016-08-24 11:06:01.000 MDT","sourcetype":"XmlWinEventLog:Microsoft-Windows-Sysmon/Operational","host":"we8105desk","Computer":"we8105desk.waynecorpinc.local","EventCode":"1","RecordID":"406971","UtcTime":"2016-08-24 17:06:01.152","User":"WAYNECORPINC\\bob.smith","Image":"C:\\Windows\\System32\\dllhost.exe","ParentImage":"C:\\Windows\\System32\\svchost.exe","CommandLine":"C:\\Windows\\system32\\DllHost.exe /Processid:{AB8902B4-09CA-4BB6-B78D-A8F59079A8D5}","ParentCommandLine":"C:\\Windows\\system32\\svchost.exe -k DcomLaunch","ProcessGuid":"{0F2D76F0-D3F9-57BD-0000-0010E9655700}","ProcessId":"3804","CurrentDirectory":"C:\\Windows\\system32\\","Hashes":"SHA1=E977B87698C3E595D55827665E22FBF788DD3F9F,MD5=A8EDB86FC2A4D6D1285E4C70384AC35A,SHA256=61B8955CE0A2AA9D0719920B30216717B349B6FBE11C697C31CFA84F859CC1AE,IMPHASH=3D806EF1101283F4E5D20F0C4F83B8FD","IntegrityLevel":"Medium","dataset":"botsv1"}
{"_time":"2016-08-24 11:06:05.000 MDT","sourcetype":"XmlWinEventLog:Microsoft-Windows-Sysmon/Operational","host":"we8105desk","Computer":"we8105desk.waynecorpinc.local","EventCode":"1","RecordID":"407001","UtcTime":"2016-08-24 17:06:05.319","User":"NT AUTHORITY\\NETWORK SERVICE","Image":"C:\\Windows\\System32\\wbem\\WmiPrvSE.exe","ParentImage":"C:\\Windows\\System32\\svchost.exe","CommandLine":"C:\\Windows\\system32\\wbem\\wmiprvse.exe -secured -Embedding","ParentCommandLine":"C:\\Windows\\system32\\svchost.exe -k DcomLaunch","ProcessGuid":"{0F2D76F0-D3FD-57BD-0000-0010F8305800}","ProcessId":"3828","CurrentDirectory":"C:\\Windows\\system32\\","Hashes":"SHA1=9F5A4796B58D8B104A1C0F5A63DAF0032B947966,MD5=619A67C9F617B7E69315BB28ECD5E1DF,SHA256=F34F231D117CCDFEBB9CB35C8D6FDFA7051DA27FDC1204FCCFF361FC0B13A0FF,IMPHASH=C1E65C7FF153F2C2E6A7E93706AE226A","IntegrityLevel":"System","dataset":"botsv1"}
{"_time":"2016-08-24 11:06:31.000 MDT","sourcetype":"XmlWinEventLog:Microsoft-Windows-Sysmon/Operational","host":"we8105desk","Computer":"we8105desk.waynecorpinc.local","EventCode":"1","RecordID":"407059","UtcTime":"2016-08-24 17:06:31.900","User":"WAYNECORPINC\\bob.smith","Image":"C:\\Windows\\System32\\dllhost.exe","ParentImage":"C:\\Windows\\System32\\svchost.exe","CommandLine":"C:\\Windows\\system32\\DllHost.exe /Processid:{AB8902B4-09CA-4BB6-B78D-A8F59079A8D5}","ParentCommandLine":"C:\\Windows\\system32\\svchost.exe -k DcomLaunch","ProcessGuid":"{0F2D76F0-D417-57BD-0000-0010A9535B00}","ProcessId":"3152","CurrentDirectory":"C:\\Windows\\system32\\","Hashes":"SHA1=E977B87698C3E595D55827665E22FBF788DD3F9F,MD5=A8EDB86FC2A4D6D1285E4C70384AC35A,SHA256=61B8955CE0A2AA9D0719920B30216717B349B6FBE11C697C31CFA84F859CC1AE,IMPHASH=3D806EF1101283F4E5D20F0C4F83B8FD","IntegrityLevel":"Medium","dataset":"botsv1"}
{"_time":"2016-08-24 11:06:39.000 MDT","sourcetype":"XmlWinEventLog:Microsoft-Windows-Sysmon/Operational","host":"we8105desk","Computer":"we8105desk.waynecorpinc.local","EventCode":"1","RecordID":"407334","UtcTime":"2016-08-24 17:06:39.485","User":"WAYNECORPINC\\bob.smith","Image":"C:\\Windows\\System32\\dllhost.exe","ParentImage":"C:\\Windows\\System32\\svchost.exe","CommandLine":"C:\\Windows\\system32\\DllHost.exe /Processid:{AB8902B4-09CA-4BB6-B78D-A8F59079A8D5}","ParentCommandLine":"C:\\Windows\\system32\\svchost.exe -k DcomLaunch","ProcessGuid":"{0F2D76F0-D41F-57BD-0000-001026925C00}","ProcessId":"3992","CurrentDirectory":"C:\\Windows\\system32\\","Hashes":"SHA1=E977B87698C3E595D55827665E22FBF788DD3F9F,MD5=A8EDB86FC2A4D6D1285E4C70384AC35A,SHA256=61B8955CE0A2AA9D0719920B30216717B349B6FBE11C697C31CFA84F859CC1AE,IMPHASH=3D806EF1101283F4E5D20F0C4F83B8FD","IntegrityLevel":"Medium","dataset":"botsv1"}
{"_time":"2016-08-24 11:06:46.000 MDT","sourcetype":"XmlWinEventLog:Microsoft-Windows-Sysmon/Operational","host":"we8105desk","Computer":"we8105desk.waynecorpinc.local","EventCode":"1","RecordID":"407368","UtcTime":"2016-08-24 17:06:46.118","User":"NT AUTHORITY\\SYSTEM","Image":"C:\\Windows\\System32\\SearchProtocolHost.exe","ParentImage":"C:\\Windows\\System32\\SearchIndexer.exe","CommandLine":"\"C:\\Windows\\system32\\SearchProtocolHost.exe\" Global\\UsGthrFltPipeMssGthrPipe11_ Global\\UsGthrCtrlFltPipeMssGthrPipe11 1 -2147483646 \"Software\\Microsoft\\Windows Search\" \"Mozilla/4.0 (compatible; MSIE 6.0; Windows NT; MS Search 4.0 Robot)\" \"C:\\ProgramData\\Microsoft\\Search\\Data\\Temp\\usgthrsvc\" \"DownLevelDaemon\"","ParentCommandLine":"C:\\Windows\\system32\\SearchIndexer.exe /Embedding","ProcessGuid":"{0F2D76F0-D426-57BD-0000-001089DE5D00}","ProcessId":"680","CurrentDirectory":"C:\\Windows\\system32\\","Hashes":"SHA1=A8DCF7D63A8BB5ABEF8787775957A5BB6C0F3F77,MD5=42EC9065D9BF266ADE924B066C783A56,SHA256=4AC002E90A52CB0998DA78F2995294EE77B89FB2BE709B0E3C8E1627212BCCDC,IMPHASH=3E21C2C0BFB7FA9AAD5C782DBF401846","IntegrityLevel":"System","dataset":"botsv1"}
{"_time":"2016-08-24 11:06:46.000 MDT","sourcetype":"XmlWinEventLog:Microsoft-Windows-Sysmon/Operational","host":"we8105desk","Computer":"we8105desk.waynecorpinc.local","EventCode":"1","RecordID":"407392","UtcTime":"2016-08-24 17:06:46.180","User":"NT AUTHORITY\\SYSTEM","Image":"C:\\Windows\\System32\\SearchFilterHost.exe","ParentImage":"C:\\Windows\\System32\\SearchIndexer.exe","CommandLine":"\"C:\\Windows\\system32\\SearchFilterHost.exe\" 0 524 528 536 65536 532","ParentCommandLine":"C:\\Windows\\system32\\SearchIndexer.exe /Embedding","ProcessGuid":"{0F2D76F0-D426-57BD-0000-001004F45D00}","ProcessId":"4228","CurrentDirectory":"C:\\Windows\\system32\\","Hashes":"SHA1=904A3B130E3DB7CEA97F31CC40D64D9026FF6E41,MD5=52D56D1013D4F1B99102679314CC5325,SHA256=F8F6C41FEC774C71A85C91DFEB057076D018E5A64CE1D7B7D9D202CA65B34758,IMPHASH=48476C179FBF9FC0CC7AE2A8A5FB1073","IntegrityLevel":"Medium","dataset":"botsv1"}
{"_time":"2016-08-24 11:08:47.000 MDT","sourcetype":"XmlWinEventLog:Microsoft-Windows-Sysmon/Operational","host":"we8105desk","Computer":"we8105desk.waynecorpinc.local","EventCode":"1","RecordID":"407952","UtcTime":"2016-08-24 17:08:47.696","User":"NT AUTHORITY\\SYSTEM","Image":"C:\\Windows\\System32\\SearchProtocolHost.exe","ParentImage":"C:\\Windows\\System32\\SearchIndexer.exe","CommandLine":"\"C:\\Windows\\system32\\SearchProtocolHost.exe\" Global\\UsGthrFltPipeMssGthrPipe12_ Global\\UsGthrCtrlFltPipeMssGthrPipe12 1 -2147483646 \"Software\\Microsoft\\Windows Search\" \"Mozilla/4.0 (compatible; MSIE 6.0; Windows NT; MS Search 4.0 Robot)\" \"C:\\ProgramData\\Microsoft\\Search\\Data\\Temp\\usgthrsvc\" \"DownLevelDaemon\"","ParentCommandLine":"C:\\Windows\\system32\\SearchIndexer.exe /Embedding","ProcessGuid":"{0F2D76F0-D49F-57BD-0000-001081426B00}","ProcessId":"4572","CurrentDirectory":"C:\\Windows\\system32\\","Hashes":"SHA1=A8DCF7D63A8BB5ABEF8787775957A5BB6C0F3F77,MD5=42EC9065D9BF266ADE924B066C783A56,SHA256=4AC002E90A52CB0998DA78F2995294EE77B89FB2BE709B0E3C8E1627212BCCDC,IMPHASH=3E21C2C0BFB7FA9AAD5C782DBF401846","IntegrityLevel":"System","dataset":"botsv1"}
{"_time":"2016-08-24 11:08:47.000 MDT","sourcetype":"XmlWinEventLog:Microsoft-Windows-Sysmon/Operational","host":"we8105desk","Computer":"we8105desk.waynecorpinc.local","EventCode":"1","RecordID":"407976","UtcTime":"2016-08-24 17:08:47.805","User":"NT AUTHORITY\\SYSTEM","Image":"C:\\Windows\\System32\\SearchFilterHost.exe","ParentImage":"C:\\Windows\\System32\\SearchIndexer.exe","CommandLine":"\"C:\\Windows\\system32\\SearchFilterHost.exe\" 0 524 528 536 65536 532","ParentCommandLine":"C:\\Windows\\system32\\SearchIndexer.exe /Embedding","ProcessGuid":"{0F2D76F0-D49F-57BD-0000-00106A476B00}","ProcessId":"4216","CurrentDirectory":"C:\\Windows\\system32\\","Hashes":"SHA1=904A3B130E3DB7CEA97F31CC40D64D9026FF6E41,MD5=52D56D1013D4F1B99102679314CC5325,SHA256=F8F6C41FEC774C71A85C91DFEB057076D018E5A64CE1D7B7D9D202CA65B34758,IMPHASH=48476C179FBF9FC0CC7AE2A8A5FB1073","IntegrityLevel":"Medium","dataset":"botsv1"}
{"_time":"2016-08-24 11:10:01.000 MDT","sourcetype":"XmlWinEventLog:Microsoft-Windows-Sysmon/Operational","host":"we8105desk","Computer":"we8105desk.waynecorpinc.local","EventCode":"1","RecordID":"408258","UtcTime":"2016-08-24 17:10:01.045","User":"NT AUTHORITY\\SYSTEM","Image":"C:\\Windows\\System32\\SearchProtocolHost.exe","ParentImage":"C:\\Windows\\System32\\SearchIndexer.exe","CommandLine":"\"C:\\Windows\\system32\\SearchProtocolHost.exe\" Global\\UsGthrFltPipeMssGthrPipe13_ Global\\UsGthrCtrlFltPipeMssGthrPipe13 1 -2147483646 \"Software\\Microsoft\\Windows Search\" \"Mozilla/4.0 (compatible; MSIE 6.0; Windows NT; MS Search 4.0 Robot)\" \"C:\\ProgramData\\Microsoft\\Search\\Data\\Temp\\usgthrsvc\" \"DownLevelDaemon\"","ParentCommandLine":"C:\\Windows\\system32\\SearchIndexer.exe /Embedding","ProcessGuid":"{0F2D76F0-D4E9-57BD-0000-0010EDB37300}","ProcessId":"4812","CurrentDirectory":"C:\\Windows\\system32\\","Hashes":"SHA1=A8DCF7D63A8BB5ABEF8787775957A5BB6C0F3F77,MD5=42EC9065D9BF266ADE924B066C783A56,SHA256=4AC002E90A52CB0998DA78F2995294EE77B89FB2BE709B0E3C8E1627212BCCDC,IMPHASH=3E21C2C0BFB7FA9AAD5C782DBF401846","IntegrityLevel":"System","dataset":"botsv1"}
{"_time":"2016-08-24 11:10:01.000 MDT","sourcetype":"XmlWinEventLog:Microsoft-Windows-Sysmon/Operational","host":"we8105desk","Computer":"we8105desk.waynecorpinc.local","EventCode":"1","RecordID":"408289","UtcTime":"2016-08-24 17:10:01.076","User":"NT AUTHORITY\\SYSTEM","Image":"C:\\Windows\\System32\\SearchFilterHost.exe","ParentImage":"C:\\Windows\\System32\\SearchIndexer.exe","CommandLine":"\"C:\\Windows\\system32\\SearchFilterHost.exe\" 0 524 528 536 65536 532","ParentCommandLine":"C:\\Windows\\system32\\SearchIndexer.exe /Embedding","ProcessGuid":"{0F2D76F0-D4E9-57BD-0000-0010C1B97300}","ProcessId":"912","CurrentDirectory":"C:\\Windows\\system32\\","Hashes":"SHA1=904A3B130E3DB7CEA97F31CC40D64D9026FF6E41,MD5=52D56D1013D4F1B99102679314CC5325,SHA256=F8F6C41FEC774C71A85C91DFEB057076D018E5A64CE1D7B7D9D202CA65B34758,IMPHASH=48476C179FBF9FC0CC7AE2A8A5FB1073","IntegrityLevel":"Medium","dataset":"botsv1"}
{"_time":"2016-08-24 11:11:51.000 MDT","sourcetype":"XmlWinEventLog:Microsoft-Windows-Sysmon/Operational","host":"we8105desk","Computer":"we8105desk.waynecorpinc.local","EventCode":"1","RecordID":"408868","UtcTime":"2016-08-24 17:11:51.915","User":"NT AUTHORITY\\LOCAL SERVICE","Image":"C:\\Windows\\System32\\taskhost.exe","ParentImage":"C:\\Windows\\System32\\services.exe","CommandLine":"taskhost.exe $(Arg0)","ParentCommandLine":"C:\\Windows\\system32\\services.exe","ProcessGuid":"{0F2D76F0-D557-57BD-0000-00106DA27600}","ProcessId":"3216","CurrentDirectory":"C:\\Windows\\system32\\","Hashes":"SHA1=61478D71931FB3E304BC341236AB0DB1D6C26E09,MD5=517110BD83835338C037269E603DB55D,SHA256=499A803DE14905F2FF7BCA56D81CC983E16A8D9CEA93EC4B84A06A366E7CB939,IMPHASH=D9C431646227DBA4B6B2A1313802ED63","IntegrityLevel":"System","dataset":"botsv1"}
{"_time":"2016-08-24 11:11:54.000 MDT","sourcetype":"XmlWinEventLog:Microsoft-Windows-Sysmon/Operational","host":"we8105desk","Computer":"we8105desk.waynecorpinc.local","EventCode":"1","RecordID":"408934","UtcTime":"2016-08-24 17:11:54.193","User":"WAYNECORPINC\\bob.smith","Image":"C:\\Windows\\explorer.exe","ParentImage":"C:\\Windows\\explorer.exe","CommandLine":"\"C:\\Windows\\explorer.exe\"","ParentCommandLine":"C:\\Windows\\Explorer.EXE","ProcessGuid":"{0F2D76F0-D55A-57BD-0000-00102DBF7600}","ProcessId":"2296","CurrentDirectory":"C:\\Windows\\system32\\","Hashes":"SHA1=4583DAF9442880204730FB2C8A060430640494B1,MD5=AC4C51EB24AA95B77F705AB159189E24,SHA256=6A671B92A69755DE6FD063FCBE4BA926D83B49F78C42DBAEED8CDB6BBC57576A,IMPHASH=6422E341C67BA0880E012F8C7C634C21","IntegrityLevel":"Medium","dataset":"botsv1"}
{"_time":"2016-08-24 11:11:54.000 MDT","sourcetype":"XmlWinEventLog:Microsoft-Windows-Sysmon/Operational","host":"we8105desk","Computer":"we8105desk.waynecorpinc.local","EventCode":"1","RecordID":"408979","UtcTime":"2016-08-24 17:11:54.442","User":"WAYNECORPINC\\bob.smith","Image":"C:\\Windows\\SysWOW64\\dllhost.exe","ParentImage":"C:\\Windows\\System32\\svchost.exe","CommandLine":"C:\\Windows\\SysWOW64\\DllHost.exe /Processid:{1EF75F33-893B-4E8F-9655-C3D602BA4897}","ParentCommandLine":"C:\\Windows\\system32\\svchost.exe -k DcomLaunch","ProcessGuid":"{0F2D76F0-D55A-57BD-0000-0010C0CE7600}","ProcessId":"4316","CurrentDirectory":"C:\\Windows\\system32\\","Hashes":"SHA1=ACE762C51DB1908C858C898D7E0F9B36F788D2D9,MD5=A63DC5C2EA944E6657203E0C8EDEAF61,SHA256=F7AD4B09AFB301CE46DF695B22114331A57D52E6D4163FF74787BF68CCF44C78,IMPHASH=EB9A02895A60E58547EFF153D6FF8829","IntegrityLevel":"Medium","dataset":"botsv1"}
{"_time":"2016-08-24 11:12:06.000 MDT","sourcetype":"XmlWinEventLog:Microsoft-Windows-Sysmon/Operational","host":"we8105desk","Computer":"we8105desk.waynecorpinc.local","EventCode":"1","RecordID":"409020","UtcTime":"2016-08-24 17:12:06.982","User":"WAYNECORPINC\\bob.smith","Image":"C:\\Windows\\System32\\dllhost.exe","ParentImage":"C:\\Windows\\System32\\svchost.exe","CommandLine":"C:\\Windows\\system32\\DllHost.exe /Processid:{AB8902B4-09CA-4BB6-B78D-A8F59079A8D5}","ParentCommandLine":"C:\\Windows\\system32\\svchost.exe -k DcomLaunch","ProcessGuid":"{0F2D76F0-D566-57BD-0000-00102F757E00}","ProcessId":"3664","CurrentDirectory":"C:\\Windows\\system32\\","Hashes":"SHA1=E977B87698C3E595D55827665E22FBF788DD3F9F,MD5=A8EDB86FC2A4D6D1285E4C70384AC35A,SHA256=61B8955CE0A2AA9D0719920B30216717B349B6FBE11C697C31CFA84F859CC1AE,IMPHASH=3D806EF1101283F4E5D20F0C4F83B8FD","IntegrityLevel":"Medium","dataset":"botsv1"}
{"_time":"2016-08-24 11:12:15.000 MDT","sourcetype":"XmlWinEventLog:Microsoft-Windows-Sysmon/Operational","host":"we8105desk","Computer":"we8105desk.waynecorpinc.local","EventCode":"1","RecordID":"409051","UtcTime":"2016-08-24 17:12:15.695","User":"WAYNECORPINC\\bob.smith","Image":"C:\\Windows\\System32\\dllhost.exe","ParentImage":"C:\\Windows\\System32\\svchost.exe","CommandLine":"C:\\Windows\\system32\\DllHost.exe /Processid:{AB8902B4-09CA-4BB6-B78D-A8F59079A8D5}","ParentCommandLine":"C:\\Windows\\system32\\svchost.exe -k DcomLaunch","ProcessGuid":"{0F2D76F0-D56F-57BD-0000-00108BA77F00}","ProcessId":"4592","CurrentDirectory":"C:\\Windows\\system32\\","Hashes":"SHA1=E977B87698C3E595D55827665E22FBF788DD3F9F,MD5=A8EDB86FC2A4D6D1285E4C70384AC35A,SHA256=61B8955CE0A2AA9D0719920B30216717B349B6FBE11C697C31CFA84F859CC1AE,IMPHASH=3D806EF1101283F4E5D20F0C4F83B8FD","IntegrityLevel":"Medium","dataset":"botsv1"}
{"_time":"2016-08-24 11:12:47.000 MDT","sourcetype":"XmlWinEventLog:Microsoft-Windows-Sysmon/Operational","host":"we8105desk","Computer":"we8105desk.waynecorpinc.local","EventCode":"1","RecordID":"409319","UtcTime":"2016-08-24 17:12:47.458","User":"NT AUTHORITY\\SYSTEM","Image":"C:\\Windows\\System32\\SearchProtocolHost.exe","ParentImage":"C:\\Windows\\System32\\SearchIndexer.exe","CommandLine":"\"C:\\Windows\\system32\\SearchProtocolHost.exe\" Global\\UsGthrFltPipeMssGthrPipe14_ Global\\UsGthrCtrlFltPipeMssGthrPipe14 1 -2147483646 \"Software\\Microsoft\\Windows Search\" \"Mozilla/4.0 (compatible; MSIE 6.0; Windows NT; MS Search 4.0 Robot)\" \"C:\\ProgramData\\Microsoft\\Search\\Data\\Temp\\usgthrsvc\" \"DownLevelDaemon\"","ParentCommandLine":"C:\\Windows\\system32\\SearchIndexer.exe /Embedding","ProcessGuid":"{0F2D76F0-D58F-57BD-0000-00101B928300}","ProcessId":"952","CurrentDirectory":"C:\\Windows\\system32\\","Hashes":"SHA1=A8DCF7D63A8BB5ABEF8787775957A5BB6C0F3F77,MD5=42EC9065D9BF266ADE924B066C783A56,SHA256=4AC002E90A52CB0998DA78F2995294EE77B89FB2BE709B0E3C8E1627212BCCDC,IMPHASH=3E21C2C0BFB7FA9AAD5C782DBF401846","IntegrityLevel":"System","dataset":"botsv1"}
{"_time":"2016-08-24 11:12:47.000 MDT","sourcetype":"XmlWinEventLog:Microsoft-Windows-Sysmon/Operational","host":"we8105desk","Computer":"we8105desk.waynecorpinc.local","EventCode":"1","RecordID":"409343","UtcTime":"2016-08-24 17:12:47.505","User":"NT AUTHORITY\\SYSTEM","Image":"C:\\Windows\\System32\\SearchFilterHost.exe","ParentImage":"C:\\Windows\\System32\\SearchIndexer.exe","CommandLine":"\"C:\\Windows\\system32\\SearchFilterHost.exe\" 0 524 528 536 65536 532","ParentCommandLine":"C:\\Windows\\system32\\SearchIndexer.exe /Embedding","ProcessGuid":"{0F2D76F0-D58F-57BD-0000-0010AA968300}","ProcessId":"4760","CurrentDirectory":"C:\\Windows\\system32\\","Hashes":"SHA1=904A3B130E3DB7CEA97F31CC40D64D9026FF6E41,MD5=52D56D1013D4F1B99102679314CC5325,SHA256=F8F6C41FEC774C71A85C91DFEB057076D018E5A64CE1D7B7D9D202CA65B34758,IMPHASH=48476C179FBF9FC0CC7AE2A8A5FB1073","IntegrityLevel":"Medium","dataset":"botsv1"}
{"_time":"2016-08-24 11:14:23.000 MDT","sourcetype":"XmlWinEventLog:Microsoft-Windows-Sysmon/Operational","host":"we8105desk","Computer":"we8105desk.waynecorpinc.local","EventCode":"1","RecordID":"409662","UtcTime":"2016-08-24 17:14:23.068","User":"NT AUTHORITY\\SYSTEM","Image":"C:\\Windows\\System32\\SearchProtocolHost.exe","ParentImage":"C:\\Windows\\System32\\SearchIndexer.exe","CommandLine":"\"C:\\Windows\\system32\\SearchProtocolHost.exe\" Global\\UsGthrFltPipeMssGthrPipe15_ Global\\UsGthrCtrlFltPipeMssGthrPipe15 1 -2147483646 \"Software\\Microsoft\\Windows Search\" \"Mozilla/4.0 (compatible; MSIE 6.0; Windows NT; MS Search 4.0 Robot)\" \"C:\\ProgramData\\Microsoft\\Search\\Data\\Temp\\usgthrsvc\" \"DownLevelDaemon\"","ParentCommandLine":"C:\\Windows\\system32\\SearchIndexer.exe /Embedding","ProcessGuid":"{0F2D76F0-D5EF-57BD-0000-001074F38E00}","ProcessId":"4752","CurrentDirectory":"C:\\Windows\\system32\\","Hashes":"SHA1=A8DCF7D63A8BB5ABEF8787775957A5BB6C0F3F77,MD5=42EC9065D9BF266ADE924B066C783A56,SHA256=4AC002E90A52CB0998DA78F2995294EE77B89FB2BE709B0E3C8E1627212BCCDC,IMPHASH=3E21C2C0BFB7FA9AAD5C782DBF401846","IntegrityLevel":"System","dataset":"botsv1"}
{"_time":"2016-08-24 11:14:23.000 MDT","sourcetype":"XmlWinEventLog:Microsoft-Windows-Sysmon/Operational","host":"we8105desk","Computer":"we8105desk.waynecorpinc.local","EventCode":"1","RecordID":"409686","UtcTime":"2016-08-24 17:14:23.100","User":"NT AUTHORITY\\SYSTEM","Image":"C:\\Windows\\System32\\SearchFilterHost.exe","ParentImage":"C:\\Windows\\System32\\SearchIndexer.exe","CommandLine":"\"C:\\Windows\\system32\\SearchFilterHost.exe\" 0 524 528 536 65536 532","ParentCommandLine":"C:\\Windows\\system32\\SearchIndexer.exe /Embedding","ProcessGuid":"{0F2D76F0-D5EF-57BD-0000-001057F78E00}","ProcessId":"4440","CurrentDirectory":"C:\\Windows\\system32\\","Hashes":"SHA1=904A3B130E3DB7CEA97F31CC40D64D9026FF6E41,MD5=52D56D1013D4F1B99102679314CC5325,SHA256=F8F6C41FEC774C71A85C91DFEB057076D018E5A64CE1D7B7D9D202CA65B34758,IMPHASH=48476C179FBF9FC0CC7AE2A8A5FB1073","IntegrityLevel":"Medium","dataset":"botsv1"}
{"_time":"2016-08-24 11:15:11.000 MDT","sourcetype":"XmlWinEventLog:Microsoft-Windows-Sysmon/Operational","host":"we8105desk","Computer":"we8105desk.waynecorpinc.local","EventCode":"1","RecordID":"410007","UtcTime":"2016-08-24 17:15:11.715","User":"WAYNECORPINC\\bob.smith","Image":"C:\\Program Files (x86)\\Internet Explorer\\iexplore.exe","ParentImage":"C:\\Users\\bob.smith.WAYNECORPINC\\AppData\\Roaming\\{35ACA89F-933F-6A5D-2776-A3589FB99832}\\osk.exe","CommandLine":"\"C:\\Program Files (x86)\\Internet Explorer\\iexplore.exe\" -nohome","ParentCommandLine":"\"C:\\Users\\bob.smith.WAYNECORPINC\\AppData\\Roaming\\{35ACA89F-933F-6A5D-2776-A3589FB99832}\\osk.exe\"","ProcessGuid":"{0F2D76F0-D61F-57BD-0000-0010EE049500}","ProcessId":"2404","CurrentDirectory":"C:\\Users\\bob.smith.WAYNECORPINC\\Desktop\\","Hashes":"SHA1=1962888198AE972CBB999D0DC9C9EE5CBABF5E0D,MD5=C613E69C3B191BB02C7A191741A1D024,SHA256=E285FEECA968B3CA22017A64363EEA5E69CCD519696671DF523291B089597875,IMPHASH=21CE449BAC952D12788282110FBDE738","IntegrityLevel":"High","dataset":"botsv1"}
{"_time":"2016-08-24 11:15:11.000 MDT","sourcetype":"XmlWinEventLog:Microsoft-Windows-Sysmon/Operational","host":"we8105desk","Computer":"we8105desk.waynecorpinc.local","EventCode":"1","RecordID":"410055","UtcTime":"2016-08-24 17:15:11.809","User":"WAYNECORPINC\\bob.smith","Image":"C:\\Program Files (x86)\\Internet Explorer\\iexplore.exe","ParentImage":"C:\\Program Files (x86)\\Internet Explorer\\iexplore.exe","CommandLine":"\"C:\\Program Files (x86)\\Internet Explorer\\iexplore.exe\" SCODEF:2404 CREDAT:79873","ParentCommandLine":"\"C:\\Program Files (x86)\\Internet Explorer\\iexplore.exe\" -nohome","ProcessGuid":"{0F2D76F0-D61F-57BD-0000-0010AD159500}","ProcessId":"4544","CurrentDirectory":"C:\\Users\\bob.smith.WAYNECORPINC\\Desktop\\","Hashes":"SHA1=1962888198AE972CBB999D0DC9C9EE5CBABF5E0D,MD5=C613E69C3B191BB02C7A191741A1D024,SHA256=E285FEECA968B3CA22017A64363EEA5E69CCD519696671DF523291B089597875,IMPHASH=21CE449BAC952D12788282110FBDE738","IntegrityLevel":"High","dataset":"botsv1"}
{"_time":"2016-08-24 11:15:11.000 MDT","sourcetype":"XmlWinEventLog:Microsoft-Windows-Sysmon/Operational","host":"we8105desk","Computer":"we8105desk.waynecorpinc.local","EventCode":"1","RecordID":"410107","UtcTime":"2016-08-24 17:15:11.871","User":"WAYNECORPINC\\bob.smith","Image":"C:\\Windows\\System32\\notepad.exe","ParentImage":"C:\\Users\\bob.smith.WAYNECORPINC\\AppData\\Roaming\\{35ACA89F-933F-6A5D-2776-A3589FB99832}\\osk.exe","CommandLine":"\"C:\\Windows\\system32\\NOTEPAD.EXE\" C:\\Users\\bob.smith.WAYNECORPINC\\Desktop\\# DECRYPT MY FILES #.txt","ParentCommandLine":"\"C:\\Users\\bob.smith.WAYNECORPINC\\AppData\\Roaming\\{35ACA89F-933F-6A5D-2776-A3589FB99832}\\osk.exe\"","ProcessGuid":"{0F2D76F0-D61F-57BD-0000-0010BB269500}","ProcessId":"1936","CurrentDirectory":"C:\\Users\\bob.smith.WAYNECORPINC\\Desktop\\","Hashes":"SHA1=7EB0139D2175739B3CCB0D1110067820BE6ABD29,MD5=F2C7BB8ACC97F92E987A2D4087D021B1,SHA256=142E1D688EF0568370C37187FD9F2351D7DDEDA574F8BFA9B0FA4EF42DB85AA2,IMPHASH=38934EE4AAAAA8DAB7C73508BC6715CA","IntegrityLevel":"High","dataset":"botsv1"}
{"_time":"2016-08-24 11:15:12.000 MDT","sourcetype":"XmlWinEventLog:Microsoft-Windows-Sysmon/Operational","host":"we8105desk","Computer":"we8105desk.waynecorpinc.local","EventCode":"1","RecordID":"410178","UtcTime":"2016-08-24 17:15:12.136","User":"WAYNECORPINC\\bob.smith","Image":"C:\\Program Files (x86)\\Internet Explorer\\iexplore.exe","ParentImage":"C:\\Program Files (x86)\\Internet Explorer\\iexplore.exe","CommandLine":"\"C:\\Program Files (x86)\\Internet Explorer\\iexplore.exe\" SCODEF:2404 CREDAT:79874","ParentCommandLine":"\"C:\\Program Files (x86)\\Internet Explorer\\iexplore.exe\" -nohome","ProcessGuid":"{0F2D76F0-D620-57BD-0000-00109F479500}","ProcessId":"532","CurrentDirectory":"C:\\Users\\bob.smith.WAYNECORPINC\\Desktop\\","Hashes":"SHA1=1962888198AE972CBB999D0DC9C9EE5CBABF5E0D,MD5=C613E69C3B191BB02C7A191741A1D024,SHA256=E285FEECA968B3CA22017A64363EEA5E69CCD519696671DF523291B089597875,IMPHASH=21CE449BAC952D12788282110FBDE738","IntegrityLevel":"High","dataset":"botsv1"}
{"_time":"2016-08-24 11:15:12.000 MDT","sourcetype":"XmlWinEventLog:Microsoft-Windows-Sysmon/Operational","host":"we8105desk","Computer":"we8105desk.waynecorpinc.local","EventCode":"1","RecordID":"410223","UtcTime":"2016-08-24 17:15:12.246","User":"WAYNECORPINC\\bob.smith","Image":"C:\\Windows\\System32\\dllhost.exe","ParentImage":"C:\\Windows\\System32\\svchost.exe","CommandLine":"C:\\Windows\\system32\\DllHost.exe /Processid:{AB8902B4-09CA-4BB6-B78D-A8F59079A8D5}","ParentCommandLine":"C:\\Windows\\system32\\svchost.exe -k DcomLaunch","ProcessGuid":"{0F2D76F0-D620-57BD-0000-00100C589500}","ProcessId":"984","CurrentDirectory":"C:\\Windows\\system32\\","Hashes":"SHA1=E977B87698C3E595D55827665E22FBF788DD3F9F,MD5=A8EDB86FC2A4D6D1285E4C70384AC35A,SHA256=61B8955CE0A2AA9D0719920B30216717B349B6FBE11C697C31CFA84F859CC1AE,IMPHASH=3D806EF1101283F4E5D20F0C4F83B8FD","IntegrityLevel":"Medium","dataset":"botsv1"}
{"_time":"2016-08-24 11:15:12.000 MDT","sourcetype":"XmlWinEventLog:Microsoft-Windows-Sysmon/Operational","host":"we8105desk","Computer":"we8105desk.waynecorpinc.local","EventCode":"1","RecordID":"410319","UtcTime":"2016-08-24 17:15:12.589","User":"WAYNECORPINC\\bob.smith","Image":"C:\\Windows\\System32\\wscript.exe","ParentImage":"C:\\Users\\bob.smith.WAYNECORPINC\\AppData\\Roaming\\{35ACA89F-933F-6A5D-2776-A3589FB99832}\\osk.exe","CommandLine":"\"C:\\Windows\\System32\\WScript.exe\" \"C:\\Users\\bob.smith.WAYNECORPINC\\Desktop\\# DECRYPT MY FILES #.vbs\"","ParentCommandLine":"\"C:\\Users\\bob.smith.WAYNECORPINC\\AppData\\Roaming\\{35ACA89F-933F-6A5D-2776-A3589FB99832}\\osk.exe\"","ProcessGuid":"{0F2D76F0-D620-57BD-0000-00101BAD9500}","ProcessId":"4324","CurrentDirectory":"C:\\Users\\bob.smith.WAYNECORPINC\\Desktop\\","Hashes":"SHA1=851BD390BF559E702B8323062DBEB251D9F2F6F7,MD5=8886E0697B0A93C521F99099EF643450,SHA256=D73F7EE4E6E992A618D02580BDBF4FD6BA7C683D110928001092F4073341E95F,IMPHASH=7B5674BD1C2BBF9E981DAD834013AF2E","IntegrityLevel":"High","dataset":"botsv1"}
