{"_time":"2016-08-24 10:25:15.000 MDT","sourcetype":"XmlWinEventLog:Microsoft-Windows-Sysmon/Operational","host":"we1149srv","Computer":"we1149srv.waynecorpinc.local","EventCode":"1","RecordID":"3789972","UtcTime":"2016-08-24 16:25:15.757","User":"NT AUTHORITY\\NETWORK SERVICE","Image":"C:\\Windows\\System32\\wbem\\WmiPrvSE.exe","ParentImage":"C:\\Windows\\System32\\svchost.exe","CommandLine":"C:\\Windows\\system32\\wbem\\wmiprvse.exe -secured -Embedding","ParentCommandLine":"C:\\Windows\\system32\\svchost.exe -k DcomLaunch","ProcessGuid":"{E500B0EA-CA6B-57BD-0000-00109191B013}","ProcessId":"3644","CurrentDirectory":"C:\\Windows\\system32\\","Hashes":"SHA1=5A4C0E82FF95C9FB762D46A696EF9F1B68001C21,MD5=CE6D08350D0A1278E9A97D94023D1800,SHA256=54AACAADDD25CC44B59A7637C3A1E7E3A8392CC6D22F4D2C5A202D29BF44AFC1,IMPHASH=5A7EE01A26FA2C5B5D57484D6FD004A4","IntegrityLevel":"System","dataset":"botsv1"}
{"_time":"2016-08-24 10:25:17.000 MDT","sourcetype":"XmlWinEventLog:Microsoft-Windows-Sysmon/Operational","host":"we1149srv","Computer":"we1149srv.waynecorpinc.local","EventCode":"1","RecordID":"3790050","UtcTime":"2016-08-24 16:25:17.117","User":"NT AUTHORITY\\SYSTEM","Image":"C:\\Windows\\System32\\wbem\\WmiPrvSE.exe","ParentImage":"C:\\Windows\\System32\\svchost.exe","CommandLine":"C:\\Windows\\system32\\wbem\\wmiprvse.exe -Embedding","ParentCommandLine":"C:\\Windows\\system32\\svchost.exe -k DcomLaunch","ProcessGuid":"{E500B0EA-CA6D-57BD-0000-00107ECEB013}","ProcessId":"2188","CurrentDirectory":"C:\\Windows\\system32\\","Hashes":"SHA1=5A4C0E82FF95C9FB762D46A696EF9F1B68001C21,MD5=CE6D08350D0A1278E9A97D94023D1800,SHA256=54AACAADDD25CC44B59A7637C3A1E7E3A8392CC6D22F4D2C5A202D29BF44AFC1,IMPHASH=5A7EE01A26FA2C5B5D57484D6FD004A4","IntegrityLevel":"System","dataset":"botsv1"}
{"_time":"2016-08-24 10:26:02.000 MDT","sourcetype":"XmlWinEventLog:Microsoft-Windows-Sysmon/Operational","host":"we9041srv","Computer":"we9041srv.waynecorpinc.local","EventCode":"1","RecordID":"3674623","UtcTime":"2016-08-24 16:26:02.917","User":"NT AUTHORITY\\NETWORK SERVICE","Image":"C:\\Windows\\System32\\wbem\\WmiPrvSE.exe","ParentImage":"C:\\Windows\\System32\\svchost.exe","CommandLine":"C:\\Windows\\system32\\wbem\\wmiprvse.exe -secured -Embedding","ParentCommandLine":"C:\\Windows\\system32\\svchost.exe -k DcomLaunch","ProcessGuid":"{46C72849-CA9A-57BD-0000-00108BB64011}","ProcessId":"1664","CurrentDirectory":"C:\\Windows\\system32\\","Hashes":"SHA1=5A4C0E82FF95C9FB762D46A696EF9F1B68001C21,MD5=CE6D08350D0A1278E9A97D94023D1800,SHA256=54AACAADDD25CC44B59A7637C3A1E7E3A8392CC6D22F4D2C5A202D29BF44AFC1,IMPHASH=5A7EE01A26FA2C5B5D57484D6FD004A4","IntegrityLevel":"System","dataset":"botsv1"}
{"_time":"2016-08-24 10:26:02.000 MDT","sourcetype":"XmlWinEventLog:Microsoft-Windows-Sysmon/Operational","host":"we9041srv","Computer":"we9041srv.waynecorpinc.local","EventCode":"1","RecordID":"3674674","UtcTime":"2016-08-24 16:26:02.995","User":"NT AUTHORITY\\SYSTEM","Image":"C:\\Windows\\System32\\wbem\\WmiPrvSE.exe","ParentImage":"C:\\Windows\\System32\\svchost.exe","CommandLine":"C:\\Windows\\system32\\wbem\\wmiprvse.exe -Embedding","ParentCommandLine":"C:\\Windows\\system32\\svchost.exe -k DcomLaunch","ProcessGuid":"{46C72849-CA9A-57BD-0000-001017C34011}","ProcessId":"896","CurrentDirectory":"C:\\Windows\\system32\\","Hashes":"SHA1=5A4C0E82FF95C9FB762D46A696EF9F1B68001C21,MD5=CE6D08350D0A1278E9A97D94023D1800,SHA256=54AACAADDD25CC44B59A7637C3A1E7E3A8392CC6D22F4D2C5A202D29BF44AFC1,IMPHASH=5A7EE01A26FA2C5B5D57484D6FD004A4","IntegrityLevel":"System","dataset":"botsv1"}
{"_time":"2016-08-24 10:33:21.000 MDT","sourcetype":"XmlWinEventLog:Microsoft-Windows-Sysmon/Operational","host":"we9041srv","Computer":"we9041srv.waynecorpinc.local","EventCode":"1","RecordID":"3676337","UtcTime":"2016-08-24 16:33:21.579","User":"NT AUTHORITY\\NETWORK SERVICE","Image":"C:\\Windows\\System32\\wbem\\WmiPrvSE.exe","ParentImage":"C:\\Windows\\System32\\svchost.exe","CommandLine":"C:\\Windows\\system32\\wbem\\wmiprvse.exe -secured -Embedding","ParentCommandLine":"C:\\Windows\\system32\\svchost.exe -k DcomLaunch","ProcessGuid":"{46C72849-CC51-57BD-0000-001050174211}","ProcessId":"3424","CurrentDirectory":"C:\\Windows\\system32\\","Hashes":"SHA1=5A4C0E82FF95C9FB762D46A696EF9F1B68001C21,MD5=CE6D08350D0A1278E9A97D94023D1800,SHA256=54AACAADDD25CC44B59A7637C3A1E7E3A8392CC6D22F4D2C5A202D29BF44AFC1,IMPHASH=5A7EE01A26FA2C5B5D57484D6FD004A4","IntegrityLevel":"System","dataset":"botsv1"}
{"_time":"2016-08-24 10:33:22.000 MDT","sourcetype":"XmlWinEventLog:Microsoft-Windows-Sysmon/Operational","host":"we9041srv","Computer":"we9041srv.waynecorpinc.local","EventCode":"1","RecordID":"3676392","UtcTime":"2016-08-24 16:33:22.110","User":"WAYNECORPINC\\Administrator","Image":"C:\\Windows\\System32\\conhost.exe","ParentImage":"C:\\Windows\\System32\\cmd.exe","CommandLine":"\\??\\C:\\Windows\\system32\\conhost.exe 0xffffffff","ParentCommandLine":"cmd /c \"netstat -ano &gt; %SystemRoot%\\TEMP\\nessus_4LX6EPAV.TMP &amp; ren %SystemRoot%\\TEMP\\nessus_4LX6EPAV.TMP nessus_4LX6EPAV.TXT\"","ProcessGuid":"{46C72849-CC52-57BD-0000-001016204211}","ProcessId":"816","CurrentDirectory":"C:\\Windows","Hashes":"SHA1=2C6B753628A3AA138AE52357F76AA4D5617D890E,MD5=626A9EC445D06FBC1502BF53A1E3356B,SHA256=42A43BF18F7C0FA4DB997E8B7688711C9B36BD73D5F013FA5B418F0956A92266,IMPHASH=766BBBC554510CAA578DC083D295D781","IntegrityLevel":"High","dataset":"botsv1"}
{"_time":"2016-08-24 10:33:22.000 MDT","sourcetype":"XmlWinEventLog:Microsoft-Windows-Sysmon/Operational","host":"we9041srv","Computer":"we9041srv.waynecorpinc.local","EventCode":"1","RecordID":"3676387","UtcTime":"2016-08-24 16:33:22.110","User":"WAYNECORPINC\\Administrator","Image":"C:\\Windows\\System32\\cmd.exe","ParentImage":"C:\\Windows\\System32\\wbem\\WmiPrvSE.exe","CommandLine":"cmd /c \"netstat -ano &gt; %SystemRoot%\\TEMP\\nessus_4LX6EPAV.TMP &amp; ren %SystemRoot%\\TEMP\\nessus_4LX6EPAV.TMP nessus_4LX6EPAV.TXT\"","ParentCommandLine":"C:\\Windows\\system32\\wbem\\wmiprvse.exe -secured -Embedding","ProcessGuid":"{46C72849-CC52-57BD-0000-00109E1F4211}","ProcessId":"2800","CurrentDirectory":"C:\\Windows\\system32\\","Hashes":"SHA1=0C2E3CF2D2F09792960A73DC772A086E99A96764,MD5=FC0B4A626881D7C5980D757214DB2D25,SHA256=0B9BC863E2807B6886760480083E51BA8A66118659F4FF274E7B73944D2219F5,IMPHASH=77AED1ADAF24B344F08C8AD1432908C3","IntegrityLevel":"High","dataset":"botsv1"}
{"_time":"2016-08-24 10:33:22.000 MDT","sourcetype":"XmlWinEventLog:Microsoft-Windows-Sysmon/Operational","host":"we9041srv","Computer":"we9041srv.waynecorpinc.local","EventCode":"1","RecordID":"3676406","UtcTime":"2016-08-24 16:33:22.173","User":"WAYNECORPINC\\Administrator","Image":"C:\\Windows\\System32\\NETSTAT.EXE","ParentImage":"C:\\Windows\\System32\\cmd.exe","CommandLine":"netstat  -ano","ParentCommandLine":"cmd /c \"netstat -ano &gt; %SystemRoot%\\TEMP\\nessus_4LX6EPAV.TMP &amp; ren %SystemRoot%\\TEMP\\nessus_4LX6EPAV.TMP nessus_4LX6EPAV.TXT\"","ProcessGuid":"{46C72849-CC52-57BD-0000-0010A4214211}","ProcessId":"3800","CurrentDirectory":"C:\\Windows\\system32\\","Hashes":"SHA1=96C61734CA5E903AE7F1A79C94C5830336B9DEBF,MD5=305A78210CAF782EB331359F10C2BD9C,SHA256=A3993228DF95D6146171D3AD709E63664B528F38955C6071571EDCE7C03B71F8,IMPHASH=015394D915C5FF7BC0411BFA9F234CB8","IntegrityLevel":"High","dataset":"botsv1"}
{"_time":"2016-08-24 10:33:24.000 MDT","sourcetype":"XmlWinEventLog:Microsoft-Windows-Sysmon/Operational","host":"we9041srv","Computer":"we9041srv.waynecorpinc.local","EventCode":"1","RecordID":"3676454","UtcTime":"2016-08-24 16:33:24.344","User":"NT AUTHORITY\\NETWORK SERVICE","Image":"C:\\Windows\\System32\\sppsvc.exe","ParentImage":"C:\\Windows\\System32\\services.exe","CommandLine":"C:\\Windows\\system32\\sppsvc.exe","ParentCommandLine":"C:\\Windows\\system32\\services.exe","ProcessGuid":"{46C72849-CC54-57BD-0000-0010103D4211}","ProcessId":"3384","CurrentDirectory":"C:\\Windows","Hashes":"SHA1=A6067788861F7395BF600115C02E564D58148903,MD5=4F68F08D3AF5AAE315800338932AF042,SHA256=466244C047467EEE3338FB83D9C8F1BE44BBBABADF4632706699DDA0D7131F07,IMPHASH=FFF3A317DE65DECC1266837AFEBCEF7D","IntegrityLevel":"System","dataset":"botsv1"}
{"_time":"2016-08-24 10:33:30.000 MDT","sourcetype":"XmlWinEventLog:Microsoft-Windows-Sysmon/Operational","host":"we9041srv","Computer":"we9041srv.waynecorpinc.local","EventCode":"1","RecordID":"3676536","UtcTime":"2016-08-24 16:33:30.157","User":"NT AUTHORITY\\SYSTEM","Image":"C:\\Windows\\servicing\\TrustedInstaller.exe","ParentImage":"C:\\Windows\\System32\\services.exe","CommandLine":"C:\\Windows\\servicing\\TrustedInstaller.exe","ParentCommandLine":"C:\\Windows\\system32\\services.exe","ProcessGuid":"{46C72849-CC5A-57BD-0000-0010E2A14211}","ProcessId":"3168","CurrentDirectory":"C:\\Windows\\system32\\","Hashes":"SHA1=0DE5DF021187D42B65053DAA7F4550F22C2DBCBF,MD5=DA56FFA46030E6FEB215E3D5DAA65B11,SHA256=36B5EED8F9044475000362DBFC8A2A40B889ED46382CCEFB6BA04BE0442F98C2,IMPHASH=15643DFE267DDE745B2E700AFBCF4187","IntegrityLevel":"System","dataset":"botsv1"}
{"_time":"2016-08-24 10:33:30.000 MDT","sourcetype":"XmlWinEventLog:Microsoft-Windows-Sysmon/Operational","host":"we9041srv","Computer":"we9041srv.waynecorpinc.local","EventCode":"1","RecordID":"3676558","UtcTime":"2016-08-24 16:33:30.200","User":"NT AUTHORITY\\SYSTEM","Image":"C:\\Windows\\WinSxS\\amd64_microsoft-windows-servicingstack_31bf3856ad364e35_6.3.9600.16384_none_fa1dc1539b4180d8\\TiWorker.exe","ParentImage":"C:\\Windows\\System32\\svchost.exe","CommandLine":"C:\\Windows\\winsxs\\amd64_microsoft-windows-servicingstack_31bf3856ad364e35_6.3.9600.16384_none_fa1dc1539b4180d8\\TiWorker.exe -Embedding","ParentCommandLine":"C:\\Windows\\system32\\svchost.exe -k DcomLaunch","ProcessGuid":"{46C72849-CC5A-57BD-0000-00100CA54211}","ProcessId":"1988","CurrentDirectory":"C:\\Windows\\system32\\","Hashes":"SHA1=32F7E75039199A36B4FDDD72D7871A47E8518F14,MD5=B0F39BCB8A7B81E0A78D66210CB7F832,SHA256=5B52BC87DC9A704CD19AF3C8625EA70BB13B0C2F48C721EFC4A78FC8A143C823,IMPHASH=B651AC7CCD187F88126BCB4797216440","IntegrityLevel":"System","dataset":"botsv1"}
{"_time":"2016-08-24 10:33:30.000 MDT","sourcetype":"XmlWinEventLog:Microsoft-Windows-Sysmon/Operational","host":"we9041srv","Computer":"we9041srv.waynecorpinc.local","EventCode":"1","RecordID":"3676602","UtcTime":"2016-08-24 16:33:30.438","User":"WAYNECORPINC\\Administrator","Image":"C:\\Windows\\System32\\conhost.exe","ParentImage":"C:\\Windows\\System32\\cmd.exe","CommandLine":"\\??\\C:\\Windows\\system32\\conhost.exe 0xffffffff","ParentCommandLine":"cmd /c netsh wlan show interface &gt; %SystemRoot%\\TEMP\\nessus_JMJL39S5.TMP &amp; move %SystemRoot%\\TEMP\\nessus_JMJL39S5.TMP %SystemRoot%\\TEMP\\nessus_JMJL39S5.TXT","ProcessGuid":"{46C72849-CC5A-57BD-0000-0010CEB94211}","ProcessId":"3740","CurrentDirectory":"C:\\Windows","Hashes":"SHA1=2C6B753628A3AA138AE52357F76AA4D5617D890E,MD5=626A9EC445D06FBC1502BF53A1E3356B,SHA256=42A43BF18F7C0FA4DB997E8B7688711C9B36BD73D5F013FA5B418F0956A92266,IMPHASH=766BBBC554510CAA578DC083D295D781","IntegrityLevel":"High","dataset":"botsv1"}
{"_time":"2016-08-24 10:33:30.000 MDT","sourcetype":"XmlWinEventLog:Microsoft-Windows-Sysmon/Operational","host":"we9041srv","Computer":"we9041srv.waynecorpinc.local","EventCode":"1","RecordID":"3676597","UtcTime":"2016-08-24 16:33:30.438","User":"WAYNECORPINC\\Administrator","Image":"C:\\Windows\\System32\\cmd.exe","ParentImage":"C:\\Windows\\System32\\wbem\\WmiPrvSE.exe","CommandLine":"cmd /c netsh wlan show interface &gt; %SystemRoot%\\TEMP\\nessus_JMJL39S5.TMP &amp; move %SystemRoot%\\TEMP\\nessus_JMJL39S5.TMP %SystemRoot%\\TEMP\\nessus_JMJL39S5.TXT","ParentCommandLine":"C:\\Windows\\system32\\wbem\\wmiprvse.exe -secured -Embedding","ProcessGuid":"{46C72849-CC5A-57BD-0000-001062B94211}","ProcessId":"1872","CurrentDirectory":"C:\\Windows\\system32\\","Hashes":"SHA1=0C2E3CF2D2F09792960A73DC772A086E99A96764,MD5=FC0B4A626881D7C5980D757214DB2D25,SHA256=0B9BC863E2807B6886760480083E51BA8A66118659F4FF274E7B73944D2219F5,IMPHASH=77AED1ADAF24B344F08C8AD1432908C3","IntegrityLevel":"High","dataset":"botsv1"}
{"_time":"2016-08-24 10:33:30.000 MDT","sourcetype":"XmlWinEventLog:Microsoft-Windows-Sysmon/Operational","host":"we9041srv","Computer":"we9041srv.waynecorpinc.local","EventCode":"1","RecordID":"3676615","UtcTime":"2016-08-24 16:33:30.454","User":"WAYNECORPINC\\Administrator","Image":"C:\\Windows\\System32\\netsh.exe","ParentImage":"C:\\Windows\\System32\\cmd.exe","CommandLine":"netsh  wlan show interface","ParentCommandLine":"cmd /c netsh wlan show interface &gt; %SystemRoot%\\TEMP\\nessus_JMJL39S5.TMP &amp; move %SystemRoot%\\TEMP\\nessus_JMJL39S5.TMP %SystemRoot%\\TEMP\\nessus_JMJL39S5.TXT","ProcessGuid":"{46C72849-CC5A-57BD-0000-00106FBB4211}","ProcessId":"1288","CurrentDirectory":"C:\\Windows\\system32\\","Hashes":"SHA1=092E4FAC4F217FE84E793DE453351EF7274705DC,MD5=2E2A9F0CB26FDDC2A7E4F24154EB4CB7,SHA256=4A6664C26BFE55505BDEB201957FE8E3AF608EFDA4984D6D218692699B105ADF,IMPHASH=04CF436261F8DE825C12BF4D40FB0728","IntegrityLevel":"High","dataset":"botsv1"}
{"_time":"2016-08-24 10:33:32.000 MDT","sourcetype":"XmlWinEventLog:Microsoft-Windows-Sysmon/Operational","host":"we9041srv","Computer":"we9041srv.waynecorpinc.local","EventCode":"1","RecordID":"3676726","UtcTime":"2016-08-24 16:33:32.313","User":"NT AUTHORITY\\SYSTEM","Image":"C:\\Windows\\System32\\wbem\\WmiPrvSE.exe","ParentImage":"C:\\Windows\\System32\\svchost.exe","CommandLine":"C:\\Windows\\system32\\wbem\\wmiprvse.exe -Embedding","ParentCommandLine":"C:\\Windows\\system32\\svchost.exe -k DcomLaunch","ProcessGuid":"{46C72849-CC5C-57BD-0000-00100ED34211}","ProcessId":"1752","CurrentDirectory":"C:\\Windows\\system32\\","Hashes":"SHA1=5A4C0E82FF95C9FB762D46A696EF9F1B68001C21,MD5=CE6D08350D0A1278E9A97D94023D1800,SHA256=54AACAADDD25CC44B59A7637C3A1E7E3A8392CC6D22F4D2C5A202D29BF44AFC1,IMPHASH=5A7EE01A26FA2C5B5D57484D6FD004A4","IntegrityLevel":"System","dataset":"botsv1"}
{"_time":"2016-08-24 10:33:44.000 MDT","sourcetype":"XmlWinEventLog:Microsoft-Windows-Sysmon/Operational","host":"we9041srv","Computer":"we9041srv.waynecorpinc.local","EventCode":"1","RecordID":"3676782","UtcTime":"2016-08-24 16:33:44.484","User":"WAYNECORPINC\\Administrator","Image":"C:\\Windows\\System32\\conhost.exe","ParentImage":"C:\\Windows\\System32\\cmd.exe","CommandLine":"\\??\\C:\\Windows\\system32\\conhost.exe 0xffffffff","ParentCommandLine":"cmd /c \"tasklist /svc &gt; %SystemRoot%\\TEMP\\nessus_task_listI8RC8S8K.TMP &amp; ren %SystemRoot%\\TEMP\\nessus_task_listI8RC8S8K.TMP nessus_task_listI8RC8S8K.TXT\"","ProcessGuid":"{46C72849-CC68-57BD-0000-00105EE74211}","ProcessId":"2036","CurrentDirectory":"C:\\Windows","Hashes":"SHA1=2C6B753628A3AA138AE52357F76AA4D5617D890E,MD5=626A9EC445D06FBC1502BF53A1E3356B,SHA256=42A43BF18F7C0FA4DB997E8B7688711C9B36BD73D5F013FA5B418F0956A92266,IMPHASH=766BBBC554510CAA578DC083D295D781","IntegrityLevel":"High","dataset":"botsv1"}
{"_time":"2016-08-24 10:33:44.000 MDT","sourcetype":"XmlWinEventLog:Microsoft-Windows-Sysmon/Operational","host":"we9041srv","Computer":"we9041srv.waynecorpinc.local","EventCode":"1","RecordID":"3676777","UtcTime":"2016-08-24 16:33:44.484","User":"WAYNECORPINC\\Administrator","Image":"C:\\Windows\\System32\\cmd.exe","ParentImage":"C:\\Windows\\System32\\wbem\\WmiPrvSE.exe","CommandLine":"cmd /c \"tasklist /svc &gt; %SystemRoot%\\TEMP\\nessus_task_listI8RC8S8K.TMP &amp; ren %SystemRoot%\\TEMP\\nessus_task_listI8RC8S8K.TMP nessus_task_listI8RC8S8K.TXT\"","ParentCommandLine":"C:\\Windows\\system32\\wbem\\wmiprvse.exe -secured -Embedding","ProcessGuid":"{46C72849-CC68-57BD-0000-0010F2E64211}","ProcessId":"3720","CurrentDirectory":"C:\\Windows\\system32\\","Hashes":"SHA1=0C2E3CF2D2F09792960A73DC772A086E99A96764,MD5=FC0B4A626881D7C5980D757214DB2D25,SHA256=0B9BC863E2807B6886760480083E51BA8A66118659F4FF274E7B73944D2219F5,IMPHASH=77AED1ADAF24B344F08C8AD1432908C3","IntegrityLevel":"High","dataset":"botsv1"}
{"_time":"2016-08-24 10:33:44.000 MDT","sourcetype":"XmlWinEventLog:Microsoft-Windows-Sysmon/Operational","host":"we9041srv","Computer":"we9041srv.waynecorpinc.local","EventCode":"1","RecordID":"3676796","UtcTime":"2016-08-24 16:33:44.531","User":"WAYNECORPINC\\Administrator","Image":"C:\\Windows\\System32\\tasklist.exe","ParentImage":"C:\\Windows\\System32\\cmd.exe","CommandLine":"tasklist  /svc","ParentCommandLine":"cmd /c \"tasklist /svc &gt; %SystemRoot%\\TEMP\\nessus_task_listI8RC8S8K.TMP &amp; ren %SystemRoot%\\TEMP\\nessus_task_listI8RC8S8K.TMP nessus_task_listI8RC8S8K.TXT\"","ProcessGuid":"{46C72849-CC68-57BD-0000-0010DBE84211}","ProcessId":"2476","CurrentDirectory":"C:\\Windows\\system32\\","Hashes":"SHA1=12512117A3C2878EA72F8AEB7AA6BB0CB3736D5F,MD5=2C68B82E4BB73C75E3C7D0FD6BBB64D4,SHA256=450E1F4F6D6CE0E1F4814E667FFBD6E7A670A19F27EE153555C570A11BC97736,IMPHASH=58BB78CA7598B6BB6EEF6E720A50E9BF","IntegrityLevel":"High","dataset":"botsv1"}
{"_time":"2016-08-24 10:33:46.000 MDT","sourcetype":"XmlWinEventLog:Microsoft-Windows-Sysmon/Operational","host":"we1149srv","Computer":"we1149srv.waynecorpinc.local","EventCode":"1","RecordID":"3791891","UtcTime":"2016-08-24 16:33:46.698","User":"IIS APPPOOL\\DefaultAppPool","Image":"C:\\Windows\\System32\\inetsrv\\w3wp.exe","ParentImage":"C:\\Windows\\System32\\svchost.exe","CommandLine":"c:\\windows\\system32\\inetsrv\\w3wp.exe -ap \"DefaultAppPool\" -v \"v4.0\" -l \"webengine4.dll\" -a \\\\.\\pipe\\iisipm45a13fae-8ca5-408b-a9e4-631fc0631086 -h \"C:\\inetpub\\temp\\apppools\\DefaultAppPool\\DefaultAppPool.config\" -w \"\" -m 0 -t 20 -ta 0","ParentCommandLine":"C:\\Windows\\system32\\svchost.exe -k iissvcs","ProcessGuid":"{E500B0EA-CC6A-57BD-0000-00108663B213}","ProcessId":"2416","CurrentDirectory":"c:\\windows\\system32\\inetsrv\\","Hashes":"SHA1=8502B1E8149C813392D9B96913807D8613A58164,MD5=53D274E63A0A3A2AC19D5684648CB49E,SHA256=6CD7CC4B72DB91F168C36C500C1BE9AE391C1FF09CD65295BB24267D35373FD9,IMPHASH=8EA5AED0C3012736BB8690863A0D6163","IntegrityLevel":"High","dataset":"botsv1"}
{"_time":"2016-08-24 10:33:52.000 MDT","sourcetype":"XmlWinEventLog:Microsoft-Windows-Sysmon/Operational","host":"we8105desk","Computer":"we8105desk.waynecorpinc.local","EventCode":"1","RecordID":"357431","UtcTime":"2016-08-24 16:33:52.440","User":"NT AUTHORITY\\NETWORK SERVICE","Image":"C:\\Windows\\System32\\wbem\\WmiPrvSE.exe","ParentImage":"C:\\Windows\\System32\\svchost.exe","CommandLine":"C:\\Windows\\system32\\wbem\\wmiprvse.exe -secured -Embedding","ParentCommandLine":"C:\\Windows\\system32\\svchost.exe -k DcomLaunch","ProcessGuid":"{0F2D76F0-CC70-57BD-0000-00104AEE1500}","ProcessId":"1516","CurrentDirectory":"C:\\Windows\\system32\\","Hashes":"SHA1=9F5A4796B58D8B104A1C0F5A63DAF0032B947966,MD5=619A67C9F617B7E69315BB28ECD5E1DF,SHA256=F34F231D117CCDFEBB9CB35C8D6FDFA7051DA27FDC1204FCCFF361FC0B13A0FF,IMPHASH=C1E65C7FF153F2C2E6A7E93706AE226A","IntegrityLevel":"System","dataset":"botsv1"}
{"_time":"2016-08-24 10:33:53.000 MDT","sourcetype":"XmlWinEventLog:Microsoft-Windows-Sysmon/Operational","host":"we8105desk","Computer":"we8105desk.waynecorpinc.local","EventCode":"1","RecordID":"357487","UtcTime":"2016-08-24 16:33:53.205","User":"WAYNECORPINC\\Administrator","Image":"C:\\Windows\\System32\\cmd.exe","ParentImage":"C:\\Windows\\System32\\wbem\\WmiPrvSE.exe","CommandLine":"cmd /c \"netstat -ano &gt; %SystemRoot%\\TEMP\\nessus_4UC962OK.TMP &amp; ren %SystemRoot%\\TEMP\\nessus_4UC962OK.TMP nessus_4UC962OK.TXT\"","ParentCommandLine":"C:\\Windows\\system32\\wbem\\wmiprvse.exe -secured -Embedding","ProcessGuid":"{0F2D76F0-CC71-57BD-0000-0010DAFA1500}","ProcessId":"656","CurrentDirectory":"C:\\Windows\\system32\\","Hashes":"SHA1=0F3C4FF28F354AEDE202D54E9D1C5529A3BF87D8,MD5=5746BD7E255DD6A8AFA06F7C42C1BA41,SHA256=DB06C3534964E3FC79D2763144BA53742D7FA250CA336F4A0FE724B75AAFF386,IMPHASH=D0058544E4588B1B2290B7F4D830EB0A","IntegrityLevel":"High","dataset":"botsv1"}
{"_time":"2016-08-24 10:33:53.000 MDT","sourcetype":"XmlWinEventLog:Microsoft-Windows-Sysmon/Operational","host":"we8105desk","Computer":"we8105desk.waynecorpinc.local","EventCode":"1","RecordID":"357507","UtcTime":"2016-08-24 16:33:53.252","User":"WAYNECORPINC\\Administrator","Image":"C:\\Windows\\System32\\conhost.exe","ParentImage":"C:\\Windows\\System32\\csrss.exe","CommandLine":"\\??\\C:\\Windows\\system32\\conhost.exe","ParentCommandLine":"%SystemRoot%\\system32\\csrss.exe ObjectDirectory=\\Windows SharedSection=1024,20480,768 Windows=On SubSystemType=Windows ServerDll=basesrv,1 ServerDll=winsrv:UserServerDllInitialization,3 ServerDll=winsrv:ConServerDllInitialization,2 ServerDll=sxssrv,4 ProfileControl=Off MaxRequestThreads=16","ProcessGuid":"{0F2D76F0-CC71-57BD-0000-001031FC1500}","ProcessId":"748","CurrentDirectory":"C:\\Windows\\system32\\","Hashes":"SHA1=680DEC0F8907F4B8911FBE2AA5F2FD25425BE0B0,MD5=BD51024FB014064BC9FE8C715C18392F,SHA256=23F7AB98268F88E6CA9EE96B3DDBC6AA745BFFACD2E5F80A211CE48D976EB9A4,IMPHASH=C2AE82D74851F310DFB66DA9B301EF7E","IntegrityLevel":"High","dataset":"botsv1"}
{"_time":"2016-08-24 10:33:53.000 MDT","sourcetype":"XmlWinEventLog:Microsoft-Windows-Sysmon/Operational","host":"we8105desk","Computer":"we8105desk.waynecorpinc.local","EventCode":"1","RecordID":"357490","UtcTime":"2016-08-24 16:33:53.252","User":"NT AUTHORITY\\SYSTEM","Image":"C:\\Windows\\System32\\SearchProtocolHost.exe","ParentImage":"C:\\Windows\\System32\\SearchIndexer.exe","CommandLine":"\"C:\\Windows\\system32\\SearchProtocolHost.exe\" Global\\UsGthrFltPipeMssGthrPipe7_ Global\\UsGthrCtrlFltPipeMssGthrPipe7 1 -2147483646 \"Software\\Microsoft\\Windows Search\" \"Mozilla/4.0 (compatible; MSIE 6.0; Windows NT; MS Search 4.0 Robot)\" \"C:\\ProgramData\\Microsoft\\Search\\Data\\Temp\\usgthrsvc\" \"DownLevelDaemon\"","ParentCommandLine":"C:\\Windows\\system32\\SearchIndexer.exe /Embedding","ProcessGuid":"{0F2D76F0-CC71-57BD-0000-0010B1FB1500}","ProcessId":"3184","CurrentDirectory":"C:\\Windows\\system32\\","Hashes":"SHA1=A8DCF7D63A8BB5ABEF8787775957A5BB6C0F3F77,MD5=42EC9065D9BF266ADE924B066C783A56,SHA256=4AC002E90A52CB0998DA78F2995294EE77B89FB2BE709B0E3C8E1627212BCCDC,IMPHASH=3E21C2C0BFB7FA9AAD5C782DBF401846","IntegrityLevel":"System","dataset":"botsv1"}
{"_time":"2016-08-24 10:33:53.000 MDT","sourcetype":"XmlWinEventLog:Microsoft-Windows-Sysmon/Operational","host":"we8105desk","Computer":"we8105desk.waynecorpinc.local","EventCode":"1","RecordID":"357530","UtcTime":"2016-08-24 16:33:53.298","User":"NT AUTHORITY\\SYSTEM","Image":"C:\\Windows\\System32\\SearchFilterHost.exe","ParentImage":"C:\\Windows\\System32\\SearchIndexer.exe","CommandLine":"\"C:\\Windows\\system32\\SearchFilterHost.exe\" 0 524 528 536 65536 532","ParentCommandLine":"C:\\Windows\\system32\\SearchIndexer.exe /Embedding","ProcessGuid":"{0F2D76F0-CC71-57BD-0000-001006011600}","ProcessId":"2676","CurrentDirectory":"C:\\Windows\\system32\\","Hashes":"SHA1=904A3B130E3DB7CEA97F31CC40D64D9026FF6E41,MD5=52D56D1013D4F1B99102679314CC5325,SHA256=F8F6C41FEC774C71A85C91DFEB057076D018E5A64CE1D7B7D9D202CA65B34758,IMPHASH=48476C179FBF9FC0CC7AE2A8A5FB1073","IntegrityLevel":"Medium","dataset":"botsv1"}
{"_time":"2016-08-24 10:33:53.000 MDT","sourcetype":"XmlWinEventLog:Microsoft-Windows-Sysmon/Operational","host":"we8105desk","Computer":"we8105desk.waynecorpinc.local","EventCode":"1","RecordID":"357549","UtcTime":"2016-08-24 16:33:53.314","User":"WAYNECORPINC\\Administrator","Image":"C:\\Windows\\System32\\NETSTAT.EXE","ParentImage":"C:\\Windows\\System32\\cmd.exe","CommandLine":"netstat  -ano","ParentCommandLine":"cmd /c \"netstat -ano &gt; %SystemRoot%\\TEMP\\nessus_4UC962OK.TMP &amp; ren %SystemRoot%\\TEMP\\nessus_4UC962OK.TMP nessus_4UC962OK.TXT\"","ProcessGuid":"{0F2D76F0-CC71-57BD-0000-00105B041600}","ProcessId":"4008","CurrentDirectory":"C:\\Windows\\system32\\","Hashes":"SHA1=AC4A74D027962554608CE9A90BB8204788ABCD3C,MD5=6F39F6F48CD4828B2C87EB2D2CAB45A5,SHA256=5C748735F5D876A84163D16B042F3AC92D27131B352012E42E16FAE89D1A890D,IMPHASH=34FB0A5FAFDAA2B632D3DFD5AF069DFA","IntegrityLevel":"High","dataset":"botsv1"}
{"_time":"2016-08-24 10:34:04.000 MDT","sourcetype":"XmlWinEventLog:Microsoft-Windows-Sysmon/Operational","host":"we8105desk","Computer":"we8105desk.waynecorpinc.local","EventCode":"1","RecordID":"357802","UtcTime":"2016-08-24 16:34:04.780","User":"NT AUTHORITY\\SYSTEM","Image":"C:\\Windows\\servicing\\TrustedInstaller.exe","ParentImage":"C:\\Windows\\System32\\services.exe","CommandLine":"C:\\Windows\\servicing\\TrustedInstaller.exe","ParentCommandLine":"C:\\Windows\\system32\\services.exe","ProcessGuid":"{0F2D76F0-CC7C-57BD-0000-001078801700}","ProcessId":"3572","CurrentDirectory":"C:\\Windows\\system32\\","Hashes":"SHA1=9BC06A0461B5AB060CA8C15292AB73F83F473FC7,MD5=773212B2AAA24C1E31F10246B15B276C,SHA256=F2EF85F5ABA307976D9C649D710B408952089458DDE97D4DEF321DF14E46A046,IMPHASH=63E88780B99084AE5381CEA6F20FDC8B","IntegrityLevel":"System","dataset":"botsv1"}
{"_time":"2016-08-24 10:34:05.000 MDT","sourcetype":"XmlWinEventLog:Microsoft-Windows-Sysmon/Operational","host":"we8105desk","Computer":"we8105desk.waynecorpinc.local","EventCode":"1","RecordID":"357837","UtcTime":"2016-08-24 16:34:05.139","User":"WAYNECORPINC\\Administrator","Image":"C:\\Windows\\System32\\cmd.exe","ParentImage":"C:\\Windows\\System32\\wbem\\WmiPrvSE.exe","CommandLine":"cmd /c netsh wlan show interface &gt; %SystemRoot%\\TEMP\\nessus_IQK9FYH1.TMP &amp; move %SystemRoot%\\TEMP\\nessus_IQK9FYH1.TMP %SystemRoot%\\TEMP\\nessus_IQK9FYH1.TXT","ParentCommandLine":"C:\\Windows\\system32\\wbem\\wmiprvse.exe -secured -Embedding","ProcessGuid":"{0F2D76F0-CC7D-57BD-0000-0010038A1700}","ProcessId":"1052","CurrentDirectory":"C:\\Windows\\system32\\","Hashes":"SHA1=0F3C4FF28F354AEDE202D54E9D1C5529A3BF87D8,MD5=5746BD7E255DD6A8AFA06F7C42C1BA41,SHA256=DB06C3534964E3FC79D2763144BA53742D7FA250CA336F4A0FE724B75AAFF386,IMPHASH=D0058544E4588B1B2290B7F4D830EB0A","IntegrityLevel":"High","dataset":"botsv1"}
{"_time":"2016-08-24 10:34:05.000 MDT","sourcetype":"XmlWinEventLog:Microsoft-Windows-Sysmon/Operational","host":"we8105desk","Computer":"we8105desk.waynecorpinc.local","EventCode":"1","RecordID":"357842","UtcTime":"2016-08-24 16:34:05.154","User":"WAYNECORPINC\\Administrator","Image":"C:\\Windows\\System32\\conhost.exe","ParentImage":"C:\\Windows\\System32\\csrss.exe","CommandLine":"\\??\\C:\\Windows\\system32\\conhost.exe","ParentCommandLine":"%SystemRoot%\\system32\\csrss.exe ObjectDirectory=\\Windows SharedSection=1024,20480,768 Windows=On SubSystemType=Windows ServerDll=basesrv,1 ServerDll=winsrv:UserServerDllInitialization,3 ServerDll=winsrv:ConServerDllInitialization,2 ServerDll=sxssrv,4 ProfileControl=Off MaxRequestThreads=16","ProcessGuid":"{0F2D76F0-CC7D-57BD-0000-0010A38A1700}","ProcessId":"1760","CurrentDirectory":"C:\\Windows\\system32\\","Hashes":"SHA1=680DEC0F8907F4B8911FBE2AA5F2FD25425BE0B0,MD5=BD51024FB014064BC9FE8C715C18392F,SHA256=23F7AB98268F88E6CA9EE96B3DDBC6AA745BFFACD2E5F80A211CE48D976EB9A4,IMPHASH=C2AE82D74851F310DFB66DA9B301EF7E","IntegrityLevel":"High","dataset":"botsv1"}
{"_time":"2016-08-24 10:34:05.000 MDT","sourcetype":"XmlWinEventLog:Microsoft-Windows-Sysmon/Operational","host":"we8105desk","Computer":"we8105desk.waynecorpinc.local","EventCode":"1","RecordID":"357872","UtcTime":"2016-08-24 16:34:05.185","User":"WAYNECORPINC\\Administrator","Image":"C:\\Windows\\System32\\netsh.exe","ParentImage":"C:\\Windows\\System32\\cmd.exe","CommandLine":"netsh  wlan show interface","ParentCommandLine":"cmd /c netsh wlan show interface &gt; %SystemRoot%\\TEMP\\nessus_IQK9FYH1.TMP &amp; move %SystemRoot%\\TEMP\\nessus_IQK9FYH1.TMP %SystemRoot%\\TEMP\\nessus_IQK9FYH1.TXT","ProcessGuid":"{0F2D76F0-CC7D-57BD-0000-0010AB8E1700}","ProcessId":"1388","CurrentDirectory":"C:\\Windows\\system32\\","Hashes":"SHA1=BE48070856D4A1097B0DE1228711593728BB6EE1,MD5=637982A421D0133DCEAA0D1490D1DC9C,SHA256=CBAA8242C1013E4D9E48BEE146D6AC3ABF8B2370B7390D80A01344771A097B2A,IMPHASH=A9A596A237E98DC6D3B3E70DFC581E35","IntegrityLevel":"High","dataset":"botsv1"}
{"_time":"2016-08-24 10:34:06.000 MDT","sourcetype":"XmlWinEventLog:Microsoft-Windows-Sysmon/Operational","host":"we8105desk","Computer":"we8105desk.waynecorpinc.local","EventCode":"1","RecordID":"357986","UtcTime":"2016-08-24 16:34:06.277","User":"NT AUTHORITY\\LOCAL SERVICE","Image":"C:\\Windows\\System32\\svchost.exe","ParentImage":"C:\\Windows\\System32\\services.exe","CommandLine":"C:\\Windows\\system32\\svchost.exe -k regsvc","ParentCommandLine":"C:\\Windows\\system32\\services.exe","ProcessGuid":"{0F2D76F0-CC7E-57BD-0000-00100DEB1700}","ProcessId":"3780","CurrentDirectory":"C:\\Windows\\system32\\","Hashes":"SHA1=619652B42AFE5FB0E3719D7AEDA7A5494AB193E8,MD5=C78655BC80301D76ED4FEF1C1EA40A7D,SHA256=93B2ED4004ED5F7F3039DD7ECBD22C7E4E24B6373B4D9EF8D6E45A179B13A5E8,IMPHASH=A72A57A50050874D785495B82D201CF8","IntegrityLevel":"System","dataset":"botsv1"}
{"_time":"2016-08-24 10:34:06.000 MDT","sourcetype":"XmlWinEventLog:Microsoft-Windows-Sysmon/Operational","host":"we8105desk","Computer":"we8105desk.waynecorpinc.local","EventCode":"1","RecordID":"358077","UtcTime":"2016-08-24 16:34:06.901","User":"NT AUTHORITY\\SYSTEM","Image":"C:\\Windows\\System32\\wbem\\WmiPrvSE.exe","ParentImage":"C:\\Windows\\System32\\svchost.exe","CommandLine":"C:\\Windows\\system32\\wbem\\wmiprvse.exe -Embedding","ParentCommandLine":"C:\\Windows\\system32\\svchost.exe -k DcomLaunch","ProcessGuid":"{0F2D76F0-CC7E-57BD-0000-0010070C1800}","ProcessId":"3772","CurrentDirectory":"C:\\Windows\\system32\\","Hashes":"SHA1=9F5A4796B58D8B104A1C0F5A63DAF0032B947966,MD5=619A67C9F617B7E69315BB28ECD5E1DF,SHA256=F34F231D117CCDFEBB9CB35C8D6FDFA7051DA27FDC1204FCCFF361FC0B13A0FF,IMPHASH=C1E65C7FF153F2C2E6A7E93706AE226A","IntegrityLevel":"System","dataset":"botsv1"}
{"_time":"2016-08-24 10:34:11.000 MDT","sourcetype":"XmlWinEventLog:Microsoft-Windows-Sysmon/Operational","host":"we9041srv","Computer":"we9041srv.waynecorpinc.local","EventCode":"1","RecordID":"3677166","UtcTime":"2016-08-24 16:34:11.577","User":"WAYNECORPINC\\Administrator","Image":"C:\\Windows\\System32\\conhost.exe","ParentImage":"C:\\Windows\\System32\\cmd.exe","CommandLine":"\\??\\C:\\Windows\\system32\\conhost.exe 0xffffffff","ParentCommandLine":"cmd /c netsh advfirewall firewall show rule name=all verbose &gt; %SystemRoot%\\TEMP\\nessus_SV9VMSPT.TMP &amp; cmd /c netsh advfirewall show allprofiles firewallpolicy &gt;&gt; %SystemRoot%\\TEMP\\nessus_SV9VMSPT.TMP &amp; move %SystemRoot%\\TEMP\\nessus_SV9VMSPT.TMP %SystemRoot%\\TEMP\\nessus_SV9VMSPT.TXT","ProcessGuid":"{46C72849-CC83-57BD-0000-0010721F4911}","ProcessId":"2552","CurrentDirectory":"C:\\Windows","Hashes":"SHA1=2C6B753628A3AA138AE52357F76AA4D5617D890E,MD5=626A9EC445D06FBC1502BF53A1E3356B,SHA256=42A43BF18F7C0FA4DB997E8B7688711C9B36BD73D5F013FA5B418F0956A92266,IMPHASH=766BBBC554510CAA578DC083D295D781","IntegrityLevel":"High","dataset":"botsv1"}
{"_time":"2016-08-24 10:34:11.000 MDT","sourcetype":"XmlWinEventLog:Microsoft-Windows-Sysmon/Operational","host":"we9041srv","Computer":"we9041srv.waynecorpinc.local","EventCode":"1","RecordID":"3677161","UtcTime":"2016-08-24 16:34:11.577","User":"WAYNECORPINC\\Administrator","Image":"C:\\Windows\\System32\\cmd.exe","ParentImage":"C:\\Windows\\System32\\wbem\\WmiPrvSE.exe","CommandLine":"cmd /c netsh advfirewall firewall show rule name=all verbose &gt; %SystemRoot%\\TEMP\\nessus_SV9VMSPT.TMP &amp; cmd /c netsh advfirewall show allprofiles firewallpolicy &gt;&gt; %SystemRoot%\\TEMP\\nessus_SV9VMSPT.TMP &amp; move %SystemRoot%\\TEMP\\nessus_SV9VMSPT.TMP %SystemRoot%\\TEMP\\nessus_SV9VMSPT.TXT","ParentCommandLine":"C:\\Windows\\system32\\wbem\\wmiprvse.exe -secured -Embedding","ProcessGuid":"{46C72849-CC83-57BD-0000-0010061F4911}","ProcessId":"3836","CurrentDirectory":"C:\\Windows\\system32\\","Hashes":"SHA1=0C2E3CF2D2F09792960A73DC772A086E99A96764,MD5=FC0B4A626881D7C5980D757214DB2D25,SHA256=0B9BC863E2807B6886760480083E51BA8A66118659F4FF274E7B73944D2219F5,IMPHASH=77AED1ADAF24B344F08C8AD1432908C3","IntegrityLevel":"High","dataset":"botsv1"}
{"_time":"2016-08-24 10:34:11.000 MDT","sourcetype":"XmlWinEventLog:Microsoft-Windows-Sysmon/Operational","host":"we9041srv","Computer":"we9041srv.waynecorpinc.local","EventCode":"1","RecordID":"3677180","UtcTime":"2016-08-24 16:34:11.593","User":"WAYNECORPINC\\Administrator","Image":"C:\\Windows\\System32\\netsh.exe","ParentImage":"C:\\Windows\\System32\\cmd.exe","CommandLine":"netsh  advfirewall firewall show rule name=all verbose","ParentCommandLine":"cmd /c netsh advfirewall firewall show rule name=all verbose &gt; %SystemRoot%\\TEMP\\nessus_SV9VMSPT.TMP &amp; cmd /c netsh advfirewall show allprofiles firewallpolicy &gt;&gt; %SystemRoot%\\TEMP\\nessus_SV9VMSPT.TMP &amp; move %SystemRoot%\\TEMP\\nessus_SV9VMSPT.TMP %SystemRoot%\\TEMP\\nessus_SV9VMSPT.TXT","ProcessGuid":"{46C72849-CC83-57BD-0000-0010EC204911}","ProcessId":"2468","CurrentDirectory":"C:\\Windows\\system32\\","Hashes":"SHA1=092E4FAC4F217FE84E793DE453351EF7274705DC,MD5=2E2A9F0CB26FDDC2A7E4F24154EB4CB7,SHA256=4A6664C26BFE55505BDEB201957FE8E3AF608EFDA4984D6D218692699B105ADF,IMPHASH=04CF436261F8DE825C12BF4D40FB0728","IntegrityLevel":"High","dataset":"botsv1"}
{"_time":"2016-08-24 10:34:11.000 MDT","sourcetype":"XmlWinEventLog:Microsoft-Windows-Sysmon/Operational","host":"we9041srv","Computer":"we9041srv.waynecorpinc.local","EventCode":"1","RecordID":"3677281","UtcTime":"2016-08-24 16:34:11.827","User":"WAYNECORPINC\\Administrator","Image":"C:\\Windows\\System32\\cmd.exe","ParentImage":"C:\\Windows\\System32\\cmd.exe","CommandLine":"cmd  /c netsh advfirewall show allprofiles firewallpolicy","ParentCommandLine":"cmd /c netsh advfirewall firewall show rule name=all verbose &gt; %SystemRoot%\\TEMP\\nessus_SV9VMSPT.TMP &amp; cmd /c netsh advfirewall show allprofiles firewallpolicy &gt;&gt; %SystemRoot%\\TEMP\\nessus_SV9VMSPT.TMP &amp; move %SystemRoot%\\TEMP\\nessus_SV9VMSPT.TMP %SystemRoot%\\TEMP\\nessus_SV9VMSPT.TXT","ProcessGuid":"{46C72849-CC83-57BD-0000-0010B2494911}","ProcessId":"2696","CurrentDirectory":"C:\\Windows\\system32\\","Hashes":"SHA1=0C2E3CF2D2F09792960A73DC772A086E99A96764,MD5=FC0B4A626881D7C5980D757214DB2D25,SHA256=0B9BC863E2807B6886760480083E51BA8A66118659F4FF274E7B73944D2219F5,IMPHASH=77AED1ADAF24B344F08C8AD1432908C3","IntegrityLevel":"High","dataset":"botsv1"}
{"_time":"2016-08-24 10:34:11.000 MDT","sourcetype":"XmlWinEventLog:Microsoft-Windows-Sysmon/Operational","host":"we9041srv","Computer":"we9041srv.waynecorpinc.local","EventCode":"1","RecordID":"3677287","UtcTime":"2016-08-24 16:34:11.843","User":"WAYNECORPINC\\Administrator","Image":"C:\\Windows\\System32\\netsh.exe","ParentImage":"C:\\Windows\\System32\\cmd.exe","CommandLine":"netsh  advfirewall show allprofiles firewallpolicy","ParentCommandLine":"cmd  /c netsh advfirewall show allprofiles firewallpolicy","ProcessGuid":"{46C72849-CC83-57BD-0000-00105F4A4911}","ProcessId":"1824","CurrentDirectory":"C:\\Windows\\system32\\","Hashes":"SHA1=092E4FAC4F217FE84E793DE453351EF7274705DC,MD5=2E2A9F0CB26FDDC2A7E4F24154EB4CB7,SHA256=4A6664C26BFE55505BDEB201957FE8E3AF608EFDA4984D6D218692699B105ADF,IMPHASH=04CF436261F8DE825C12BF4D40FB0728","IntegrityLevel":"High","dataset":"botsv1"}
{"_time":"2016-08-24 10:34:14.000 MDT","sourcetype":"XmlWinEventLog:Microsoft-Windows-Sysmon/Operational","host":"we9041srv","Computer":"we9041srv.waynecorpinc.local","EventCode":"1","RecordID":"3677410","UtcTime":"2016-08-24 16:34:14.733","User":"WAYNECORPINC\\Administrator","Image":"C:\\Windows\\System32\\conhost.exe","ParentImage":"C:\\Windows\\System32\\cmd.exe","CommandLine":"\\??\\C:\\Windows\\system32\\conhost.exe 0xffffffff","ParentCommandLine":"cmd /c powershell \"Get-AppxPackage -AllUsers | select name, version, architecture, publisher | Format-List | out-string -width 4096\" &gt; %SystemRoot%\\TEMP\\nessus_R3OP3JQV.TMP &amp; move %SystemRoot%\\TEMP\\nessus_R3OP3JQV.TMP %SystemRoot%\\TEMP\\nessus_R3OP3JQV.TXT","ProcessGuid":"{46C72849-CC86-57BD-0000-0010315B4911}","ProcessId":"3648","CurrentDirectory":"C:\\Windows","Hashes":"SHA1=2C6B753628A3AA138AE52357F76AA4D5617D890E,MD5=626A9EC445D06FBC1502BF53A1E3356B,SHA256=42A43BF18F7C0FA4DB997E8B7688711C9B36BD73D5F013FA5B418F0956A92266,IMPHASH=766BBBC554510CAA578DC083D295D781","IntegrityLevel":"High","dataset":"botsv1"}
{"_time":"2016-08-24 10:34:14.000 MDT","sourcetype":"XmlWinEventLog:Microsoft-Windows-Sysmon/Operational","host":"we9041srv","Computer":"we9041srv.waynecorpinc.local","EventCode":"1","RecordID":"3677405","UtcTime":"2016-08-24 16:34:14.733","User":"WAYNECORPINC\\Administrator","Image":"C:\\Windows\\System32\\cmd.exe","ParentImage":"C:\\Windows\\System32\\wbem\\WmiPrvSE.exe","CommandLine":"cmd /c powershell \"Get-AppxPackage -AllUsers | select name, version, architecture, publisher | Format-List | out-string -width 4096\" &gt; %SystemRoot%\\TEMP\\nessus_R3OP3JQV.TMP &amp; move %SystemRoot%\\TEMP\\nessus_R3OP3JQV.TMP %SystemRoot%\\TEMP\\nessus_R3OP3JQV.TXT","ParentCommandLine":"C:\\Windows\\system32\\wbem\\wmiprvse.exe -secured -Embedding","ProcessGuid":"{46C72849-CC86-57BD-0000-0010C55A4911}","ProcessId":"3016","CurrentDirectory":"C:\\Windows\\system32\\","Hashes":"SHA1=0C2E3CF2D2F09792960A73DC772A086E99A96764,MD5=FC0B4A626881D7C5980D757214DB2D25,SHA256=0B9BC863E2807B6886760480083E51BA8A66118659F4FF274E7B73944D2219F5,IMPHASH=77AED1ADAF24B344F08C8AD1432908C3","IntegrityLevel":"High","dataset":"botsv1"}
{"_time":"2016-08-24 10:34:14.000 MDT","sourcetype":"XmlWinEventLog:Microsoft-Windows-Sysmon/Operational","host":"we9041srv","Computer":"we9041srv.waynecorpinc.local","EventCode":"1","RecordID":"3677424","UtcTime":"2016-08-24 16:34:14.780","User":"WAYNECORPINC\\Administrator","Image":"C:\\Windows\\System32\\WindowsPowerShell\\v1.0\\powershell.exe","ParentImage":"C:\\Windows\\System32\\cmd.exe","CommandLine":"powershell  \"Get-AppxPackage -AllUsers | select name, version, architecture, publisher | Format-List | out-string -width 4096\"","ParentCommandLine":"cmd /c powershell \"Get-AppxPackage -AllUsers | select name, version, architecture, publisher | Format-List | out-string -width 4096\" &gt; %SystemRoot%\\TEMP\\nessus_R3OP3JQV.TMP &amp; move %SystemRoot%\\TEMP\\nessus_R3OP3JQV.TMP %SystemRoot%\\TEMP\\nessus_R3OP3JQV.TXT","ProcessGuid":"{46C72849-CC86-57BD-0000-0010DA5C4911}","ProcessId":"3800","CurrentDirectory":"C:\\Windows\\system32\\","Hashes":"SHA1=9FA7C81107858AA5E15660BA0640D80C68E8E9CB,MD5=45F9906157E072B92140EAA2A67AE424,SHA256=6A785ADC0263238DAB3EB37F4C185C8FBA7FEB5D425D034CA9864F1BE1C1B473,IMPHASH=099B747A4A31983374E54912D4BB7C44","IntegrityLevel":"High","dataset":"botsv1"}
{"_time":"2016-08-24 10:34:19.000 MDT","sourcetype":"XmlWinEventLog:Microsoft-Windows-Sysmon/Operational","host":"we9041srv","Computer":"we9041srv.waynecorpinc.local","EventCode":"1","RecordID":"3677532","UtcTime":"2016-08-24 16:34:19.624","User":"NT AUTHORITY\\SYSTEM","Image":"C:\\Windows\\System32\\svchost.exe","ParentImage":"C:\\Windows\\System32\\services.exe","CommandLine":"C:\\Windows\\system32\\svchost.exe -k wsappx","ParentCommandLine":"C:\\Windows\\system32\\services.exe","ProcessGuid":"{46C72849-CC8B-57BD-0000-00100F7B4911}","ProcessId":"4052","CurrentDirectory":"C:\\Windows\\system32\\","Hashes":"SHA1=4EEA9BDFE0EB41759D96EC9BD224C4519314A8FA,MD5=E4CA434F251681590D0538BC21C32D2F,SHA256=99E7587D1744BF62086FEB06A778CF3966199F1CC2DFB91FDA53A9166A2A3AEC,IMPHASH=BFD9E87F1EBD0D375CDE1B77B9A98EBA","IntegrityLevel":"System","dataset":"botsv1"}
{"_time":"2016-08-24 10:34:21.000 MDT","sourcetype":"XmlWinEventLog:Microsoft-Windows-Sysmon/Operational","host":"we8105desk","Computer":"we8105desk.waynecorpinc.local","EventCode":"1","RecordID":"358131","UtcTime":"2016-08-24 16:34:21.768","User":"WAYNECORPINC\\Administrator","Image":"C:\\Windows\\System32\\conhost.exe","ParentImage":"C:\\Windows\\System32\\csrss.exe","CommandLine":"\\??\\C:\\Windows\\system32\\conhost.exe","ParentCommandLine":"%SystemRoot%\\system32\\csrss.exe ObjectDirectory=\\Windows SharedSection=1024,20480,768 Windows=On SubSystemType=Windows ServerDll=basesrv,1 ServerDll=winsrv:UserServerDllInitialization,3 ServerDll=winsrv:ConServerDllInitialization,2 ServerDll=sxssrv,4 ProfileControl=Off MaxRequestThreads=16","ProcessGuid":"{0F2D76F0-CC8D-57BD-0000-0010D14B1800}","ProcessId":"2028","CurrentDirectory":"C:\\Windows\\system32\\","Hashes":"SHA1=680DEC0F8907F4B8911FBE2AA5F2FD25425BE0B0,MD5=BD51024FB014064BC9FE8C715C18392F,SHA256=23F7AB98268F88E6CA9EE96B3DDBC6AA745BFFACD2E5F80A211CE48D976EB9A4,IMPHASH=C2AE82D74851F310DFB66DA9B301EF7E","IntegrityLevel":"High","dataset":"botsv1"}
{"_time":"2016-08-24 10:34:21.000 MDT","sourcetype":"XmlWinEventLog:Microsoft-Windows-Sysmon/Operational","host":"we8105desk","Computer":"we8105desk.waynecorpinc.local","EventCode":"1","RecordID":"358126","UtcTime":"2016-08-24 16:34:21.768","User":"WAYNECORPINC\\Administrator","Image":"C:\\Windows\\System32\\cmd.exe","ParentImage":"C:\\Windows\\System32\\wbem\\WmiPrvSE.exe","CommandLine":"cmd /c \"tasklist /svc &gt; %SystemRoot%\\TEMP\\nessus_task_listY42QJDIQ.TMP &amp; ren %SystemRoot%\\TEMP\\nessus_task_listY42QJDIQ.TMP nessus_task_listY42QJDIQ.TXT\"","ParentCommandLine":"C:\\Windows\\system32\\wbem\\wmiprvse.exe -secured -Embedding","ProcessGuid":"{0F2D76F0-CC8D-57BD-0000-00104A4B1800}","ProcessId":"3384","CurrentDirectory":"C:\\Windows\\system32\\","Hashes":"SHA1=0F3C4FF28F354AEDE202D54E9D1C5529A3BF87D8,MD5=5746BD7E255DD6A8AFA06F7C42C1BA41,SHA256=DB06C3534964E3FC79D2763144BA53742D7FA250CA336F4A0FE724B75AAFF386,IMPHASH=D0058544E4588B1B2290B7F4D830EB0A","IntegrityLevel":"High","dataset":"botsv1"}
{"_time":"2016-08-24 10:34:21.000 MDT","sourcetype":"XmlWinEventLog:Microsoft-Windows-Sysmon/Operational","host":"we8105desk","Computer":"we8105desk.waynecorpinc.local","EventCode":"1","RecordID":"358156","UtcTime":"2016-08-24 16:34:21.831","User":"WAYNECORPINC\\Administrator","Image":"C:\\Windows\\System32\\tasklist.exe","ParentImage":"C:\\Windows\\System32\\cmd.exe","CommandLine":"tasklist  /svc","ParentCommandLine":"cmd /c \"tasklist /svc &gt; %SystemRoot%\\TEMP\\nessus_task_listY42QJDIQ.TMP &amp; ren %SystemRoot%\\TEMP\\nessus_task_listY42QJDIQ.TMP nessus_task_listY42QJDIQ.TXT\"","ProcessGuid":"{0F2D76F0-CC8D-57BD-0000-0010E24E1800}","ProcessId":"2020","CurrentDirectory":"C:\\Windows\\system32\\","Hashes":"SHA1=B29B8E863F2D22AD8EBE6CBA854C905314C3C944,MD5=77F42591DE77CC1E2EAE8E4933BA64F5,SHA256=9FDC5E65A079B0E4429020DBC94EE92C3508433B1FAF77059C649B53DBCCF3EF,IMPHASH=2C3E3B7E6D9254711BD2D10E50BE0266","IntegrityLevel":"High","dataset":"botsv1"}
{"_time":"2016-08-24 10:34:50.000 MDT","sourcetype":"XmlWinEventLog:Microsoft-Windows-Sysmon/Operational","host":"we9041srv","Computer":"we9041srv.waynecorpinc.local","EventCode":"1","RecordID":"3677809","UtcTime":"2016-08-24 16:34:50.451","User":"WAYNECORPINC\\Administrator","Image":"C:\\Windows\\System32\\conhost.exe","ParentImage":"C:\\Windows\\System32\\cmd.exe","CommandLine":"\\??\\C:\\Windows\\system32\\conhost.exe 0xffffffff","ParentCommandLine":"cmd /c \"schtasks /query /XML &gt; %SystemRoot%\\TEMP\\nessus_W426FMMY.TMP &amp; ren %SystemRoot%\\TEMP\\nessus_W426FMMY.TMP nessus_W426FMMY.TXT\"","ProcessGuid":"{46C72849-CCAA-57BD-0000-0010CBC74911}","ProcessId":"2436","CurrentDirectory":"C:\\Windows","Hashes":"SHA1=2C6B753628A3AA138AE52357F76AA4D5617D890E,MD5=626A9EC445D06FBC1502BF53A1E3356B,SHA256=42A43BF18F7C0FA4DB997E8B7688711C9B36BD73D5F013FA5B418F0956A92266,IMPHASH=766BBBC554510CAA578DC083D295D781","IntegrityLevel":"High","dataset":"botsv1"}
{"_time":"2016-08-24 10:34:50.000 MDT","sourcetype":"XmlWinEventLog:Microsoft-Windows-Sysmon/Operational","host":"we9041srv","Computer":"we9041srv.waynecorpinc.local","EventCode":"1","RecordID":"3677804","UtcTime":"2016-08-24 16:34:50.451","User":"WAYNECORPINC\\Administrator","Image":"C:\\Windows\\System32\\cmd.exe","ParentImage":"C:\\Windows\\System32\\wbem\\WmiPrvSE.exe","CommandLine":"cmd /c \"schtasks /query /XML &gt; %SystemRoot%\\TEMP\\nessus_W426FMMY.TMP &amp; ren %SystemRoot%\\TEMP\\nessus_W426FMMY.TMP nessus_W426FMMY.TXT\"","ParentCommandLine":"C:\\Windows\\system32\\wbem\\wmiprvse.exe -secured -Embedding","ProcessGuid":"{46C72849-CCAA-57BD-0000-00105DC74911}","ProcessId":"2024","CurrentDirectory":"C:\\Windows\\system32\\","Hashes":"SHA1=0C2E3CF2D2F09792960A73DC772A086E99A96764,MD5=FC0B4A626881D7C5980D757214DB2D25,SHA256=0B9BC863E2807B6886760480083E51BA8A66118659F4FF274E7B73944D2219F5,IMPHASH=77AED1ADAF24B344F08C8AD1432908C3","IntegrityLevel":"High","dataset":"botsv1"}
{"_time":"2016-08-24 10:34:50.000 MDT","sourcetype":"XmlWinEventLog:Microsoft-Windows-Sysmon/Operational","host":"we9041srv","Computer":"we9041srv.waynecorpinc.local","EventCode":"1","RecordID":"3677823","UtcTime":"2016-08-24 16:34:50.466","User":"WAYNECORPINC\\Administrator","Image":"C:\\Windows\\System32\\schtasks.exe","ParentImage":"C:\\Windows\\System32\\cmd.exe","CommandLine":"schtasks  /query /XML","ParentCommandLine":"cmd /c \"schtasks /query /XML &gt; %SystemRoot%\\TEMP\\nessus_W426FMMY.TMP &amp; ren %SystemRoot%\\TEMP\\nessus_W426FMMY.TMP nessus_W426FMMY.TXT\"","ProcessGuid":"{46C72849-CCAA-57BD-0000-001047C94911}","ProcessId":"1664","CurrentDirectory":"C:\\Windows\\system32\\","Hashes":"SHA1=F3C20BCDB094B7394DCAEEEA4EAB16F1EE3D7B00,MD5=2E14BA625B307C6B61EB9757FBA9EAA7,SHA256=F45D6B7247BCACC3798766B82D8768AF2E0DA487F5F5A280EA613AAF30744629,IMPHASH=E7F927EAA6B18DD43103EABDF2C78611","IntegrityLevel":"High","dataset":"botsv1"}
{"_time":"2016-08-24 10:34:55.000 MDT","sourcetype":"XmlWinEventLog:Microsoft-Windows-Sysmon/Operational","host":"we8105desk","Computer":"we8105desk.waynecorpinc.local","EventCode":"1","RecordID":"358485","UtcTime":"2016-08-24 16:34:55.870","User":"WAYNECORPINC\\Administrator","Image":"C:\\Windows\\System32\\cmd.exe","ParentImage":"C:\\Windows\\System32\\wbem\\WmiPrvSE.exe","CommandLine":"cmd /c netsh advfirewall firewall show rule name=all verbose &gt; %SystemRoot%\\TEMP\\nessus_OCREA4YZ.TMP &amp; cmd /c netsh advfirewall show allprofiles firewallpolicy &gt;&gt; %SystemRoot%\\TEMP\\nessus_OCREA4YZ.TMP &amp; move %SystemRoot%\\TEMP\\nessus_OCREA4YZ.TMP %SystemRoot%\\TEMP\\nessus_OCREA4YZ.TXT","ParentCommandLine":"C:\\Windows\\system32\\wbem\\wmiprvse.exe -secured -Embedding","ProcessGuid":"{0F2D76F0-CCAF-57BD-0000-00107DBC2B00}","ProcessId":"1856","CurrentDirectory":"C:\\Windows\\system32\\","Hashes":"SHA1=0F3C4FF28F354AEDE202D54E9D1C5529A3BF87D8,MD5=5746BD7E255DD6A8AFA06F7C42C1BA41,SHA256=DB06C3534964E3FC79D2763144BA53742D7FA250CA336F4A0FE724B75AAFF386,IMPHASH=D0058544E4588B1B2290B7F4D830EB0A","IntegrityLevel":"High","dataset":"botsv1"}
{"_time":"2016-08-24 10:34:55.000 MDT","sourcetype":"XmlWinEventLog:Microsoft-Windows-Sysmon/Operational","host":"we8105desk","Computer":"we8105desk.waynecorpinc.local","EventCode":"1","RecordID":"358490","UtcTime":"2016-08-24 16:34:55.885","User":"WAYNECORPINC\\Administrator","Image":"C:\\Windows\\System32\\conhost.exe","ParentImage":"C:\\Windows\\System32\\csrss.exe","CommandLine":"\\??\\C:\\Windows\\system32\\conhost.exe","ParentCommandLine":"%SystemRoot%\\system32\\csrss.exe ObjectDirectory=\\Windows SharedSection=1024,20480,768 Windows=On SubSystemType=Windows ServerDll=basesrv,1 ServerDll=winsrv:UserServerDllInitialization,3 ServerDll=winsrv:ConServerDllInitialization,2 ServerDll=sxssrv,4 ProfileControl=Off MaxRequestThreads=16","ProcessGuid":"{0F2D76F0-CCAF-57BD-0000-001004BD2B00}","ProcessId":"3848","CurrentDirectory":"C:\\Windows\\system32\\","Hashes":"SHA1=680DEC0F8907F4B8911FBE2AA5F2FD25425BE0B0,MD5=BD51024FB014064BC9FE8C715C18392F,SHA256=23F7AB98268F88E6CA9EE96B3DDBC6AA745BFFACD2E5F80A211CE48D976EB9A4,IMPHASH=C2AE82D74851F310DFB66DA9B301EF7E","IntegrityLevel":"High","dataset":"botsv1"}
{"_time":"2016-08-24 10:34:55.000 MDT","sourcetype":"XmlWinEventLog:Microsoft-Windows-Sysmon/Operational","host":"we8105desk","Computer":"we8105desk.waynecorpinc.local","EventCode":"1","RecordID":"358515","UtcTime":"2016-08-24 16:34:55.932","User":"WAYNECORPINC\\Administrator","Image":"C:\\Windows\\System32\\netsh.exe","ParentImage":"C:\\Windows\\System32\\cmd.exe","CommandLine":"netsh  advfirewall firewall show rule name=all verbose","ParentCommandLine":"cmd /c netsh advfirewall firewall show rule name=all verbose &gt; %SystemRoot%\\TEMP\\nessus_OCREA4YZ.TMP &amp; cmd /c netsh advfirewall show allprofiles firewallpolicy &gt;&gt; %SystemRoot%\\TEMP\\nessus_OCREA4YZ.TMP &amp; move %SystemRoot%\\TEMP\\nessus_OCREA4YZ.TMP %SystemRoot%\\TEMP\\nessus_OCREA4YZ.TXT","ProcessGuid":"{0F2D76F0-CCAF-57BD-0000-00103CC02B00}","ProcessId":"4080","CurrentDirectory":"C:\\Windows\\system32\\","Hashes":"SHA1=BE48070856D4A1097B0DE1228711593728BB6EE1,MD5=637982A421D0133DCEAA0D1490D1DC9C,SHA256=CBAA8242C1013E4D9E48BEE146D6AC3ABF8B2370B7390D80A01344771A097B2A,IMPHASH=A9A596A237E98DC6D3B3E70DFC581E35","IntegrityLevel":"High","dataset":"botsv1"}
