{"_time":"2016-08-24 10:06:07.000 MDT","sourcetype":"XmlWinEventLog:Microsoft-Windows-Sysmon/Operational","host":"we8105desk","Computer":"we8105desk.waynecorpinc.local","EventCode":"1","RecordID":"346979","UtcTime":"2016-08-24 16:06:07.974","User":"NT AUTHORITY\\SYSTEM","Image":"C:\\Windows\\System32\\cmd.exe","ParentImage":"C:\\Program Files\\SplunkUniversalForwarder\\bin\\splunkd.exe","CommandLine":"cmd /c \"\"C:\\Program Files\\SplunkUniversalForwarder\\etc\\system\\bin\\admon.cmd\" --scheme\"","ParentCommandLine":"\"C:\\Program Files\\SplunkUniversalForwarder\\bin\\splunkd.exe\" service","ProcessGuid":"{0F2D76F0-C5EF-57BD-0000-0010CB200500}","ProcessId":"2260","CurrentDirectory":"C:\\Windows\\system32\\","Hashes":"SHA1=0F3C4FF28F354AEDE202D54E9D1C5529A3BF87D8,MD5=5746BD7E255DD6A8AFA06F7C42C1BA41,SHA256=DB06C3534964E3FC79D2763144BA53742D7FA250CA336F4A0FE724B75AAFF386,IMPHASH=D0058544E4588B1B2290B7F4D830EB0A","IntegrityLevel":"System","dataset":"botsv1"}
{"_time":"2016-08-24 10:06:08.000 MDT","sourcetype":"XmlWinEventLog:Microsoft-Windows-Sysmon/Operational","host":"we8105desk","Computer":"we8105desk.waynecorpinc.local","EventCode":"1","RecordID":"347030","UtcTime":"2016-08-24 16:06:08.083","User":"NT AUTHORITY\\SYSTEM","Image":"C:\\Windows\\System32\\cmd.exe","ParentImage":"C:\\Program Files\\SplunkUniversalForwarder\\bin\\splunkd.exe","CommandLine":"cmd /c \"\"C:\\Program Files\\SplunkUniversalForwarder\\etc\\system\\bin\\perfmon.cmd\" --scheme\"","ParentCommandLine":"\"C:\\Program Files\\SplunkUniversalForwarder\\bin\\splunkd.exe\" service","ProcessGuid":"{0F2D76F0-C5F0-57BD-0000-0010BB280500}","ProcessId":"2244","CurrentDirectory":"C:\\Windows\\system32\\","Hashes":"SHA1=0F3C4FF28F354AEDE202D54E9D1C5529A3BF87D8,MD5=5746BD7E255DD6A8AFA06F7C42C1BA41,SHA256=DB06C3534964E3FC79D2763144BA53742D7FA250CA336F4A0FE724B75AAFF386,IMPHASH=D0058544E4588B1B2290B7F4D830EB0A","IntegrityLevel":"System","dataset":"botsv1"}
{"_time":"2016-08-24 10:06:08.000 MDT","sourcetype":"XmlWinEventLog:Microsoft-Windows-Sysmon/Operational","host":"we8105desk","Computer":"we8105desk.waynecorpinc.local","EventCode":"1","RecordID":"347236","UtcTime":"2016-08-24 16:06:08.192","User":"NT AUTHORITY\\SYSTEM","Image":"C:\\Windows\\System32\\cmd.exe","ParentImage":"C:\\Program Files\\SplunkUniversalForwarder\\bin\\splunkd.exe","CommandLine":"cmd /c \"\"C:\\Program Files\\SplunkUniversalForwarder\\etc\\system\\bin\\powershell.cmd\" --scheme\"","ParentCommandLine":"\"C:\\Program Files\\SplunkUniversalForwarder\\bin\\splunkd.exe\" service","ProcessGuid":"{0F2D76F0-C5F0-57BD-0000-00105D390500}","ProcessId":"1412","CurrentDirectory":"C:\\Windows\\system32\\","Hashes":"SHA1=0F3C4FF28F354AEDE202D54E9D1C5529A3BF87D8,MD5=5746BD7E255DD6A8AFA06F7C42C1BA41,SHA256=DB06C3534964E3FC79D2763144BA53742D7FA250CA336F4A0FE724B75AAFF386,IMPHASH=D0058544E4588B1B2290B7F4D830EB0A","IntegrityLevel":"System","dataset":"botsv1"}
{"_time":"2016-08-24 10:06:08.000 MDT","sourcetype":"XmlWinEventLog:Microsoft-Windows-Sysmon/Operational","host":"we8105desk","Computer":"we8105desk.waynecorpinc.local","EventCode":"1","RecordID":"347272","UtcTime":"2016-08-24 16:06:08.302","User":"NT AUTHORITY\\SYSTEM","Image":"C:\\Windows\\System32\\cmd.exe","ParentImage":"C:\\Program Files\\SplunkUniversalForwarder\\bin\\splunkd.exe","CommandLine":"cmd /c \"\"C:\\Program Files\\SplunkUniversalForwarder\\etc\\system\\bin\\powershell2.cmd\" --scheme\"","ParentCommandLine":"\"C:\\Program Files\\SplunkUniversalForwarder\\bin\\splunkd.exe\" service","ProcessGuid":"{0F2D76F0-C5F0-57BD-0000-001038410500}","ProcessId":"2500","CurrentDirectory":"C:\\Windows\\system32\\","Hashes":"SHA1=0F3C4FF28F354AEDE202D54E9D1C5529A3BF87D8,MD5=5746BD7E255DD6A8AFA06F7C42C1BA41,SHA256=DB06C3534964E3FC79D2763144BA53742D7FA250CA336F4A0FE724B75AAFF386,IMPHASH=D0058544E4588B1B2290B7F4D830EB0A","IntegrityLevel":"System","dataset":"botsv1"}
{"_time":"2016-08-24 10:06:15.000 MDT","sourcetype":"XmlWinEventLog:Microsoft-Windows-Sysmon/Operational","host":"we8105desk","Computer":"we8105desk.waynecorpinc.local","EventCode":"1","RecordID":"347809","UtcTime":"2016-08-24 16:06:15.852","User":"NT AUTHORITY\\NETWORK SERVICE","Image":"C:\\Windows\\System32\\svchost.exe","ParentImage":"C:\\Windows\\System32\\services.exe","CommandLine":"C:\\Windows\\system32\\svchost.exe -k NetworkServiceNetworkRestricted","ParentCommandLine":"C:\\Windows\\system32\\services.exe","ProcessGuid":"{0F2D76F0-C5F7-57BD-0000-00104A130600}","ProcessId":"2796","CurrentDirectory":"C:\\Windows\\system32\\","Hashes":"SHA1=619652B42AFE5FB0E3719D7AEDA7A5494AB193E8,MD5=C78655BC80301D76ED4FEF1C1EA40A7D,SHA256=93B2ED4004ED5F7F3039DD7ECBD22C7E4E24B6373B4D9EF8D6E45A179B13A5E8,IMPHASH=A72A57A50050874D785495B82D201CF8","IntegrityLevel":"System","dataset":"botsv1"}
{"_time":"2016-08-24 10:06:15.000 MDT","sourcetype":"XmlWinEventLog:Microsoft-Windows-Sysmon/Operational","host":"we8105desk","Computer":"we8105desk.waynecorpinc.local","EventCode":"1","RecordID":"347828","UtcTime":"2016-08-24 16:06:15.883","User":"NT AUTHORITY\\LOCAL SERVICE","Image":"C:\\Windows\\System32\\svchost.exe","ParentImage":"C:\\Windows\\System32\\services.exe","CommandLine":"C:\\Windows\\system32\\svchost.exe -k LocalServiceAndNoImpersonation","ParentCommandLine":"C:\\Windows\\system32\\services.exe","ProcessGuid":"{0F2D76F0-C5F7-57BD-0000-0010971C0600}","ProcessId":"2868","CurrentDirectory":"C:\\Windows\\system32\\","Hashes":"SHA1=619652B42AFE5FB0E3719D7AEDA7A5494AB193E8,MD5=C78655BC80301D76ED4FEF1C1EA40A7D,SHA256=93B2ED4004ED5F7F3039DD7ECBD22C7E4E24B6373B4D9EF8D6E45A179B13A5E8,IMPHASH=A72A57A50050874D785495B82D201CF8","IntegrityLevel":"System","dataset":"botsv1"}
{"_time":"2016-08-24 10:06:15.000 MDT","sourcetype":"XmlWinEventLog:Microsoft-Windows-Sysmon/Operational","host":"we8105desk","Computer":"we8105desk.waynecorpinc.local","EventCode":"1","RecordID":"347861","UtcTime":"2016-08-24 16:06:15.930","User":"NT AUTHORITY\\LOCAL SERVICE","Image":"C:\\Windows\\System32\\svchost.exe","ParentImage":"C:\\Windows\\System32\\services.exe","CommandLine":"C:\\Windows\\system32\\svchost.exe -k bthsvcs","ParentCommandLine":"C:\\Windows\\system32\\services.exe","ProcessGuid":"{0F2D76F0-C5F7-57BD-0000-001009280600}","ProcessId":"2956","CurrentDirectory":"C:\\Windows\\system32\\","Hashes":"SHA1=619652B42AFE5FB0E3719D7AEDA7A5494AB193E8,MD5=C78655BC80301D76ED4FEF1C1EA40A7D,SHA256=93B2ED4004ED5F7F3039DD7ECBD22C7E4E24B6373B4D9EF8D6E45A179B13A5E8,IMPHASH=A72A57A50050874D785495B82D201CF8","IntegrityLevel":"System","dataset":"botsv1"}
{"_time":"2016-08-24 10:06:15.000 MDT","sourcetype":"XmlWinEventLog:Microsoft-Windows-Sysmon/Operational","host":"we8105desk","Computer":"we8105desk.waynecorpinc.local","EventCode":"1","RecordID":"347877","UtcTime":"2016-08-24 16:06:15.946","User":"NT AUTHORITY\\LOCAL SERVICE","Image":"C:\\Windows\\System32\\WUDFHost.exe","ParentImage":"C:\\Windows\\System32\\svchost.exe","CommandLine":"\"C:\\Windows\\system32\\WUDFHost.exe\" -HostGUID:{193a1820-d9ac-4997-8c55-be817523f6aa} -IoEventPortName:HostProcess-ac6024c6-0e8e-4905-9442-280600567282 -SystemEventPortName:HostProcess-47fb5318-ca0f-44a7-866d-cf286eabcb42 -IoCancelEventPortName:HostProcess-73811b94-bc88-4562-beac-f050c8c2e1ab -NonStateChangingEventPortName:HostProcess-487fce22-2fcf-4925-8557-9c32d3729e3e -ServiceSID:S-1-5-80-2652678385-582572993-1835434367-1344795993-749280709 -LifetimeId:9e02b3ab-0d2b-4e15-8682-744712c1ca2e","ParentCommandLine":"C:\\Windows\\System32\\svchost.exe -k LocalSystemNetworkRestricted","ProcessGuid":"{0F2D76F0-C5F7-57BD-0000-0010BD2B0600}","ProcessId":"2908","CurrentDirectory":"C:\\Windows\\system32\\","Hashes":"SHA1=8B7D36727102468AA5EF760D565C34E9E56D9D8F,MD5=D0FF1CA89D013B94768A289023958F6B,SHA256=DB15E374E26E351561C5A6DCC5822AFB7CFF2C373761266520193E89DFAC6855,IMPHASH=DD71AF51ACA13F98B3971D81621F768E","IntegrityLevel":"System","dataset":"botsv1"}
{"_time":"2016-08-24 10:06:16.000 MDT","sourcetype":"XmlWinEventLog:Microsoft-Windows-Sysmon/Operational","host":"we8105desk","Computer":"we8105desk.waynecorpinc.local","EventCode":"1","RecordID":"347937","UtcTime":"2016-08-24 16:06:16.117","User":"NT AUTHORITY\\SYSTEM","Image":"C:\\Windows\\System32\\taskhost.exe","ParentImage":"C:\\Windows\\System32\\services.exe","CommandLine":"taskhost.exe SYSTEM","ParentCommandLine":"C:\\Windows\\system32\\services.exe","ProcessGuid":"{0F2D76F0-C5F8-57BD-0000-00102E480600}","ProcessId":"2192","CurrentDirectory":"C:\\Windows\\system32\\","Hashes":"SHA1=61478D71931FB3E304BC341236AB0DB1D6C26E09,MD5=517110BD83835338C037269E603DB55D,SHA256=499A803DE14905F2FF7BCA56D81CC983E16A8D9CEA93EC4B84A06A366E7CB939,IMPHASH=D9C431646227DBA4B6B2A1313802ED63","IntegrityLevel":"System","dataset":"botsv1"}
{"_time":"2016-08-24 10:06:20.000 MDT","sourcetype":"XmlWinEventLog:Microsoft-Windows-Sysmon/Operational","host":"we8105desk","Computer":"we8105desk.waynecorpinc.local","EventCode":"1","RecordID":"348199","UtcTime":"2016-08-24 16:06:20.672","User":"NT AUTHORITY\\SYSTEM","Image":"C:\\Windows\\System32\\svchost.exe","ParentImage":"C:\\Windows\\System32\\services.exe","CommandLine":"C:\\Windows\\System32\\svchost.exe -k secsvcs","ParentCommandLine":"C:\\Windows\\system32\\services.exe","ProcessGuid":"{0F2D76F0-C5FC-57BD-0000-001050B30600}","ProcessId":"3080","CurrentDirectory":"C:\\Windows\\system32\\","Hashes":"SHA1=619652B42AFE5FB0E3719D7AEDA7A5494AB193E8,MD5=C78655BC80301D76ED4FEF1C1EA40A7D,SHA256=93B2ED4004ED5F7F3039DD7ECBD22C7E4E24B6373B4D9EF8D6E45A179B13A5E8,IMPHASH=A72A57A50050874D785495B82D201CF8","IntegrityLevel":"System","dataset":"botsv1"}
{"_time":"2016-08-24 10:06:42.000 MDT","sourcetype":"XmlWinEventLog:Microsoft-Windows-Sysmon/Operational","host":"we8105desk","Computer":"we8105desk.waynecorpinc.local","EventCode":"1","RecordID":"348304","UtcTime":"2016-08-24 16:06:42.122","User":"NT AUTHORITY\\SYSTEM","Image":"C:\\Windows\\System32\\dllhost.exe","ParentImage":"C:\\Windows\\System32\\svchost.exe","CommandLine":"C:\\Windows\\system32\\DllHost.exe /Processid:{E10F6C3A-F1AE-4ADC-AA9D-2FE65525666E}","ParentCommandLine":"C:\\Windows\\system32\\svchost.exe -k DcomLaunch","ProcessGuid":"{0F2D76F0-C612-57BD-0000-001034FB0600}","ProcessId":"3276","CurrentDirectory":"C:\\Windows\\system32\\","Hashes":"SHA1=E977B87698C3E595D55827665E22FBF788DD3F9F,MD5=A8EDB86FC2A4D6D1285E4C70384AC35A,SHA256=61B8955CE0A2AA9D0719920B30216717B349B6FBE11C697C31CFA84F859CC1AE,IMPHASH=3D806EF1101283F4E5D20F0C4F83B8FD","IntegrityLevel":"System","dataset":"botsv1"}
{"_time":"2016-08-24 10:06:42.000 MDT","sourcetype":"XmlWinEventLog:Microsoft-Windows-Sysmon/Operational","host":"we8105desk","Computer":"we8105desk.waynecorpinc.local","EventCode":"1","RecordID":"348335","UtcTime":"2016-08-24 16:06:42.169","User":"WAYNECORPINC\\bob.smith","Image":"C:\\Windows\\System32\\taskhost.exe","ParentImage":"C:\\Windows\\System32\\services.exe","CommandLine":"\"taskhost.exe\"","ParentCommandLine":"C:\\Windows\\system32\\services.exe","ProcessGuid":"{0F2D76F0-C612-57BD-0000-00103F020700}","ProcessId":"3312","CurrentDirectory":"C:\\Windows\\system32\\","Hashes":"SHA1=61478D71931FB3E304BC341236AB0DB1D6C26E09,MD5=517110BD83835338C037269E603DB55D,SHA256=499A803DE14905F2FF7BCA56D81CC983E16A8D9CEA93EC4B84A06A366E7CB939,IMPHASH=D9C431646227DBA4B6B2A1313802ED63","IntegrityLevel":"Medium","dataset":"botsv1"}
{"_time":"2016-08-24 10:06:42.000 MDT","sourcetype":"XmlWinEventLog:Microsoft-Windows-Sysmon/Operational","host":"we8105desk","Computer":"we8105desk.waynecorpinc.local","EventCode":"1","RecordID":"348386","UtcTime":"2016-08-24 16:06:42.325","User":"WAYNECORPINC\\bob.smith","Image":"C:\\Windows\\System32\\userinit.exe","ParentImage":"C:\\Windows\\System32\\winlogon.exe","CommandLine":"C:\\Windows\\system32\\userinit.exe","ParentCommandLine":"winlogon.exe","ProcessGuid":"{0F2D76F0-C612-57BD-0000-00104B180700}","ProcessId":"3372","CurrentDirectory":"C:\\Windows\\system32\\","Hashes":"SHA1=47267F943F060E36604D56C8895A6EECE063D9A1,MD5=BAFE84E637BF7388C96EF48D4D3FDD53,SHA256=11C194D9ADCE90027272C627D7FBF3BA5025FF0F7B26A8333F764E11E1382CF9,IMPHASH=120C8E952935275ADA02C85447F9E1A6","IntegrityLevel":"Medium","dataset":"botsv1"}
{"_time":"2016-08-24 10:06:42.000 MDT","sourcetype":"XmlWinEventLog:Microsoft-Windows-Sysmon/Operational","host":"we8105desk","Computer":"we8105desk.waynecorpinc.local","EventCode":"1","RecordID":"348419","UtcTime":"2016-08-24 16:06:42.387","User":"WAYNECORPINC\\bob.smith","Image":"C:\\Windows\\System32\\dwm.exe","ParentImage":"C:\\Windows\\System32\\svchost.exe","CommandLine":"\"C:\\Windows\\system32\\Dwm.exe\"","ParentCommandLine":"C:\\Windows\\System32\\svchost.exe -k LocalSystemNetworkRestricted","ProcessGuid":"{0F2D76F0-C612-57BD-0000-00104E230700}","ProcessId":"3412","CurrentDirectory":"C:\\Windows\\system32\\","Hashes":"SHA1=35BC294B7E1F062EF5CB5FA1BD3FC942A3E37AE2,MD5=F162D5F5E845B9DC352DD1BAD8CEF1BC,SHA256=8A7B7528DB30AB123B060D8E41954D95913C07BB40CDAE32E97F9EDB0BAF79C7,IMPHASH=29A670698E6F399041442A2569276E18","IntegrityLevel":"Medium","dataset":"botsv1"}
{"_time":"2016-08-24 10:06:42.000 MDT","sourcetype":"XmlWinEventLog:Microsoft-Windows-Sysmon/Operational","host":"we8105desk","Computer":"we8105desk.waynecorpinc.local","EventCode":"1","RecordID":"348474","UtcTime":"2016-08-24 16:06:42.512","User":"WAYNECORPINC\\bob.smith","Image":"C:\\Windows\\explorer.exe","ParentImage":"C:\\Windows\\System32\\userinit.exe","CommandLine":"C:\\Windows\\Explorer.EXE","ParentCommandLine":"C:\\Windows\\system32\\userinit.exe","ProcessGuid":"{0F2D76F0-C612-57BD-0000-00103B360700}","ProcessId":"3496","CurrentDirectory":"C:\\Windows\\system32\\","Hashes":"SHA1=4583DAF9442880204730FB2C8A060430640494B1,MD5=AC4C51EB24AA95B77F705AB159189E24,SHA256=6A671B92A69755DE6FD063FCBE4BA926D83B49F78C42DBAEED8CDB6BBC57576A,IMPHASH=6422E341C67BA0880E012F8C7C634C21","IntegrityLevel":"Medium","dataset":"botsv1"}
{"_time":"2016-08-24 10:06:43.000 MDT","sourcetype":"XmlWinEventLog:Microsoft-Windows-Sysmon/Operational","host":"we8105desk","Computer":"we8105desk.waynecorpinc.local","EventCode":"1","RecordID":"348617","UtcTime":"2016-08-24 16:06:43.950","User":"WAYNECORPINC\\bob.smith","Image":"C:\\Windows\\System32\\igfxtray.exe","ParentImage":"C:\\Windows\\explorer.exe","CommandLine":"\"C:\\Windows\\System32\\igfxtray.exe\"","ParentCommandLine":"C:\\Windows\\Explorer.EXE","ProcessGuid":"{0F2D76F0-C613-57BD-0000-0010DBA30700}","ProcessId":"3596","CurrentDirectory":"C:\\Windows\\system32\\","Hashes":"SHA1=4A0CED3DA453B050ACE9C36CB7C78C53F292D15A,MD5=0EAE939B0D0FAB8E92070E9EBD4796FD,SHA256=BD45E996A936DCF587D18C2FAEDD860F06D0890C845B25F1C35168E03607486F,IMPHASH=A622C73B85D10ECBB6678641ABBA11A1","IntegrityLevel":"Medium","dataset":"botsv1"}
{"_time":"2016-08-24 10:06:44.000 MDT","sourcetype":"XmlWinEventLog:Microsoft-Windows-Sysmon/Operational","host":"we8105desk","Computer":"we8105desk.waynecorpinc.local","EventCode":"1","RecordID":"348656","UtcTime":"2016-08-24 16:06:43.981","User":"WAYNECORPINC\\bob.smith","Image":"C:\\Windows\\System32\\hkcmd.exe","ParentImage":"C:\\Windows\\explorer.exe","CommandLine":"\"C:\\Windows\\System32\\hkcmd.exe\"","ParentCommandLine":"C:\\Windows\\Explorer.EXE","ProcessGuid":"{0F2D76F0-C613-57BD-0000-0010B3AC0700}","ProcessId":"3608","CurrentDirectory":"C:\\Windows\\system32\\","Hashes":"SHA1=F2B59D7C60ED417CC9BCB2111B6B3269A319C627,MD5=141E537EB589E94701D8E352A1963ED3,SHA256=482CA7336712755851504FD1F895D701293E92D7F834BF77F0DA7FFCFCEE0154,IMPHASH=88044595F1527940A8910C24D428FED4","IntegrityLevel":"Medium","dataset":"botsv1"}
{"_time":"2016-08-24 10:06:44.000 MDT","sourcetype":"XmlWinEventLog:Microsoft-Windows-Sysmon/Operational","host":"we8105desk","Computer":"we8105desk.waynecorpinc.local","EventCode":"1","RecordID":"348649","UtcTime":"2016-08-24 16:06:44.012","User":"WAYNECORPINC\\bob.smith","Image":"C:\\Windows\\System32\\igfxsrvc.exe","ParentImage":"C:\\Windows\\System32\\svchost.exe","CommandLine":"\"C:\\Windows\\system32\\igfxsrvc.exe\" -Embedding","ParentCommandLine":"C:\\Windows\\system32\\svchost.exe -k DcomLaunch","ProcessGuid":"{0F2D76F0-C614-57BD-0000-0010C3B40700}","ProcessId":"3632","CurrentDirectory":"C:\\Windows\\system32\\","Hashes":"SHA1=4247B629A9124E3942813C49F21F3487394B4057,MD5=26C0009A0696DA7EC8CDBE672581095E,SHA256=4BD56D081203BEC95ED68B4F7D8BBE793C85017B0772081531767C24639CE7F8,IMPHASH=954FDD2BADFFF42B0293C27BF64F4515","IntegrityLevel":"Medium","dataset":"botsv1"}
{"_time":"2016-08-24 10:06:44.000 MDT","sourcetype":"XmlWinEventLog:Microsoft-Windows-Sysmon/Operational","host":"we8105desk","Computer":"we8105desk.waynecorpinc.local","EventCode":"1","RecordID":"348696","UtcTime":"2016-08-24 16:06:44.059","User":"WAYNECORPINC\\bob.smith","Image":"C:\\Windows\\System32\\igfxpers.exe","ParentImage":"C:\\Windows\\explorer.exe","CommandLine":"\"C:\\Windows\\System32\\igfxpers.exe\"","ParentCommandLine":"C:\\Windows\\Explorer.EXE","ProcessGuid":"{0F2D76F0-C614-57BD-0000-0010B9BB0700}","ProcessId":"3640","CurrentDirectory":"C:\\Windows\\system32\\","Hashes":"SHA1=0EF5A0343F128D93C5A0E9A6B9AA0D6CC90E2FAC,MD5=5A4FE3D8D6A23254554F5A239F903F71,SHA256=8734352A94255268E1436EEF01AB87CCA1529DC009074181BFF3161B8E08AF9A,IMPHASH=CE7839E77A0C48FC0791E04ECB89DA6B","IntegrityLevel":"Medium","dataset":"botsv1"}
{"_time":"2016-08-24 10:06:44.000 MDT","sourcetype":"XmlWinEventLog:Microsoft-Windows-Sysmon/Operational","host":"we8105desk","Computer":"we8105desk.waynecorpinc.local","EventCode":"1","RecordID":"348714","UtcTime":"2016-08-24 16:06:44.090","User":"WAYNECORPINC\\bob.smith","Image":"C:\\Program Files\\Boot Camp\\Bootcamp.exe","ParentImage":"C:\\Windows\\explorer.exe","CommandLine":"\"C:\\Program Files\\Boot Camp\\Bootcamp.exe\"","ParentCommandLine":"C:\\Windows\\Explorer.EXE","ProcessGuid":"{0F2D76F0-C614-57BD-0000-0010BCC80700}","ProcessId":"3688","CurrentDirectory":"C:\\Windows\\system32\\","Hashes":"SHA1=B2502462F088D225E11E405678210527E2086EF1,MD5=01E18657DA18189C0413C1A3518006E4,SHA256=9535B91AC2634103EE3A46D9F510F430050B766C9ED2426D58DC4A6252CCE7CD,IMPHASH=77AF25AA066A63A89CF1EFF0C8F11FCC","IntegrityLevel":"Medium","dataset":"botsv1"}
{"_time":"2016-08-24 10:06:44.000 MDT","sourcetype":"XmlWinEventLog:Microsoft-Windows-Sysmon/Operational","host":"we8105desk","Computer":"we8105desk.waynecorpinc.local","EventCode":"1","RecordID":"348733","UtcTime":"2016-08-24 16:06:44.121","User":"WAYNECORPINC\\bob.smith","Image":"C:\\Program Files (x86)\\Common Files\\Acronis\\Schedule2\\schedhlp.exe","ParentImage":"C:\\Windows\\explorer.exe","CommandLine":"\"C:\\Program Files (x86)\\Common Files\\Acronis\\Schedule2\\schedhlp.exe\"","ParentCommandLine":"C:\\Windows\\Explorer.EXE","ProcessGuid":"{0F2D76F0-C614-57BD-0000-0010B6CF0700}","ProcessId":"3696","CurrentDirectory":"C:\\Windows\\system32\\","Hashes":"SHA1=25029943FC6159AFC4329108A1CD0F2408D183DC,MD5=DFE7FD46194D1711DA45EFDF02B78BD9,SHA256=5BF9AFAAE5835F6FFA47638BCA3C85B555C9C7042287877E4E2B666A7A0D06E2,IMPHASH=EF1BA4E1F7C4490632F3741D8947ECE4","IntegrityLevel":"Medium","dataset":"botsv1"}
{"_time":"2016-08-24 10:06:44.000 MDT","sourcetype":"XmlWinEventLog:Microsoft-Windows-Sysmon/Operational","host":"we8105desk","Computer":"we8105desk.waynecorpinc.local","EventCode":"1","RecordID":"348745","UtcTime":"2016-08-24 16:06:44.153","User":"WAYNECORPINC\\bob.smith","Image":"C:\\Windows\\SysWOW64\\runonce.exe","ParentImage":"C:\\Windows\\explorer.exe","CommandLine":"C:\\Windows\\SysWOW64\\runonce.exe /Run6432","ParentCommandLine":"C:\\Windows\\Explorer.EXE","ProcessGuid":"{0F2D76F0-C614-57BD-0000-001071D70700}","ProcessId":"3724","CurrentDirectory":"C:\\Windows\\SysWOW64\\","Hashes":"SHA1=01D5C03BE3573D32ED6F0754B903A0C0B05825DB,MD5=D44741F65A1D71F65814A12CF6E2400A,SHA256=C6721F830675ADC7E7FDE2B5E822E56F6A063146F5066F1E25EBFE86F0A87136,IMPHASH=D9BD46DD9A8CB1211FF7A758BCC4CE03","IntegrityLevel":"Medium","dataset":"botsv1"}
{"_time":"2016-08-24 10:06:44.000 MDT","sourcetype":"XmlWinEventLog:Microsoft-Windows-Sysmon/Operational","host":"we8105desk","Computer":"we8105desk.waynecorpinc.local","EventCode":"1","RecordID":"348777","UtcTime":"2016-08-24 16:06:44.293","User":"WAYNECORPINC\\bob.smith","Image":"C:\\Windows\\SysWOW64\\dllhost.exe","ParentImage":"C:\\Windows\\System32\\svchost.exe","CommandLine":"C:\\Windows\\SysWOW64\\DllHost.exe /Processid:{1EF75F33-893B-4E8F-9655-C3D602BA4897}","ParentCommandLine":"C:\\Windows\\system32\\svchost.exe -k DcomLaunch","ProcessGuid":"{0F2D76F0-C614-57BD-0000-001064EA0700}","ProcessId":"3784","CurrentDirectory":"C:\\Windows\\system32\\","Hashes":"SHA1=ACE762C51DB1908C858C898D7E0F9B36F788D2D9,MD5=A63DC5C2EA944E6657203E0C8EDEAF61,SHA256=F7AD4B09AFB301CE46DF695B22114331A57D52E6D4163FF74787BF68CCF44C78,IMPHASH=EB9A02895A60E58547EFF153D6FF8829","IntegrityLevel":"Medium","dataset":"botsv1"}
{"_time":"2016-08-24 10:06:44.000 MDT","sourcetype":"XmlWinEventLog:Microsoft-Windows-Sysmon/Operational","host":"we8105desk","Computer":"we8105desk.waynecorpinc.local","EventCode":"1","RecordID":"348788","UtcTime":"2016-08-24 16:06:44.340","User":"WAYNECORPINC\\bob.smith","Image":"C:\\Windows\\System32\\dllhost.exe","ParentImage":"C:\\Windows\\System32\\svchost.exe","CommandLine":"C:\\Windows\\system32\\DllHost.exe /Processid:{AB8902B4-09CA-4BB6-B78D-A8F59079A8D5}","ParentCommandLine":"C:\\Windows\\system32\\svchost.exe -k DcomLaunch","ProcessGuid":"{0F2D76F0-C614-57BD-0000-0010D8EE0700}","ProcessId":"3796","CurrentDirectory":"C:\\Windows\\system32\\","Hashes":"SHA1=E977B87698C3E595D55827665E22FBF788DD3F9F,MD5=A8EDB86FC2A4D6D1285E4C70384AC35A,SHA256=61B8955CE0A2AA9D0719920B30216717B349B6FBE11C697C31CFA84F859CC1AE,IMPHASH=3D806EF1101283F4E5D20F0C4F83B8FD","IntegrityLevel":"Medium","dataset":"botsv1"}
{"_time":"2016-08-24 10:06:44.000 MDT","sourcetype":"XmlWinEventLog:Microsoft-Windows-Sysmon/Operational","host":"we8105desk","Computer":"we8105desk.waynecorpinc.local","EventCode":"1","RecordID":"348882","UtcTime":"2016-08-24 16:06:44.895","User":"NT AUTHORITY\\SYSTEM","Image":"C:\\Program Files (x86)\\Intel\\Intel(R) Integrated Clock Controller Service\\ICCProxy.exe","ParentImage":"C:\\Windows\\System32\\services.exe","CommandLine":"\"C:\\Program Files (x86)\\Intel\\Intel(R) Integrated Clock Controller Service\\ICCProxy.exe\"","ParentCommandLine":"C:\\Windows\\system32\\services.exe","ProcessGuid":"{0F2D76F0-C614-57BD-0000-00107B3A0800}","ProcessId":"3984","CurrentDirectory":"C:\\Windows\\system32\\","Hashes":"SHA1=4E273BD33DDE66BA481A0F79DFC89F7D7AE5F905,MD5=83FF82FE209E7997067B375DAD6CF23D,SHA256=E312DD068E51DBF96A8232D7D1C9F158652FDA23649655F1102928B320795091,IMPHASH=0101594199855256D3493E0B78E9CF41","IntegrityLevel":"System","dataset":"botsv1"}
{"_time":"2016-08-24 10:06:45.000 MDT","sourcetype":"XmlWinEventLog:Microsoft-Windows-Sysmon/Operational","host":"we8105desk","Computer":"we8105desk.waynecorpinc.local","EventCode":"1","RecordID":"348935","UtcTime":"2016-08-24 16:06:45.218","User":"WAYNECORPINC\\bob.smith","Image":"C:\\Program Files (x86)\\Intel\\Intel(R) USB 3.0 eXtensible Host Controller Driver\\Application\\iusb3mon.exe","ParentImage":"C:\\Windows\\SysWOW64\\runonce.exe","CommandLine":"\"C:\\Program Files (x86)\\Intel\\Intel(R) USB 3.0 eXtensible Host Controller Driver\\Application\\iusb3mon.exe\"","ParentCommandLine":"C:\\Windows\\SysWOW64\\runonce.exe /Run6432","ProcessGuid":"{0F2D76F0-C615-57BD-0000-00104D6F0800}","ProcessId":"4020","CurrentDirectory":"C:\\Windows\\SysWOW64\\","Hashes":"SHA1=6F85F86ADF820D16DBEB5D3CA5F66D3989FFF988,MD5=917FABC664BD4A7AFA5EB8BB49884380,SHA256=667AC2BC9B1FFB363BA8C974268E65C115BC5C496E75C36F1B811D0324653208,IMPHASH=25184DE5E75300EC887E263B6533F8BB","IntegrityLevel":"Medium","dataset":"botsv1"}
{"_time":"2016-08-24 10:06:45.000 MDT","sourcetype":"XmlWinEventLog:Microsoft-Windows-Sysmon/Operational","host":"we8105desk","Computer":"we8105desk.waynecorpinc.local","EventCode":"1","RecordID":"348957","UtcTime":"2016-08-24 16:06:45.258","User":"WAYNECORPINC\\bob.smith","Image":"C:\\Program Files (x86)\\Common Files\\Acronis\\TibMounter\\TibMounterMonitor.exe","ParentImage":"C:\\Windows\\SysWOW64\\runonce.exe","CommandLine":"\"C:\\Program Files (x86)\\Common Files\\Acronis\\TibMounter\\TibMounterMonitor.exe\"","ParentCommandLine":"C:\\Windows\\SysWOW64\\runonce.exe /Run6432","ProcessGuid":"{0F2D76F0-C615-57BD-0000-0010D5770800}","ProcessId":"4028","CurrentDirectory":"C:\\Windows\\SysWOW64\\","Hashes":"SHA1=7BAC978FA228461BB43097B7227BDF80995947A7,MD5=44D0198A661F67F709D0FD232DAF3E16,SHA256=FC441E8AE34AE444DAA507ADDCB2F78574A28C86573C7215336CE227BD38DAEA,IMPHASH=467A6E4EC84E6609806D9BC51141E7BF","IntegrityLevel":"Medium","dataset":"botsv1"}
{"_time":"2016-08-24 10:06:45.000 MDT","sourcetype":"XmlWinEventLog:Microsoft-Windows-Sysmon/Operational","host":"we8105desk","Computer":"we8105desk.waynecorpinc.local","EventCode":"1","RecordID":"349011","UtcTime":"2016-08-24 16:06:45.298","User":"WAYNECORPINC\\bob.smith","Image":"C:\\Program Files (x86)\\Acronis\\TrueImageHome\\TrueImageMonitor.exe","ParentImage":"C:\\Windows\\SysWOW64\\runonce.exe","CommandLine":"\"C:\\Program Files (x86)\\Acronis\\TrueImageHome\\TrueImageMonitor.exe\"","ParentCommandLine":"C:\\Windows\\SysWOW64\\runonce.exe /Run6432","ProcessGuid":"{0F2D76F0-C615-57BD-0000-0010D8840800}","ProcessId":"4056","CurrentDirectory":"C:\\Windows\\SysWOW64\\","Hashes":"SHA1=0A183F72725FAAB2E1964CB70446D462DBF2CDFD,MD5=C20214822288DD3F64964B3B9FF8AA33,SHA256=60A24EAAB0B2434BDEE97324B0518DF2A26BFBA10DA23EEFF447C6EE291B1885,IMPHASH=DF0D9AF679CD51F0EE92F58AB87074F3","IntegrityLevel":"Medium","dataset":"botsv1"}
{"_time":"2016-08-24 10:06:45.000 MDT","sourcetype":"XmlWinEventLog:Microsoft-Windows-Sysmon/Operational","host":"we8105desk","Computer":"we8105desk.waynecorpinc.local","EventCode":"1","RecordID":"349023","UtcTime":"2016-08-24 16:06:45.458","User":"WAYNECORPINC\\bob.smith","Image":"C:\\Program Files (x86)\\Microsoft Office\\Office14\\BCSSync.exe","ParentImage":"C:\\Windows\\SysWOW64\\runonce.exe","CommandLine":"\"C:\\Program Files (x86)\\Microsoft Office\\Office14\\BCSSync.exe\" /DelayServices","ParentCommandLine":"C:\\Windows\\SysWOW64\\runonce.exe /Run6432","ProcessGuid":"{0F2D76F0-C615-57BD-0000-001003960800}","ProcessId":"4072","CurrentDirectory":"C:\\Windows\\SysWOW64\\","Hashes":"SHA1=6ABD81A46557F72680EB9E5FC74223B8C9C32088,MD5=901AA7A38CE13F14B6BBEC38C0595698,SHA256=1E95F2048E2A1782807D52E9816ED267355718E24D01FF07ACE73D965EDE388A,IMPHASH=1D85641A198991577ACE925DF9564240","IntegrityLevel":"Medium","dataset":"botsv1"}
{"_time":"2016-08-24 10:06:49.000 MDT","sourcetype":"XmlWinEventLog:Microsoft-Windows-Sysmon/Operational","host":"we8105desk","Computer":"we8105desk.waynecorpinc.local","EventCode":"1","RecordID":"349290","UtcTime":"2016-08-24 16:06:49.970","User":"NT AUTHORITY\\SYSTEM","Image":"C:\\Windows\\System32\\SearchIndexer.exe","ParentImage":"C:\\Windows\\System32\\services.exe","CommandLine":"C:\\Windows\\system32\\SearchIndexer.exe /Embedding","ParentCommandLine":"C:\\Windows\\system32\\services.exe","ProcessGuid":"{0F2D76F0-C619-57BD-0000-0010AE0B0900}","ProcessId":"3188","CurrentDirectory":"C:\\Windows\\system32\\","Hashes":"SHA1=7BCC04348145501294745D58A2F9F702A76E794F,MD5=AD31942BDF3D594C404874613BC2FE4D,SHA256=704F4A48FA91B8A22604FF740B506C3B28766F8DFADB9D11814602FAA00EDFAB,IMPHASH=971E72C56D0C3487DE16C1BE86848447","IntegrityLevel":"System","dataset":"botsv1"}
{"_time":"2016-08-24 10:07:20.000 MDT","sourcetype":"XmlWinEventLog:Microsoft-Windows-Sysmon/Operational","host":"we8105desk","Computer":"we8105desk.waynecorpinc.local","EventCode":"1","RecordID":"349647","UtcTime":"2016-08-24 16:07:20.903","User":"NT AUTHORITY\\SYSTEM","Image":"C:\\Windows\\System32\\SearchIndexer.exe","ParentImage":"C:\\Windows\\System32\\services.exe","CommandLine":"C:\\Windows\\system32\\SearchIndexer.exe /Embedding","ParentCommandLine":"C:\\Windows\\system32\\services.exe","ProcessGuid":"{0F2D76F0-C638-57BD-0000-0010E8A80900}","ProcessId":"3280","CurrentDirectory":"C:\\Windows\\system32\\","Hashes":"SHA1=7BCC04348145501294745D58A2F9F702A76E794F,MD5=AD31942BDF3D594C404874613BC2FE4D,SHA256=704F4A48FA91B8A22604FF740B506C3B28766F8DFADB9D11814602FAA00EDFAB,IMPHASH=971E72C56D0C3487DE16C1BE86848447","IntegrityLevel":"System","dataset":"botsv1"}
{"_time":"2016-08-24 10:07:22.000 MDT","sourcetype":"XmlWinEventLog:Microsoft-Windows-Sysmon/Operational","host":"we8105desk","Computer":"we8105desk.waynecorpinc.local","EventCode":"1","RecordID":"349716","UtcTime":"2016-08-24 16:07:22.372","User":"NT AUTHORITY\\SYSTEM","Image":"C:\\Windows\\System32\\SearchProtocolHost.exe","ParentImage":"C:\\Windows\\System32\\SearchIndexer.exe","CommandLine":"\"C:\\Windows\\system32\\SearchProtocolHost.exe\" Global\\UsGthrFltPipeMssGthrPipe1_ Global\\UsGthrCtrlFltPipeMssGthrPipe1 1 -2147483646 \"Software\\Microsoft\\Windows Search\" \"Mozilla/4.0 (compatible; MSIE 6.0; Windows NT; MS Search 4.0 Robot)\" \"C:\\ProgramData\\Microsoft\\Search\\Data\\Temp\\usgthrsvc\" \"DownLevelDaemon\"","ParentCommandLine":"C:\\Windows\\system32\\SearchIndexer.exe /Embedding","ProcessGuid":"{0F2D76F0-C63A-57BD-0000-00109AE70900}","ProcessId":"3800","CurrentDirectory":"C:\\Windows\\system32\\","Hashes":"SHA1=A8DCF7D63A8BB5ABEF8787775957A5BB6C0F3F77,MD5=42EC9065D9BF266ADE924B066C783A56,SHA256=4AC002E90A52CB0998DA78F2995294EE77B89FB2BE709B0E3C8E1627212BCCDC,IMPHASH=3E21C2C0BFB7FA9AAD5C782DBF401846","IntegrityLevel":"System","dataset":"botsv1"}
{"_time":"2016-08-24 10:07:22.000 MDT","sourcetype":"XmlWinEventLog:Microsoft-Windows-Sysmon/Operational","host":"we8105desk","Computer":"we8105desk.waynecorpinc.local","EventCode":"1","RecordID":"349741","UtcTime":"2016-08-24 16:07:22.419","User":"NT AUTHORITY\\SYSTEM","Image":"C:\\Windows\\System32\\SearchFilterHost.exe","ParentImage":"C:\\Windows\\System32\\SearchIndexer.exe","CommandLine":"\"C:\\Windows\\system32\\SearchFilterHost.exe\" 0 524 528 536 65536 532","ParentCommandLine":"C:\\Windows\\system32\\SearchIndexer.exe /Embedding","ProcessGuid":"{0F2D76F0-C63A-57BD-0000-00107EED0900}","ProcessId":"3796","CurrentDirectory":"C:\\Windows\\system32\\","Hashes":"SHA1=904A3B130E3DB7CEA97F31CC40D64D9026FF6E41,MD5=52D56D1013D4F1B99102679314CC5325,SHA256=F8F6C41FEC774C71A85C91DFEB057076D018E5A64CE1D7B7D9D202CA65B34758,IMPHASH=48476C179FBF9FC0CC7AE2A8A5FB1073","IntegrityLevel":"Medium","dataset":"botsv1"}
{"_time":"2016-08-24 10:07:23.000 MDT","sourcetype":"XmlWinEventLog:Microsoft-Windows-Sysmon/Operational","host":"we8105desk","Computer":"we8105desk.waynecorpinc.local","EventCode":"1","RecordID":"349803","UtcTime":"2016-08-24 16:07:23.169","User":"WAYNECORPINC\\bob.smith","Image":"C:\\Windows\\System32\\SearchProtocolHost.exe","ParentImage":"C:\\Windows\\System32\\SearchIndexer.exe","CommandLine":"\"C:\\Windows\\system32\\SearchProtocolHost.exe\" Global\\UsGthrFltPipeMssGthrPipe_S-1-5-21-67332772-3493699611-3403467266-11092_ Global\\UsGthrCtrlFltPipeMssGthrPipe_S-1-5-21-67332772-3493699611-3403467266-11092 1 -2147483646 \"Software\\Microsoft\\Windows Search\" \"Mozilla/4.0 (compatible; MSIE 6.0; Windows NT; MS Search 4.0 Robot)\" \"C:\\ProgramData\\Microsoft\\Search\\Data\\Temp\\usgthrsvc\" \"DownLevelDaemon\"  \"1\"","ParentCommandLine":"C:\\Windows\\system32\\SearchIndexer.exe /Embedding","ProcessGuid":"{0F2D76F0-C63B-57BD-0000-0010A91B0A00}","ProcessId":"2396","CurrentDirectory":"C:\\Windows\\system32\\","Hashes":"SHA1=A8DCF7D63A8BB5ABEF8787775957A5BB6C0F3F77,MD5=42EC9065D9BF266ADE924B066C783A56,SHA256=4AC002E90A52CB0998DA78F2995294EE77B89FB2BE709B0E3C8E1627212BCCDC,IMPHASH=3E21C2C0BFB7FA9AAD5C782DBF401846","IntegrityLevel":"Medium","dataset":"botsv1"}
{"_time":"2016-08-24 10:08:16.000 MDT","sourcetype":"XmlWinEventLog:Microsoft-Windows-Sysmon/Operational","host":"we8105desk","Computer":"we8105desk.waynecorpinc.local","EventCode":"1","RecordID":"350051","UtcTime":"2016-08-24 16:08:16.177","User":"NT AUTHORITY\\SYSTEM","Image":"C:\\Program Files (x86)\\Intel\\Intel(R) Management Engine Components\\LMS\\LMS.exe","ParentImage":"C:\\Windows\\System32\\services.exe","CommandLine":"\"C:\\Program Files (x86)\\Intel\\Intel(R) Management Engine Components\\LMS\\LMS.exe\"","ParentCommandLine":"C:\\Windows\\system32\\services.exe","ProcessGuid":"{0F2D76F0-C670-57BD-0000-0010F79D0A00}","ProcessId":"2436","CurrentDirectory":"C:\\Windows\\system32\\","Hashes":"SHA1=38D9560BE87B17CE883813D17F32254B5068713B,MD5=60471C88EB4906DB0C2026B3290EE4B6,SHA256=D51752E4149A5BA578BF9F8DA83443BFF0719BAA34D91BD938DAC831BC0BA6DC,IMPHASH=E5B96767D892B42C86BD51D86AF73162","IntegrityLevel":"System","dataset":"botsv1"}
{"_time":"2016-08-24 10:08:16.000 MDT","sourcetype":"XmlWinEventLog:Microsoft-Windows-Sysmon/Operational","host":"we8105desk","Computer":"we8105desk.waynecorpinc.local","EventCode":"1","RecordID":"350158","UtcTime":"2016-08-24 16:08:16.552","User":"NT AUTHORITY\\NETWORK SERVICE","Image":"C:\\Windows\\System32\\sppsvc.exe","ParentImage":"C:\\Windows\\System32\\services.exe","CommandLine":"C:\\Windows\\system32\\sppsvc.exe","ParentCommandLine":"C:\\Windows\\system32\\services.exe","ProcessGuid":"{0F2D76F0-C670-57BD-0000-00108BBC0A00}","ProcessId":"2072","CurrentDirectory":"C:\\Windows\\system32\\","Hashes":"SHA1=C5B437F3965C01936046F9BF7C853F8E363C12AD,MD5=E17E0188BB90FAE42D83E98707EFA59C,SHA256=FC075F7B39E86CC8EF6DA4E339FE946917E319C347AC70FB0C50AAF36F97E27F,IMPHASH=7BCAA6F7C2A49F73D8165171F14F2BD5","IntegrityLevel":"System","dataset":"botsv1"}
{"_time":"2016-08-24 10:08:16.000 MDT","sourcetype":"XmlWinEventLog:Microsoft-Windows-Sysmon/Operational","host":"we8105desk","Computer":"we8105desk.waynecorpinc.local","EventCode":"1","RecordID":"350185","UtcTime":"2016-08-24 16:08:16.771","User":"NT AUTHORITY\\SYSTEM","Image":"C:\\Program Files (x86)\\Common Files\\Acronis\\SyncAgent\\syncagentsrv.exe","ParentImage":"C:\\Windows\\System32\\services.exe","CommandLine":"\"C:\\Program Files (x86)\\Common Files\\Acronis\\SyncAgent\\syncagentsrv.exe\"","ParentCommandLine":"C:\\Windows\\system32\\services.exe","ProcessGuid":"{0F2D76F0-C670-57BD-0000-0010B8C30A00}","ProcessId":"2108","CurrentDirectory":"C:\\Windows\\system32\\","Hashes":"SHA1=71B03F3B38B31AA8C74BBE15464F0876BDADDB65,MD5=C653C8A3D3079A7D03F8DAB6C5FE6DD7,SHA256=7A0A6F6697227924F9EEB6CA020D807746FADAEC1D27096A9A9F7FC5B54DC593,IMPHASH=4C0AB65DF4434878917E394F80DA9B29","IntegrityLevel":"System","dataset":"botsv1"}
{"_time":"2016-08-24 10:08:57.000 MDT","sourcetype":"XmlWinEventLog:Microsoft-Windows-Sysmon/Operational","host":"we8105desk","Computer":"we8105desk.waynecorpinc.local","EventCode":"1","RecordID":"350386","UtcTime":"2016-08-24 16:08:57.000","User":"NT AUTHORITY\\LOCAL SERVICE","Image":"C:\\Windows\\System32\\sdclt.exe","ParentImage":"C:\\Windows\\System32\\services.exe","CommandLine":"C:\\Windows\\System32\\sdclt.exe /CONFIGNOTIFICATION","ParentCommandLine":"C:\\Windows\\system32\\services.exe","ProcessGuid":"{0F2D76F0-C699-57BD-0000-00101E0A0B00}","ProcessId":"2684","CurrentDirectory":"C:\\Windows\\system32\\","Hashes":"SHA1=4B3CBFFF5E57FA0CB058E93E445E3851063646CF,MD5=CDEBD55FFBDA3889AA2A8CE52B9DC097,SHA256=61BD24487C389FC2B939CE000721677CC173BDE0EDCAFCCFF81069BBD9987BFD,IMPHASH=F0958A2EC90860487BEF52011628C1CB","IntegrityLevel":"System","dataset":"botsv1"}
{"_time":"2016-08-24 10:08:57.000 MDT","sourcetype":"XmlWinEventLog:Microsoft-Windows-Sysmon/Operational","host":"we8105desk","Computer":"we8105desk.waynecorpinc.local","EventCode":"1","RecordID":"350400","UtcTime":"2016-08-24 16:08:57.063","User":"NT AUTHORITY\\LOCAL SERVICE","Image":"C:\\Windows\\System32\\taskhost.exe","ParentImage":"C:\\Windows\\System32\\services.exe","CommandLine":"taskhost.exe $(Arg0)","ParentCommandLine":"C:\\Windows\\system32\\services.exe","ProcessGuid":"{0F2D76F0-C699-57BD-0000-00109D0C0B00}","ProcessId":"984","CurrentDirectory":"C:\\Windows\\system32\\","Hashes":"SHA1=61478D71931FB3E304BC341236AB0DB1D6C26E09,MD5=517110BD83835338C037269E603DB55D,SHA256=499A803DE14905F2FF7BCA56D81CC983E16A8D9CEA93EC4B84A06A366E7CB939,IMPHASH=D9C431646227DBA4B6B2A1313802ED63","IntegrityLevel":"System","dataset":"botsv1"}
{"_time":"2016-08-24 10:09:04.000 MDT","sourcetype":"XmlWinEventLog:Microsoft-Windows-Sysmon/Operational","host":"we8105desk","Computer":"we8105desk.waynecorpinc.local","EventCode":"1","RecordID":"350762","UtcTime":"2016-08-24 16:09:04.328","User":"NT AUTHORITY\\NETWORK SERVICE","Image":"C:\\Windows\\System32\\wbem\\WmiPrvSE.exe","ParentImage":"C:\\Windows\\System32\\svchost.exe","CommandLine":"C:\\Windows\\system32\\wbem\\wmiprvse.exe -secured -Embedding","ParentCommandLine":"C:\\Windows\\system32\\svchost.exe -k DcomLaunch","ProcessGuid":"{0F2D76F0-C6A0-57BD-0000-0010B4690B00}","ProcessId":"228","CurrentDirectory":"C:\\Windows\\system32\\","Hashes":"SHA1=9F5A4796B58D8B104A1C0F5A63DAF0032B947966,MD5=619A67C9F617B7E69315BB28ECD5E1DF,SHA256=F34F231D117CCDFEBB9CB35C8D6FDFA7051DA27FDC1204FCCFF361FC0B13A0FF,IMPHASH=C1E65C7FF153F2C2E6A7E93706AE226A","IntegrityLevel":"System","dataset":"botsv1"}
{"_time":"2016-08-24 10:10:00.000 MDT","sourcetype":"XmlWinEventLog:Microsoft-Windows-Sysmon/Operational","host":"we8105desk","Computer":"we8105desk.waynecorpinc.local","EventCode":"1","RecordID":"351059","UtcTime":"2016-08-24 16:10:00.695","User":"NT AUTHORITY\\SYSTEM","Image":"C:\\Windows\\System32\\wbem\\WMIADAP.exe","ParentImage":"C:\\Windows\\System32\\svchost.exe","CommandLine":"wmiadap.exe /F /T /R","ParentCommandLine":"C:\\Windows\\system32\\svchost.exe -k netsvcs","ProcessGuid":"{0F2D76F0-C6D8-57BD-0000-0010BCBA0B00}","ProcessId":"3840","CurrentDirectory":"C:\\Windows\\system32\\","Hashes":"SHA1=B3D339964BFEA63EC9E85EC73B246C4CC1D25F9A,MD5=005247E3057BC5D5C3F8C6F886FFC10C,SHA256=FCB27F89EC36856A4A225744CE5EE3A30CBC8A447868B165D95E8AB2C17F5671,IMPHASH=24F8221750B808C342E2005EC6549910","IntegrityLevel":"System","dataset":"botsv1"}
{"_time":"2016-08-24 10:10:24.000 MDT","sourcetype":"XmlWinEventLog:Microsoft-Windows-Sysmon/Operational","host":"we8105desk","Computer":"we8105desk.waynecorpinc.local","EventCode":"1","RecordID":"351330","UtcTime":"2016-08-24 16:10:24.239","User":"NT AUTHORITY\\SYSTEM","Image":"C:\\Windows\\System32\\SearchFilterHost.exe","ParentImage":"C:\\Windows\\System32\\SearchIndexer.exe","CommandLine":"\"C:\\Windows\\system32\\SearchFilterHost.exe\" 0 524 528 536 65536 532","ParentCommandLine":"C:\\Windows\\system32\\SearchIndexer.exe /Embedding","ProcessGuid":"{0F2D76F0-C6F0-57BD-0000-001073F60B00}","ProcessId":"1940","CurrentDirectory":"C:\\Windows\\system32\\","Hashes":"SHA1=904A3B130E3DB7CEA97F31CC40D64D9026FF6E41,MD5=52D56D1013D4F1B99102679314CC5325,SHA256=F8F6C41FEC774C71A85C91DFEB057076D018E5A64CE1D7B7D9D202CA65B34758,IMPHASH=48476C179FBF9FC0CC7AE2A8A5FB1073","IntegrityLevel":"Medium","dataset":"botsv1"}
{"_time":"2016-08-24 10:10:24.000 MDT","sourcetype":"XmlWinEventLog:Microsoft-Windows-Sysmon/Operational","host":"we8105desk","Computer":"we8105desk.waynecorpinc.local","EventCode":"1","RecordID":"351366","UtcTime":"2016-08-24 16:10:24.317","User":"NT AUTHORITY\\SYSTEM","Image":"C:\\Windows\\System32\\SearchProtocolHost.exe","ParentImage":"C:\\Windows\\System32\\SearchIndexer.exe","CommandLine":"\"C:\\Windows\\system32\\SearchProtocolHost.exe\" Global\\UsGthrFltPipeMssGthrPipe3_ Global\\UsGthrCtrlFltPipeMssGthrPipe3 1 -2147483646 \"Software\\Microsoft\\Windows Search\" \"Mozilla/4.0 (compatible; MSIE 6.0; Windows NT; MS Search 4.0 Robot)\" \"C:\\ProgramData\\Microsoft\\Search\\Data\\Temp\\usgthrsvc\" \"DownLevelDaemon\"","ParentCommandLine":"C:\\Windows\\system32\\SearchIndexer.exe /Embedding","ProcessGuid":"{0F2D76F0-C6F0-57BD-0000-0010ADFD0B00}","ProcessId":"3676","CurrentDirectory":"C:\\Windows\\system32\\","Hashes":"SHA1=A8DCF7D63A8BB5ABEF8787775957A5BB6C0F3F77,MD5=42EC9065D9BF266ADE924B066C783A56,SHA256=4AC002E90A52CB0998DA78F2995294EE77B89FB2BE709B0E3C8E1627212BCCDC,IMPHASH=3E21C2C0BFB7FA9AAD5C782DBF401846","IntegrityLevel":"System","dataset":"botsv1"}
{"_time":"2016-08-24 10:12:24.000 MDT","sourcetype":"XmlWinEventLog:Microsoft-Windows-Sysmon/Operational","host":"we8105desk","Computer":"we8105desk.waynecorpinc.local","EventCode":"1","RecordID":"351629","UtcTime":"2016-08-24 16:12:24.409","User":"NT AUTHORITY\\SYSTEM","Image":"C:\\Windows\\System32\\SearchFilterHost.exe","ParentImage":"C:\\Windows\\System32\\SearchIndexer.exe","CommandLine":"\"C:\\Windows\\system32\\SearchFilterHost.exe\" 0 524 528 536 65536 532","ParentCommandLine":"C:\\Windows\\system32\\SearchIndexer.exe /Embedding","ProcessGuid":"{0F2D76F0-C768-57BD-0000-0010E6020D00}","ProcessId":"1296","CurrentDirectory":"C:\\Windows\\system32\\","Hashes":"SHA1=904A3B130E3DB7CEA97F31CC40D64D9026FF6E41,MD5=52D56D1013D4F1B99102679314CC5325,SHA256=F8F6C41FEC774C71A85C91DFEB057076D018E5A64CE1D7B7D9D202CA65B34758,IMPHASH=48476C179FBF9FC0CC7AE2A8A5FB1073","IntegrityLevel":"Medium","dataset":"botsv1"}
{"_time":"2016-08-24 10:12:40.000 MDT","sourcetype":"XmlWinEventLog:Microsoft-Windows-Sysmon/Operational","host":"we8105desk","Computer":"we8105desk.waynecorpinc.local","EventCode":"1","RecordID":"351738","UtcTime":"2016-08-24 16:12:40.891","User":"WAYNECORPINC\\bob.smith","Image":"C:\\Windows\\System32\\SearchProtocolHost.exe","ParentImage":"C:\\Windows\\System32\\SearchIndexer.exe","CommandLine":"\"C:\\Windows\\system32\\SearchProtocolHost.exe\" Global\\UsGthrFltPipeMssGthrPipe_S-1-5-21-67332772-3493699611-3403467266-11094_ Global\\UsGthrCtrlFltPipeMssGthrPipe_S-1-5-21-67332772-3493699611-3403467266-11094 1 -2147483646 \"Software\\Microsoft\\Windows Search\" \"Mozilla/4.0 (compatible; MSIE 6.0; Windows NT; MS Search 4.0 Robot)\" \"C:\\ProgramData\\Microsoft\\Search\\Data\\Temp\\usgthrsvc\" \"DownLevelDaemon\"  \"1\"","ParentCommandLine":"C:\\Windows\\system32\\SearchIndexer.exe /Embedding","ProcessGuid":"{0F2D76F0-C778-57BD-0000-001099260D00}","ProcessId":"3668","CurrentDirectory":"C:\\Windows\\system32\\","Hashes":"SHA1=A8DCF7D63A8BB5ABEF8787775957A5BB6C0F3F77,MD5=42EC9065D9BF266ADE924B066C783A56,SHA256=4AC002E90A52CB0998DA78F2995294EE77B89FB2BE709B0E3C8E1627212BCCDC,IMPHASH=3E21C2C0BFB7FA9AAD5C782DBF401846","IntegrityLevel":"Medium","dataset":"botsv1"}
{"_time":"2016-08-24 10:14:24.000 MDT","sourcetype":"XmlWinEventLog:Microsoft-Windows-Sysmon/Operational","host":"we8105desk","Computer":"we8105desk.waynecorpinc.local","EventCode":"1","RecordID":"352936","UtcTime":"2016-08-24 16:14:24.514","User":"NT AUTHORITY\\SYSTEM","Image":"C:\\Windows\\System32\\SearchFilterHost.exe","ParentImage":"C:\\Windows\\System32\\SearchIndexer.exe","CommandLine":"\"C:\\Windows\\system32\\SearchFilterHost.exe\" 0 524 528 536 65536 532","ParentCommandLine":"C:\\Windows\\system32\\SearchIndexer.exe /Embedding","ProcessGuid":"{0F2D76F0-C7E0-57BD-0000-001020060F00}","ProcessId":"2700","CurrentDirectory":"C:\\Windows\\system32\\","Hashes":"SHA1=904A3B130E3DB7CEA97F31CC40D64D9026FF6E41,MD5=52D56D1013D4F1B99102679314CC5325,SHA256=F8F6C41FEC774C71A85C91DFEB057076D018E5A64CE1D7B7D9D202CA65B34758,IMPHASH=48476C179FBF9FC0CC7AE2A8A5FB1073","IntegrityLevel":"Medium","dataset":"botsv1"}
{"_time":"2016-08-24 10:15:15.000 MDT","sourcetype":"XmlWinEventLog:Microsoft-Windows-Sysmon/Operational","host":"we8105desk","Computer":"we8105desk.waynecorpinc.local","EventCode":"1","RecordID":"353123","UtcTime":"2016-08-24 16:15:15.880","User":"WAYNECORPINC\\bob.smith","Image":"C:\\Windows\\System32\\SearchProtocolHost.exe","ParentImage":"C:\\Windows\\System32\\SearchIndexer.exe","CommandLine":"\"C:\\Windows\\system32\\SearchProtocolHost.exe\" Global\\UsGthrFltPipeMssGthrPipe_S-1-5-21-67332772-3493699611-3403467266-11095_ Global\\UsGthrCtrlFltPipeMssGthrPipe_S-1-5-21-67332772-3493699611-3403467266-11095 1 -2147483646 \"Software\\Microsoft\\Windows Search\" \"Mozilla/4.0 (compatible; MSIE 6.0; Windows NT; MS Search 4.0 Robot)\" \"C:\\ProgramData\\Microsoft\\Search\\Data\\Temp\\usgthrsvc\" \"DownLevelDaemon\"  \"1\"","ParentCommandLine":"C:\\Windows\\system32\\SearchIndexer.exe /Embedding","ProcessGuid":"{0F2D76F0-C813-57BD-0000-0010E2061100}","ProcessId":"984","CurrentDirectory":"C:\\Windows\\system32\\","Hashes":"SHA1=A8DCF7D63A8BB5ABEF8787775957A5BB6C0F3F77,MD5=42EC9065D9BF266ADE924B066C783A56,SHA256=4AC002E90A52CB0998DA78F2995294EE77B89FB2BE709B0E3C8E1627212BCCDC,IMPHASH=3E21C2C0BFB7FA9AAD5C782DBF401846","IntegrityLevel":"Medium","dataset":"botsv1"}
{"_time":"2016-08-24 10:18:10.000 MDT","sourcetype":"XmlWinEventLog:Microsoft-Windows-Sysmon/Operational","host":"we8105desk","Computer":"we8105desk.waynecorpinc.local","EventCode":"1","RecordID":"353779","UtcTime":"2016-08-24 16:18:10.285","User":"NT AUTHORITY\\SYSTEM","Image":"C:\\Windows\\System32\\SearchProtocolHost.exe","ParentImage":"C:\\Windows\\System32\\SearchIndexer.exe","CommandLine":"\"C:\\Windows\\system32\\SearchProtocolHost.exe\" Global\\UsGthrFltPipeMssGthrPipe6_ Global\\UsGthrCtrlFltPipeMssGthrPipe6 1 -2147483646 \"Software\\Microsoft\\Windows Search\" \"Mozilla/4.0 (compatible; MSIE 6.0; Windows NT; MS Search 4.0 Robot)\" \"C:\\ProgramData\\Microsoft\\Search\\Data\\Temp\\usgthrsvc\" \"DownLevelDaemon\"","ParentCommandLine":"C:\\Windows\\system32\\SearchIndexer.exe /Embedding","ProcessGuid":"{0F2D76F0-C8C2-57BD-0000-0010C6541200}","ProcessId":"3876","CurrentDirectory":"C:\\Windows\\system32\\","Hashes":"SHA1=A8DCF7D63A8BB5ABEF8787775957A5BB6C0F3F77,MD5=42EC9065D9BF266ADE924B066C783A56,SHA256=4AC002E90A52CB0998DA78F2995294EE77B89FB2BE709B0E3C8E1627212BCCDC,IMPHASH=3E21C2C0BFB7FA9AAD5C782DBF401846","IntegrityLevel":"System","dataset":"botsv1"}
{"_time":"2016-08-24 10:18:10.000 MDT","sourcetype":"XmlWinEventLog:Microsoft-Windows-Sysmon/Operational","host":"we8105desk","Computer":"we8105desk.waynecorpinc.local","EventCode":"1","RecordID":"353803","UtcTime":"2016-08-24 16:18:10.332","User":"NT AUTHORITY\\SYSTEM","Image":"C:\\Windows\\System32\\SearchFilterHost.exe","ParentImage":"C:\\Windows\\System32\\SearchIndexer.exe","CommandLine":"\"C:\\Windows\\system32\\SearchFilterHost.exe\" 0 524 528 536 65536 532","ParentCommandLine":"C:\\Windows\\system32\\SearchIndexer.exe /Embedding","ProcessGuid":"{0F2D76F0-C8C2-57BD-0000-00108A581200}","ProcessId":"1280","CurrentDirectory":"C:\\Windows\\system32\\","Hashes":"SHA1=904A3B130E3DB7CEA97F31CC40D64D9026FF6E41,MD5=52D56D1013D4F1B99102679314CC5325,SHA256=F8F6C41FEC774C71A85C91DFEB057076D018E5A64CE1D7B7D9D202CA65B34758,IMPHASH=48476C179FBF9FC0CC7AE2A8A5FB1073","IntegrityLevel":"Medium","dataset":"botsv1"}
{"_time":"2016-08-24 10:19:43.000 MDT","sourcetype":"XmlWinEventLog:Microsoft-Windows-Sysmon/Operational","host":"we8105desk","Computer":"we8105desk.waynecorpinc.local","EventCode":"1","RecordID":"354238","UtcTime":"2016-08-24 16:19:43.185","User":"WAYNECORPINC\\bob.smith","Image":"C:\\Windows\\System32\\wermgr.exe","ParentImage":"C:\\Windows\\System32\\services.exe","CommandLine":"C:\\Windows\\system32\\wermgr.exe -queuereporting","ParentCommandLine":"C:\\Windows\\system32\\services.exe","ProcessGuid":"{0F2D76F0-C91F-57BD-0000-001037C61200}","ProcessId":"3936","CurrentDirectory":"C:\\Windows\\system32\\","Hashes":"SHA1=453263D230C6317EB4A2EB3ACEEEC1BBCF5E153D,MD5=41DF7355A5A907E2C1D7804EC028965D,SHA256=207BFEC939E7C017C4704BA76172EE2C954F485BA593BC1BC8C7666E78251861,IMPHASH=1021D733464ABF0BB77E43FBC10E074B","IntegrityLevel":"Medium","dataset":"botsv1"}
{"_time":"2016-08-24 10:20:25.000 MDT","sourcetype":"XmlWinEventLog:Microsoft-Windows-Sysmon/Operational","host":"we8105desk","Computer":"we8105desk.waynecorpinc.local","EventCode":"1","RecordID":"354495","UtcTime":"2016-08-24 16:20:25.329","User":"WAYNECORPINC\\bob.smith","Image":"C:\\Windows\\System32\\rundll32.exe","ParentImage":"C:\\Windows\\System32\\svchost.exe","CommandLine":"C:\\Windows\\System32\\rundll32.exe shell32.dll,SHCreateLocalServerRunDll {995C996E-D918-4a8c-A302-45719A6F4EA7} -Embedding","ParentCommandLine":"C:\\Windows\\system32\\svchost.exe -k DcomLaunch","ProcessGuid":"{0F2D76F0-C949-57BD-0000-001089FF1200}","ProcessId":"3460","CurrentDirectory":"C:\\Windows\\system32\\","Hashes":"SHA1=963B55ACC8C566876364716D5AAFA353995812A8,MD5=DD81D91FF3B0763C392422865C9AC12E,SHA256=F5691B8F200E3196E6808E932630E862F8F26F31CD949981373F23C9D87DB8B9,IMPHASH=F8F47A970BADB255F8249475E7FBEABB","IntegrityLevel":"Medium","dataset":"botsv1"}
{"_time":"2016-08-24 10:21:04.000 MDT","sourcetype":"XmlWinEventLog:Microsoft-Windows-Sysmon/Operational","host":"we8105desk","Computer":"we8105desk.waynecorpinc.local","EventCode":"1","RecordID":"354523","UtcTime":"2016-08-24 16:21:04.789","User":"NT AUTHORITY\\NETWORK SERVICE","Image":"C:\\Windows\\System32\\wbem\\WmiPrvSE.exe","ParentImage":"C:\\Windows\\System32\\svchost.exe","CommandLine":"C:\\Windows\\system32\\wbem\\wmiprvse.exe -secured -Embedding","ParentCommandLine":"C:\\Windows\\system32\\svchost.exe -k DcomLaunch","ProcessGuid":"{0F2D76F0-C970-57BD-0000-0010A1181300}","ProcessId":"1744","CurrentDirectory":"C:\\Windows\\system32\\","Hashes":"SHA1=9F5A4796B58D8B104A1C0F5A63DAF0032B947966,MD5=619A67C9F617B7E69315BB28ECD5E1DF,SHA256=F34F231D117CCDFEBB9CB35C8D6FDFA7051DA27FDC1204FCCFF361FC0B13A0FF,IMPHASH=C1E65C7FF153F2C2E6A7E93706AE226A","IntegrityLevel":"System","dataset":"botsv1"}
