{"_time":"2016-08-24 10:43:27.000 MDT","sourcetype":"XmlWinEventLog:Microsoft-Windows-Sysmon/Operational","host":"we8105desk","Computer":"we8105desk.waynecorpinc.local","EventCode":"1","RecordID":"362908","UtcTime":"2016-08-24 16:43:27.628","User":"WAYNECORPINC\\bob.smith","Image":"C:\\Windows\\splwow64.exe","ParentImage":"C:\\Program Files (x86)\\Microsoft Office\\Office14\\WINWORD.EXE","CommandLine":"C:\\Windows\\splwow64.exe 8192","ParentCommandLine":"\"C:\\Program Files (x86)\\Microsoft Office\\Office14\\WINWORD.EXE\" /n /f \"D:\\Miranda_Tate_unveiled.dotm\"","ProcessGuid":"{0F2D76F0-CEAF-57BD-0000-001080293100}","ProcessId":"1420","CurrentDirectory":"C:\\Windows\\","Hashes":"SHA1=4ABC063D21E6F85756AB02C98439E45204087959,MD5=D01628AF9F7FB3F415B357D446FBE6D9,SHA256=232F4854A70CFA982352C3EEBC7E308755AAC8E1A9DC5352711243DEF1F4B096,IMPHASH=869B8922E190496420788970E941EA97","IntegrityLevel":"Medium","dataset":"botsv1"}
{"_time":"2016-08-24 10:43:54.000 MDT","sourcetype":"XmlWinEventLog:Microsoft-Windows-Sysmon/Operational","host":"we8105desk","Computer":"we8105desk.waynecorpinc.local","EventCode":"1","RecordID":"363180","UtcTime":"2016-08-24 16:43:54.723","User":"WAYNECORPINC\\bob.smith","Image":"C:\\Windows\\explorer.exe","ParentImage":"C:\\Windows\\explorer.exe","CommandLine":"\"C:\\Windows\\explorer.exe\"","ParentCommandLine":"C:\\Windows\\Explorer.EXE","ProcessGuid":"{0F2D76F0-CECA-57BD-0000-0010DA673100}","ProcessId":"3372","CurrentDirectory":"C:\\Windows\\system32\\","Hashes":"SHA1=4583DAF9442880204730FB2C8A060430640494B1,MD5=AC4C51EB24AA95B77F705AB159189E24,SHA256=6A671B92A69755DE6FD063FCBE4BA926D83B49F78C42DBAEED8CDB6BBC57576A,IMPHASH=6422E341C67BA0880E012F8C7C634C21","IntegrityLevel":"Medium","dataset":"botsv1"}
{"_time":"2016-08-24 10:43:54.000 MDT","sourcetype":"XmlWinEventLog:Microsoft-Windows-Sysmon/Operational","host":"we8105desk","Computer":"we8105desk.waynecorpinc.local","EventCode":"1","RecordID":"363222","UtcTime":"2016-08-24 16:43:54.972","User":"WAYNECORPINC\\bob.smith","Image":"C:\\Windows\\SysWOW64\\dllhost.exe","ParentImage":"C:\\Windows\\System32\\svchost.exe","CommandLine":"C:\\Windows\\SysWOW64\\DllHost.exe /Processid:{1EF75F33-893B-4E8F-9655-C3D602BA4897}","ParentCommandLine":"C:\\Windows\\system32\\svchost.exe -k DcomLaunch","ProcessGuid":"{0F2D76F0-CECA-57BD-0000-0010997A3100}","ProcessId":"1368","CurrentDirectory":"C:\\Windows\\system32\\","Hashes":"SHA1=ACE762C51DB1908C858C898D7E0F9B36F788D2D9,MD5=A63DC5C2EA944E6657203E0C8EDEAF61,SHA256=F7AD4B09AFB301CE46DF695B22114331A57D52E6D4163FF74787BF68CCF44C78,IMPHASH=EB9A02895A60E58547EFF153D6FF8829","IntegrityLevel":"Medium","dataset":"botsv1"}
{"_time":"2016-08-24 10:44:07.000 MDT","sourcetype":"XmlWinEventLog:Microsoft-Windows-Sysmon/Operational","host":"we8105desk","Computer":"we8105desk.waynecorpinc.local","EventCode":"1","RecordID":"363264","UtcTime":"2016-08-24 16:44:07.879","User":"WAYNECORPINC\\bob.smith","Image":"C:\\Windows\\System32\\dllhost.exe","ParentImage":"C:\\Windows\\System32\\svchost.exe","CommandLine":"C:\\Windows\\system32\\DllHost.exe /Processid:{AB8902B4-09CA-4BB6-B78D-A8F59079A8D5}","ParentCommandLine":"C:\\Windows\\system32\\svchost.exe -k DcomLaunch","ProcessGuid":"{0F2D76F0-CED7-57BD-0000-001093B93100}","ProcessId":"3208","CurrentDirectory":"C:\\Windows\\system32\\","Hashes":"SHA1=E977B87698C3E595D55827665E22FBF788DD3F9F,MD5=A8EDB86FC2A4D6D1285E4C70384AC35A,SHA256=61B8955CE0A2AA9D0719920B30216717B349B6FBE11C697C31CFA84F859CC1AE,IMPHASH=3D806EF1101283F4E5D20F0C4F83B8FD","IntegrityLevel":"Medium","dataset":"botsv1"}
{"_time":"2016-08-24 10:44:08.000 MDT","sourcetype":"XmlWinEventLog:Microsoft-Windows-Sysmon/Operational","host":"we8105desk","Computer":"we8105desk.waynecorpinc.local","EventCode":"1","RecordID":"363294","UtcTime":"2016-08-24 16:44:08.220","User":"WAYNECORPINC\\bob.smith","Image":"C:\\Windows\\SysWOW64\\dllhost.exe","ParentImage":"C:\\Windows\\System32\\svchost.exe","CommandLine":"C:\\Windows\\SysWOW64\\DllHost.exe /Processid:{1EF75F33-893B-4E8F-9655-C3D602BA4897}","ParentCommandLine":"C:\\Windows\\system32\\svchost.exe -k DcomLaunch","ProcessGuid":"{0F2D76F0-CED8-57BD-0000-001066623200}","ProcessId":"3784","CurrentDirectory":"C:\\Windows\\system32\\","Hashes":"SHA1=ACE762C51DB1908C858C898D7E0F9B36F788D2D9,MD5=A63DC5C2EA944E6657203E0C8EDEAF61,SHA256=F7AD4B09AFB301CE46DF695B22114331A57D52E6D4163FF74787BF68CCF44C78,IMPHASH=EB9A02895A60E58547EFF153D6FF8829","IntegrityLevel":"Medium","dataset":"botsv1"}
{"_time":"2016-08-24 10:44:21.000 MDT","sourcetype":"XmlWinEventLog:Microsoft-Windows-Sysmon/Operational","host":"we8105desk","Computer":"we8105desk.waynecorpinc.local","EventCode":"1","RecordID":"363342","UtcTime":"2016-08-24 16:44:21.931","User":"WAYNECORPINC\\bob.smith","Image":"C:\\Windows\\SysWOW64\\dllhost.exe","ParentImage":"C:\\Windows\\System32\\svchost.exe","CommandLine":"C:\\Windows\\SysWOW64\\DllHost.exe /Processid:{1EF75F33-893B-4E8F-9655-C3D602BA4897}","ParentCommandLine":"C:\\Windows\\system32\\svchost.exe -k DcomLaunch","ProcessGuid":"{0F2D76F0-CEE5-57BD-0000-00101FE93200}","ProcessId":"3448","CurrentDirectory":"C:\\Windows\\system32\\","Hashes":"SHA1=ACE762C51DB1908C858C898D7E0F9B36F788D2D9,MD5=A63DC5C2EA944E6657203E0C8EDEAF61,SHA256=F7AD4B09AFB301CE46DF695B22114331A57D52E6D4163FF74787BF68CCF44C78,IMPHASH=EB9A02895A60E58547EFF153D6FF8829","IntegrityLevel":"Medium","dataset":"botsv1"}
{"_time":"2016-08-24 10:45:15.000 MDT","sourcetype":"XmlWinEventLog:Microsoft-Windows-Sysmon/Operational","host":"we1149srv","Computer":"we1149srv.waynecorpinc.local","EventCode":"1","RecordID":"3795118","UtcTime":"2016-08-24 16:45:15.745","User":"NT AUTHORITY\\NETWORK SERVICE","Image":"C:\\Windows\\System32\\wbem\\WmiPrvSE.exe","ParentImage":"C:\\Windows\\System32\\svchost.exe","CommandLine":"C:\\Windows\\system32\\wbem\\wmiprvse.exe -secured -Embedding","ParentCommandLine":"C:\\Windows\\system32\\svchost.exe -k DcomLaunch","ProcessGuid":"{E500B0EA-CF1B-57BD-0000-0010B156B513}","ProcessId":"2508","CurrentDirectory":"C:\\Windows\\system32\\","Hashes":"SHA1=5A4C0E82FF95C9FB762D46A696EF9F1B68001C21,MD5=CE6D08350D0A1278E9A97D94023D1800,SHA256=54AACAADDD25CC44B59A7637C3A1E7E3A8392CC6D22F4D2C5A202D29BF44AFC1,IMPHASH=5A7EE01A26FA2C5B5D57484D6FD004A4","IntegrityLevel":"System","dataset":"botsv1"}
{"_time":"2016-08-24 10:45:17.000 MDT","sourcetype":"XmlWinEventLog:Microsoft-Windows-Sysmon/Operational","host":"we1149srv","Computer":"we1149srv.waynecorpinc.local","EventCode":"1","RecordID":"3795196","UtcTime":"2016-08-24 16:45:17.135","User":"NT AUTHORITY\\SYSTEM","Image":"C:\\Windows\\System32\\wbem\\WmiPrvSE.exe","ParentImage":"C:\\Windows\\System32\\svchost.exe","CommandLine":"C:\\Windows\\system32\\wbem\\wmiprvse.exe -Embedding","ParentCommandLine":"C:\\Windows\\system32\\svchost.exe -k DcomLaunch","ProcessGuid":"{E500B0EA-CF1D-57BD-0000-00108493B513}","ProcessId":"3228","CurrentDirectory":"C:\\Windows\\system32\\","Hashes":"SHA1=5A4C0E82FF95C9FB762D46A696EF9F1B68001C21,MD5=CE6D08350D0A1278E9A97D94023D1800,SHA256=54AACAADDD25CC44B59A7637C3A1E7E3A8392CC6D22F4D2C5A202D29BF44AFC1,IMPHASH=5A7EE01A26FA2C5B5D57484D6FD004A4","IntegrityLevel":"System","dataset":"botsv1"}
{"_time":"2016-08-24 10:48:21.000 MDT","sourcetype":"XmlWinEventLog:Microsoft-Windows-Sysmon/Operational","host":"we8105desk","Computer":"we8105desk.waynecorpinc.local","EventCode":"1","RecordID":"364394","UtcTime":"2016-08-24 16:48:21.537","User":"WAYNECORPINC\\bob.smith","Image":"C:\\Windows\\SysWOW64\\cmd.exe","ParentImage":"C:\\Windows\\SysWOW64\\wscript.exe","CommandLine":"\"C:\\Windows\\System32\\cmd.exe\" /C START \"\" \"C:\\Users\\bob.smith.WAYNECORPINC\\AppData\\Roaming\\121214.tmp\"","ParentCommandLine":"\"C:\\Windows\\System32\\WScript.exe\" \"C:\\Users\\bob.smith.WAYNECORPINC\\AppData\\Roaming\\20429.vbs\"","ProcessGuid":"{0F2D76F0-CFD5-57BD-0000-0010E3AC3400}","ProcessId":"1476","CurrentDirectory":"D:\\","Hashes":"SHA1=EE8CBF12D87C4D388F09B4F69BED2E91682920B5,MD5=AD7B9C14083B52BC532FBA5948342B98,SHA256=17F746D82695FA9B35493B41859D39D786D32B23A9D2E00F4011DEC7A02402AE,IMPHASH=CEEFB55F764020CC5C5F8F23349AB163","IntegrityLevel":"Medium","dataset":"botsv1"}
{"_time":"2016-08-24 10:48:21.000 MDT","sourcetype":"XmlWinEventLog:Microsoft-Windows-Sysmon/Operational","host":"we8105desk","Computer":"we8105desk.waynecorpinc.local","EventCode":"1","RecordID":"364410","UtcTime":"2016-08-24 16:48:21.615","User":"WAYNECORPINC\\bob.smith","Image":"C:\\Windows\\System32\\conhost.exe","ParentImage":"C:\\Windows\\System32\\csrss.exe","CommandLine":"\\??\\C:\\Windows\\system32\\conhost.exe","ParentCommandLine":"%SystemRoot%\\system32\\csrss.exe ObjectDirectory=\\Windows SharedSection=1024,20480,768 Windows=On SubSystemType=Windows ServerDll=basesrv,1 ServerDll=winsrv:UserServerDllInitialization,3 ServerDll=winsrv:ConServerDllInitialization,2 ServerDll=sxssrv,4 ProfileControl=Off MaxRequestThreads=16","ProcessGuid":"{0F2D76F0-CFD5-57BD-0000-00101DAF3400}","ProcessId":"2860","CurrentDirectory":"C:\\Windows\\system32\\","Hashes":"SHA1=680DEC0F8907F4B8911FBE2AA5F2FD25425BE0B0,MD5=BD51024FB014064BC9FE8C715C18392F,SHA256=23F7AB98268F88E6CA9EE96B3DDBC6AA745BFFACD2E5F80A211CE48D976EB9A4,IMPHASH=C2AE82D74851F310DFB66DA9B301EF7E","IntegrityLevel":"Medium","dataset":"botsv1"}
{"_time":"2016-08-24 10:48:21.000 MDT","sourcetype":"XmlWinEventLog:Microsoft-Windows-Sysmon/Operational","host":"we8105desk","Computer":"we8105desk.waynecorpinc.local","EventCode":"1","RecordID":"364446","UtcTime":"2016-08-24 16:48:21.786","User":"WAYNECORPINC\\bob.smith","Image":"C:\\Users\\bob.smith.WAYNECORPINC\\AppData\\Roaming\\121214.tmp","ParentImage":"C:\\Windows\\SysWOW64\\cmd.exe","CommandLine":"\"C:\\Users\\bob.smith.WAYNECORPINC\\AppData\\Roaming\\121214.tmp\"","ParentCommandLine":"\"C:\\Windows\\System32\\cmd.exe\" /C START \"\" \"C:\\Users\\bob.smith.WAYNECORPINC\\AppData\\Roaming\\121214.tmp\"","ProcessGuid":"{0F2D76F0-CFD5-57BD-0000-00108BB43400}","ProcessId":"2948","CurrentDirectory":"D:\\","Hashes":"SHA1=C8F3F0A33EFE38E9296EF79552C4CADF6CF0BDE6,MD5=EE0828A4E4C195D97313BFC7D4B531F1,SHA256=37397F8D8E4B3731749094D7B7CD2CF56CACB12DD69E0131F07DD78DFF6F262B,IMPHASH=E160EF8E55BB9D162DA4E266AFD9EEF3","IntegrityLevel":"Medium","dataset":"botsv1"}
{"_time":"2016-08-24 10:48:29.000 MDT","sourcetype":"XmlWinEventLog:Microsoft-Windows-Sysmon/Operational","host":"we8105desk","Computer":"we8105desk.waynecorpinc.local","EventCode":"1","RecordID":"364533","UtcTime":"2016-08-24 16:48:29.602","User":"WAYNECORPINC\\bob.smith","Image":"C:\\Users\\bob.smith.WAYNECORPINC\\AppData\\Roaming\\121214.tmp","ParentImage":"C:\\Users\\bob.smith.WAYNECORPINC\\AppData\\Roaming\\121214.tmp","CommandLine":"\"C:\\Users\\bob.smith.WAYNECORPINC\\AppData\\Roaming\\121214.tmp\"","ParentCommandLine":"\"C:\\Users\\bob.smith.WAYNECORPINC\\AppData\\Roaming\\121214.tmp\"","ProcessGuid":"{0F2D76F0-CFDD-57BD-0000-001069CF3400}","ProcessId":"3828","CurrentDirectory":"C:\\Users\\bob.smith.WAYNECORPINC\\AppData\\Roaming\\","Hashes":"SHA1=C8F3F0A33EFE38E9296EF79552C4CADF6CF0BDE6,MD5=EE0828A4E4C195D97313BFC7D4B531F1,SHA256=37397F8D8E4B3731749094D7B7CD2CF56CACB12DD69E0131F07DD78DFF6F262B,IMPHASH=E160EF8E55BB9D162DA4E266AFD9EEF3","IntegrityLevel":"Medium","dataset":"botsv1"}
{"_time":"2016-08-24 10:48:41.000 MDT","sourcetype":"XmlWinEventLog:Microsoft-Windows-Sysmon/Operational","host":"we8105desk","Computer":"we8105desk.waynecorpinc.local","EventCode":"1","RecordID":"364831","UtcTime":"2016-08-24 16:48:41.753","User":"WAYNECORPINC\\bob.smith","Image":"C:\\Users\\bob.smith.WAYNECORPINC\\AppData\\Roaming\\{35ACA89F-933F-6A5D-2776-A3589FB99832}\\osk.exe","ParentImage":"C:\\Users\\bob.smith.WAYNECORPINC\\AppData\\Roaming\\121214.tmp","CommandLine":"\"C:\\Users\\bob.smith.WAYNECORPINC\\AppData\\Roaming\\{35ACA89F-933F-6A5D-2776-A3589FB99832}\\osk.exe\"","ParentCommandLine":"\"C:\\Users\\bob.smith.WAYNECORPINC\\AppData\\Roaming\\121214.tmp\"","ProcessGuid":"{0F2D76F0-CFE9-57BD-0000-0010B4F63400}","ProcessId":"3836","CurrentDirectory":"C:\\Users\\bob.smith.WAYNECORPINC\\AppData\\Roaming\\","Hashes":"SHA1=C8F3F0A33EFE38E9296EF79552C4CADF6CF0BDE6,MD5=EE0828A4E4C195D97313BFC7D4B531F1,SHA256=37397F8D8E4B3731749094D7B7CD2CF56CACB12DD69E0131F07DD78DFF6F262B,IMPHASH=E160EF8E55BB9D162DA4E266AFD9EEF3","IntegrityLevel":"Medium","dataset":"botsv1"}
{"_time":"2016-08-24 10:48:41.000 MDT","sourcetype":"XmlWinEventLog:Microsoft-Windows-Sysmon/Operational","host":"we8105desk","Computer":"we8105desk.waynecorpinc.local","EventCode":"1","RecordID":"364882","UtcTime":"2016-08-24 16:48:41.847","User":"WAYNECORPINC\\bob.smith","Image":"C:\\Windows\\SysWOW64\\cmd.exe","ParentImage":"C:\\Users\\bob.smith.WAYNECORPINC\\AppData\\Roaming\\121214.tmp","CommandLine":"/d /c taskkill /t /f /im \"121214.tmp\" &gt; NUL &amp; ping -n 1 127.0.0.1 &gt; NUL &amp; del \"C:\\Users\\bob.smith.WAYNECORPINC\\AppData\\Roaming\\121214.tmp\" &gt; NUL","ParentCommandLine":"\"C:\\Users\\bob.smith.WAYNECORPINC\\AppData\\Roaming\\121214.tmp\"","ProcessGuid":"{0F2D76F0-CFE9-57BD-0000-0010B7043500}","ProcessId":"1280","CurrentDirectory":"C:\\Users\\bob.smith.WAYNECORPINC\\AppData\\Roaming\\","Hashes":"SHA1=EE8CBF12D87C4D388F09B4F69BED2E91682920B5,MD5=AD7B9C14083B52BC532FBA5948342B98,SHA256=17F746D82695FA9B35493B41859D39D786D32B23A9D2E00F4011DEC7A02402AE,IMPHASH=CEEFB55F764020CC5C5F8F23349AB163","IntegrityLevel":"Medium","dataset":"botsv1"}
{"_time":"2016-08-24 10:48:41.000 MDT","sourcetype":"XmlWinEventLog:Microsoft-Windows-Sysmon/Operational","host":"we8105desk","Computer":"we8105desk.waynecorpinc.local","EventCode":"1","RecordID":"364898","UtcTime":"2016-08-24 16:48:41.909","User":"WAYNECORPINC\\bob.smith","Image":"C:\\Windows\\System32\\conhost.exe","ParentImage":"C:\\Windows\\System32\\csrss.exe","CommandLine":"\\??\\C:\\Windows\\system32\\conhost.exe","ParentCommandLine":"%SystemRoot%\\system32\\csrss.exe ObjectDirectory=\\Windows SharedSection=1024,20480,768 Windows=On SubSystemType=Windows ServerDll=basesrv,1 ServerDll=winsrv:UserServerDllInitialization,3 ServerDll=winsrv:ConServerDllInitialization,2 ServerDll=sxssrv,4 ProfileControl=Off MaxRequestThreads=16","ProcessGuid":"{0F2D76F0-CFE9-57BD-0000-0010E70B3500}","ProcessId":"872","CurrentDirectory":"C:\\Windows\\system32\\","Hashes":"SHA1=680DEC0F8907F4B8911FBE2AA5F2FD25425BE0B0,MD5=BD51024FB014064BC9FE8C715C18392F,SHA256=23F7AB98268F88E6CA9EE96B3DDBC6AA745BFFACD2E5F80A211CE48D976EB9A4,IMPHASH=C2AE82D74851F310DFB66DA9B301EF7E","IntegrityLevel":"Medium","dataset":"botsv1"}
{"_time":"2016-08-24 10:48:41.000 MDT","sourcetype":"XmlWinEventLog:Microsoft-Windows-Sysmon/Operational","host":"we8105desk","Computer":"we8105desk.waynecorpinc.local","EventCode":"1","RecordID":"364934","UtcTime":"2016-08-24 16:48:41.941","User":"WAYNECORPINC\\bob.smith","Image":"C:\\Windows\\SysWOW64\\taskkill.exe","ParentImage":"C:\\Windows\\SysWOW64\\cmd.exe","CommandLine":"taskkill  /t /f /im \"121214.tmp\"","ParentCommandLine":"/d /c taskkill /t /f /im \"121214.tmp\" &gt; NUL &amp; ping -n 1 127.0.0.1 &gt; NUL &amp; del \"C:\\Users\\bob.smith.WAYNECORPINC\\AppData\\Roaming\\121214.tmp\" &gt; NUL","ProcessGuid":"{0F2D76F0-CFE9-57BD-0000-0010D80F3500}","ProcessId":"1684","CurrentDirectory":"C:\\Users\\bob.smith.WAYNECORPINC\\AppData\\Roaming\\","Hashes":"SHA1=1985A9D34271CD24D28C15452C822BD4B9B50F90,MD5=94BDCAFBD584C979B385ADEE14B08AB4,SHA256=CB1822A981E9821D571AF16B7E37BEBA5FEB8E3DEDCDD0461119AF9AAC0358B3,IMPHASH=B92284996B58E51158ACE38ADF33EA37","IntegrityLevel":"Medium","dataset":"botsv1"}
{"_time":"2016-08-24 10:48:42.000 MDT","sourcetype":"XmlWinEventLog:Microsoft-Windows-Sysmon/Operational","host":"we8105desk","Computer":"we8105desk.waynecorpinc.local","EventCode":"1","RecordID":"364988","UtcTime":"2016-08-24 16:48:42.159","User":"WAYNECORPINC\\bob.smith","Image":"C:\\Windows\\SysWOW64\\PING.EXE","ParentImage":"C:\\Windows\\SysWOW64\\cmd.exe","CommandLine":"ping  -n 1 127.0.0.1","ParentCommandLine":"/d /c taskkill /t /f /im \"121214.tmp\" &gt; NUL &amp; ping -n 1 127.0.0.1 &gt; NUL &amp; del \"C:\\Users\\bob.smith.WAYNECORPINC\\AppData\\Roaming\\121214.tmp\" &gt; NUL","ProcessGuid":"{0F2D76F0-CFEA-57BD-0000-001062243500}","ProcessId":"556","CurrentDirectory":"C:\\Users\\bob.smith.WAYNECORPINC\\AppData\\Roaming\\","Hashes":"SHA1=6AC7947207D999A65890AB25FE344955DA35028E,MD5=6242E3D67787CCBF4E06AD2982853144,SHA256=4CA10DBA7FF487FDB3F1362A3681D7D929F5AA1262CDFD31B04C30826983FB1D,IMPHASH=608DEBBDFBEAC87355579C189F9BDFC5","IntegrityLevel":"Medium","dataset":"botsv1"}
{"_time":"2016-08-24 10:48:50.000 MDT","sourcetype":"XmlWinEventLog:Microsoft-Windows-Sysmon/Operational","host":"we8105desk","Computer":"we8105desk.waynecorpinc.local","EventCode":"1","RecordID":"365066","UtcTime":"2016-08-24 16:48:50.084","User":"WAYNECORPINC\\bob.smith","Image":"C:\\Users\\bob.smith.WAYNECORPINC\\AppData\\Roaming\\{35ACA89F-933F-6A5D-2776-A3589FB99832}\\osk.exe","ParentImage":"C:\\Users\\bob.smith.WAYNECORPINC\\AppData\\Roaming\\{35ACA89F-933F-6A5D-2776-A3589FB99832}\\osk.exe","CommandLine":"\"C:\\Users\\bob.smith.WAYNECORPINC\\AppData\\Roaming\\{35ACA89F-933F-6A5D-2776-A3589FB99832}\\osk.exe\"","ParentCommandLine":"\"C:\\Users\\bob.smith.WAYNECORPINC\\AppData\\Roaming\\{35ACA89F-933F-6A5D-2776-A3589FB99832}\\osk.exe\"","ProcessGuid":"{0F2D76F0-CFF2-57BD-0000-001098343500}","ProcessId":"2588","CurrentDirectory":"C:\\Users\\bob.smith.WAYNECORPINC\\AppData\\Roaming\\","Hashes":"SHA1=C8F3F0A33EFE38E9296EF79552C4CADF6CF0BDE6,MD5=EE0828A4E4C195D97313BFC7D4B531F1,SHA256=37397F8D8E4B3731749094D7B7CD2CF56CACB12DD69E0131F07DD78DFF6F262B,IMPHASH=E160EF8E55BB9D162DA4E266AFD9EEF3","IntegrityLevel":"Medium","dataset":"botsv1"}
{"_time":"2016-08-24 10:49:01.000 MDT","sourcetype":"XmlWinEventLog:Microsoft-Windows-Sysmon/Operational","host":"we8105desk","Computer":"we8105desk.waynecorpinc.local","EventCode":"1","RecordID":"365113","UtcTime":"2016-08-24 16:49:01.627","User":"WAYNECORPINC\\bob.smith","Image":"C:\\Windows\\SysWOW64\\explorer.exe","ParentImage":"C:\\Users\\bob.smith.WAYNECORPINC\\AppData\\Roaming\\{35ACA89F-933F-6A5D-2776-A3589FB99832}\\osk.exe","CommandLine":"\"C:\\Windows\\SysWOW64\\explorer.exe\"","ParentCommandLine":"\"C:\\Users\\bob.smith.WAYNECORPINC\\AppData\\Roaming\\{35ACA89F-933F-6A5D-2776-A3589FB99832}\\osk.exe\"","ProcessGuid":"{0F2D76F0-CFFD-57BD-0000-0010B53B3500}","ProcessId":"3872","CurrentDirectory":"C:\\Users\\bob.smith.WAYNECORPINC\\AppData\\Roaming\\","Hashes":"SHA1=89A175A12BC20104770D0EF83E553F8B0E06274B,MD5=40D777B7A95E00593EB1568C68514493,SHA256=0A8CE026714E03E72C619307BD598ADD5F9B639CFD91437CB8D9C847BF9F6894,IMPHASH=81027C5D956184EF9651E7EB932C69AB","IntegrityLevel":"Medium","dataset":"botsv1"}
{"_time":"2016-08-24 10:49:02.000 MDT","sourcetype":"XmlWinEventLog:Microsoft-Windows-Sysmon/Operational","host":"we8105desk","Computer":"we8105desk.waynecorpinc.local","EventCode":"1","RecordID":"365175","UtcTime":"2016-08-24 16:49:02.579","User":"NT AUTHORITY\\SYSTEM","Image":"C:\\Windows\\System32\\consent.exe","ParentImage":"C:\\Windows\\System32\\svchost.exe","CommandLine":"consent.exe 928 274 0000000001CCA4D0","ParentCommandLine":"C:\\Windows\\system32\\svchost.exe -k netsvcs","ProcessGuid":"{0F2D76F0-CFFE-57BD-0000-00103E4D3500}","ProcessId":"3200","CurrentDirectory":"C:\\Windows\\system32\\","Hashes":"SHA1=6E4E720DFC424A12383F0B8194E4477E3BC346DC,MD5=0B5511674394666E9D221F8681B2C2E6,SHA256=CCAD775DECB5AEC98118B381EECCC6D540928035CFB955ABCB4AD3DED390B79B,IMPHASH=E3B1664656218D4333723322BC83E1EC","IntegrityLevel":"System","dataset":"botsv1"}
{"_time":"2016-08-24 10:49:03.000 MDT","sourcetype":"XmlWinEventLog:Microsoft-Windows-Sysmon/Operational","host":"we8105desk","Computer":"we8105desk.waynecorpinc.local","EventCode":"1","RecordID":"365226","UtcTime":"2016-08-24 16:49:03.000","User":"NT AUTHORITY\\SYSTEM","Image":"C:\\Windows\\System32\\dllhost.exe","ParentImage":"C:\\Windows\\System32\\svchost.exe","CommandLine":"C:\\Windows\\system32\\DllHost.exe /Processid:{E10F6C3A-F1AE-4ADC-AA9D-2FE65525666E}","ParentCommandLine":"C:\\Windows\\system32\\svchost.exe -k DcomLaunch","ProcessGuid":"{0F2D76F0-CFFF-57BD-0000-00108D663500}","ProcessId":"3912","CurrentDirectory":"C:\\Windows\\system32\\","Hashes":"SHA1=E977B87698C3E595D55827665E22FBF788DD3F9F,MD5=A8EDB86FC2A4D6D1285E4C70384AC35A,SHA256=61B8955CE0A2AA9D0719920B30216717B349B6FBE11C697C31CFA84F859CC1AE,IMPHASH=3D806EF1101283F4E5D20F0C4F83B8FD","IntegrityLevel":"System","dataset":"botsv1"}
{"_time":"2016-08-24 10:49:03.000 MDT","sourcetype":"XmlWinEventLog:Microsoft-Windows-Sysmon/Operational","host":"we8105desk","Computer":"we8105desk.waynecorpinc.local","EventCode":"1","RecordID":"365254","UtcTime":"2016-08-24 16:49:03.031","User":"WAYNECORPINC\\bob.smith","Image":"C:\\Windows\\SysWOW64\\dllhost.exe","ParentImage":"C:\\Windows\\System32\\svchost.exe","CommandLine":"C:\\Windows\\SysWOW64\\DllHost.exe /Processid:{3AD05575-8857-4850-9277-11B85BDB8E09}","ParentCommandLine":"C:\\Windows\\system32\\svchost.exe -k DcomLaunch","ProcessGuid":"{0F2D76F0-CFFF-57BD-0000-0010166B3500}","ProcessId":"3852","CurrentDirectory":"C:\\Windows\\system32\\","Hashes":"SHA1=ACE762C51DB1908C858C898D7E0F9B36F788D2D9,MD5=A63DC5C2EA944E6657203E0C8EDEAF61,SHA256=F7AD4B09AFB301CE46DF695B22114331A57D52E6D4163FF74787BF68CCF44C78,IMPHASH=EB9A02895A60E58547EFF153D6FF8829","IntegrityLevel":"High","dataset":"botsv1"}
{"_time":"2016-08-24 10:49:03.000 MDT","sourcetype":"XmlWinEventLog:Microsoft-Windows-Sysmon/Operational","host":"we8105desk","Computer":"we8105desk.waynecorpinc.local","EventCode":"1","RecordID":"365299","UtcTime":"2016-08-24 16:49:03.109","User":"NT AUTHORITY\\SYSTEM","Image":"C:\\Windows\\System32\\consent.exe","ParentImage":"C:\\Windows\\System32\\svchost.exe","CommandLine":"consent.exe 928 274 0000000001CCA4D0","ParentCommandLine":"C:\\Windows\\system32\\svchost.exe -k netsvcs","ProcessGuid":"{0F2D76F0-CFFF-57BD-0000-00109F773500}","ProcessId":"3448","CurrentDirectory":"C:\\Windows\\system32\\","Hashes":"SHA1=6E4E720DFC424A12383F0B8194E4477E3BC346DC,MD5=0B5511674394666E9D221F8681B2C2E6,SHA256=CCAD775DECB5AEC98118B381EECCC6D540928035CFB955ABCB4AD3DED390B79B,IMPHASH=E3B1664656218D4333723322BC83E1EC","IntegrityLevel":"System","dataset":"botsv1"}
{"_time":"2016-08-24 10:49:03.000 MDT","sourcetype":"XmlWinEventLog:Microsoft-Windows-Sysmon/Operational","host":"we8105desk","Computer":"we8105desk.waynecorpinc.local","EventCode":"1","RecordID":"365361","UtcTime":"2016-08-24 16:49:03.374","User":"NT AUTHORITY\\SYSTEM","Image":"C:\\Windows\\System32\\consent.exe","ParentImage":"C:\\Windows\\System32\\svchost.exe","CommandLine":"consent.exe 928 274 0000000001CCA4D0","ParentCommandLine":"C:\\Windows\\system32\\svchost.exe -k netsvcs","ProcessGuid":"{0F2D76F0-CFFF-57BD-0000-00106E8E3500}","ProcessId":"3216","CurrentDirectory":"C:\\Windows\\system32\\","Hashes":"SHA1=6E4E720DFC424A12383F0B8194E4477E3BC346DC,MD5=0B5511674394666E9D221F8681B2C2E6,SHA256=CCAD775DECB5AEC98118B381EECCC6D540928035CFB955ABCB4AD3DED390B79B,IMPHASH=E3B1664656218D4333723322BC83E1EC","IntegrityLevel":"System","dataset":"botsv1"}
{"_time":"2016-08-24 10:49:03.000 MDT","sourcetype":"XmlWinEventLog:Microsoft-Windows-Sysmon/Operational","host":"we8105desk","Computer":"we8105desk.waynecorpinc.local","EventCode":"1","RecordID":"365419","UtcTime":"2016-08-24 16:49:03.593","User":"WAYNECORPINC\\bob.smith","Image":"C:\\Windows\\SysWOW64\\QqJXZrBKCk72XzRgZs\\AdapterTroubleshooter.exe","ParentImage":"C:\\Windows\\SysWOW64\\explorer.exe","CommandLine":"\"C:\\Windows\\SysWOW64\\QqJXZrBKCk72XzRgZs\\AdapterTroubleshooter.exe\"","ParentCommandLine":"\"C:\\Windows\\SysWOW64\\explorer.exe\"","ProcessGuid":"{0F2D76F0-CFFF-57BD-0000-001043A23500}","ProcessId":"1684","CurrentDirectory":"C:\\Windows\\SysWOW64\\QqJXZrBKCk72XzRgZs\\","Hashes":"SHA1=B7202CF005748D0815A2F8B0BD1B2E681CB6C5E2,MD5=BDFABEDACD6F18B5EFB14B7529F3ED3E,SHA256=9C971704F26C030424CD5719882DF104C11219F38084C7683BA18FA9B36BFAB2,IMPHASH=CB691295CCFE6BEB01BE0A4AEE89B3D4","IntegrityLevel":"Medium","dataset":"botsv1"}
{"_time":"2016-08-24 10:49:03.000 MDT","sourcetype":"XmlWinEventLog:Microsoft-Windows-Sysmon/Operational","host":"we8105desk","Computer":"we8105desk.waynecorpinc.local","EventCode":"1","RecordID":"365427","UtcTime":"2016-08-24 16:49:03.639","User":"NT AUTHORITY\\SYSTEM","Image":"C:\\Windows\\System32\\consent.exe","ParentImage":"C:\\Windows\\System32\\svchost.exe","CommandLine":"consent.exe 928 502 00000000031D8160","ParentCommandLine":"C:\\Windows\\system32\\svchost.exe -k netsvcs","ProcessGuid":"{0F2D76F0-CFFF-57BD-0000-001090A43500}","ProcessId":"3968","CurrentDirectory":"C:\\Windows\\system32\\","Hashes":"SHA1=6E4E720DFC424A12383F0B8194E4477E3BC346DC,MD5=0B5511674394666E9D221F8681B2C2E6,SHA256=CCAD775DECB5AEC98118B381EECCC6D540928035CFB955ABCB4AD3DED390B79B,IMPHASH=E3B1664656218D4333723322BC83E1EC","IntegrityLevel":"System","dataset":"botsv1"}
{"_time":"2016-08-24 10:49:03.000 MDT","sourcetype":"XmlWinEventLog:Microsoft-Windows-Sysmon/Operational","host":"we8105desk","Computer":"we8105desk.waynecorpinc.local","EventCode":"1","RecordID":"365478","UtcTime":"2016-08-24 16:49:03.702","User":"NT AUTHORITY\\SYSTEM","Image":"C:\\Windows\\System32\\dllhost.exe","ParentImage":"C:\\Windows\\System32\\svchost.exe","CommandLine":"C:\\Windows\\system32\\DllHost.exe /Processid:{E10F6C3A-F1AE-4ADC-AA9D-2FE65525666E}","ParentCommandLine":"C:\\Windows\\system32\\svchost.exe -k DcomLaunch","ProcessGuid":"{0F2D76F0-CFFF-57BD-0000-0010D6B33500}","ProcessId":"1280","CurrentDirectory":"C:\\Windows\\system32\\","Hashes":"SHA1=E977B87698C3E595D55827665E22FBF788DD3F9F,MD5=A8EDB86FC2A4D6D1285E4C70384AC35A,SHA256=61B8955CE0A2AA9D0719920B30216717B349B6FBE11C697C31CFA84F859CC1AE,IMPHASH=3D806EF1101283F4E5D20F0C4F83B8FD","IntegrityLevel":"System","dataset":"botsv1"}
{"_time":"2016-08-24 10:49:03.000 MDT","sourcetype":"XmlWinEventLog:Microsoft-Windows-Sysmon/Operational","host":"we8105desk","Computer":"we8105desk.waynecorpinc.local","EventCode":"1","RecordID":"365509","UtcTime":"2016-08-24 16:49:03.733","User":"WAYNECORPINC\\bob.smith","Image":"C:\\Windows\\SysWOW64\\QqJXZrBKCk72XzRgZs\\AdapterTroubleshooter.exe","ParentImage":"C:\\Windows\\SysWOW64\\explorer.exe","CommandLine":"\"C:\\Windows\\SysWOW64\\QqJXZrBKCk72XzRgZs\\AdapterTroubleshooter.exe\"","ParentCommandLine":"\"C:\\Windows\\SysWOW64\\explorer.exe\"","ProcessGuid":"{0F2D76F0-CFFF-57BD-0000-00108CB83500}","ProcessId":"3904","CurrentDirectory":"C:\\Windows\\system32\\","Hashes":"SHA1=B7202CF005748D0815A2F8B0BD1B2E681CB6C5E2,MD5=BDFABEDACD6F18B5EFB14B7529F3ED3E,SHA256=9C971704F26C030424CD5719882DF104C11219F38084C7683BA18FA9B36BFAB2,IMPHASH=CB691295CCFE6BEB01BE0A4AEE89B3D4","IntegrityLevel":"High","dataset":"botsv1"}
{"_time":"2016-08-24 10:49:03.000 MDT","sourcetype":"XmlWinEventLog:Microsoft-Windows-Sysmon/Operational","host":"we8105desk","Computer":"we8105desk.waynecorpinc.local","EventCode":"1","RecordID":"365534","UtcTime":"2016-08-24 16:49:03.795","User":"WAYNECORPINC\\bob.smith","Image":"C:\\Users\\bob.smith.WAYNECORPINC\\AppData\\Roaming\\{35ACA89F-933F-6A5D-2776-A3589FB99832}\\osk.exe","ParentImage":"C:\\Windows\\SysWOW64\\QqJXZrBKCk72XzRgZs\\AdapterTroubleshooter.exe","CommandLine":"\"C:\\Users\\bob.smith.WAYNECORPINC\\AppData\\Roaming\\{35ACA89F-933F-6A5D-2776-A3589FB99832}\\osk.exe\"","ParentCommandLine":"\"C:\\Windows\\SysWOW64\\QqJXZrBKCk72XzRgZs\\AdapterTroubleshooter.exe\"","ProcessGuid":"{0F2D76F0-CFFF-57BD-0000-0010D7BB3500}","ProcessId":"3780","CurrentDirectory":"C:\\Windows\\system32\\","Hashes":"SHA1=C8F3F0A33EFE38E9296EF79552C4CADF6CF0BDE6,MD5=EE0828A4E4C195D97313BFC7D4B531F1,SHA256=37397F8D8E4B3731749094D7B7CD2CF56CACB12DD69E0131F07DD78DFF6F262B,IMPHASH=E160EF8E55BB9D162DA4E266AFD9EEF3","IntegrityLevel":"High","dataset":"botsv1"}
{"_time":"2016-08-24 10:49:11.000 MDT","sourcetype":"XmlWinEventLog:Microsoft-Windows-Sysmon/Operational","host":"we8105desk","Computer":"we8105desk.waynecorpinc.local","EventCode":"1","RecordID":"365624","UtcTime":"2016-08-24 16:49:11.782","User":"WAYNECORPINC\\bob.smith","Image":"C:\\Users\\bob.smith.WAYNECORPINC\\AppData\\Roaming\\{35ACA89F-933F-6A5D-2776-A3589FB99832}\\osk.exe","ParentImage":"C:\\Users\\bob.smith.WAYNECORPINC\\AppData\\Roaming\\{35ACA89F-933F-6A5D-2776-A3589FB99832}\\osk.exe","CommandLine":"\"C:\\Users\\bob.smith.WAYNECORPINC\\AppData\\Roaming\\{35ACA89F-933F-6A5D-2776-A3589FB99832}\\osk.exe\"","ParentCommandLine":"\"C:\\Users\\bob.smith.WAYNECORPINC\\AppData\\Roaming\\{35ACA89F-933F-6A5D-2776-A3589FB99832}\\osk.exe\"","ProcessGuid":"{0F2D76F0-D007-57BD-0000-0010D0C73500}","ProcessId":"3588","CurrentDirectory":"C:\\Users\\bob.smith.WAYNECORPINC\\AppData\\Roaming\\","Hashes":"SHA1=C8F3F0A33EFE38E9296EF79552C4CADF6CF0BDE6,MD5=EE0828A4E4C195D97313BFC7D4B531F1,SHA256=37397F8D8E4B3731749094D7B7CD2CF56CACB12DD69E0131F07DD78DFF6F262B,IMPHASH=E160EF8E55BB9D162DA4E266AFD9EEF3","IntegrityLevel":"High","dataset":"botsv1"}
{"_time":"2016-08-24 10:49:21.000 MDT","sourcetype":"XmlWinEventLog:Microsoft-Windows-Sysmon/Operational","host":"we8105desk","Computer":"we8105desk.waynecorpinc.local","EventCode":"1","RecordID":"365665","UtcTime":"2016-08-24 16:49:21.938","User":"NT AUTHORITY\\SYSTEM","Image":"C:\\Windows\\System32\\consent.exe","ParentImage":"C:\\Windows\\System32\\svchost.exe","CommandLine":"consent.exe 928 274 0000000001CCA4D0","ParentCommandLine":"C:\\Windows\\system32\\svchost.exe -k netsvcs","ProcessGuid":"{0F2D76F0-D011-57BD-0000-0010E76F3600}","ProcessId":"2372","CurrentDirectory":"C:\\Windows\\system32\\","Hashes":"SHA1=6E4E720DFC424A12383F0B8194E4477E3BC346DC,MD5=0B5511674394666E9D221F8681B2C2E6,SHA256=CCAD775DECB5AEC98118B381EECCC6D540928035CFB955ABCB4AD3DED390B79B,IMPHASH=E3B1664656218D4333723322BC83E1EC","IntegrityLevel":"System","dataset":"botsv1"}
{"_time":"2016-08-24 10:49:22.000 MDT","sourcetype":"XmlWinEventLog:Microsoft-Windows-Sysmon/Operational","host":"we8105desk","Computer":"we8105desk.waynecorpinc.local","EventCode":"1","RecordID":"365724","UtcTime":"2016-08-24 16:49:22.281","User":"NT AUTHORITY\\SYSTEM","Image":"C:\\Windows\\System32\\dllhost.exe","ParentImage":"C:\\Windows\\System32\\svchost.exe","CommandLine":"C:\\Windows\\system32\\DllHost.exe /Processid:{E10F6C3A-F1AE-4ADC-AA9D-2FE65525666E}","ParentCommandLine":"C:\\Windows\\system32\\svchost.exe -k DcomLaunch","ProcessGuid":"{0F2D76F0-D012-57BD-0000-0010D5D93800}","ProcessId":"3448","CurrentDirectory":"C:\\Windows\\system32\\","Hashes":"SHA1=E977B87698C3E595D55827665E22FBF788DD3F9F,MD5=A8EDB86FC2A4D6D1285E4C70384AC35A,SHA256=61B8955CE0A2AA9D0719920B30216717B349B6FBE11C697C31CFA84F859CC1AE,IMPHASH=3D806EF1101283F4E5D20F0C4F83B8FD","IntegrityLevel":"System","dataset":"botsv1"}
{"_time":"2016-08-24 10:49:22.000 MDT","sourcetype":"XmlWinEventLog:Microsoft-Windows-Sysmon/Operational","host":"we8105desk","Computer":"we8105desk.waynecorpinc.local","EventCode":"1","RecordID":"365753","UtcTime":"2016-08-24 16:49:22.327","User":"WAYNECORPINC\\bob.smith","Image":"C:\\Windows\\SysWOW64\\dllhost.exe","ParentImage":"C:\\Windows\\System32\\svchost.exe","CommandLine":"C:\\Windows\\SysWOW64\\DllHost.exe /Processid:{3AD05575-8857-4850-9277-11B85BDB8E09}","ParentCommandLine":"C:\\Windows\\system32\\svchost.exe -k DcomLaunch","ProcessGuid":"{0F2D76F0-D012-57BD-0000-00107E343900}","ProcessId":"3924","CurrentDirectory":"C:\\Windows\\system32\\","Hashes":"SHA1=ACE762C51DB1908C858C898D7E0F9B36F788D2D9,MD5=A63DC5C2EA944E6657203E0C8EDEAF61,SHA256=F7AD4B09AFB301CE46DF695B22114331A57D52E6D4163FF74787BF68CCF44C78,IMPHASH=EB9A02895A60E58547EFF153D6FF8829","IntegrityLevel":"High","dataset":"botsv1"}
{"_time":"2016-08-24 10:49:23.000 MDT","sourcetype":"XmlWinEventLog:Microsoft-Windows-Sysmon/Operational","host":"we8105desk","Computer":"we8105desk.waynecorpinc.local","EventCode":"1","RecordID":"365811","UtcTime":"2016-08-24 16:49:23.622","User":"WAYNECORPINC\\bob.smith","Image":"C:\\Windows\\System32\\conhost.exe","ParentImage":"C:\\Windows\\System32\\csrss.exe","CommandLine":"\\??\\C:\\Windows\\system32\\conhost.exe","ParentCommandLine":"%SystemRoot%\\system32\\csrss.exe ObjectDirectory=\\Windows SharedSection=1024,20480,768 Windows=On SubSystemType=Windows ServerDll=basesrv,1 ServerDll=winsrv:UserServerDllInitialization,3 ServerDll=winsrv:ConServerDllInitialization,2 ServerDll=sxssrv,4 ProfileControl=Off MaxRequestThreads=16","ProcessGuid":"{0F2D76F0-D013-57BD-0000-00105F4A4400}","ProcessId":"972","CurrentDirectory":"C:\\Windows\\system32\\","Hashes":"SHA1=680DEC0F8907F4B8911FBE2AA5F2FD25425BE0B0,MD5=BD51024FB014064BC9FE8C715C18392F,SHA256=23F7AB98268F88E6CA9EE96B3DDBC6AA745BFFACD2E5F80A211CE48D976EB9A4,IMPHASH=C2AE82D74851F310DFB66DA9B301EF7E","IntegrityLevel":"High","dataset":"botsv1"}
{"_time":"2016-08-24 10:49:23.000 MDT","sourcetype":"XmlWinEventLog:Microsoft-Windows-Sysmon/Operational","host":"we8105desk","Computer":"we8105desk.waynecorpinc.local","EventCode":"1","RecordID":"365806","UtcTime":"2016-08-24 16:49:23.622","User":"WAYNECORPINC\\bob.smith","Image":"C:\\Windows\\System32\\vssadmin.exe","ParentImage":"C:\\Users\\bob.smith.WAYNECORPINC\\AppData\\Roaming\\{35ACA89F-933F-6A5D-2776-A3589FB99832}\\osk.exe","CommandLine":"\"C:\\Windows\\system32\\vssadmin.exe\" delete shadows /all /quiet","ParentCommandLine":"\"C:\\Users\\bob.smith.WAYNECORPINC\\AppData\\Roaming\\{35ACA89F-933F-6A5D-2776-A3589FB99832}\\osk.exe\"","ProcessGuid":"{0F2D76F0-D013-57BD-0000-0010FF474400}","ProcessId":"3508","CurrentDirectory":"C:\\Users\\bob.smith.WAYNECORPINC\\AppData\\Roaming\\{35ACA89F-933F-6A5D-2776-A3589FB99832}\\","Hashes":"SHA1=09FAFEB1B8404124B33C44440BE7E3FDB6105F8A,MD5=E23DD973E1444684EB36365DEFF1FC74,SHA256=4DE7FA20E3224382D8C4A81017E5BDD4673AFBEF9C0F017E203D7B78977FBF8C,IMPHASH=73C7E7BEA64A545CFCA4BEC56EAAAE92","IntegrityLevel":"High","dataset":"botsv1"}
{"_time":"2016-08-24 10:49:23.000 MDT","sourcetype":"XmlWinEventLog:Microsoft-Windows-Sysmon/Operational","host":"we8105desk","Computer":"we8105desk.waynecorpinc.local","EventCode":"1","RecordID":"365856","UtcTime":"2016-08-24 16:49:23.716","User":"NT AUTHORITY\\SYSTEM","Image":"C:\\Windows\\System32\\VSSVC.exe","ParentImage":"C:\\Windows\\System32\\services.exe","CommandLine":"C:\\Windows\\system32\\vssvc.exe","ParentCommandLine":"C:\\Windows\\system32\\services.exe","ProcessGuid":"{0F2D76F0-D013-57BD-0000-00105C514400}","ProcessId":"3836","CurrentDirectory":"C:\\Windows\\system32\\","Hashes":"SHA1=1D6F5A5DE7154B75144C6A033C36FD86FF2BBE9B,MD5=B60BA0BC31B0CB414593E169F6F21CC2,SHA256=47B801E623254CF0202B3591CB5C019CABFB52F123C7D47E29D19B32F1F2B915,IMPHASH=4F54C375C17E63433FCD3DBB6D56BBDD","IntegrityLevel":"System","dataset":"botsv1"}
{"_time":"2016-08-24 10:49:23.000 MDT","sourcetype":"XmlWinEventLog:Microsoft-Windows-Sysmon/Operational","host":"we8105desk","Computer":"we8105desk.waynecorpinc.local","EventCode":"1","RecordID":"365889","UtcTime":"2016-08-24 16:49:23.841","User":"NT AUTHORITY\\SYSTEM","Image":"C:\\Windows\\System32\\svchost.exe","ParentImage":"C:\\Windows\\System32\\services.exe","CommandLine":"C:\\Windows\\System32\\svchost.exe -k swprv","ParentCommandLine":"C:\\Windows\\system32\\services.exe","ProcessGuid":"{0F2D76F0-D013-57BD-0000-0010AF5B4400}","ProcessId":"952","CurrentDirectory":"C:\\Windows\\system32\\","Hashes":"SHA1=619652B42AFE5FB0E3719D7AEDA7A5494AB193E8,MD5=C78655BC80301D76ED4FEF1C1EA40A7D,SHA256=93B2ED4004ED5F7F3039DD7ECBD22C7E4E24B6373B4D9EF8D6E45A179B13A5E8,IMPHASH=A72A57A50050874D785495B82D201CF8","IntegrityLevel":"System","dataset":"botsv1"}
{"_time":"2016-08-24 10:49:23.000 MDT","sourcetype":"XmlWinEventLog:Microsoft-Windows-Sysmon/Operational","host":"we8105desk","Computer":"we8105desk.waynecorpinc.local","EventCode":"1","RecordID":"365919","UtcTime":"2016-08-24 16:49:23.903","User":"WAYNECORPINC\\bob.smith","Image":"C:\\Windows\\System32\\wbem\\WMIC.exe","ParentImage":"C:\\Users\\bob.smith.WAYNECORPINC\\AppData\\Roaming\\{35ACA89F-933F-6A5D-2776-A3589FB99832}\\osk.exe","CommandLine":"\"C:\\Windows\\system32\\wbem\\wmic.exe\" shadowcopy delete","ParentCommandLine":"\"C:\\Users\\bob.smith.WAYNECORPINC\\AppData\\Roaming\\{35ACA89F-933F-6A5D-2776-A3589FB99832}\\osk.exe\"","ProcessGuid":"{0F2D76F0-D013-57BD-0000-0010D3664400}","ProcessId":"1100","CurrentDirectory":"C:\\Users\\bob.smith.WAYNECORPINC\\AppData\\Roaming\\{35ACA89F-933F-6A5D-2776-A3589FB99832}\\","Hashes":"SHA1=071A645A88E4236281E58B90A5D50A2AC80E26E5,MD5=FD902835DEAEF4091799287736F3A028,SHA256=DA3AD32583644BD20116F0479C178F7C7C0B730728F4C02A438C0D19378C83D9,IMPHASH=15585CB74052B4739A900FCB332F06EA","IntegrityLevel":"High","dataset":"botsv1"}
{"_time":"2016-08-24 10:49:23.000 MDT","sourcetype":"XmlWinEventLog:Microsoft-Windows-Sysmon/Operational","host":"we8105desk","Computer":"we8105desk.waynecorpinc.local","EventCode":"1","RecordID":"365924","UtcTime":"2016-08-24 16:49:23.934","User":"WAYNECORPINC\\bob.smith","Image":"C:\\Windows\\System32\\conhost.exe","ParentImage":"C:\\Windows\\System32\\csrss.exe","CommandLine":"\\??\\C:\\Windows\\system32\\conhost.exe","ParentCommandLine":"%SystemRoot%\\system32\\csrss.exe ObjectDirectory=\\Windows SharedSection=1024,20480,768 Windows=On SubSystemType=Windows ServerDll=basesrv,1 ServerDll=winsrv:UserServerDllInitialization,3 ServerDll=winsrv:ConServerDllInitialization,2 ServerDll=sxssrv,4 ProfileControl=Off MaxRequestThreads=16","ProcessGuid":"{0F2D76F0-D013-57BD-0000-00108A6B4400}","ProcessId":"3372","CurrentDirectory":"C:\\Windows\\system32\\","Hashes":"SHA1=680DEC0F8907F4B8911FBE2AA5F2FD25425BE0B0,MD5=BD51024FB014064BC9FE8C715C18392F,SHA256=23F7AB98268F88E6CA9EE96B3DDBC6AA745BFFACD2E5F80A211CE48D976EB9A4,IMPHASH=C2AE82D74851F310DFB66DA9B301EF7E","IntegrityLevel":"High","dataset":"botsv1"}
{"_time":"2016-08-24 10:49:24.000 MDT","sourcetype":"XmlWinEventLog:Microsoft-Windows-Sysmon/Operational","host":"we8105desk","Computer":"we8105desk.waynecorpinc.local","EventCode":"1","RecordID":"366009","UtcTime":"2016-08-24 16:49:24.153","User":"WAYNECORPINC\\bob.smith","Image":"C:\\Windows\\System32\\conhost.exe","ParentImage":"C:\\Windows\\System32\\csrss.exe","CommandLine":"\\??\\C:\\Windows\\system32\\conhost.exe","ParentCommandLine":"%SystemRoot%\\system32\\csrss.exe ObjectDirectory=\\Windows SharedSection=1024,20480,768 Windows=On SubSystemType=Windows ServerDll=basesrv,1 ServerDll=winsrv:UserServerDllInitialization,3 ServerDll=winsrv:ConServerDllInitialization,2 ServerDll=sxssrv,4 ProfileControl=Off MaxRequestThreads=16","ProcessGuid":"{0F2D76F0-D014-57BD-0000-0010F9844400}","ProcessId":"2024","CurrentDirectory":"C:\\Windows\\system32\\","Hashes":"SHA1=680DEC0F8907F4B8911FBE2AA5F2FD25425BE0B0,MD5=BD51024FB014064BC9FE8C715C18392F,SHA256=23F7AB98268F88E6CA9EE96B3DDBC6AA745BFFACD2E5F80A211CE48D976EB9A4,IMPHASH=C2AE82D74851F310DFB66DA9B301EF7E","IntegrityLevel":"High","dataset":"botsv1"}
{"_time":"2016-08-24 10:49:24.000 MDT","sourcetype":"XmlWinEventLog:Microsoft-Windows-Sysmon/Operational","host":"we8105desk","Computer":"we8105desk.waynecorpinc.local","EventCode":"1","RecordID":"366005","UtcTime":"2016-08-24 16:49:24.153","User":"WAYNECORPINC\\bob.smith","Image":"C:\\Windows\\System32\\bcdedit.exe","ParentImage":"C:\\Users\\bob.smith.WAYNECORPINC\\AppData\\Roaming\\{35ACA89F-933F-6A5D-2776-A3589FB99832}\\osk.exe","CommandLine":"\"C:\\Windows\\System32\\bcdedit.exe\" /set {default} recoveryenabled no","ParentCommandLine":"\"C:\\Users\\bob.smith.WAYNECORPINC\\AppData\\Roaming\\{35ACA89F-933F-6A5D-2776-A3589FB99832}\\osk.exe\"","ProcessGuid":"{0F2D76F0-D014-57BD-0000-0010F6834400}","ProcessId":"2020","CurrentDirectory":"C:\\Users\\bob.smith.WAYNECORPINC\\AppData\\Roaming\\{35ACA89F-933F-6A5D-2776-A3589FB99832}\\","Hashes":"SHA1=6FEEDABBC6576A4BDC68935677B7A01F130B98F2,MD5=780836BB63852990382DF27DE7FEFD20,SHA256=3BBBF787D5B383146AFDA55514A28764AE0CCD42C7F1298C94F0804DAE61D377,IMPHASH=312FC7FD1E17A4EF9EC25DEBA51D7921","IntegrityLevel":"High","dataset":"botsv1"}
{"_time":"2016-08-24 10:49:24.000 MDT","sourcetype":"XmlWinEventLog:Microsoft-Windows-Sysmon/Operational","host":"we8105desk","Computer":"we8105desk.waynecorpinc.local","EventCode":"1","RecordID":"366042","UtcTime":"2016-08-24 16:49:24.184","User":"WAYNECORPINC\\bob.smith","Image":"C:\\Windows\\System32\\conhost.exe","ParentImage":"C:\\Windows\\System32\\csrss.exe","CommandLine":"\\??\\C:\\Windows\\system32\\conhost.exe","ParentCommandLine":"%SystemRoot%\\system32\\csrss.exe ObjectDirectory=\\Windows SharedSection=1024,20480,768 Windows=On SubSystemType=Windows ServerDll=basesrv,1 ServerDll=winsrv:UserServerDllInitialization,3 ServerDll=winsrv:ConServerDllInitialization,2 ServerDll=sxssrv,4 ProfileControl=Off MaxRequestThreads=16","ProcessGuid":"{0F2D76F0-D014-57BD-0000-0010498A4400}","ProcessId":"2032","CurrentDirectory":"C:\\Windows\\system32\\","Hashes":"SHA1=680DEC0F8907F4B8911FBE2AA5F2FD25425BE0B0,MD5=BD51024FB014064BC9FE8C715C18392F,SHA256=23F7AB98268F88E6CA9EE96B3DDBC6AA745BFFACD2E5F80A211CE48D976EB9A4,IMPHASH=C2AE82D74851F310DFB66DA9B301EF7E","IntegrityLevel":"High","dataset":"botsv1"}
{"_time":"2016-08-24 10:49:24.000 MDT","sourcetype":"XmlWinEventLog:Microsoft-Windows-Sysmon/Operational","host":"we8105desk","Computer":"we8105desk.waynecorpinc.local","EventCode":"1","RecordID":"366038","UtcTime":"2016-08-24 16:49:24.184","User":"WAYNECORPINC\\bob.smith","Image":"C:\\Windows\\System32\\bcdedit.exe","ParentImage":"C:\\Users\\bob.smith.WAYNECORPINC\\AppData\\Roaming\\{35ACA89F-933F-6A5D-2776-A3589FB99832}\\osk.exe","CommandLine":"\"C:\\Windows\\System32\\bcdedit.exe\" /set {default} bootstatuspolicy ignoreallfailures","ParentCommandLine":"\"C:\\Users\\bob.smith.WAYNECORPINC\\AppData\\Roaming\\{35ACA89F-933F-6A5D-2776-A3589FB99832}\\osk.exe\"","ProcessGuid":"{0F2D76F0-D014-57BD-0000-0010D1894400}","ProcessId":"3872","CurrentDirectory":"C:\\Users\\bob.smith.WAYNECORPINC\\AppData\\Roaming\\{35ACA89F-933F-6A5D-2776-A3589FB99832}\\","Hashes":"SHA1=6FEEDABBC6576A4BDC68935677B7A01F130B98F2,MD5=780836BB63852990382DF27DE7FEFD20,SHA256=3BBBF787D5B383146AFDA55514A28764AE0CCD42C7F1298C94F0804DAE61D377,IMPHASH=312FC7FD1E17A4EF9EC25DEBA51D7921","IntegrityLevel":"High","dataset":"botsv1"}
{"_time":"2016-08-24 10:49:42.000 MDT","sourcetype":"XmlWinEventLog:Microsoft-Windows-Sysmon/Operational","host":"we8105desk","Computer":"we8105desk.waynecorpinc.local","EventCode":"1","RecordID":"382711","UtcTime":"2016-08-24 16:49:42.342","User":"NT AUTHORITY\\SYSTEM","Image":"C:\\Windows\\System32\\SearchProtocolHost.exe","ParentImage":"C:\\Windows\\System32\\SearchIndexer.exe","CommandLine":"\"C:\\Windows\\system32\\SearchProtocolHost.exe\" Global\\UsGthrFltPipeMssGthrPipe8_ Global\\UsGthrCtrlFltPipeMssGthrPipe8 1 -2147483646 \"Software\\Microsoft\\Windows Search\" \"Mozilla/4.0 (compatible; MSIE 6.0; Windows NT; MS Search 4.0 Robot)\" \"C:\\ProgramData\\Microsoft\\Search\\Data\\Temp\\usgthrsvc\" \"DownLevelDaemon\"","ParentCommandLine":"C:\\Windows\\system32\\SearchIndexer.exe /Embedding","ProcessGuid":"{0F2D76F0-D026-57BD-0000-001069D64400}","ProcessId":"4520","CurrentDirectory":"C:\\Windows\\system32\\","Hashes":"SHA1=A8DCF7D63A8BB5ABEF8787775957A5BB6C0F3F77,MD5=42EC9065D9BF266ADE924B066C783A56,SHA256=4AC002E90A52CB0998DA78F2995294EE77B89FB2BE709B0E3C8E1627212BCCDC,IMPHASH=3E21C2C0BFB7FA9AAD5C782DBF401846","IntegrityLevel":"System","dataset":"botsv1"}
{"_time":"2016-08-24 10:49:42.000 MDT","sourcetype":"XmlWinEventLog:Microsoft-Windows-Sysmon/Operational","host":"we8105desk","Computer":"we8105desk.waynecorpinc.local","EventCode":"1","RecordID":"382734","UtcTime":"2016-08-24 16:49:42.404","User":"NT AUTHORITY\\SYSTEM","Image":"C:\\Windows\\System32\\SearchFilterHost.exe","ParentImage":"C:\\Windows\\System32\\SearchIndexer.exe","CommandLine":"\"C:\\Windows\\system32\\SearchFilterHost.exe\" 0 524 528 536 65536 532","ParentCommandLine":"C:\\Windows\\system32\\SearchIndexer.exe /Embedding","ProcessGuid":"{0F2D76F0-D026-57BD-0000-001075DC4400}","ProcessId":"4544","CurrentDirectory":"C:\\Windows\\system32\\","Hashes":"SHA1=904A3B130E3DB7CEA97F31CC40D64D9026FF6E41,MD5=52D56D1013D4F1B99102679314CC5325,SHA256=F8F6C41FEC774C71A85C91DFEB057076D018E5A64CE1D7B7D9D202CA65B34758,IMPHASH=48476C179FBF9FC0CC7AE2A8A5FB1073","IntegrityLevel":"Medium","dataset":"botsv1"}
{"_time":"2016-08-24 10:51:05.000 MDT","sourcetype":"XmlWinEventLog:Microsoft-Windows-Sysmon/Operational","host":"we8105desk","Computer":"we8105desk.waynecorpinc.local","EventCode":"1","RecordID":"400788","UtcTime":"2016-08-24 16:51:05.112","User":"NT AUTHORITY\\NETWORK SERVICE","Image":"C:\\Windows\\System32\\wbem\\WmiPrvSE.exe","ParentImage":"C:\\Windows\\System32\\svchost.exe","CommandLine":"C:\\Windows\\system32\\wbem\\wmiprvse.exe -secured -Embedding","ParentCommandLine":"C:\\Windows\\system32\\svchost.exe -k DcomLaunch","ProcessGuid":"{0F2D76F0-D079-57BD-0000-00105F5A4600}","ProcessId":"4984","CurrentDirectory":"C:\\Windows\\system32\\","Hashes":"SHA1=9F5A4796B58D8B104A1C0F5A63DAF0032B947966,MD5=619A67C9F617B7E69315BB28ECD5E1DF,SHA256=F34F231D117CCDFEBB9CB35C8D6FDFA7051DA27FDC1204FCCFF361FC0B13A0FF,IMPHASH=C1E65C7FF153F2C2E6A7E93706AE226A","IntegrityLevel":"System","dataset":"botsv1"}
{"_time":"2016-08-24 10:53:39.000 MDT","sourcetype":"XmlWinEventLog:Microsoft-Windows-Sysmon/Operational","host":"we8105desk","Computer":"we8105desk.waynecorpinc.local","EventCode":"1","RecordID":"401627","UtcTime":"2016-08-24 16:53:39.456","User":"WAYNECORPINC\\bob.smith","Image":"C:\\Windows\\System32\\slui.exe","ParentImage":"C:\\Windows\\System32\\svchost.exe","CommandLine":"C:\\Windows\\System32\\slui.exe -Embedding","ParentCommandLine":"C:\\Windows\\system32\\svchost.exe -k DcomLaunch","ProcessGuid":"{0F2D76F0-D113-57BD-0000-0010853B4700}","ProcessId":"912","CurrentDirectory":"C:\\Windows\\system32\\","Hashes":"SHA1=ED37FDB169BB539271C117D3E8A5F14FD8DF1C0D,MD5=C5CE5CE799387E82B7698A0EE5544A6D,SHA256=34AA7CA0EA833263A6883827E161A5C218576C5AD97E0CE386FAD4250676B42C,IMPHASH=0D29079074705F08F7DF85E6917E6B2E","IntegrityLevel":"Medium","dataset":"botsv1"}
{"_time":"2016-08-24 10:55:15.000 MDT","sourcetype":"XmlWinEventLog:Microsoft-Windows-Sysmon/Operational","host":"we1149srv","Computer":"we1149srv.waynecorpinc.local","EventCode":"1","RecordID":"3797486","UtcTime":"2016-08-24 16:55:15.730","User":"NT AUTHORITY\\NETWORK SERVICE","Image":"C:\\Windows\\System32\\wbem\\WmiPrvSE.exe","ParentImage":"C:\\Windows\\System32\\svchost.exe","CommandLine":"C:\\Windows\\system32\\wbem\\wmiprvse.exe -secured -Embedding","ParentCommandLine":"C:\\Windows\\system32\\svchost.exe -k DcomLaunch","ProcessGuid":"{E500B0EA-D173-57BD-0000-00103A0CB813}","ProcessId":"3740","CurrentDirectory":"C:\\Windows\\system32\\","Hashes":"SHA1=5A4C0E82FF95C9FB762D46A696EF9F1B68001C21,MD5=CE6D08350D0A1278E9A97D94023D1800,SHA256=54AACAADDD25CC44B59A7637C3A1E7E3A8392CC6D22F4D2C5A202D29BF44AFC1,IMPHASH=5A7EE01A26FA2C5B5D57484D6FD004A4","IntegrityLevel":"System","dataset":"botsv1"}
{"_time":"2016-08-24 10:55:17.000 MDT","sourcetype":"XmlWinEventLog:Microsoft-Windows-Sysmon/Operational","host":"we1149srv","Computer":"we1149srv.waynecorpinc.local","EventCode":"1","RecordID":"3797564","UtcTime":"2016-08-24 16:55:17.090","User":"NT AUTHORITY\\SYSTEM","Image":"C:\\Windows\\System32\\wbem\\WmiPrvSE.exe","ParentImage":"C:\\Windows\\System32\\svchost.exe","CommandLine":"C:\\Windows\\system32\\wbem\\wmiprvse.exe -Embedding","ParentCommandLine":"C:\\Windows\\system32\\svchost.exe -k DcomLaunch","ProcessGuid":"{E500B0EA-D175-57BD-0000-00102149B813}","ProcessId":"1044","CurrentDirectory":"C:\\Windows\\system32\\","Hashes":"SHA1=5A4C0E82FF95C9FB762D46A696EF9F1B68001C21,MD5=CE6D08350D0A1278E9A97D94023D1800,SHA256=54AACAADDD25CC44B59A7637C3A1E7E3A8392CC6D22F4D2C5A202D29BF44AFC1,IMPHASH=5A7EE01A26FA2C5B5D57484D6FD004A4","IntegrityLevel":"System","dataset":"botsv1"}
{"_time":"2016-08-24 10:56:08.000 MDT","sourcetype":"XmlWinEventLog:Microsoft-Windows-Sysmon/Operational","host":"we8105desk","Computer":"we8105desk.waynecorpinc.local","EventCode":"1","RecordID":"402216","UtcTime":"2016-08-24 16:56:08.933","User":"WAYNECORPINC\\bob.smith","Image":"C:\\Windows\\explorer.exe","ParentImage":"C:\\Windows\\explorer.exe","CommandLine":"\"C:\\Windows\\explorer.exe\"","ParentCommandLine":"C:\\Windows\\Explorer.EXE","ProcessGuid":"{0F2D76F0-D1A8-57BD-0000-001056F04700}","ProcessId":"1000","CurrentDirectory":"C:\\Windows\\system32\\","Hashes":"SHA1=4583DAF9442880204730FB2C8A060430640494B1,MD5=AC4C51EB24AA95B77F705AB159189E24,SHA256=6A671B92A69755DE6FD063FCBE4BA926D83B49F78C42DBAEED8CDB6BBC57576A,IMPHASH=6422E341C67BA0880E012F8C7C634C21","IntegrityLevel":"Medium","dataset":"botsv1"}
{"_time":"2016-08-24 10:56:09.000 MDT","sourcetype":"XmlWinEventLog:Microsoft-Windows-Sysmon/Operational","host":"we8105desk","Computer":"we8105desk.waynecorpinc.local","EventCode":"1","RecordID":"402261","UtcTime":"2016-08-24 16:56:09.182","User":"WAYNECORPINC\\bob.smith","Image":"C:\\Windows\\SysWOW64\\dllhost.exe","ParentImage":"C:\\Windows\\System32\\svchost.exe","CommandLine":"C:\\Windows\\SysWOW64\\DllHost.exe /Processid:{1EF75F33-893B-4E8F-9655-C3D602BA4897}","ParentCommandLine":"C:\\Windows\\system32\\svchost.exe -k DcomLaunch","ProcessGuid":"{0F2D76F0-D1A9-57BD-0000-0010B7024800}","ProcessId":"3216","CurrentDirectory":"C:\\Windows\\system32\\","Hashes":"SHA1=ACE762C51DB1908C858C898D7E0F9B36F788D2D9,MD5=A63DC5C2EA944E6657203E0C8EDEAF61,SHA256=F7AD4B09AFB301CE46DF695B22114331A57D52E6D4163FF74787BF68CCF44C78,IMPHASH=EB9A02895A60E58547EFF153D6FF8829","IntegrityLevel":"Medium","dataset":"botsv1"}
