{"_time":"2016-08-24 12:17:29.000 MDT","sourcetype":"XmlWinEventLog:Microsoft-Windows-Sysmon/Operational","host":"we8105desk","Computer":"we8105desk.waynecorpinc.local","EventCode":"1","RecordID":"443894","UtcTime":"2016-08-24 18:17:29.043","User":"NT AUTHORITY\\SYSTEM","Image":"C:\\Windows\\System32\\SearchProtocolHost.exe","ParentImage":"C:\\Windows\\System32\\SearchIndexer.exe","CommandLine":"\"C:\\Windows\\system32\\SearchProtocolHost.exe\" Global\\UsGthrFltPipeMssGthrPipe21_ Global\\UsGthrCtrlFltPipeMssGthrPipe21 1 -2147483646 \"Software\\Microsoft\\Windows Search\" \"Mozilla/4.0 (compatible; MSIE 6.0; Windows NT; MS Search 4.0 Robot)\" \"C:\\ProgramData\\Microsoft\\Search\\Data\\Temp\\usgthrsvc\" \"DownLevelDaemon\"","ParentCommandLine":"C:\\Windows\\system32\\SearchIndexer.exe /Embedding","ProcessGuid":"{0F2D76F0-E4B9-57BD-0000-0010DE49AC00}","ProcessId":"4708","CurrentDirectory":"C:\\Windows\\system32\\","Hashes":"SHA1=A8DCF7D63A8BB5ABEF8787775957A5BB6C0F3F77,MD5=42EC9065D9BF266ADE924B066C783A56,SHA256=4AC002E90A52CB0998DA78F2995294EE77B89FB2BE709B0E3C8E1627212BCCDC,IMPHASH=3E21C2C0BFB7FA9AAD5C782DBF401846","IntegrityLevel":"System","dataset":"botsv1"}
{"_time":"2016-08-24 12:17:29.000 MDT","sourcetype":"XmlWinEventLog:Microsoft-Windows-Sysmon/Operational","host":"we8105desk","Computer":"we8105desk.waynecorpinc.local","EventCode":"1","RecordID":"443926","UtcTime":"2016-08-24 18:17:29.074","User":"NT AUTHORITY\\SYSTEM","Image":"C:\\Windows\\System32\\SearchFilterHost.exe","ParentImage":"C:\\Windows\\System32\\SearchIndexer.exe","CommandLine":"\"C:\\Windows\\system32\\SearchFilterHost.exe\" 0 524 528 536 65536 532","ParentCommandLine":"C:\\Windows\\system32\\SearchIndexer.exe /Embedding","ProcessGuid":"{0F2D76F0-E4B9-57BD-0000-00106F50AC00}","ProcessId":"3516","CurrentDirectory":"C:\\Windows\\system32\\","Hashes":"SHA1=904A3B130E3DB7CEA97F31CC40D64D9026FF6E41,MD5=52D56D1013D4F1B99102679314CC5325,SHA256=F8F6C41FEC774C71A85C91DFEB057076D018E5A64CE1D7B7D9D202CA65B34758,IMPHASH=48476C179FBF9FC0CC7AE2A8A5FB1073","IntegrityLevel":"Medium","dataset":"botsv1"}
{"_time":"2016-08-24 12:17:29.000 MDT","sourcetype":"XmlWinEventLog:Microsoft-Windows-Sysmon/Operational","host":"we8105desk","Computer":"we8105desk.waynecorpinc.local","EventCode":"1","RecordID":"443969","UtcTime":"2016-08-24 18:17:29.121","User":"NT AUTHORITY\\SYSTEM","Image":"C:\\Windows\\System32\\VSSVC.exe","ParentImage":"C:\\Windows\\System32\\services.exe","CommandLine":"C:\\Windows\\system32\\vssvc.exe","ParentCommandLine":"C:\\Windows\\system32\\services.exe","ProcessGuid":"{0F2D76F0-E4B9-57BD-0000-00107E5BAC00}","ProcessId":"4884","CurrentDirectory":"C:\\Windows\\system32\\","Hashes":"SHA1=1D6F5A5DE7154B75144C6A033C36FD86FF2BBE9B,MD5=B60BA0BC31B0CB414593E169F6F21CC2,SHA256=47B801E623254CF0202B3591CB5C019CABFB52F123C7D47E29D19B32F1F2B915,IMPHASH=4F54C375C17E63433FCD3DBB6D56BBDD","IntegrityLevel":"System","dataset":"botsv1"}
{"_time":"2016-08-24 12:17:29.000 MDT","sourcetype":"XmlWinEventLog:Microsoft-Windows-Sysmon/Operational","host":"we8105desk","Computer":"we8105desk.waynecorpinc.local","EventCode":"1","RecordID":"443991","UtcTime":"2016-08-24 18:17:29.168","User":"WAYNECORPINC\\bob.smith","Image":"C:\\Windows\\System32\\taskhost.exe","ParentImage":"C:\\Windows\\System32\\services.exe","CommandLine":"\"taskhost.exe\"","ParentCommandLine":"C:\\Windows\\system32\\services.exe","ProcessGuid":"{0F2D76F0-E4B9-57BD-0000-0010385FAC00}","ProcessId":"4940","CurrentDirectory":"C:\\Windows\\system32\\","Hashes":"SHA1=61478D71931FB3E304BC341236AB0DB1D6C26E09,MD5=517110BD83835338C037269E603DB55D,SHA256=499A803DE14905F2FF7BCA56D81CC983E16A8D9CEA93EC4B84A06A366E7CB939,IMPHASH=D9C431646227DBA4B6B2A1313802ED63","IntegrityLevel":"High","dataset":"botsv1"}
{"_time":"2016-08-24 12:17:29.000 MDT","sourcetype":"XmlWinEventLog:Microsoft-Windows-Sysmon/Operational","host":"we8105desk","Computer":"we8105desk.waynecorpinc.local","EventCode":"1","RecordID":"444027","UtcTime":"2016-08-24 18:17:29.230","User":"NT AUTHORITY\\SYSTEM","Image":"C:\\Windows\\System32\\svchost.exe","ParentImage":"C:\\Windows\\System32\\services.exe","CommandLine":"C:\\Windows\\System32\\svchost.exe -k swprv","ParentCommandLine":"C:\\Windows\\system32\\services.exe","ProcessGuid":"{0F2D76F0-E4B9-57BD-0000-0010546DAC00}","ProcessId":"3620","CurrentDirectory":"C:\\Windows\\system32\\","Hashes":"SHA1=619652B42AFE5FB0E3719D7AEDA7A5494AB193E8,MD5=C78655BC80301D76ED4FEF1C1EA40A7D,SHA256=93B2ED4004ED5F7F3039DD7ECBD22C7E4E24B6373B4D9EF8D6E45A179B13A5E8,IMPHASH=A72A57A50050874D785495B82D201CF8","IntegrityLevel":"System","dataset":"botsv1"}
{"_time":"2016-08-24 12:17:29.000 MDT","sourcetype":"XmlWinEventLog:Microsoft-Windows-Sysmon/Operational","host":"we8105desk","Computer":"we8105desk.waynecorpinc.local","EventCode":"1","RecordID":"444064","UtcTime":"2016-08-24 18:17:29.324","User":"WAYNECORPINC\\bob.smith","Image":"C:\\Windows\\System32\\sdiagnhost.exe","ParentImage":"C:\\Windows\\System32\\svchost.exe","CommandLine":"C:\\Windows\\System32\\sdiagnhost.exe -Embedding","ParentCommandLine":"C:\\Windows\\system32\\svchost.exe -k DcomLaunch","ProcessGuid":"{0F2D76F0-E4B9-57BD-0000-0010F083AC00}","ProcessId":"5024","CurrentDirectory":"C:\\Windows\\system32\\","Hashes":"SHA1=12683B361013E4758B489DAC923BC7D4EC275CC8,MD5=DEC77AFE38AB182857BD3025A6544E23,SHA256=346599DF52BFEE74AC6AAA37F8C55E52D08F46FF992DAB4F1D7D4BB31453051B,IMPHASH=1B2560106C90FED029E95F1CEC832595","IntegrityLevel":"High","dataset":"botsv1"}
{"_time":"2016-08-24 12:17:29.000 MDT","sourcetype":"XmlWinEventLog:Microsoft-Windows-Sysmon/Operational","host":"we8105desk","Computer":"we8105desk.waynecorpinc.local","EventCode":"1","RecordID":"444089","UtcTime":"2016-08-24 18:17:29.340","User":"WAYNECORPINC\\bob.smith","Image":"C:\\Windows\\System32\\conhost.exe","ParentImage":"C:\\Windows\\System32\\csrss.exe","CommandLine":"\\??\\C:\\Windows\\system32\\conhost.exe","ParentCommandLine":"%SystemRoot%\\system32\\csrss.exe ObjectDirectory=\\Windows SharedSection=1024,20480,768 Windows=On SubSystemType=Windows ServerDll=basesrv,1 ServerDll=winsrv:UserServerDllInitialization,3 ServerDll=winsrv:ConServerDllInitialization,2 ServerDll=sxssrv,4 ProfileControl=Off MaxRequestThreads=16","ProcessGuid":"{0F2D76F0-E4B9-57BD-0000-0010D888AC00}","ProcessId":"4316","CurrentDirectory":"C:\\Windows\\system32\\","Hashes":"SHA1=680DEC0F8907F4B8911FBE2AA5F2FD25425BE0B0,MD5=BD51024FB014064BC9FE8C715C18392F,SHA256=23F7AB98268F88E6CA9EE96B3DDBC6AA745BFFACD2E5F80A211CE48D976EB9A4,IMPHASH=C2AE82D74851F310DFB66DA9B301EF7E","IntegrityLevel":"High","dataset":"botsv1"}
{"_time":"2016-08-24 12:17:31.000 MDT","sourcetype":"XmlWinEventLog:Microsoft-Windows-Sysmon/Operational","host":"we8105desk","Computer":"we8105desk.waynecorpinc.local","EventCode":"1","RecordID":"444216","UtcTime":"2016-08-24 18:17:31.134","User":"WAYNECORPINC\\bob.smith","Image":"C:\\Windows\\Microsoft.NET\\Framework64\\v2.0.50727\\csc.exe","ParentImage":"C:\\Windows\\System32\\sdiagnhost.exe","CommandLine":"\"C:\\Windows\\Microsoft.NET\\Framework64\\v2.0.50727\\csc.exe\" /noconfig /fullpaths @\"C:\\Users\\bob.smith.WAYNECORPINC\\AppData\\Local\\Temp\\skj1oiou.cmdline\"","ParentCommandLine":"C:\\Windows\\System32\\sdiagnhost.exe -Embedding","ProcessGuid":"{0F2D76F0-E4BB-57BD-0000-001003C7AC00}","ProcessId":"808","CurrentDirectory":"C:\\Windows\\TEMP\\SDIAG_f3a7392a-c80a-400a-9402-2707868b8d84\\","Hashes":"SHA1=1E2B20BBAE4A22338D9C0AE42971DCE3B7C80C89,MD5=E2107F227E1C174C20BEB7A51404BBAC,SHA256=2C623C8D4A531778292D1F360019CEA36200BEE11BE96662B7EC907B514FD3E6,IMPHASH=7A8B35AA45D957C0A7D09D3CE1BECE71","IntegrityLevel":"High","dataset":"botsv1"}
{"_time":"2016-08-24 12:17:31.000 MDT","sourcetype":"XmlWinEventLog:Microsoft-Windows-Sysmon/Operational","host":"we8105desk","Computer":"we8105desk.waynecorpinc.local","EventCode":"1","RecordID":"444250","UtcTime":"2016-08-24 18:17:31.290","User":"WAYNECORPINC\\bob.smith","Image":"C:\\Windows\\Microsoft.NET\\Framework64\\v2.0.50727\\cvtres.exe","ParentImage":"C:\\Windows\\Microsoft.NET\\Framework64\\v2.0.50727\\csc.exe","CommandLine":"C:\\Windows\\Microsoft.NET\\Framework64\\v2.0.50727\\cvtres.exe /NOLOGO /READONLY /MACHINE:IX86 \"/OUT:C:\\Users\\BOBSMI~1.WAY\\AppData\\Local\\Temp\\RES936C.tmp\" \"c:\\Users\\bob.smith.WAYNECORPINC\\AppData\\Local\\Temp\\CSC936B.tmp\"","ParentCommandLine":"\"C:\\Windows\\Microsoft.NET\\Framework64\\v2.0.50727\\csc.exe\" /noconfig /fullpaths @\"C:\\Users\\bob.smith.WAYNECORPINC\\AppData\\Local\\Temp\\skj1oiou.cmdline\"","ProcessGuid":"{0F2D76F0-E4BB-57BD-0000-001004D1AC00}","ProcessId":"3776","CurrentDirectory":"C:\\Windows\\TEMP\\SDIAG_f3a7392a-c80a-400a-9402-2707868b8d84\\","Hashes":"SHA1=46F879FD7B8919ED3B383376AE4408F7AC9CF9A4,MD5=449F7C92A14B7F50B898FC67202A326C,SHA256=0300CA237CF2D7D4A415612A68AB9BBDF3226FA6A055CED19E13DF862EC4FB98,IMPHASH=4FEAD33E2621D7E274C1CD37535F5A00","IntegrityLevel":"High","dataset":"botsv1"}
{"_time":"2016-08-24 12:17:31.000 MDT","sourcetype":"XmlWinEventLog:Microsoft-Windows-Sysmon/Operational","host":"we8105desk","Computer":"we8105desk.waynecorpinc.local","EventCode":"1","RecordID":"444266","UtcTime":"2016-08-24 18:17:31.305","User":"WAYNECORPINC\\bob.smith","Image":"C:\\Windows\\Microsoft.NET\\Framework64\\v2.0.50727\\csc.exe","ParentImage":"C:\\Windows\\System32\\sdiagnhost.exe","CommandLine":"\"C:\\Windows\\Microsoft.NET\\Framework64\\v2.0.50727\\csc.exe\" /noconfig /fullpaths @\"C:\\Users\\bob.smith.WAYNECORPINC\\AppData\\Local\\Temp\\m7m1p90n.cmdline\"","ParentCommandLine":"C:\\Windows\\System32\\sdiagnhost.exe -Embedding","ProcessGuid":"{0F2D76F0-E4BB-57BD-0000-001066D3AC00}","ProcessId":"4956","CurrentDirectory":"C:\\Windows\\TEMP\\SDIAG_f3a7392a-c80a-400a-9402-2707868b8d84\\","Hashes":"SHA1=1E2B20BBAE4A22338D9C0AE42971DCE3B7C80C89,MD5=E2107F227E1C174C20BEB7A51404BBAC,SHA256=2C623C8D4A531778292D1F360019CEA36200BEE11BE96662B7EC907B514FD3E6,IMPHASH=7A8B35AA45D957C0A7D09D3CE1BECE71","IntegrityLevel":"High","dataset":"botsv1"}
{"_time":"2016-08-24 12:17:31.000 MDT","sourcetype":"XmlWinEventLog:Microsoft-Windows-Sysmon/Operational","host":"we8105desk","Computer":"we8105desk.waynecorpinc.local","EventCode":"1","RecordID":"444297","UtcTime":"2016-08-24 18:17:31.352","User":"WAYNECORPINC\\bob.smith","Image":"C:\\Windows\\Microsoft.NET\\Framework64\\v2.0.50727\\cvtres.exe","ParentImage":"C:\\Windows\\Microsoft.NET\\Framework64\\v2.0.50727\\csc.exe","CommandLine":"C:\\Windows\\Microsoft.NET\\Framework64\\v2.0.50727\\cvtres.exe /NOLOGO /READONLY /MACHINE:IX86 \"/OUT:C:\\Users\\BOBSMI~1.WAY\\AppData\\Local\\Temp\\RES93AA.tmp\" \"c:\\Users\\bob.smith.WAYNECORPINC\\AppData\\Local\\Temp\\CSC93A9.tmp\"","ParentCommandLine":"\"C:\\Windows\\Microsoft.NET\\Framework64\\v2.0.50727\\csc.exe\" /noconfig /fullpaths @\"C:\\Users\\bob.smith.WAYNECORPINC\\AppData\\Local\\Temp\\m7m1p90n.cmdline\"","ProcessGuid":"{0F2D76F0-E4BB-57BD-0000-0010E4D8AC00}","ProcessId":"2736","CurrentDirectory":"C:\\Windows\\TEMP\\SDIAG_f3a7392a-c80a-400a-9402-2707868b8d84\\","Hashes":"SHA1=46F879FD7B8919ED3B383376AE4408F7AC9CF9A4,MD5=449F7C92A14B7F50B898FC67202A326C,SHA256=0300CA237CF2D7D4A415612A68AB9BBDF3226FA6A055CED19E13DF862EC4FB98,IMPHASH=4FEAD33E2621D7E274C1CD37535F5A00","IntegrityLevel":"High","dataset":"botsv1"}
{"_time":"2016-08-24 12:17:31.000 MDT","sourcetype":"XmlWinEventLog:Microsoft-Windows-Sysmon/Operational","host":"we8105desk","Computer":"we8105desk.waynecorpinc.local","EventCode":"1","RecordID":"444322","UtcTime":"2016-08-24 18:17:31.539","User":"NT AUTHORITY\\NETWORK SERVICE","Image":"C:\\Windows\\System32\\wbem\\WmiPrvSE.exe","ParentImage":"C:\\Windows\\System32\\svchost.exe","CommandLine":"C:\\Windows\\system32\\wbem\\wmiprvse.exe -secured -Embedding","ParentCommandLine":"C:\\Windows\\system32\\svchost.exe -k DcomLaunch","ProcessGuid":"{0F2D76F0-E4BB-57BD-0000-0010BCE3AC00}","ProcessId":"2676","CurrentDirectory":"C:\\Windows\\system32\\","Hashes":"SHA1=9F5A4796B58D8B104A1C0F5A63DAF0032B947966,MD5=619A67C9F617B7E69315BB28ECD5E1DF,SHA256=F34F231D117CCDFEBB9CB35C8D6FDFA7051DA27FDC1204FCCFF361FC0B13A0FF,IMPHASH=C1E65C7FF153F2C2E6A7E93706AE226A","IntegrityLevel":"System","dataset":"botsv1"}
{"_time":"2016-08-24 12:17:31.000 MDT","sourcetype":"XmlWinEventLog:Microsoft-Windows-Sysmon/Operational","host":"we8105desk","Computer":"we8105desk.waynecorpinc.local","EventCode":"1","RecordID":"444392","UtcTime":"2016-08-24 18:17:31.758","User":"WAYNECORPINC\\bob.smith","Image":"C:\\Windows\\Microsoft.NET\\Framework64\\v2.0.50727\\csc.exe","ParentImage":"C:\\Windows\\System32\\sdiagnhost.exe","CommandLine":"\"C:\\Windows\\Microsoft.NET\\Framework64\\v2.0.50727\\csc.exe\" /noconfig /fullpaths @\"C:\\Users\\bob.smith.WAYNECORPINC\\AppData\\Local\\Temp\\l62oeljq.cmdline\"","ParentCommandLine":"C:\\Windows\\System32\\sdiagnhost.exe -Embedding","ProcessGuid":"{0F2D76F0-E4BB-57BD-0000-00100507AD00}","ProcessId":"4404","CurrentDirectory":"C:\\Windows\\TEMP\\SDIAG_f3a7392a-c80a-400a-9402-2707868b8d84\\","Hashes":"SHA1=1E2B20BBAE4A22338D9C0AE42971DCE3B7C80C89,MD5=E2107F227E1C174C20BEB7A51404BBAC,SHA256=2C623C8D4A531778292D1F360019CEA36200BEE11BE96662B7EC907B514FD3E6,IMPHASH=7A8B35AA45D957C0A7D09D3CE1BECE71","IntegrityLevel":"High","dataset":"botsv1"}
{"_time":"2016-08-24 12:17:31.000 MDT","sourcetype":"XmlWinEventLog:Microsoft-Windows-Sysmon/Operational","host":"we8105desk","Computer":"we8105desk.waynecorpinc.local","EventCode":"1","RecordID":"444426","UtcTime":"2016-08-24 18:17:31.836","User":"WAYNECORPINC\\bob.smith","Image":"C:\\Windows\\Microsoft.NET\\Framework64\\v2.0.50727\\cvtres.exe","ParentImage":"C:\\Windows\\Microsoft.NET\\Framework64\\v2.0.50727\\csc.exe","CommandLine":"C:\\Windows\\Microsoft.NET\\Framework64\\v2.0.50727\\cvtres.exe /NOLOGO /READONLY /MACHINE:IX86 \"/OUT:C:\\Users\\BOBSMI~1.WAY\\AppData\\Local\\Temp\\RES958E.tmp\" \"c:\\Users\\bob.smith.WAYNECORPINC\\AppData\\Local\\Temp\\CSC958D.tmp\"","ParentCommandLine":"\"C:\\Windows\\Microsoft.NET\\Framework64\\v2.0.50727\\csc.exe\" /noconfig /fullpaths @\"C:\\Users\\bob.smith.WAYNECORPINC\\AppData\\Local\\Temp\\l62oeljq.cmdline\"","ProcessGuid":"{0F2D76F0-E4BB-57BD-0000-0010BB10AD00}","ProcessId":"1208","CurrentDirectory":"C:\\Windows\\TEMP\\SDIAG_f3a7392a-c80a-400a-9402-2707868b8d84\\","Hashes":"SHA1=46F879FD7B8919ED3B383376AE4408F7AC9CF9A4,MD5=449F7C92A14B7F50B898FC67202A326C,SHA256=0300CA237CF2D7D4A415612A68AB9BBDF3226FA6A055CED19E13DF862EC4FB98,IMPHASH=4FEAD33E2621D7E274C1CD37535F5A00","IntegrityLevel":"High","dataset":"botsv1"}
{"_time":"2016-08-24 12:17:33.000 MDT","sourcetype":"XmlWinEventLog:Microsoft-Windows-Sysmon/Operational","host":"we8105desk","Computer":"we8105desk.waynecorpinc.local","EventCode":"1","RecordID":"444570","UtcTime":"2016-08-24 18:17:33.552","User":"WAYNECORPINC\\bob.smith","Image":"C:\\Windows\\System32\\w32tm.exe","ParentImage":"C:\\Windows\\System32\\sdiagnhost.exe","CommandLine":"\"C:\\Windows\\system32\\w32tm.exe\"  /query /source","ParentCommandLine":"C:\\Windows\\System32\\sdiagnhost.exe -Embedding","ProcessGuid":"{0F2D76F0-E4BD-57BD-0000-00102887AD00}","ProcessId":"4944","CurrentDirectory":"C:\\Windows\\TEMP\\SDIAG_f3a7392a-c80a-400a-9402-2707868b8d84\\","Hashes":"SHA1=624BFB1402A3078074F6B3F747DB534F300E89B4,MD5=BF6CC829D6F2029C8C046D568FB32720,SHA256=9E338029B0D3BE69BA7913A40E45E6841AAD91A2D9D3FEB8A8509E4C573B233A,IMPHASH=C3AD8195768E546A1EF7F69F8C17BCB4","IntegrityLevel":"High","dataset":"botsv1"}
{"_time":"2016-08-24 12:17:33.000 MDT","sourcetype":"XmlWinEventLog:Microsoft-Windows-Sysmon/Operational","host":"we8105desk","Computer":"we8105desk.waynecorpinc.local","EventCode":"1","RecordID":"444621","UtcTime":"2016-08-24 18:17:33.973","User":"WAYNECORPINC\\bob.smith","Image":"C:\\Windows\\System32\\PING.EXE","ParentImage":"C:\\Windows\\System32\\sdiagnhost.exe","CommandLine":"\"C:\\Windows\\system32\\PING.EXE\"  we9041srv.waynecorpinc.local /n 2","ParentCommandLine":"C:\\Windows\\System32\\sdiagnhost.exe -Embedding","ProcessGuid":"{0F2D76F0-E4BD-57BD-0000-0010E8ABAD00}","ProcessId":"4340","CurrentDirectory":"C:\\Windows\\TEMP\\SDIAG_f3a7392a-c80a-400a-9402-2707868b8d84\\","Hashes":"SHA1=41C4E1E9ABE08B218F5EA60D8AE41A5F523E7534,MD5=5FB30FE90736C7FC77DE637021B1CE7C,SHA256=14262982A64551FDE126339B22B993B6E4AED520E53DD882E67D887B6B66F942,IMPHASH=33BEE540593D1AD78C69C59B9D26DECF","IntegrityLevel":"High","dataset":"botsv1"}
{"_time":"2016-08-24 12:17:35.000 MDT","sourcetype":"XmlWinEventLog:Microsoft-Windows-Sysmon/Operational","host":"we8105desk","Computer":"we8105desk.waynecorpinc.local","EventCode":"1","RecordID":"444696","UtcTime":"2016-08-24 18:17:35.049","User":"WAYNECORPINC\\bob.smith","Image":"C:\\Windows\\System32\\w32tm.exe","ParentImage":"C:\\Windows\\System32\\sdiagnhost.exe","CommandLine":"\"C:\\Windows\\system32\\w32tm.exe\"  /stripchart /computer:we9041srv.waynecorpinc.local /dataonly /samples:1","ParentCommandLine":"C:\\Windows\\System32\\sdiagnhost.exe -Embedding","ProcessGuid":"{0F2D76F0-E4BF-57BD-0000-00103BE6AD00}","ProcessId":"5056","CurrentDirectory":"C:\\Windows\\TEMP\\SDIAG_f3a7392a-c80a-400a-9402-2707868b8d84\\","Hashes":"SHA1=624BFB1402A3078074F6B3F747DB534F300E89B4,MD5=BF6CC829D6F2029C8C046D568FB32720,SHA256=9E338029B0D3BE69BA7913A40E45E6841AAD91A2D9D3FEB8A8509E4C573B233A,IMPHASH=C3AD8195768E546A1EF7F69F8C17BCB4","IntegrityLevel":"High","dataset":"botsv1"}
{"_time":"2016-08-24 12:21:06.000 MDT","sourcetype":"XmlWinEventLog:Microsoft-Windows-Sysmon/Operational","host":"we8105desk","Computer":"we8105desk.waynecorpinc.local","EventCode":"1","RecordID":"445713","UtcTime":"2016-08-24 18:21:06.357","User":"NT AUTHORITY\\NETWORK SERVICE","Image":"C:\\Windows\\System32\\wbem\\WmiPrvSE.exe","ParentImage":"C:\\Windows\\System32\\svchost.exe","CommandLine":"C:\\Windows\\system32\\wbem\\wmiprvse.exe -secured -Embedding","ParentCommandLine":"C:\\Windows\\system32\\svchost.exe -k DcomLaunch","ProcessGuid":"{0F2D76F0-E592-57BD-0000-0010A805AF00}","ProcessId":"4868","CurrentDirectory":"C:\\Windows\\system32\\","Hashes":"SHA1=9F5A4796B58D8B104A1C0F5A63DAF0032B947966,MD5=619A67C9F617B7E69315BB28ECD5E1DF,SHA256=F34F231D117CCDFEBB9CB35C8D6FDFA7051DA27FDC1204FCCFF361FC0B13A0FF,IMPHASH=C1E65C7FF153F2C2E6A7E93706AE226A","IntegrityLevel":"System","dataset":"botsv1"}
{"_time":"2016-08-24 12:25:15.000 MDT","sourcetype":"XmlWinEventLog:Microsoft-Windows-Sysmon/Operational","host":"we1149srv","Computer":"we1149srv.waynecorpinc.local","EventCode":"1","RecordID":"3818847","UtcTime":"2016-08-24 18:25:15.650","User":"NT AUTHORITY\\NETWORK SERVICE","Image":"C:\\Windows\\System32\\wbem\\WmiPrvSE.exe","ParentImage":"C:\\Windows\\System32\\svchost.exe","CommandLine":"C:\\Windows\\system32\\wbem\\wmiprvse.exe -secured -Embedding","ParentCommandLine":"C:\\Windows\\system32\\svchost.exe -k DcomLaunch","ProcessGuid":"{E500B0EA-E68B-57BD-0000-00102BB5CE13}","ProcessId":"4012","CurrentDirectory":"C:\\Windows\\system32\\","Hashes":"SHA1=5A4C0E82FF95C9FB762D46A696EF9F1B68001C21,MD5=CE6D08350D0A1278E9A97D94023D1800,SHA256=54AACAADDD25CC44B59A7637C3A1E7E3A8392CC6D22F4D2C5A202D29BF44AFC1,IMPHASH=5A7EE01A26FA2C5B5D57484D6FD004A4","IntegrityLevel":"System","dataset":"botsv1"}
{"_time":"2016-08-24 12:25:17.000 MDT","sourcetype":"XmlWinEventLog:Microsoft-Windows-Sysmon/Operational","host":"we1149srv","Computer":"we1149srv.waynecorpinc.local","EventCode":"1","RecordID":"3818925","UtcTime":"2016-08-24 18:25:17.025","User":"NT AUTHORITY\\SYSTEM","Image":"C:\\Windows\\System32\\wbem\\WmiPrvSE.exe","ParentImage":"C:\\Windows\\System32\\svchost.exe","CommandLine":"C:\\Windows\\system32\\wbem\\wmiprvse.exe -Embedding","ParentCommandLine":"C:\\Windows\\system32\\svchost.exe -k DcomLaunch","ProcessGuid":"{E500B0EA-E68D-57BD-0000-001007F2CE13}","ProcessId":"2688","CurrentDirectory":"C:\\Windows\\system32\\","Hashes":"SHA1=5A4C0E82FF95C9FB762D46A696EF9F1B68001C21,MD5=CE6D08350D0A1278E9A97D94023D1800,SHA256=54AACAADDD25CC44B59A7637C3A1E7E3A8392CC6D22F4D2C5A202D29BF44AFC1,IMPHASH=5A7EE01A26FA2C5B5D57484D6FD004A4","IntegrityLevel":"System","dataset":"botsv1"}
{"_time":"2016-08-24 12:27:24.000 MDT","sourcetype":"XmlWinEventLog:Microsoft-Windows-Sysmon/Operational","host":"we8105desk","Computer":"we8105desk.waynecorpinc.local","EventCode":"1","RecordID":"447186","UtcTime":"2016-08-24 18:27:24.295","User":"WAYNECORPINC\\bob.smith","Image":"C:\\Windows\\SysWOW64\\dllhost.exe","ParentImage":"C:\\Windows\\System32\\svchost.exe","CommandLine":"C:\\Windows\\SysWOW64\\DllHost.exe /Processid:{1EF75F33-893B-4E8F-9655-C3D602BA4897}","ParentCommandLine":"C:\\Windows\\system32\\svchost.exe -k DcomLaunch","ProcessGuid":"{0F2D76F0-E70C-57BD-0000-00109563B000}","ProcessId":"5012","CurrentDirectory":"C:\\Windows\\system32\\","Hashes":"SHA1=ACE762C51DB1908C858C898D7E0F9B36F788D2D9,MD5=A63DC5C2EA944E6657203E0C8EDEAF61,SHA256=F7AD4B09AFB301CE46DF695B22114331A57D52E6D4163FF74787BF68CCF44C78,IMPHASH=EB9A02895A60E58547EFF153D6FF8829","IntegrityLevel":"Medium","dataset":"botsv1"}
{"_time":"2016-08-24 12:27:26.000 MDT","sourcetype":"XmlWinEventLog:Microsoft-Windows-Sysmon/Operational","host":"we8105desk","Computer":"we8105desk.waynecorpinc.local","EventCode":"1","RecordID":"447227","UtcTime":"2016-08-24 18:27:26.229","User":"NT AUTHORITY\\SYSTEM","Image":"C:\\Windows\\System32\\taskhost.exe","ParentImage":"C:\\Windows\\System32\\services.exe","CommandLine":"taskhost.exe C:\\Windows\\system32\\defrag.exe -c","ParentCommandLine":"C:\\Windows\\system32\\services.exe","ProcessGuid":"{0F2D76F0-E70E-57BD-0000-00100297B000}","ProcessId":"2384","CurrentDirectory":"C:\\Windows\\system32\\","Hashes":"SHA1=61478D71931FB3E304BC341236AB0DB1D6C26E09,MD5=517110BD83835338C037269E603DB55D,SHA256=499A803DE14905F2FF7BCA56D81CC983E16A8D9CEA93EC4B84A06A366E7CB939,IMPHASH=D9C431646227DBA4B6B2A1313802ED63","IntegrityLevel":"System","dataset":"botsv1"}
