{"_time":"2016-08-24 11:15:12.000 MDT","sourcetype":"XmlWinEventLog:Microsoft-Windows-Sysmon/Operational","host":"we8105desk","Computer":"we8105desk.waynecorpinc.local","EventCode":"1","RecordID":"410380","UtcTime":"2016-08-24 17:15:12.854","User":"WAYNECORPINC\\bob.smith","Image":"C:\\Windows\\System32\\SearchProtocolHost.exe","ParentImage":"C:\\Windows\\System32\\SearchIndexer.exe","CommandLine":"\"C:\\Windows\\system32\\SearchProtocolHost.exe\" Global\\UsGthrFltPipeMssGthrPipe_S-1-5-21-67332772-3493699611-3403467266-110916_ Global\\UsGthrCtrlFltPipeMssGthrPipe_S-1-5-21-67332772-3493699611-3403467266-110916 1 -2147483646 \"Software\\Microsoft\\Windows Search\" \"Mozilla/4.0 (compatible; MSIE 6.0; Windows NT; MS Search 4.0 Robot)\" \"C:\\ProgramData\\Microsoft\\Search\\Data\\Temp\\usgthrsvc\" \"DownLevelDaemon\"  \"1\"","ParentCommandLine":"C:\\Windows\\system32\\SearchIndexer.exe /Embedding","ProcessGuid":"{0F2D76F0-D620-57BD-0000-001063DB9500}","ProcessId":"2460","CurrentDirectory":"C:\\Windows\\system32\\","Hashes":"SHA1=A8DCF7D63A8BB5ABEF8787775957A5BB6C0F3F77,MD5=42EC9065D9BF266ADE924B066C783A56,SHA256=4AC002E90A52CB0998DA78F2995294EE77B89FB2BE709B0E3C8E1627212BCCDC,IMPHASH=3E21C2C0BFB7FA9AAD5C782DBF401846","IntegrityLevel":"Medium","dataset":"botsv1"}
{"_time":"2016-08-24 11:15:13.000 MDT","sourcetype":"XmlWinEventLog:Microsoft-Windows-Sysmon/Operational","host":"we8105desk","Computer":"we8105desk.waynecorpinc.local","EventCode":"1","RecordID":"410431","UtcTime":"2016-08-24 17:15:13.041","User":"WAYNECORPINC\\bob.smith","Image":"C:\\Windows\\SysWOW64\\dllhost.exe","ParentImage":"C:\\Windows\\System32\\svchost.exe","CommandLine":"C:\\Windows\\SysWOW64\\DllHost.exe /Processid:{3F6B5E16-092A-41ED-930B-0B4125D91D4E}","ParentCommandLine":"C:\\Windows\\system32\\svchost.exe -k DcomLaunch","ProcessGuid":"{0F2D76F0-D621-57BD-0000-001018019600}","ProcessId":"4712","CurrentDirectory":"C:\\Windows\\system32\\","Hashes":"SHA1=ACE762C51DB1908C858C898D7E0F9B36F788D2D9,MD5=A63DC5C2EA944E6657203E0C8EDEAF61,SHA256=F7AD4B09AFB301CE46DF695B22114331A57D52E6D4163FF74787BF68CCF44C78,IMPHASH=EB9A02895A60E58547EFF153D6FF8829","IntegrityLevel":"High","dataset":"botsv1"}
{"_time":"2016-08-24 11:15:15.000 MDT","sourcetype":"XmlWinEventLog:Microsoft-Windows-Sysmon/Operational","host":"we1149srv","Computer":"we1149srv.waynecorpinc.local","EventCode":"1","RecordID":"3802223","UtcTime":"2016-08-24 17:15:15.718","User":"NT AUTHORITY\\NETWORK SERVICE","Image":"C:\\Windows\\System32\\wbem\\WmiPrvSE.exe","ParentImage":"C:\\Windows\\System32\\svchost.exe","CommandLine":"C:\\Windows\\system32\\wbem\\wmiprvse.exe -secured -Embedding","ParentCommandLine":"C:\\Windows\\system32\\svchost.exe -k DcomLaunch","ProcessGuid":"{E500B0EA-D623-57BD-0000-00105944BD13}","ProcessId":"2500","CurrentDirectory":"C:\\Windows\\system32\\","Hashes":"SHA1=5A4C0E82FF95C9FB762D46A696EF9F1B68001C21,MD5=CE6D08350D0A1278E9A97D94023D1800,SHA256=54AACAADDD25CC44B59A7637C3A1E7E3A8392CC6D22F4D2C5A202D29BF44AFC1,IMPHASH=5A7EE01A26FA2C5B5D57484D6FD004A4","IntegrityLevel":"System","dataset":"botsv1"}
{"_time":"2016-08-24 11:15:17.000 MDT","sourcetype":"XmlWinEventLog:Microsoft-Windows-Sysmon/Operational","host":"we1149srv","Computer":"we1149srv.waynecorpinc.local","EventCode":"1","RecordID":"3802301","UtcTime":"2016-08-24 17:15:17.093","User":"NT AUTHORITY\\SYSTEM","Image":"C:\\Windows\\System32\\wbem\\WmiPrvSE.exe","ParentImage":"C:\\Windows\\System32\\svchost.exe","CommandLine":"C:\\Windows\\system32\\wbem\\wmiprvse.exe -Embedding","ParentCommandLine":"C:\\Windows\\system32\\svchost.exe -k DcomLaunch","ProcessGuid":"{E500B0EA-D625-57BD-0000-00105181BD13}","ProcessId":"80","CurrentDirectory":"C:\\Windows\\system32\\","Hashes":"SHA1=5A4C0E82FF95C9FB762D46A696EF9F1B68001C21,MD5=CE6D08350D0A1278E9A97D94023D1800,SHA256=54AACAADDD25CC44B59A7637C3A1E7E3A8392CC6D22F4D2C5A202D29BF44AFC1,IMPHASH=5A7EE01A26FA2C5B5D57484D6FD004A4","IntegrityLevel":"System","dataset":"botsv1"}
{"_time":"2016-08-24 11:15:29.000 MDT","sourcetype":"XmlWinEventLog:Microsoft-Windows-Sysmon/Operational","host":"we8105desk","Computer":"we8105desk.waynecorpinc.local","EventCode":"1","RecordID":"423802","UtcTime":"2016-08-24 17:15:29.045","User":"WAYNECORPINC\\bob.smith","Image":"C:\\Windows\\System32\\cmd.exe","ParentImage":"C:\\Users\\bob.smith.WAYNECORPINC\\AppData\\Roaming\\{35ACA89F-933F-6A5D-2776-A3589FB99832}\\osk.exe","CommandLine":"/d /c taskkill /t /f /im \"osk.exe\" &gt; NUL &amp; ping -n 1 127.0.0.1 &gt; NUL &amp; del \"C:\\Users\\bob.smith.WAYNECORPINC\\AppData\\Roaming\\{35ACA89F-933F-6A5D-2776-A3589FB99832}\\osk.exe\" &gt; NUL","ParentCommandLine":"\"C:\\Users\\bob.smith.WAYNECORPINC\\AppData\\Roaming\\{35ACA89F-933F-6A5D-2776-A3589FB99832}\\osk.exe\"","ProcessGuid":"{0F2D76F0-D631-57BD-0000-001090249700}","ProcessId":"5016","CurrentDirectory":"C:\\Users\\bob.smith.WAYNECORPINC\\AppData\\Roaming\\{35ACA89F-933F-6A5D-2776-A3589FB99832}\\","Hashes":"SHA1=0F3C4FF28F354AEDE202D54E9D1C5529A3BF87D8,MD5=5746BD7E255DD6A8AFA06F7C42C1BA41,SHA256=DB06C3534964E3FC79D2763144BA53742D7FA250CA336F4A0FE724B75AAFF386,IMPHASH=D0058544E4588B1B2290B7F4D830EB0A","IntegrityLevel":"High","dataset":"botsv1"}
{"_time":"2016-08-24 11:15:29.000 MDT","sourcetype":"XmlWinEventLog:Microsoft-Windows-Sysmon/Operational","host":"we8105desk","Computer":"we8105desk.waynecorpinc.local","EventCode":"1","RecordID":"423807","UtcTime":"2016-08-24 17:15:29.055","User":"WAYNECORPINC\\bob.smith","Image":"C:\\Windows\\System32\\conhost.exe","ParentImage":"C:\\Windows\\System32\\csrss.exe","CommandLine":"\\??\\C:\\Windows\\system32\\conhost.exe","ParentCommandLine":"%SystemRoot%\\system32\\csrss.exe ObjectDirectory=\\Windows SharedSection=1024,20480,768 Windows=On SubSystemType=Windows ServerDll=basesrv,1 ServerDll=winsrv:UserServerDllInitialization,3 ServerDll=winsrv:ConServerDllInitialization,2 ServerDll=sxssrv,4 ProfileControl=Off MaxRequestThreads=16","ProcessGuid":"{0F2D76F0-D631-57BD-0000-00101E279700}","ProcessId":"3844","CurrentDirectory":"C:\\Windows\\system32\\","Hashes":"SHA1=680DEC0F8907F4B8911FBE2AA5F2FD25425BE0B0,MD5=BD51024FB014064BC9FE8C715C18392F,SHA256=23F7AB98268F88E6CA9EE96B3DDBC6AA745BFFACD2E5F80A211CE48D976EB9A4,IMPHASH=C2AE82D74851F310DFB66DA9B301EF7E","IntegrityLevel":"High","dataset":"botsv1"}
{"_time":"2016-08-24 11:15:29.000 MDT","sourcetype":"XmlWinEventLog:Microsoft-Windows-Sysmon/Operational","host":"we8105desk","Computer":"we8105desk.waynecorpinc.local","EventCode":"1","RecordID":"423837","UtcTime":"2016-08-24 17:15:29.105","User":"WAYNECORPINC\\bob.smith","Image":"C:\\Windows\\System32\\taskkill.exe","ParentImage":"C:\\Windows\\System32\\cmd.exe","CommandLine":"taskkill  /t /f /im \"osk.exe\"","ParentCommandLine":"/d /c taskkill /t /f /im \"osk.exe\" &gt; NUL &amp; ping -n 1 127.0.0.1 &gt; NUL &amp; del \"C:\\Users\\bob.smith.WAYNECORPINC\\AppData\\Roaming\\{35ACA89F-933F-6A5D-2776-A3589FB99832}\\osk.exe\" &gt; NUL","ProcessGuid":"{0F2D76F0-D631-57BD-0000-0010F8339700}","ProcessId":"1008","CurrentDirectory":"C:\\Users\\bob.smith.WAYNECORPINC\\AppData\\Roaming\\{35ACA89F-933F-6A5D-2776-A3589FB99832}\\","Hashes":"SHA1=1F8FAE9060DDB18A3C9134D5619527744D089079,MD5=3722FA501DCB50AE42818F9034906891,SHA256=74B3152A28D4F1A4FFF46B279ABF0EEF666DF0F8245EFAE1E71E6E375889FF70,IMPHASH=82406FBA36D2BB1546FE88DC4540B3DB","IntegrityLevel":"High","dataset":"botsv1"}
{"_time":"2016-08-24 11:15:29.000 MDT","sourcetype":"XmlWinEventLog:Microsoft-Windows-Sysmon/Operational","host":"we8105desk","Computer":"we8105desk.waynecorpinc.local","EventCode":"1","RecordID":"423883","UtcTime":"2016-08-24 17:15:29.175","User":"NT AUTHORITY\\NETWORK SERVICE","Image":"C:\\Windows\\System32\\wbem\\WmiPrvSE.exe","ParentImage":"C:\\Windows\\System32\\svchost.exe","CommandLine":"C:\\Windows\\system32\\wbem\\wmiprvse.exe -secured -Embedding","ParentCommandLine":"C:\\Windows\\system32\\svchost.exe -k DcomLaunch","ProcessGuid":"{0F2D76F0-D631-57BD-0000-0010373E9700}","ProcessId":"164","CurrentDirectory":"C:\\Windows\\system32\\","Hashes":"SHA1=9F5A4796B58D8B104A1C0F5A63DAF0032B947966,MD5=619A67C9F617B7E69315BB28ECD5E1DF,SHA256=F34F231D117CCDFEBB9CB35C8D6FDFA7051DA27FDC1204FCCFF361FC0B13A0FF,IMPHASH=C1E65C7FF153F2C2E6A7E93706AE226A","IntegrityLevel":"System","dataset":"botsv1"}
{"_time":"2016-08-24 11:15:29.000 MDT","sourcetype":"XmlWinEventLog:Microsoft-Windows-Sysmon/Operational","host":"we8105desk","Computer":"we8105desk.waynecorpinc.local","EventCode":"1","RecordID":"423923","UtcTime":"2016-08-24 17:15:29.325","User":"WAYNECORPINC\\bob.smith","Image":"C:\\Windows\\System32\\PING.EXE","ParentImage":"C:\\Windows\\System32\\cmd.exe","CommandLine":"ping  -n 1 127.0.0.1","ParentCommandLine":"/d /c taskkill /t /f /im \"osk.exe\" &gt; NUL &amp; ping -n 1 127.0.0.1 &gt; NUL &amp; del \"C:\\Users\\bob.smith.WAYNECORPINC\\AppData\\Roaming\\{35ACA89F-933F-6A5D-2776-A3589FB99832}\\osk.exe\" &gt; NUL","ProcessGuid":"{0F2D76F0-D631-57BD-0000-0010F14B9700}","ProcessId":"4140","CurrentDirectory":"C:\\Users\\bob.smith.WAYNECORPINC\\AppData\\Roaming\\{35ACA89F-933F-6A5D-2776-A3589FB99832}\\","Hashes":"SHA1=41C4E1E9ABE08B218F5EA60D8AE41A5F523E7534,MD5=5FB30FE90736C7FC77DE637021B1CE7C,SHA256=14262982A64551FDE126339B22B993B6E4AED520E53DD882E67D887B6B66F942,IMPHASH=33BEE540593D1AD78C69C59B9D26DECF","IntegrityLevel":"High","dataset":"botsv1"}
{"_time":"2016-08-24 11:18:10.000 MDT","sourcetype":"XmlWinEventLog:Microsoft-Windows-Sysmon/Operational","host":"we8105desk","Computer":"we8105desk.waynecorpinc.local","EventCode":"1","RecordID":"427799","UtcTime":"2016-08-24 17:18:10.246","User":"NT AUTHORITY\\SYSTEM","Image":"C:\\Windows\\System32\\SearchProtocolHost.exe","ParentImage":"C:\\Windows\\System32\\SearchIndexer.exe","CommandLine":"\"C:\\Windows\\system32\\SearchProtocolHost.exe\" Global\\UsGthrFltPipeMssGthrPipe17_ Global\\UsGthrCtrlFltPipeMssGthrPipe17 1 -2147483646 \"Software\\Microsoft\\Windows Search\" \"Mozilla/4.0 (compatible; MSIE 6.0; Windows NT; MS Search 4.0 Robot)\" \"C:\\ProgramData\\Microsoft\\Search\\Data\\Temp\\usgthrsvc\" \"DownLevelDaemon\"","ParentCommandLine":"C:\\Windows\\system32\\SearchIndexer.exe /Embedding","ProcessGuid":"{0F2D76F0-D6D2-57BD-0000-0010787E9800}","ProcessId":"820","CurrentDirectory":"C:\\Windows\\system32\\","Hashes":"SHA1=A8DCF7D63A8BB5ABEF8787775957A5BB6C0F3F77,MD5=42EC9065D9BF266ADE924B066C783A56,SHA256=4AC002E90A52CB0998DA78F2995294EE77B89FB2BE709B0E3C8E1627212BCCDC,IMPHASH=3E21C2C0BFB7FA9AAD5C782DBF401846","IntegrityLevel":"System","dataset":"botsv1"}
{"_time":"2016-08-24 11:18:10.000 MDT","sourcetype":"XmlWinEventLog:Microsoft-Windows-Sysmon/Operational","host":"we8105desk","Computer":"we8105desk.waynecorpinc.local","EventCode":"1","RecordID":"427823","UtcTime":"2016-08-24 17:18:10.293","User":"NT AUTHORITY\\SYSTEM","Image":"C:\\Windows\\System32\\SearchFilterHost.exe","ParentImage":"C:\\Windows\\System32\\SearchIndexer.exe","CommandLine":"\"C:\\Windows\\system32\\SearchFilterHost.exe\" 0 524 528 536 65536 532","ParentCommandLine":"C:\\Windows\\system32\\SearchIndexer.exe /Embedding","ProcessGuid":"{0F2D76F0-D6D2-57BD-0000-0010F3829800}","ProcessId":"4924","CurrentDirectory":"C:\\Windows\\system32\\","Hashes":"SHA1=904A3B130E3DB7CEA97F31CC40D64D9026FF6E41,MD5=52D56D1013D4F1B99102679314CC5325,SHA256=F8F6C41FEC774C71A85C91DFEB057076D018E5A64CE1D7B7D9D202CA65B34758,IMPHASH=48476C179FBF9FC0CC7AE2A8A5FB1073","IntegrityLevel":"Medium","dataset":"botsv1"}
{"_time":"2016-08-24 11:21:05.000 MDT","sourcetype":"XmlWinEventLog:Microsoft-Windows-Sysmon/Operational","host":"we8105desk","Computer":"we8105desk.waynecorpinc.local","EventCode":"1","RecordID":"428580","UtcTime":"2016-08-24 17:21:05.562","User":"NT AUTHORITY\\NETWORK SERVICE","Image":"C:\\Windows\\System32\\wbem\\WmiPrvSE.exe","ParentImage":"C:\\Windows\\System32\\svchost.exe","CommandLine":"C:\\Windows\\system32\\wbem\\wmiprvse.exe -secured -Embedding","ParentCommandLine":"C:\\Windows\\system32\\svchost.exe -k DcomLaunch","ProcessGuid":"{0F2D76F0-D781-57BD-0000-0010171F9900}","ProcessId":"4228","CurrentDirectory":"C:\\Windows\\system32\\","Hashes":"SHA1=9F5A4796B58D8B104A1C0F5A63DAF0032B947966,MD5=619A67C9F617B7E69315BB28ECD5E1DF,SHA256=F34F231D117CCDFEBB9CB35C8D6FDFA7051DA27FDC1204FCCFF361FC0B13A0FF,IMPHASH=C1E65C7FF153F2C2E6A7E93706AE226A","IntegrityLevel":"System","dataset":"botsv1"}
{"_time":"2016-08-24 11:25:15.000 MDT","sourcetype":"XmlWinEventLog:Microsoft-Windows-Sysmon/Operational","host":"we1149srv","Computer":"we1149srv.waynecorpinc.local","EventCode":"1","RecordID":"3804591","UtcTime":"2016-08-24 17:25:15.703","User":"NT AUTHORITY\\NETWORK SERVICE","Image":"C:\\Windows\\System32\\wbem\\WmiPrvSE.exe","ParentImage":"C:\\Windows\\System32\\svchost.exe","CommandLine":"C:\\Windows\\system32\\wbem\\wmiprvse.exe -secured -Embedding","ParentCommandLine":"C:\\Windows\\system32\\svchost.exe -k DcomLaunch","ProcessGuid":"{E500B0EA-D87B-57BD-0000-00102D70C013}","ProcessId":"80","CurrentDirectory":"C:\\Windows\\system32\\","Hashes":"SHA1=5A4C0E82FF95C9FB762D46A696EF9F1B68001C21,MD5=CE6D08350D0A1278E9A97D94023D1800,SHA256=54AACAADDD25CC44B59A7637C3A1E7E3A8392CC6D22F4D2C5A202D29BF44AFC1,IMPHASH=5A7EE01A26FA2C5B5D57484D6FD004A4","IntegrityLevel":"System","dataset":"botsv1"}
{"_time":"2016-08-24 11:25:17.000 MDT","sourcetype":"XmlWinEventLog:Microsoft-Windows-Sysmon/Operational","host":"we1149srv","Computer":"we1149srv.waynecorpinc.local","EventCode":"1","RecordID":"3804669","UtcTime":"2016-08-24 17:25:17.047","User":"NT AUTHORITY\\SYSTEM","Image":"C:\\Windows\\System32\\wbem\\WmiPrvSE.exe","ParentImage":"C:\\Windows\\System32\\svchost.exe","CommandLine":"C:\\Windows\\system32\\wbem\\wmiprvse.exe -Embedding","ParentCommandLine":"C:\\Windows\\system32\\svchost.exe -k DcomLaunch","ProcessGuid":"{E500B0EA-D87D-57BD-0000-0010F3ACC013}","ProcessId":"2628","CurrentDirectory":"C:\\Windows\\system32\\","Hashes":"SHA1=5A4C0E82FF95C9FB762D46A696EF9F1B68001C21,MD5=CE6D08350D0A1278E9A97D94023D1800,SHA256=54AACAADDD25CC44B59A7637C3A1E7E3A8392CC6D22F4D2C5A202D29BF44AFC1,IMPHASH=5A7EE01A26FA2C5B5D57484D6FD004A4","IntegrityLevel":"System","dataset":"botsv1"}
{"_time":"2016-08-24 11:27:21.000 MDT","sourcetype":"XmlWinEventLog:Microsoft-Windows-Sysmon/Operational","host":"we8105desk","Computer":"we8105desk.waynecorpinc.local","EventCode":"1","RecordID":"430067","UtcTime":"2016-08-24 17:27:21.163","User":"WAYNECORPINC\\bob.smith","Image":"C:\\Windows\\SysWOW64\\dllhost.exe","ParentImage":"C:\\Windows\\System32\\svchost.exe","CommandLine":"C:\\Windows\\SysWOW64\\DllHost.exe /Processid:{1EF75F33-893B-4E8F-9655-C3D602BA4897}","ParentCommandLine":"C:\\Windows\\system32\\svchost.exe -k DcomLaunch","ProcessGuid":"{0F2D76F0-D8F9-57BD-0000-0010A3849A00}","ProcessId":"4700","CurrentDirectory":"C:\\Windows\\system32\\","Hashes":"SHA1=ACE762C51DB1908C858C898D7E0F9B36F788D2D9,MD5=A63DC5C2EA944E6657203E0C8EDEAF61,SHA256=F7AD4B09AFB301CE46DF695B22114331A57D52E6D4163FF74787BF68CCF44C78,IMPHASH=EB9A02895A60E58547EFF153D6FF8829","IntegrityLevel":"Medium","dataset":"botsv1"}
{"_time":"2016-08-24 11:28:43.000 MDT","sourcetype":"XmlWinEventLog:Microsoft-Windows-Sysmon/Operational","host":"we8105desk","Computer":"we8105desk.waynecorpinc.local","EventCode":"1","RecordID":"430581","UtcTime":"2016-08-24 17:28:43.720","User":"WAYNECORPINC\\bob.smith","Image":"C:\\Windows\\SysWOW64\\dllhost.exe","ParentImage":"C:\\Windows\\System32\\svchost.exe","CommandLine":"C:\\Windows\\SysWOW64\\DllHost.exe /Processid:{1EF75F33-893B-4E8F-9655-C3D602BA4897}","ParentCommandLine":"C:\\Windows\\system32\\svchost.exe -k DcomLaunch","ProcessGuid":"{0F2D76F0-D94B-57BD-0000-0010BD179B00}","ProcessId":"4772","CurrentDirectory":"C:\\Windows\\system32\\","Hashes":"SHA1=ACE762C51DB1908C858C898D7E0F9B36F788D2D9,MD5=A63DC5C2EA944E6657203E0C8EDEAF61,SHA256=F7AD4B09AFB301CE46DF695B22114331A57D52E6D4163FF74787BF68CCF44C78,IMPHASH=EB9A02895A60E58547EFF153D6FF8829","IntegrityLevel":"Medium","dataset":"botsv1"}
{"_time":"2016-08-24 11:35:15.000 MDT","sourcetype":"XmlWinEventLog:Microsoft-Windows-Sysmon/Operational","host":"we1149srv","Computer":"we1149srv.waynecorpinc.local","EventCode":"1","RecordID":"3806964","UtcTime":"2016-08-24 17:35:15.705","User":"NT AUTHORITY\\NETWORK SERVICE","Image":"C:\\Windows\\System32\\wbem\\WmiPrvSE.exe","ParentImage":"C:\\Windows\\System32\\svchost.exe","CommandLine":"C:\\Windows\\system32\\wbem\\wmiprvse.exe -secured -Embedding","ParentCommandLine":"C:\\Windows\\system32\\svchost.exe -k DcomLaunch","ProcessGuid":"{E500B0EA-DAD3-57BD-0000-0010C665C213}","ProcessId":"1292","CurrentDirectory":"C:\\Windows\\system32\\","Hashes":"SHA1=5A4C0E82FF95C9FB762D46A696EF9F1B68001C21,MD5=CE6D08350D0A1278E9A97D94023D1800,SHA256=54AACAADDD25CC44B59A7637C3A1E7E3A8392CC6D22F4D2C5A202D29BF44AFC1,IMPHASH=5A7EE01A26FA2C5B5D57484D6FD004A4","IntegrityLevel":"System","dataset":"botsv1"}
{"_time":"2016-08-24 11:35:17.000 MDT","sourcetype":"XmlWinEventLog:Microsoft-Windows-Sysmon/Operational","host":"we1149srv","Computer":"we1149srv.waynecorpinc.local","EventCode":"1","RecordID":"3807042","UtcTime":"2016-08-24 17:35:17.096","User":"NT AUTHORITY\\SYSTEM","Image":"C:\\Windows\\System32\\wbem\\WmiPrvSE.exe","ParentImage":"C:\\Windows\\System32\\svchost.exe","CommandLine":"C:\\Windows\\system32\\wbem\\wmiprvse.exe -Embedding","ParentCommandLine":"C:\\Windows\\system32\\svchost.exe -k DcomLaunch","ProcessGuid":"{E500B0EA-DAD5-57BD-0000-001088A2C213}","ProcessId":"3988","CurrentDirectory":"C:\\Windows\\system32\\","Hashes":"SHA1=5A4C0E82FF95C9FB762D46A696EF9F1B68001C21,MD5=CE6D08350D0A1278E9A97D94023D1800,SHA256=54AACAADDD25CC44B59A7637C3A1E7E3A8392CC6D22F4D2C5A202D29BF44AFC1,IMPHASH=5A7EE01A26FA2C5B5D57484D6FD004A4","IntegrityLevel":"System","dataset":"botsv1"}
{"_time":"2016-08-24 11:36:05.000 MDT","sourcetype":"XmlWinEventLog:Microsoft-Windows-Sysmon/Operational","host":"we8105desk","Computer":"we8105desk.waynecorpinc.local","EventCode":"1","RecordID":"432283","UtcTime":"2016-08-24 17:36:05.733","User":"NT AUTHORITY\\NETWORK SERVICE","Image":"C:\\Windows\\System32\\wbem\\WmiPrvSE.exe","ParentImage":"C:\\Windows\\System32\\svchost.exe","CommandLine":"C:\\Windows\\system32\\wbem\\wmiprvse.exe -secured -Embedding","ParentCommandLine":"C:\\Windows\\system32\\svchost.exe -k DcomLaunch","ProcessGuid":"{0F2D76F0-DB05-57BD-0000-0010489E9C00}","ProcessId":"5012","CurrentDirectory":"C:\\Windows\\system32\\","Hashes":"SHA1=9F5A4796B58D8B104A1C0F5A63DAF0032B947966,MD5=619A67C9F617B7E69315BB28ECD5E1DF,SHA256=F34F231D117CCDFEBB9CB35C8D6FDFA7051DA27FDC1204FCCFF361FC0B13A0FF,IMPHASH=C1E65C7FF153F2C2E6A7E93706AE226A","IntegrityLevel":"System","dataset":"botsv1"}
{"_time":"2016-08-24 11:36:52.000 MDT","sourcetype":"XmlWinEventLog:Microsoft-Windows-Sysmon/Operational","host":"we8105desk","Computer":"we8105desk.waynecorpinc.local","EventCode":"1","RecordID":"432578","UtcTime":"2016-08-24 17:36:52.246","User":"NT AUTHORITY\\SYSTEM","Image":"C:\\Windows\\System32\\SearchProtocolHost.exe","ParentImage":"C:\\Windows\\System32\\SearchIndexer.exe","CommandLine":"\"C:\\Windows\\system32\\SearchProtocolHost.exe\" Global\\UsGthrFltPipeMssGthrPipe18_ Global\\UsGthrCtrlFltPipeMssGthrPipe18 1 -2147483646 \"Software\\Microsoft\\Windows Search\" \"Mozilla/4.0 (compatible; MSIE 6.0; Windows NT; MS Search 4.0 Robot)\" \"C:\\ProgramData\\Microsoft\\Search\\Data\\Temp\\usgthrsvc\" \"DownLevelDaemon\"","ParentCommandLine":"C:\\Windows\\system32\\SearchIndexer.exe /Embedding","ProcessGuid":"{0F2D76F0-DB34-57BD-0000-00104FE19C00}","ProcessId":"4624","CurrentDirectory":"C:\\Windows\\system32\\","Hashes":"SHA1=A8DCF7D63A8BB5ABEF8787775957A5BB6C0F3F77,MD5=42EC9065D9BF266ADE924B066C783A56,SHA256=4AC002E90A52CB0998DA78F2995294EE77B89FB2BE709B0E3C8E1627212BCCDC,IMPHASH=3E21C2C0BFB7FA9AAD5C782DBF401846","IntegrityLevel":"System","dataset":"botsv1"}
{"_time":"2016-08-24 11:36:52.000 MDT","sourcetype":"XmlWinEventLog:Microsoft-Windows-Sysmon/Operational","host":"we8105desk","Computer":"we8105desk.waynecorpinc.local","EventCode":"1","RecordID":"432602","UtcTime":"2016-08-24 17:36:52.293","User":"NT AUTHORITY\\SYSTEM","Image":"C:\\Windows\\System32\\SearchFilterHost.exe","ParentImage":"C:\\Windows\\System32\\SearchIndexer.exe","CommandLine":"\"C:\\Windows\\system32\\SearchFilterHost.exe\" 0 524 528 536 65536 532","ParentCommandLine":"C:\\Windows\\system32\\SearchIndexer.exe /Embedding","ProcessGuid":"{0F2D76F0-DB34-57BD-0000-001011E59C00}","ProcessId":"3968","CurrentDirectory":"C:\\Windows\\system32\\","Hashes":"SHA1=904A3B130E3DB7CEA97F31CC40D64D9026FF6E41,MD5=52D56D1013D4F1B99102679314CC5325,SHA256=F8F6C41FEC774C71A85C91DFEB057076D018E5A64CE1D7B7D9D202CA65B34758,IMPHASH=48476C179FBF9FC0CC7AE2A8A5FB1073","IntegrityLevel":"Medium","dataset":"botsv1"}
{"_time":"2016-08-24 11:39:35.000 MDT","sourcetype":"XmlWinEventLog:Microsoft-Windows-Sysmon/Operational","host":"we8105desk","Computer":"we8105desk.waynecorpinc.local","EventCode":"1","RecordID":"433162","UtcTime":"2016-08-24 17:39:35.228","User":"NT AUTHORITY\\SYSTEM","Image":"C:\\Windows\\System32\\SearchProtocolHost.exe","ParentImage":"C:\\Windows\\System32\\SearchIndexer.exe","CommandLine":"\"C:\\Windows\\system32\\SearchProtocolHost.exe\" Global\\UsGthrFltPipeMssGthrPipe19_ Global\\UsGthrCtrlFltPipeMssGthrPipe19 1 -2147483646 \"Software\\Microsoft\\Windows Search\" \"Mozilla/4.0 (compatible; MSIE 6.0; Windows NT; MS Search 4.0 Robot)\" \"C:\\ProgramData\\Microsoft\\Search\\Data\\Temp\\usgthrsvc\" \"DownLevelDaemon\"","ParentCommandLine":"C:\\Windows\\system32\\SearchIndexer.exe /Embedding","ProcessGuid":"{0F2D76F0-DBD7-57BD-0000-001024C29D00}","ProcessId":"4416","CurrentDirectory":"C:\\Windows\\system32\\","Hashes":"SHA1=A8DCF7D63A8BB5ABEF8787775957A5BB6C0F3F77,MD5=42EC9065D9BF266ADE924B066C783A56,SHA256=4AC002E90A52CB0998DA78F2995294EE77B89FB2BE709B0E3C8E1627212BCCDC,IMPHASH=3E21C2C0BFB7FA9AAD5C782DBF401846","IntegrityLevel":"System","dataset":"botsv1"}
{"_time":"2016-08-24 11:39:35.000 MDT","sourcetype":"XmlWinEventLog:Microsoft-Windows-Sysmon/Operational","host":"we8105desk","Computer":"we8105desk.waynecorpinc.local","EventCode":"1","RecordID":"433185","UtcTime":"2016-08-24 17:39:35.274","User":"NT AUTHORITY\\SYSTEM","Image":"C:\\Windows\\System32\\SearchFilterHost.exe","ParentImage":"C:\\Windows\\System32\\SearchIndexer.exe","CommandLine":"\"C:\\Windows\\system32\\SearchFilterHost.exe\" 0 524 528 536 65536 532","ParentCommandLine":"C:\\Windows\\system32\\SearchIndexer.exe /Embedding","ProcessGuid":"{0F2D76F0-DBD7-57BD-0000-0010F7C69D00}","ProcessId":"4664","CurrentDirectory":"C:\\Windows\\system32\\","Hashes":"SHA1=904A3B130E3DB7CEA97F31CC40D64D9026FF6E41,MD5=52D56D1013D4F1B99102679314CC5325,SHA256=F8F6C41FEC774C71A85C91DFEB057076D018E5A64CE1D7B7D9D202CA65B34758,IMPHASH=48476C179FBF9FC0CC7AE2A8A5FB1073","IntegrityLevel":"Medium","dataset":"botsv1"}
{"_time":"2016-08-24 11:45:15.000 MDT","sourcetype":"XmlWinEventLog:Microsoft-Windows-Sysmon/Operational","host":"we1149srv","Computer":"we1149srv.waynecorpinc.local","EventCode":"1","RecordID":"3809337","UtcTime":"2016-08-24 17:45:15.691","User":"NT AUTHORITY\\NETWORK SERVICE","Image":"C:\\Windows\\System32\\wbem\\WmiPrvSE.exe","ParentImage":"C:\\Windows\\System32\\svchost.exe","CommandLine":"C:\\Windows\\system32\\wbem\\wmiprvse.exe -secured -Embedding","ParentCommandLine":"C:\\Windows\\system32\\svchost.exe -k DcomLaunch","ProcessGuid":"{E500B0EA-DD2B-57BD-0000-0010C77CC413}","ProcessId":"4056","CurrentDirectory":"C:\\Windows\\system32\\","Hashes":"SHA1=5A4C0E82FF95C9FB762D46A696EF9F1B68001C21,MD5=CE6D08350D0A1278E9A97D94023D1800,SHA256=54AACAADDD25CC44B59A7637C3A1E7E3A8392CC6D22F4D2C5A202D29BF44AFC1,IMPHASH=5A7EE01A26FA2C5B5D57484D6FD004A4","IntegrityLevel":"System","dataset":"botsv1"}
{"_time":"2016-08-24 11:45:17.000 MDT","sourcetype":"XmlWinEventLog:Microsoft-Windows-Sysmon/Operational","host":"we1149srv","Computer":"we1149srv.waynecorpinc.local","EventCode":"1","RecordID":"3809415","UtcTime":"2016-08-24 17:45:17.066","User":"NT AUTHORITY\\SYSTEM","Image":"C:\\Windows\\System32\\wbem\\WmiPrvSE.exe","ParentImage":"C:\\Windows\\System32\\svchost.exe","CommandLine":"C:\\Windows\\system32\\wbem\\wmiprvse.exe -Embedding","ParentCommandLine":"C:\\Windows\\system32\\svchost.exe -k DcomLaunch","ProcessGuid":"{E500B0EA-DD2D-57BD-0000-0010C8B9C413}","ProcessId":"972","CurrentDirectory":"C:\\Windows\\system32\\","Hashes":"SHA1=5A4C0E82FF95C9FB762D46A696EF9F1B68001C21,MD5=CE6D08350D0A1278E9A97D94023D1800,SHA256=54AACAADDD25CC44B59A7637C3A1E7E3A8392CC6D22F4D2C5A202D29BF44AFC1,IMPHASH=5A7EE01A26FA2C5B5D57484D6FD004A4","IntegrityLevel":"System","dataset":"botsv1"}
{"_time":"2016-08-24 11:51:05.000 MDT","sourcetype":"XmlWinEventLog:Microsoft-Windows-Sysmon/Operational","host":"we8105desk","Computer":"we8105desk.waynecorpinc.local","EventCode":"1","RecordID":"436064","UtcTime":"2016-08-24 17:51:05.889","User":"NT AUTHORITY\\NETWORK SERVICE","Image":"C:\\Windows\\System32\\wbem\\WmiPrvSE.exe","ParentImage":"C:\\Windows\\System32\\svchost.exe","CommandLine":"C:\\Windows\\system32\\wbem\\wmiprvse.exe -secured -Embedding","ParentCommandLine":"C:\\Windows\\system32\\svchost.exe -k DcomLaunch","ProcessGuid":"{0F2D76F0-DE89-57BD-0000-0010B54CA000}","ProcessId":"5096","CurrentDirectory":"C:\\Windows\\system32\\","Hashes":"SHA1=9F5A4796B58D8B104A1C0F5A63DAF0032B947966,MD5=619A67C9F617B7E69315BB28ECD5E1DF,SHA256=F34F231D117CCDFEBB9CB35C8D6FDFA7051DA27FDC1204FCCFF361FC0B13A0FF,IMPHASH=C1E65C7FF153F2C2E6A7E93706AE226A","IntegrityLevel":"System","dataset":"botsv1"}
{"_time":"2016-08-24 11:55:15.000 MDT","sourcetype":"XmlWinEventLog:Microsoft-Windows-Sysmon/Operational","host":"we1149srv","Computer":"we1149srv.waynecorpinc.local","EventCode":"1","RecordID":"3811704","UtcTime":"2016-08-24 17:55:15.677","User":"NT AUTHORITY\\NETWORK SERVICE","Image":"C:\\Windows\\System32\\wbem\\WmiPrvSE.exe","ParentImage":"C:\\Windows\\System32\\svchost.exe","CommandLine":"C:\\Windows\\system32\\wbem\\wmiprvse.exe -secured -Embedding","ParentCommandLine":"C:\\Windows\\system32\\svchost.exe -k DcomLaunch","ProcessGuid":"{E500B0EA-DF83-57BD-0000-00109564C713}","ProcessId":"2108","CurrentDirectory":"C:\\Windows\\system32\\","Hashes":"SHA1=5A4C0E82FF95C9FB762D46A696EF9F1B68001C21,MD5=CE6D08350D0A1278E9A97D94023D1800,SHA256=54AACAADDD25CC44B59A7637C3A1E7E3A8392CC6D22F4D2C5A202D29BF44AFC1,IMPHASH=5A7EE01A26FA2C5B5D57484D6FD004A4","IntegrityLevel":"System","dataset":"botsv1"}
{"_time":"2016-08-24 11:55:17.000 MDT","sourcetype":"XmlWinEventLog:Microsoft-Windows-Sysmon/Operational","host":"we1149srv","Computer":"we1149srv.waynecorpinc.local","EventCode":"1","RecordID":"3811782","UtcTime":"2016-08-24 17:55:17.036","User":"NT AUTHORITY\\SYSTEM","Image":"C:\\Windows\\System32\\wbem\\WmiPrvSE.exe","ParentImage":"C:\\Windows\\System32\\svchost.exe","CommandLine":"C:\\Windows\\system32\\wbem\\wmiprvse.exe -Embedding","ParentCommandLine":"C:\\Windows\\system32\\svchost.exe -k DcomLaunch","ProcessGuid":"{E500B0EA-DF85-57BD-0000-001054A1C713}","ProcessId":"3824","CurrentDirectory":"C:\\Windows\\system32\\","Hashes":"SHA1=5A4C0E82FF95C9FB762D46A696EF9F1B68001C21,MD5=CE6D08350D0A1278E9A97D94023D1800,SHA256=54AACAADDD25CC44B59A7637C3A1E7E3A8392CC6D22F4D2C5A202D29BF44AFC1,IMPHASH=5A7EE01A26FA2C5B5D57484D6FD004A4","IntegrityLevel":"System","dataset":"botsv1"}
{"_time":"2016-08-24 12:03:00.000 MDT","sourcetype":"XmlWinEventLog:Microsoft-Windows-Sysmon/Operational","host":"we8105desk","Computer":"we8105desk.waynecorpinc.local","EventCode":"1","RecordID":"439014","UtcTime":"2016-08-24 18:03:00.033","User":"WAYNECORPINC\\bob.smith","Image":"C:\\Windows\\SysWOW64\\dllhost.exe","ParentImage":"C:\\Windows\\System32\\svchost.exe","CommandLine":"C:\\Windows\\SysWOW64\\DllHost.exe /Processid:{1EF75F33-893B-4E8F-9655-C3D602BA4897}","ParentCommandLine":"C:\\Windows\\system32\\svchost.exe -k DcomLaunch","ProcessGuid":"{0F2D76F0-E154-57BD-0000-0010CC1FA300}","ProcessId":"4608","CurrentDirectory":"C:\\Windows\\system32\\","Hashes":"SHA1=ACE762C51DB1908C858C898D7E0F9B36F788D2D9,MD5=A63DC5C2EA944E6657203E0C8EDEAF61,SHA256=F7AD4B09AFB301CE46DF695B22114331A57D52E6D4163FF74787BF68CCF44C78,IMPHASH=EB9A02895A60E58547EFF153D6FF8829","IntegrityLevel":"Medium","dataset":"botsv1"}
{"_time":"2016-08-24 12:05:15.000 MDT","sourcetype":"XmlWinEventLog:Microsoft-Windows-Sysmon/Operational","host":"we1149srv","Computer":"we1149srv.waynecorpinc.local","EventCode":"1","RecordID":"3814074","UtcTime":"2016-08-24 18:05:15.662","User":"NT AUTHORITY\\NETWORK SERVICE","Image":"C:\\Windows\\System32\\wbem\\WmiPrvSE.exe","ParentImage":"C:\\Windows\\System32\\svchost.exe","CommandLine":"C:\\Windows\\system32\\wbem\\wmiprvse.exe -secured -Embedding","ParentCommandLine":"C:\\Windows\\system32\\svchost.exe -k DcomLaunch","ProcessGuid":"{E500B0EA-E1DB-57BD-0000-0010E89DC913}","ProcessId":"2924","CurrentDirectory":"C:\\Windows\\system32\\","Hashes":"SHA1=5A4C0E82FF95C9FB762D46A696EF9F1B68001C21,MD5=CE6D08350D0A1278E9A97D94023D1800,SHA256=54AACAADDD25CC44B59A7637C3A1E7E3A8392CC6D22F4D2C5A202D29BF44AFC1,IMPHASH=5A7EE01A26FA2C5B5D57484D6FD004A4","IntegrityLevel":"System","dataset":"botsv1"}
{"_time":"2016-08-24 12:05:17.000 MDT","sourcetype":"XmlWinEventLog:Microsoft-Windows-Sysmon/Operational","host":"we1149srv","Computer":"we1149srv.waynecorpinc.local","EventCode":"1","RecordID":"3814152","UtcTime":"2016-08-24 18:05:17.006","User":"NT AUTHORITY\\SYSTEM","Image":"C:\\Windows\\System32\\wbem\\WmiPrvSE.exe","ParentImage":"C:\\Windows\\System32\\svchost.exe","CommandLine":"C:\\Windows\\system32\\wbem\\wmiprvse.exe -Embedding","ParentCommandLine":"C:\\Windows\\system32\\svchost.exe -k DcomLaunch","ProcessGuid":"{E500B0EA-E1DD-57BD-0000-0010B2DAC913}","ProcessId":"3500","CurrentDirectory":"C:\\Windows\\system32\\","Hashes":"SHA1=5A4C0E82FF95C9FB762D46A696EF9F1B68001C21,MD5=CE6D08350D0A1278E9A97D94023D1800,SHA256=54AACAADDD25CC44B59A7637C3A1E7E3A8392CC6D22F4D2C5A202D29BF44AFC1,IMPHASH=5A7EE01A26FA2C5B5D57484D6FD004A4","IntegrityLevel":"System","dataset":"botsv1"}
{"_time":"2016-08-24 12:06:06.000 MDT","sourcetype":"XmlWinEventLog:Microsoft-Windows-Sysmon/Operational","host":"we8105desk","Computer":"we8105desk.waynecorpinc.local","EventCode":"1","RecordID":"439763","UtcTime":"2016-08-24 18:06:06.061","User":"NT AUTHORITY\\NETWORK SERVICE","Image":"C:\\Windows\\System32\\wbem\\WmiPrvSE.exe","ParentImage":"C:\\Windows\\System32\\svchost.exe","CommandLine":"C:\\Windows\\system32\\wbem\\wmiprvse.exe -secured -Embedding","ParentCommandLine":"C:\\Windows\\system32\\svchost.exe -k DcomLaunch","ProcessGuid":"{0F2D76F0-E20E-57BD-0000-00102ACEA300}","ProcessId":"1368","CurrentDirectory":"C:\\Windows\\system32\\","Hashes":"SHA1=9F5A4796B58D8B104A1C0F5A63DAF0032B947966,MD5=619A67C9F617B7E69315BB28ECD5E1DF,SHA256=F34F231D117CCDFEBB9CB35C8D6FDFA7051DA27FDC1204FCCFF361FC0B13A0FF,IMPHASH=C1E65C7FF153F2C2E6A7E93706AE226A","IntegrityLevel":"System","dataset":"botsv1"}
{"_time":"2016-08-24 12:07:08.000 MDT","sourcetype":"XmlWinEventLog:Microsoft-Windows-Sysmon/Operational","host":"we8105desk","Computer":"we8105desk.waynecorpinc.local","EventCode":"1","RecordID":"440060","UtcTime":"2016-08-24 18:07:08.972","User":"NT AUTHORITY\\LOCAL SERVICE","Image":"C:\\Windows\\System32\\taskhost.exe","ParentImage":"C:\\Windows\\System32\\services.exe","CommandLine":"taskhost.exe $(Arg0)","ParentCommandLine":"C:\\Windows\\system32\\services.exe","ProcessGuid":"{0F2D76F0-E24C-57BD-0000-00100D1CA400}","ProcessId":"3152","CurrentDirectory":"C:\\Windows\\system32\\","Hashes":"SHA1=61478D71931FB3E304BC341236AB0DB1D6C26E09,MD5=517110BD83835338C037269E603DB55D,SHA256=499A803DE14905F2FF7BCA56D81CC983E16A8D9CEA93EC4B84A06A366E7CB939,IMPHASH=D9C431646227DBA4B6B2A1313802ED63","IntegrityLevel":"System","dataset":"botsv1"}
{"_time":"2016-08-24 12:10:28.000 MDT","sourcetype":"XmlWinEventLog:Microsoft-Windows-Sysmon/Operational","host":"we8105desk","Computer":"we8105desk.waynecorpinc.local","EventCode":"1","RecordID":"440841","UtcTime":"2016-08-24 18:10:28.861","User":"NT AUTHORITY\\SYSTEM","Image":"C:\\Windows\\System32\\Defrag.exe","ParentImage":"C:\\Windows\\System32\\services.exe","CommandLine":"C:\\Windows\\system32\\defrag.exe -c","ParentCommandLine":"C:\\Windows\\system32\\services.exe","ProcessGuid":"{0F2D76F0-E314-57BD-0000-00103CE3A400}","ProcessId":"748","CurrentDirectory":"C:\\Windows\\system32\\","Hashes":"SHA1=8DBF4ECAE1BBAD74C91FA37603353ECFDC47425E,MD5=8FD0EC6EB52F9EFE15B7A605C827932C,SHA256=62E449589E1F082E8DE3FA4D775871E1C66A272E3BD1FE5CC33EEEB40351CD13,IMPHASH=D5B64F9564DCAAD9BDC67A26032F6E9B","IntegrityLevel":"System","dataset":"botsv1"}
{"_time":"2016-08-24 12:10:28.000 MDT","sourcetype":"XmlWinEventLog:Microsoft-Windows-Sysmon/Operational","host":"we8105desk","Computer":"we8105desk.waynecorpinc.local","EventCode":"1","RecordID":"440840","UtcTime":"2016-08-24 18:10:28.861","User":"NT AUTHORITY\\SYSTEM","Image":"C:\\Windows\\System32\\aitagent.exe","ParentImage":"C:\\Windows\\System32\\services.exe","CommandLine":"C:\\Windows\\system32\\aitagent.EXE","ParentCommandLine":"C:\\Windows\\system32\\services.exe","ProcessGuid":"{0F2D76F0-E314-57BD-0000-001006E3A400}","ProcessId":"4688","CurrentDirectory":"C:\\Windows\\system32\\","Hashes":"SHA1=394F401FDD0B47AEE24B928785BE2C8F3A38EDBF,MD5=DDB88D0BB116D468B2B3EFBB6E3D6D06,SHA256=AAF48B577885D37A63604E01D5190C1F36705B5E26C4231ABEE42E86F11EDEB0,IMPHASH=9ACD61B6DF57F7B730FC31AF5958F742","IntegrityLevel":"System","dataset":"botsv1"}
{"_time":"2016-08-24 12:10:28.000 MDT","sourcetype":"XmlWinEventLog:Microsoft-Windows-Sysmon/Operational","host":"we8105desk","Computer":"we8105desk.waynecorpinc.local","EventCode":"1","RecordID":"440835","UtcTime":"2016-08-24 18:10:28.861","User":"NT AUTHORITY\\SYSTEM","Image":"C:\\Windows\\System32\\rundll32.exe","ParentImage":"C:\\Windows\\System32\\services.exe","CommandLine":"C:\\Windows\\system32\\rundll32.exe aepdu.dll,AePduRunUpdate","ParentCommandLine":"C:\\Windows\\system32\\services.exe","ProcessGuid":"{0F2D76F0-E314-57BD-0000-0010B7E2A400}","ProcessId":"4728","CurrentDirectory":"C:\\Windows\\system32\\","Hashes":"SHA1=963B55ACC8C566876364716D5AAFA353995812A8,MD5=DD81D91FF3B0763C392422865C9AC12E,SHA256=F5691B8F200E3196E6808E932630E862F8F26F31CD949981373F23C9D87DB8B9,IMPHASH=F8F47A970BADB255F8249475E7FBEABB","IntegrityLevel":"System","dataset":"botsv1"}
{"_time":"2016-08-24 12:10:28.000 MDT","sourcetype":"XmlWinEventLog:Microsoft-Windows-Sysmon/Operational","host":"we8105desk","Computer":"we8105desk.waynecorpinc.local","EventCode":"1","RecordID":"440844","UtcTime":"2016-08-24 18:10:28.877","User":"NT AUTHORITY\\LOCAL SERVICE","Image":"C:\\Windows\\System32\\taskhost.exe","ParentImage":"C:\\Windows\\System32\\services.exe","CommandLine":"\"taskhost.exe\"","ParentCommandLine":"C:\\Windows\\system32\\services.exe","ProcessGuid":"{0F2D76F0-E314-57BD-0000-001043E4A400}","ProcessId":"4780","CurrentDirectory":"C:\\Windows\\system32\\","Hashes":"SHA1=61478D71931FB3E304BC341236AB0DB1D6C26E09,MD5=517110BD83835338C037269E603DB55D,SHA256=499A803DE14905F2FF7BCA56D81CC983E16A8D9CEA93EC4B84A06A366E7CB939,IMPHASH=D9C431646227DBA4B6B2A1313802ED63","IntegrityLevel":"System","dataset":"botsv1"}
{"_time":"2016-08-24 12:10:28.000 MDT","sourcetype":"XmlWinEventLog:Microsoft-Windows-Sysmon/Operational","host":"we8105desk","Computer":"we8105desk.waynecorpinc.local","EventCode":"1","RecordID":"440858","UtcTime":"2016-08-24 18:10:28.892","User":"NT AUTHORITY\\SYSTEM","Image":"C:\\Windows\\System32\\conhost.exe","ParentImage":"C:\\Windows\\System32\\csrss.exe","CommandLine":"\\??\\C:\\Windows\\system32\\conhost.exe","ParentCommandLine":"%SystemRoot%\\system32\\csrss.exe ObjectDirectory=\\Windows SharedSection=1024,20480,768 Windows=On SubSystemType=Windows ServerDll=basesrv,1 ServerDll=winsrv:UserServerDllInitialization,3 ServerDll=winsrv:ConServerDllInitialization,2 ServerDll=sxssrv,4 ProfileControl=Off MaxRequestThreads=16","ProcessGuid":"{0F2D76F0-E314-57BD-0000-00105AE6A400}","ProcessId":"2508","CurrentDirectory":"C:\\Windows\\system32\\","Hashes":"SHA1=680DEC0F8907F4B8911FBE2AA5F2FD25425BE0B0,MD5=BD51024FB014064BC9FE8C715C18392F,SHA256=23F7AB98268F88E6CA9EE96B3DDBC6AA745BFFACD2E5F80A211CE48D976EB9A4,IMPHASH=C2AE82D74851F310DFB66DA9B301EF7E","IntegrityLevel":"System","dataset":"botsv1"}
{"_time":"2016-08-24 12:10:28.000 MDT","sourcetype":"XmlWinEventLog:Microsoft-Windows-Sysmon/Operational","host":"we8105desk","Computer":"we8105desk.waynecorpinc.local","EventCode":"1","RecordID":"440857","UtcTime":"2016-08-24 18:10:28.892","User":"NT AUTHORITY\\SYSTEM","Image":"C:\\Windows\\System32\\conhost.exe","ParentImage":"C:\\Windows\\System32\\csrss.exe","CommandLine":"\\??\\C:\\Windows\\system32\\conhost.exe","ParentCommandLine":"%SystemRoot%\\system32\\csrss.exe ObjectDirectory=\\Windows SharedSection=1024,20480,768 Windows=On SubSystemType=Windows ServerDll=basesrv,1 ServerDll=winsrv:UserServerDllInitialization,3 ServerDll=winsrv:ConServerDllInitialization,2 ServerDll=sxssrv,4 ProfileControl=Off MaxRequestThreads=16","ProcessGuid":"{0F2D76F0-E314-57BD-0000-00100FE6A400}","ProcessId":"4668","CurrentDirectory":"C:\\Windows\\system32\\","Hashes":"SHA1=680DEC0F8907F4B8911FBE2AA5F2FD25425BE0B0,MD5=BD51024FB014064BC9FE8C715C18392F,SHA256=23F7AB98268F88E6CA9EE96B3DDBC6AA745BFFACD2E5F80A211CE48D976EB9A4,IMPHASH=C2AE82D74851F310DFB66DA9B301EF7E","IntegrityLevel":"System","dataset":"botsv1"}
{"_time":"2016-08-24 12:10:29.000 MDT","sourcetype":"XmlWinEventLog:Microsoft-Windows-Sysmon/Operational","host":"we8105desk","Computer":"we8105desk.waynecorpinc.local","EventCode":"1","RecordID":"440999","UtcTime":"2016-08-24 18:10:29.376","User":"NT AUTHORITY\\SYSTEM","Image":"C:\\Windows\\System32\\svchost.exe","ParentImage":"C:\\Windows\\System32\\services.exe","CommandLine":"C:\\Windows\\system32\\svchost.exe -k defragsvc","ParentCommandLine":"C:\\Windows\\system32\\services.exe","ProcessGuid":"{0F2D76F0-E315-57BD-0000-0010C71BA500}","ProcessId":"4600","CurrentDirectory":"C:\\Windows\\system32\\","Hashes":"SHA1=619652B42AFE5FB0E3719D7AEDA7A5494AB193E8,MD5=C78655BC80301D76ED4FEF1C1EA40A7D,SHA256=93B2ED4004ED5F7F3039DD7ECBD22C7E4E24B6373B4D9EF8D6E45A179B13A5E8,IMPHASH=A72A57A50050874D785495B82D201CF8","IntegrityLevel":"System","dataset":"botsv1"}
{"_time":"2016-08-24 12:10:47.000 MDT","sourcetype":"XmlWinEventLog:Microsoft-Windows-Sysmon/Operational","host":"we8105desk","Computer":"we8105desk.waynecorpinc.local","EventCode":"1","RecordID":"442115","UtcTime":"2016-08-24 18:10:47.834","User":"NT AUTHORITY\\SYSTEM","Image":"C:\\Windows\\System32\\SearchProtocolHost.exe","ParentImage":"C:\\Windows\\System32\\SearchIndexer.exe","CommandLine":"\"C:\\Windows\\system32\\SearchProtocolHost.exe\" Global\\UsGthrFltPipeMssGthrPipe20_ Global\\UsGthrCtrlFltPipeMssGthrPipe20 1 -2147483646 \"Software\\Microsoft\\Windows Search\" \"Mozilla/4.0 (compatible; MSIE 6.0; Windows NT; MS Search 4.0 Robot)\" \"C:\\ProgramData\\Microsoft\\Search\\Data\\Temp\\usgthrsvc\" \"DownLevelDaemon\"","ParentCommandLine":"C:\\Windows\\system32\\SearchIndexer.exe /Embedding","ProcessGuid":"{0F2D76F0-E327-57BD-0000-00105009AA00}","ProcessId":"820","CurrentDirectory":"C:\\Windows\\system32\\","Hashes":"SHA1=A8DCF7D63A8BB5ABEF8787775957A5BB6C0F3F77,MD5=42EC9065D9BF266ADE924B066C783A56,SHA256=4AC002E90A52CB0998DA78F2995294EE77B89FB2BE709B0E3C8E1627212BCCDC,IMPHASH=3E21C2C0BFB7FA9AAD5C782DBF401846","IntegrityLevel":"System","dataset":"botsv1"}
{"_time":"2016-08-24 12:10:47.000 MDT","sourcetype":"XmlWinEventLog:Microsoft-Windows-Sysmon/Operational","host":"we8105desk","Computer":"we8105desk.waynecorpinc.local","EventCode":"1","RecordID":"442146","UtcTime":"2016-08-24 18:10:47.912","User":"NT AUTHORITY\\SYSTEM","Image":"C:\\Windows\\System32\\SearchFilterHost.exe","ParentImage":"C:\\Windows\\System32\\SearchIndexer.exe","CommandLine":"\"C:\\Windows\\system32\\SearchFilterHost.exe\" 0 524 528 536 65536 532","ParentCommandLine":"C:\\Windows\\system32\\SearchIndexer.exe /Embedding","ProcessGuid":"{0F2D76F0-E327-57BD-0000-00109911AA00}","ProcessId":"2228","CurrentDirectory":"C:\\Windows\\system32\\","Hashes":"SHA1=904A3B130E3DB7CEA97F31CC40D64D9026FF6E41,MD5=52D56D1013D4F1B99102679314CC5325,SHA256=F8F6C41FEC774C71A85C91DFEB057076D018E5A64CE1D7B7D9D202CA65B34758,IMPHASH=48476C179FBF9FC0CC7AE2A8A5FB1073","IntegrityLevel":"Medium","dataset":"botsv1"}
{"_time":"2016-08-24 12:15:15.000 MDT","sourcetype":"XmlWinEventLog:Microsoft-Windows-Sysmon/Operational","host":"we1149srv","Computer":"we1149srv.waynecorpinc.local","EventCode":"1","RecordID":"3816440","UtcTime":"2016-08-24 18:15:15.648","User":"NT AUTHORITY\\NETWORK SERVICE","Image":"C:\\Windows\\System32\\wbem\\WmiPrvSE.exe","ParentImage":"C:\\Windows\\System32\\svchost.exe","CommandLine":"C:\\Windows\\system32\\wbem\\wmiprvse.exe -secured -Embedding","ParentCommandLine":"C:\\Windows\\system32\\svchost.exe -k DcomLaunch","ProcessGuid":"{E500B0EA-E433-57BD-0000-00107F4ECC13}","ProcessId":"976","CurrentDirectory":"C:\\Windows\\system32\\","Hashes":"SHA1=5A4C0E82FF95C9FB762D46A696EF9F1B68001C21,MD5=CE6D08350D0A1278E9A97D94023D1800,SHA256=54AACAADDD25CC44B59A7637C3A1E7E3A8392CC6D22F4D2C5A202D29BF44AFC1,IMPHASH=5A7EE01A26FA2C5B5D57484D6FD004A4","IntegrityLevel":"System","dataset":"botsv1"}
{"_time":"2016-08-24 12:15:17.000 MDT","sourcetype":"XmlWinEventLog:Microsoft-Windows-Sysmon/Operational","host":"we1149srv","Computer":"we1149srv.waynecorpinc.local","EventCode":"1","RecordID":"3816518","UtcTime":"2016-08-24 18:15:17.101","User":"NT AUTHORITY\\SYSTEM","Image":"C:\\Windows\\System32\\wbem\\WmiPrvSE.exe","ParentImage":"C:\\Windows\\System32\\svchost.exe","CommandLine":"C:\\Windows\\system32\\wbem\\wmiprvse.exe -Embedding","ParentCommandLine":"C:\\Windows\\system32\\svchost.exe -k DcomLaunch","ProcessGuid":"{E500B0EA-E435-57BD-0000-00104E8BCC13}","ProcessId":"1976","CurrentDirectory":"C:\\Windows\\system32\\","Hashes":"SHA1=5A4C0E82FF95C9FB762D46A696EF9F1B68001C21,MD5=CE6D08350D0A1278E9A97D94023D1800,SHA256=54AACAADDD25CC44B59A7637C3A1E7E3A8392CC6D22F4D2C5A202D29BF44AFC1,IMPHASH=5A7EE01A26FA2C5B5D57484D6FD004A4","IntegrityLevel":"System","dataset":"botsv1"}
{"_time":"2016-08-24 12:16:49.000 MDT","sourcetype":"XmlWinEventLog:Microsoft-Windows-Sysmon/Operational","host":"we1149srv","Computer":"we1149srv.waynecorpinc.local","EventCode":"1","RecordID":"3816795","UtcTime":"2016-08-24 18:16:49.005","User":"NT AUTHORITY\\SYSTEM","Image":"C:\\Windows\\System32\\conhost.exe","ParentImage":"C:\\Windows\\System32\\sc.exe","CommandLine":"\\??\\C:\\Windows\\system32\\conhost.exe 0xffffffff","ParentCommandLine":"C:\\Windows\\system32\\sc.exe start wuauserv","ProcessGuid":"{E500B0EA-E491-57BD-0000-0010FC09CD13}","ProcessId":"1780","CurrentDirectory":"C:\\Windows","Hashes":"SHA1=2C6B753628A3AA138AE52357F76AA4D5617D890E,MD5=626A9EC445D06FBC1502BF53A1E3356B,SHA256=42A43BF18F7C0FA4DB997E8B7688711C9B36BD73D5F013FA5B418F0956A92266,IMPHASH=766BBBC554510CAA578DC083D295D781","IntegrityLevel":"System","dataset":"botsv1"}
{"_time":"2016-08-24 12:16:49.000 MDT","sourcetype":"XmlWinEventLog:Microsoft-Windows-Sysmon/Operational","host":"we1149srv","Computer":"we1149srv.waynecorpinc.local","EventCode":"1","RecordID":"3816790","UtcTime":"2016-08-24 18:16:49.005","User":"NT AUTHORITY\\SYSTEM","Image":"C:\\Windows\\System32\\sc.exe","ParentImage":"C:\\Windows\\System32\\svchost.exe","CommandLine":"C:\\Windows\\system32\\sc.exe start wuauserv","ParentCommandLine":"C:\\Windows\\system32\\svchost.exe -k netsvcs","ProcessGuid":"{E500B0EA-E491-57BD-0000-00109309CD13}","ProcessId":"2056","CurrentDirectory":"C:\\Windows\\system32\\","Hashes":"SHA1=DBBA63CB28FC7F4E145E1DB05BBA9D7503FCA139,MD5=6E639FDBA5E9FA5974EF24412FEA30BF,SHA256=07ECAE0B0726FB46D4D13A5B5ACD7CBE72F93F9BBED79EB7EFBC9F685725CFC1,IMPHASH=071BD0C605D6FDAEF2AD09AD6B4C0CF8","IntegrityLevel":"System","dataset":"botsv1"}
{"_time":"2016-08-24 12:17:28.000 MDT","sourcetype":"XmlWinEventLog:Microsoft-Windows-Sysmon/Operational","host":"we8105desk","Computer":"we8105desk.waynecorpinc.local","EventCode":"1","RecordID":"443808","UtcTime":"2016-08-24 18:17:28.903","User":"NT AUTHORITY\\LOCAL SERVICE","Image":"C:\\Windows\\System32\\rundll32.exe","ParentImage":"C:\\Windows\\System32\\services.exe","CommandLine":"C:\\Windows\\system32\\rundll32.exe /d acproxy.dll,PerformAutochkOperations","ParentCommandLine":"C:\\Windows\\system32\\services.exe","ProcessGuid":"{0F2D76F0-E4B8-57BD-0000-0010A938AC00}","ProcessId":"1876","CurrentDirectory":"C:\\Windows\\system32\\","Hashes":"SHA1=963B55ACC8C566876364716D5AAFA353995812A8,MD5=DD81D91FF3B0763C392422865C9AC12E,SHA256=F5691B8F200E3196E6808E932630E862F8F26F31CD949981373F23C9D87DB8B9,IMPHASH=F8F47A970BADB255F8249475E7FBEABB","IntegrityLevel":"System","dataset":"botsv1"}
{"_time":"2016-08-24 12:17:28.000 MDT","sourcetype":"XmlWinEventLog:Microsoft-Windows-Sysmon/Operational","host":"we8105desk","Computer":"we8105desk.waynecorpinc.local","EventCode":"1","RecordID":"443804","UtcTime":"2016-08-24 18:17:28.903","User":"NT AUTHORITY\\SYSTEM","Image":"C:\\Windows\\System32\\rundll32.exe","ParentImage":"C:\\Windows\\System32\\services.exe","CommandLine":"C:\\Windows\\system32\\rundll32.exe /d srrstr.dll,ExecuteScheduledSPPCreation","ParentCommandLine":"C:\\Windows\\system32\\services.exe","ProcessGuid":"{0F2D76F0-E4B8-57BD-0000-0010A437AC00}","ProcessId":"5072","CurrentDirectory":"C:\\Windows\\system32\\","Hashes":"SHA1=963B55ACC8C566876364716D5AAFA353995812A8,MD5=DD81D91FF3B0763C392422865C9AC12E,SHA256=F5691B8F200E3196E6808E932630E862F8F26F31CD949981373F23C9D87DB8B9,IMPHASH=F8F47A970BADB255F8249475E7FBEABB","IntegrityLevel":"System","dataset":"botsv1"}
{"_time":"2016-08-24 12:17:28.000 MDT","sourcetype":"XmlWinEventLog:Microsoft-Windows-Sysmon/Operational","host":"we8105desk","Computer":"we8105desk.waynecorpinc.local","EventCode":"1","RecordID":"443802","UtcTime":"2016-08-24 18:17:28.903","User":"NT AUTHORITY\\SYSTEM","Image":"C:\\Windows\\System32\\lpremove.exe","ParentImage":"C:\\Windows\\System32\\services.exe","CommandLine":"C:\\Windows\\system32\\lpremove.exe","ParentCommandLine":"C:\\Windows\\system32\\services.exe","ProcessGuid":"{0F2D76F0-E4B8-57BD-0000-0010A737AC00}","ProcessId":"3684","CurrentDirectory":"C:\\Windows\\system32\\","Hashes":"SHA1=6BBA8EB7F665954DCCE33E0C0E4810B130E621F6,MD5=E3F30C809B0E3C34588BD336D8090CD2,SHA256=021D7CE4D95A1F8811AD5085ED091C2066C544152DEF2D370EFF464381B7D2ED,IMPHASH=B4353707FDAF4D9CF747B5A7F627D9FE","IntegrityLevel":"System","dataset":"botsv1"}
{"_time":"2016-08-24 12:17:28.000 MDT","sourcetype":"XmlWinEventLog:Microsoft-Windows-Sysmon/Operational","host":"we8105desk","Computer":"we8105desk.waynecorpinc.local","EventCode":"1","RecordID":"443819","UtcTime":"2016-08-24 18:17:28.918","User":"NT AUTHORITY\\SYSTEM","Image":"C:\\Windows\\System32\\conhost.exe","ParentImage":"C:\\Windows\\System32\\csrss.exe","CommandLine":"\\??\\C:\\Windows\\system32\\conhost.exe","ParentCommandLine":"%SystemRoot%\\system32\\csrss.exe ObjectDirectory=\\Windows SharedSection=1024,20480,768 Windows=On SubSystemType=Windows ServerDll=basesrv,1 ServerDll=winsrv:UserServerDllInitialization,3 ServerDll=winsrv:ConServerDllInitialization,2 ServerDll=sxssrv,4 ProfileControl=Off MaxRequestThreads=16","ProcessGuid":"{0F2D76F0-E4B8-57BD-0000-00108B39AC00}","ProcessId":"3136","CurrentDirectory":"C:\\Windows\\system32\\","Hashes":"SHA1=680DEC0F8907F4B8911FBE2AA5F2FD25425BE0B0,MD5=BD51024FB014064BC9FE8C715C18392F,SHA256=23F7AB98268F88E6CA9EE96B3DDBC6AA745BFFACD2E5F80A211CE48D976EB9A4,IMPHASH=C2AE82D74851F310DFB66DA9B301EF7E","IntegrityLevel":"System","dataset":"botsv1"}
{"_time":"2016-08-24 12:17:28.000 MDT","sourcetype":"XmlWinEventLog:Microsoft-Windows-Sysmon/Operational","host":"we8105desk","Computer":"we8105desk.waynecorpinc.local","EventCode":"1","RecordID":"443854","UtcTime":"2016-08-24 18:17:28.981","User":"NT AUTHORITY\\SYSTEM","Image":"C:\\Windows\\System32\\mcbuilder.exe","ParentImage":"C:\\Windows\\System32\\lpremove.exe","CommandLine":"C:\\Windows\\system32\\mcbuilder.exe","ParentCommandLine":"C:\\Windows\\system32\\lpremove.exe","ProcessGuid":"{0F2D76F0-E4B8-57BD-0000-00103041AC00}","ProcessId":"1940","CurrentDirectory":"C:\\Windows\\system32\\","Hashes":"SHA1=E95EDE19617155E39115D4457E37ADACA1AEE75B,MD5=8CA406EF4805B7097D3E5CED50540A50,SHA256=3DC063AEB35987EAE13EFC9D1CBD8F6282C7CD1FE206351F054586B90375D82E,IMPHASH=049FBFB912A0AE446B564CE24BB16D72","IntegrityLevel":"System","dataset":"botsv1"}
{"_time":"2016-08-24 12:17:28.000 MDT","sourcetype":"XmlWinEventLog:Microsoft-Windows-Sysmon/Operational","host":"we8105desk","Computer":"we8105desk.waynecorpinc.local","EventCode":"1","RecordID":"443858","UtcTime":"2016-08-24 18:17:28.996","User":"NT AUTHORITY\\SYSTEM","Image":"C:\\Windows\\System32\\conhost.exe","ParentImage":"C:\\Windows\\System32\\csrss.exe","CommandLine":"\\??\\C:\\Windows\\system32\\conhost.exe","ParentCommandLine":"%SystemRoot%\\system32\\csrss.exe ObjectDirectory=\\Windows SharedSection=1024,20480,768 Windows=On SubSystemType=Windows ServerDll=basesrv,1 ServerDll=winsrv:UserServerDllInitialization,3 ServerDll=winsrv:ConServerDllInitialization,2 ServerDll=sxssrv,4 ProfileControl=Off MaxRequestThreads=16","ProcessGuid":"{0F2D76F0-E4B8-57BD-0000-00108A43AC00}","ProcessId":"2732","CurrentDirectory":"C:\\Windows\\system32\\","Hashes":"SHA1=680DEC0F8907F4B8911FBE2AA5F2FD25425BE0B0,MD5=BD51024FB014064BC9FE8C715C18392F,SHA256=23F7AB98268F88E6CA9EE96B3DDBC6AA745BFFACD2E5F80A211CE48D976EB9A4,IMPHASH=C2AE82D74851F310DFB66DA9B301EF7E","IntegrityLevel":"System","dataset":"botsv1"}
